ARM GAS  C:\Users\DELL\AppData\Local\Temp\ccVpNR8B.s 			page 1


   1              		.syntax unified
   2              		.cpu cortex-m3
   3              		.fpu softvfp
   4              		.eabi_attribute 20, 1
   5              		.eabi_attribute 21, 1
   6              		.eabi_attribute 23, 3
   7              		.eabi_attribute 24, 1
   8              		.eabi_attribute 25, 1
   9              		.eabi_attribute 26, 1
  10              		.eabi_attribute 30, 1
  11              		.eabi_attribute 34, 1
  12              		.eabi_attribute 18, 4
  13              		.thumb
  14              		.syntax unified
  15              		.file	"cymetadata.c"
  16              		.text
  17              	.Ltext0:
  18              		.cfi_sections	.debug_frame
  19              		.global	cy_metadata
  20              		.global	cy_meta_flashprotect
  21              		.global	cy_meta_wonvl
  22              		.global	cy_meta_custnvl
  23              		.global	cy_meta_configecc
  24              		.section	.cyconfigecc,"a",%progbits
  25              		.align	2
  26              		.type	cy_meta_configecc, %object
  27              		.size	cy_meta_configecc, 1976
  28              	cy_meta_configecc:
  29 0000 01       		.byte	1
  30 0001 52       		.byte	82
  31 0002 00       		.byte	0
  32 0003 40       		.byte	64
  33 0004 03       		.byte	3
  34 0005 64       		.byte	100
  35 0006 00       		.byte	0
  36 0007 40       		.byte	64
  37 0008 01       		.byte	1
  38 0009 65       		.byte	101
  39 000a 00       		.byte	0
  40 000b 40       		.byte	64
  41 000c 01       		.byte	1
  42 000d 05       		.byte	5
  43 000e 01       		.byte	1
  44 000f 40       		.byte	64
  45 0010 01       		.byte	1
  46 0011 07       		.byte	7
  47 0012 01       		.byte	1
  48 0013 40       		.byte	64
  49 0014 4C       		.byte	76
  50 0015 08       		.byte	8
  51 0016 01       		.byte	1
  52 0017 40       		.byte	64
  53 0018 4F       		.byte	79
  54 0019 09       		.byte	9
  55 001a 01       		.byte	1
  56 001b 40       		.byte	64
  57 001c 51       		.byte	81
ARM GAS  C:\Users\DELL\AppData\Local\Temp\ccVpNR8B.s 			page 2


  58 001d 0A       		.byte	10
  59 001e 01       		.byte	1
  60 001f 40       		.byte	64
  61 0020 48       		.byte	72
  62 0021 0B       		.byte	11
  63 0022 01       		.byte	1
  64 0023 40       		.byte	64
  65 0024 6C       		.byte	108
  66 0025 0C       		.byte	12
  67 0026 01       		.byte	1
  68 0027 40       		.byte	64
  69 0028 33       		.byte	51
  70 0029 0D       		.byte	13
  71 002a 01       		.byte	1
  72 002b 40       		.byte	64
  73 002c 09       		.byte	9
  74 002d 14       		.byte	20
  75 002e 01       		.byte	1
  76 002f 40       		.byte	64
  77 0030 12       		.byte	18
  78 0031 15       		.byte	21
  79 0032 01       		.byte	1
  80 0033 40       		.byte	64
  81 0034 71       		.byte	113
  82 0035 18       		.byte	24
  83 0036 01       		.byte	1
  84 0037 40       		.byte	64
  85 0038 49       		.byte	73
  86 0039 19       		.byte	25
  87 003a 01       		.byte	1
  88 003b 40       		.byte	64
  89 003c 2C       		.byte	44
  90 003d 1A       		.byte	26
  91 003e 01       		.byte	1
  92 003f 40       		.byte	64
  93 0040 4D       		.byte	77
  94 0041 1B       		.byte	27
  95 0042 01       		.byte	1
  96 0043 40       		.byte	64
  97 0044 06       		.byte	6
  98 0045 40       		.byte	64
  99 0046 01       		.byte	1
 100 0047 40       		.byte	64
 101 0048 02       		.byte	2
 102 0049 41       		.byte	65
 103 004a 01       		.byte	1
 104 004b 40       		.byte	64
 105 004c 03       		.byte	3
 106 004d 42       		.byte	66
 107 004e 01       		.byte	1
 108 004f 40       		.byte	64
 109 0050 04       		.byte	4
 110 0051 43       		.byte	67
 111 0052 01       		.byte	1
 112 0053 40       		.byte	64
 113 0054 02       		.byte	2
 114 0055 44       		.byte	68
ARM GAS  C:\Users\DELL\AppData\Local\Temp\ccVpNR8B.s 			page 3


 115 0056 01       		.byte	1
 116 0057 40       		.byte	64
 117 0058 01       		.byte	1
 118 0059 45       		.byte	69
 119 005a 01       		.byte	1
 120 005b 40       		.byte	64
 121 005c 02       		.byte	2
 122 005d 46       		.byte	70
 123 005e 01       		.byte	1
 124 005f 40       		.byte	64
 125 0060 01       		.byte	1
 126 0061 48       		.byte	72
 127 0062 01       		.byte	1
 128 0063 40       		.byte	64
 129 0064 03       		.byte	3
 130 0065 49       		.byte	73
 131 0066 01       		.byte	1
 132 0067 40       		.byte	64
 133 0068 05       		.byte	5
 134 0069 4D       		.byte	77
 135 006a 01       		.byte	1
 136 006b 40       		.byte	64
 137 006c 06       		.byte	6
 138 006d 50       		.byte	80
 139 006e 01       		.byte	1
 140 006f 40       		.byte	64
 141 0070 01       		.byte	1
 142 0071 51       		.byte	81
 143 0072 01       		.byte	1
 144 0073 40       		.byte	64
 145 0074 60       		.byte	96
 146 0075 80       		.byte	-128
 147 0076 88       		.byte	-120
 148 0077 79       		.byte	121
 149 0078 89       		.byte	-119
 150 0079 76       		.byte	118
 151 007a 8A       		.byte	-118
 152 007b 0F       		.byte	15
 153 007c 84       		.byte	-124
 154 007d 0D       		.byte	13
 155 007e E6       		.byte	-26
 156 007f 40       		.byte	64
 157 0080 E6       		.byte	-26
 158 0081 08       		.byte	8
 159 0082 00       		.byte	0
 160 0083 20       		.byte	32
 161 0084 01       		.byte	1
 162 0085 30       		.byte	48
 163 0086 02       		.byte	2
 164 0087 08       		.byte	8
 165 0088 03       		.byte	3
 166 0089 08       		.byte	8
 167 008a 04       		.byte	4
 168 008b 2F       		.byte	47
 169 008c 05       		.byte	5
 170 008d 20       		.byte	32
 171 008e 06       		.byte	6
ARM GAS  C:\Users\DELL\AppData\Local\Temp\ccVpNR8B.s 			page 4


 172 008f 10       		.byte	16
 173 0090 08       		.byte	8
 174 0091 01       		.byte	1
 175 0092 0A       		.byte	10
 176 0093 0C       		.byte	12
 177 0094 0B       		.byte	11
 178 0095 09       		.byte	9
 179 0096 0C       		.byte	12
 180 0097 10       		.byte	16
 181 0098 0E       		.byte	14
 182 0099 20       		.byte	32
 183 009a 0F       		.byte	15
 184 009b 01       		.byte	1
 185 009c 10       		.byte	16
 186 009d 10       		.byte	16
 187 009e 11       		.byte	17
 188 009f 09       		.byte	9
 189 00a0 12       		.byte	18
 190 00a1 2F       		.byte	47
 191 00a2 14       		.byte	20
 192 00a3 3F       		.byte	63
 193 00a4 17       		.byte	23
 194 00a5 02       		.byte	2
 195 00a6 19       		.byte	25
 196 00a7 09       		.byte	9
 197 00a8 1A       		.byte	26
 198 00a9 08       		.byte	8
 199 00aa 1B       		.byte	27
 200 00ab 30       		.byte	48
 201 00ac 1D       		.byte	29
 202 00ad 39       		.byte	57
 203 00ae 1E       		.byte	30
 204 00af 10       		.byte	16
 205 00b0 20       		.byte	32
 206 00b1 01       		.byte	1
 207 00b2 22       		.byte	34
 208 00b3 02       		.byte	2
 209 00b4 23       		.byte	35
 210 00b5 30       		.byte	48
 211 00b6 24       		.byte	36
 212 00b7 04       		.byte	4
 213 00b8 26       		.byte	38
 214 00b9 02       		.byte	2
 215 00ba 27       		.byte	39
 216 00bb 04       		.byte	4
 217 00bc 28       		.byte	40
 218 00bd 10       		.byte	16
 219 00be 29       		.byte	41
 220 00bf 10       		.byte	16
 221 00c0 2D       		.byte	45
 222 00c1 38       		.byte	56
 223 00c2 2E       		.byte	46
 224 00c3 2F       		.byte	47
 225 00c4 2F       		.byte	47
 226 00c5 01       		.byte	1
 227 00c6 31       		.byte	49
 228 00c7 07       		.byte	7
ARM GAS  C:\Users\DELL\AppData\Local\Temp\ccVpNR8B.s 			page 5


 229 00c8 33       		.byte	51
 230 00c9 38       		.byte	56
 231 00ca 34       		.byte	52
 232 00cb 1F       		.byte	31
 233 00cc 36       		.byte	54
 234 00cd 20       		.byte	32
 235 00ce 3A       		.byte	58
 236 00cf 08       		.byte	8
 237 00d0 3B       		.byte	59
 238 00d1 0A       		.byte	10
 239 00d2 3E       		.byte	62
 240 00d3 10       		.byte	16
 241 00d4 54       		.byte	84
 242 00d5 59       		.byte	89
 243 00d6 56       		.byte	86
 244 00d7 04       		.byte	4
 245 00d8 58       		.byte	88
 246 00d9 04       		.byte	4
 247 00da 59       		.byte	89
 248 00db 04       		.byte	4
 249 00dc 5B       		.byte	91
 250 00dd 04       		.byte	4
 251 00de 5C       		.byte	92
 252 00df 11       		.byte	17
 253 00e0 5D       		.byte	93
 254 00e1 10       		.byte	16
 255 00e2 5F       		.byte	95
 256 00e3 01       		.byte	1
 257 00e4 81       		.byte	-127
 258 00e5 20       		.byte	32
 259 00e6 83       		.byte	-125
 260 00e7 1F       		.byte	31
 261 00e8 85       		.byte	-123
 262 00e9 0C       		.byte	12
 263 00ea 87       		.byte	-121
 264 00eb 03       		.byte	3
 265 00ec 89       		.byte	-119
 266 00ed 3F       		.byte	63
 267 00ee 8D       		.byte	-115
 268 00ef 03       		.byte	3
 269 00f0 8F       		.byte	-113
 270 00f1 0C       		.byte	12
 271 00f2 91       		.byte	-111
 272 00f3 0A       		.byte	10
 273 00f4 95       		.byte	-107
 274 00f5 3F       		.byte	63
 275 00f6 99       		.byte	-103
 276 00f7 0C       		.byte	12
 277 00f8 9B       		.byte	-101
 278 00f9 03       		.byte	3
 279 00fa 9D       		.byte	-99
 280 00fb 20       		.byte	32
 281 00fc 9F       		.byte	-97
 282 00fd 10       		.byte	16
 283 00fe A1       		.byte	-95
 284 00ff 02       		.byte	2
 285 0100 A3       		.byte	-93
ARM GAS  C:\Users\DELL\AppData\Local\Temp\ccVpNR8B.s 			page 6


 286 0101 05       		.byte	5
 287 0102 A7       		.byte	-89
 288 0103 1F       		.byte	31
 289 0104 A9       		.byte	-87
 290 0105 01       		.byte	1
 291 0106 AD       		.byte	-83
 292 0107 01       		.byte	1
 293 0108 B3       		.byte	-77
 294 0109 20       		.byte	32
 295 010a B5       		.byte	-75
 296 010b 1F       		.byte	31
 297 010c BF       		.byte	-65
 298 010d 14       		.byte	20
 299 010e D6       		.byte	-42
 300 010f 02       		.byte	2
 301 0110 D7       		.byte	-41
 302 0111 12       		.byte	18
 303 0112 D9       		.byte	-39
 304 0113 04       		.byte	4
 305 0114 DB       		.byte	-37
 306 0115 04       		.byte	4
 307 0116 DD       		.byte	-35
 308 0117 10       		.byte	16
 309 0118 DF       		.byte	-33
 310 0119 01       		.byte	1
 311 011a 04       		.byte	4
 312 011b A2       		.byte	-94
 313 011c 05       		.byte	5
 314 011d 02       		.byte	2
 315 011e 07       		.byte	7
 316 011f 10       		.byte	16
 317 0120 09       		.byte	9
 318 0121 40       		.byte	64
 319 0122 0A       		.byte	10
 320 0123 02       		.byte	2
 321 0124 0D       		.byte	13
 322 0125 01       		.byte	1
 323 0126 0E       		.byte	14
 324 0127 21       		.byte	33
 325 0128 0F       		.byte	15
 326 0129 08       		.byte	8
 327 012a 14       		.byte	20
 328 012b 04       		.byte	4
 329 012c 15       		.byte	21
 330 012d 80       		.byte	-128
 331 012e 16       		.byte	22
 332 012f A0       		.byte	-96
 333 0130 17       		.byte	23
 334 0131 20       		.byte	32
 335 0132 1C       		.byte	28
 336 0133 10       		.byte	16
 337 0134 1E       		.byte	30
 338 0135 22       		.byte	34
 339 0136 1F       		.byte	31
 340 0137 20       		.byte	32
 341 0138 21       		.byte	33
 342 0139 20       		.byte	32
ARM GAS  C:\Users\DELL\AppData\Local\Temp\ccVpNR8B.s 			page 7


 343 013a 22       		.byte	34
 344 013b 04       		.byte	4
 345 013c 24       		.byte	36
 346 013d 80       		.byte	-128
 347 013e 25       		.byte	37
 348 013f 09       		.byte	9
 349 0140 27       		.byte	39
 350 0141 50       		.byte	80
 351 0142 29       		.byte	41
 352 0143 02       		.byte	2
 353 0144 2B       		.byte	43
 354 0145 16       		.byte	22
 355 0146 2C       		.byte	44
 356 0147 04       		.byte	4
 357 0148 2E       		.byte	46
 358 0149 01       		.byte	1
 359 014a 2F       		.byte	47
 360 014b 21       		.byte	33
 361 014c 30       		.byte	48
 362 014d 21       		.byte	33
 363 014e 31       		.byte	49
 364 014f 08       		.byte	8
 365 0150 32       		.byte	50
 366 0151 01       		.byte	1
 367 0152 33       		.byte	51
 368 0153 40       		.byte	64
 369 0154 35       		.byte	53
 370 0155 42       		.byte	66
 371 0156 37       		.byte	55
 372 0157 14       		.byte	20
 373 0158 38       		.byte	56
 374 0159 18       		.byte	24
 375 015a 39       		.byte	57
 376 015b 02       		.byte	2
 377 015c 3A       		.byte	58
 378 015d 80       		.byte	-128
 379 015e 3B       		.byte	59
 380 015f 02       		.byte	2
 381 0160 3D       		.byte	61
 382 0161 82       		.byte	-126
 383 0162 3E       		.byte	62
 384 0163 08       		.byte	8
 385 0164 3F       		.byte	63
 386 0165 10       		.byte	16
 387 0166 5A       		.byte	90
 388 0167 08       		.byte	8
 389 0168 5E       		.byte	94
 390 0169 02       		.byte	2
 391 016a 5F       		.byte	95
 392 016b 80       		.byte	-128
 393 016c 64       		.byte	100
 394 016d 68       		.byte	104
 395 016e 66       		.byte	102
 396 016f 40       		.byte	64
 397 0170 68       		.byte	104
 398 0171 80       		.byte	-128
 399 0172 69       		.byte	105
ARM GAS  C:\Users\DELL\AppData\Local\Temp\ccVpNR8B.s 			page 8


 400 0173 55       		.byte	85
 401 0174 70       		.byte	112
 402 0175 02       		.byte	2
 403 0176 72       		.byte	114
 404 0177 08       		.byte	8
 405 0178 73       		.byte	115
 406 0179 20       		.byte	32
 407 017a 80       		.byte	-128
 408 017b 08       		.byte	8
 409 017c 82       		.byte	-126
 410 017d 04       		.byte	4
 411 017e 84       		.byte	-124
 412 017f 40       		.byte	64
 413 0180 89       		.byte	-119
 414 0181 40       		.byte	64
 415 0182 8A       		.byte	-118
 416 0183 10       		.byte	16
 417 0184 91       		.byte	-111
 418 0185 82       		.byte	-126
 419 0186 93       		.byte	-109
 420 0187 10       		.byte	16
 421 0188 94       		.byte	-108
 422 0189 1A       		.byte	26
 423 018a 95       		.byte	-107
 424 018b 55       		.byte	85
 425 018c 96       		.byte	-106
 426 018d 05       		.byte	5
 427 018e 9A       		.byte	-102
 428 018f 42       		.byte	66
 429 0190 9C       		.byte	-100
 430 0191 07       		.byte	7
 431 0192 9D       		.byte	-99
 432 0193 02       		.byte	2
 433 0194 9E       		.byte	-98
 434 0195 88       		.byte	-120
 435 0196 9F       		.byte	-97
 436 0197 40       		.byte	64
 437 0198 A0       		.byte	-96
 438 0199 40       		.byte	64
 439 019a A2       		.byte	-94
 440 019b 04       		.byte	4
 441 019c A3       		.byte	-93
 442 019d 1E       		.byte	30
 443 019e A5       		.byte	-91
 444 019f 28       		.byte	40
 445 01a0 A6       		.byte	-90
 446 01a1 10       		.byte	16
 447 01a2 A8       		.byte	-88
 448 01a3 80       		.byte	-128
 449 01a4 AB       		.byte	-85
 450 01a5 10       		.byte	16
 451 01a6 B3       		.byte	-77
 452 01a7 12       		.byte	18
 453 01a8 C0       		.byte	-64
 454 01a9 F0       		.byte	-16
 455 01aa C2       		.byte	-62
 456 01ab F0       		.byte	-16
ARM GAS  C:\Users\DELL\AppData\Local\Temp\ccVpNR8B.s 			page 9


 457 01ac C4       		.byte	-60
 458 01ad F0       		.byte	-16
 459 01ae CA       		.byte	-54
 460 01af FF       		.byte	-1
 461 01b0 CC       		.byte	-52
 462 01b1 FF       		.byte	-1
 463 01b2 CE       		.byte	-50
 464 01b3 FF       		.byte	-1
 465 01b4 D6       		.byte	-42
 466 01b5 92       		.byte	-110
 467 01b6 D8       		.byte	-40
 468 01b7 F0       		.byte	-16
 469 01b8 01       		.byte	1
 470 01b9 18       		.byte	24
 471 01ba 05       		.byte	5
 472 01bb 08       		.byte	8
 473 01bc 07       		.byte	7
 474 01bd 10       		.byte	16
 475 01be 09       		.byte	9
 476 01bf 08       		.byte	8
 477 01c0 0B       		.byte	11
 478 01c1 10       		.byte	16
 479 01c2 0C       		.byte	12
 480 01c3 02       		.byte	2
 481 01c4 0D       		.byte	13
 482 01c5 08       		.byte	8
 483 01c6 0F       		.byte	15
 484 01c7 10       		.byte	16
 485 01c8 11       		.byte	17
 486 01c9 03       		.byte	3
 487 01ca 14       		.byte	20
 488 01cb 01       		.byte	1
 489 01cc 17       		.byte	23
 490 01cd 03       		.byte	3
 491 01ce 1B       		.byte	27
 492 01cf 04       		.byte	4
 493 01d0 1D       		.byte	29
 494 01d1 03       		.byte	3
 495 01d2 21       		.byte	33
 496 01d3 08       		.byte	8
 497 01d4 23       		.byte	35
 498 01d5 13       		.byte	19
 499 01d6 25       		.byte	37
 500 01d7 02       		.byte	2
 501 01d8 29       		.byte	41
 502 01d9 01       		.byte	1
 503 01da 2D       		.byte	45
 504 01db 03       		.byte	3
 505 01dc 31       		.byte	49
 506 01dd 07       		.byte	7
 507 01de 32       		.byte	50
 508 01df 02       		.byte	2
 509 01e0 33       		.byte	51
 510 01e1 18       		.byte	24
 511 01e2 34       		.byte	52
 512 01e3 01       		.byte	1
 513 01e4 37       		.byte	55
ARM GAS  C:\Users\DELL\AppData\Local\Temp\ccVpNR8B.s 			page 10


 514 01e5 18       		.byte	24
 515 01e6 3B       		.byte	59
 516 01e7 02       		.byte	2
 517 01e8 3E       		.byte	62
 518 01e9 14       		.byte	20
 519 01ea 40       		.byte	64
 520 01eb 23       		.byte	35
 521 01ec 41       		.byte	65
 522 01ed 06       		.byte	6
 523 01ee 46       		.byte	70
 524 01ef EC       		.byte	-20
 525 01f0 47       		.byte	71
 526 01f1 0B       		.byte	11
 527 01f2 48       		.byte	72
 528 01f3 1C       		.byte	28
 529 01f4 49       		.byte	73
 530 01f5 FF       		.byte	-1
 531 01f6 4A       		.byte	74
 532 01f7 FF       		.byte	-1
 533 01f8 4B       		.byte	75
 534 01f9 FF       		.byte	-1
 535 01fa 4E       		.byte	78
 536 01fb F0       		.byte	-16
 537 01fc 4F       		.byte	79
 538 01fd 44       		.byte	68
 539 01fe 50       		.byte	80
 540 01ff 0C       		.byte	12
 541 0200 54       		.byte	84
 542 0201 01       		.byte	1
 543 0202 56       		.byte	86
 544 0203 04       		.byte	4
 545 0204 58       		.byte	88
 546 0205 04       		.byte	4
 547 0206 59       		.byte	89
 548 0207 04       		.byte	4
 549 0208 5A       		.byte	90
 550 0209 04       		.byte	4
 551 020a 5B       		.byte	91
 552 020b 04       		.byte	4
 553 020c 5C       		.byte	92
 554 020d 10       		.byte	16
 555 020e 5D       		.byte	93
 556 020f 11       		.byte	17
 557 0210 5F       		.byte	95
 558 0211 01       		.byte	1
 559 0212 66       		.byte	102
 560 0213 C0       		.byte	-64
 561 0214 6A       		.byte	106
 562 0215 40       		.byte	64
 563 0216 6B       		.byte	107
 564 0217 02       		.byte	2
 565 0218 82       		.byte	-126
 566 0219 08       		.byte	8
 567 021a 84       		.byte	-124
 568 021b 04       		.byte	4
 569 021c 86       		.byte	-122
 570 021d 02       		.byte	2
ARM GAS  C:\Users\DELL\AppData\Local\Temp\ccVpNR8B.s 			page 11


 571 021e 87       		.byte	-121
 572 021f 01       		.byte	1
 573 0220 88       		.byte	-120
 574 0221 3F       		.byte	63
 575 0222 8B       		.byte	-117
 576 0223 02       		.byte	2
 577 0224 8E       		.byte	-114
 578 0225 08       		.byte	8
 579 0226 90       		.byte	-112
 580 0227 10       		.byte	16
 581 0228 92       		.byte	-110
 582 0229 2F       		.byte	47
 583 022a 93       		.byte	-109
 584 022b 01       		.byte	1
 585 022c 94       		.byte	-108
 586 022d 2F       		.byte	47
 587 022e 96       		.byte	-106
 588 022f 10       		.byte	16
 589 0230 98       		.byte	-104
 590 0231 01       		.byte	1
 591 0232 9A       		.byte	-102
 592 0233 0C       		.byte	12
 593 0234 9E       		.byte	-98
 594 0235 10       		.byte	16
 595 0236 A0       		.byte	-96
 596 0237 01       		.byte	1
 597 0238 A2       		.byte	-94
 598 0239 02       		.byte	2
 599 023a A6       		.byte	-90
 600 023b 0F       		.byte	15
 601 023c A8       		.byte	-88
 602 023d 10       		.byte	16
 603 023e AC       		.byte	-84
 604 023f 1F       		.byte	31
 605 0240 AE       		.byte	-82
 606 0241 20       		.byte	32
 607 0242 AF       		.byte	-81
 608 0243 02       		.byte	2
 609 0244 B0       		.byte	-80
 610 0245 20       		.byte	32
 611 0246 B2       		.byte	-78
 612 0247 1F       		.byte	31
 613 0248 B3       		.byte	-77
 614 0249 02       		.byte	2
 615 024a B7       		.byte	-73
 616 024b 01       		.byte	1
 617 024c B8       		.byte	-72
 618 024d 02       		.byte	2
 619 024e BE       		.byte	-66
 620 024f 04       		.byte	4
 621 0250 BF       		.byte	-65
 622 0251 44       		.byte	68
 623 0252 D8       		.byte	-40
 624 0253 04       		.byte	4
 625 0254 D9       		.byte	-39
 626 0255 04       		.byte	4
 627 0256 DC       		.byte	-36
ARM GAS  C:\Users\DELL\AppData\Local\Temp\ccVpNR8B.s 			page 12


 628 0257 01       		.byte	1
 629 0258 DF       		.byte	-33
 630 0259 01       		.byte	1
 631 025a 00       		.byte	0
 632 025b 40       		.byte	64
 633 025c 02       		.byte	2
 634 025d C8       		.byte	-56
 635 025e 03       		.byte	3
 636 025f 08       		.byte	8
 637 0260 04       		.byte	4
 638 0261 18       		.byte	24
 639 0262 05       		.byte	5
 640 0263 02       		.byte	2
 641 0264 06       		.byte	6
 642 0265 06       		.byte	6
 643 0266 0B       		.byte	11
 644 0267 20       		.byte	32
 645 0268 0C       		.byte	12
 646 0269 40       		.byte	64
 647 026a 0D       		.byte	13
 648 026b 09       		.byte	9
 649 026c 0E       		.byte	14
 650 026d 05       		.byte	5
 651 026e 15       		.byte	21
 652 026f 08       		.byte	8
 653 0270 16       		.byte	22
 654 0271 88       		.byte	-120
 655 0272 17       		.byte	23
 656 0273 40       		.byte	64
 657 0274 19       		.byte	25
 658 0275 08       		.byte	8
 659 0276 1A       		.byte	26
 660 0277 08       		.byte	8
 661 0278 1C       		.byte	28
 662 0279 20       		.byte	32
 663 027a 1F       		.byte	31
 664 027b 01       		.byte	1
 665 027c 20       		.byte	32
 666 027d 80       		.byte	-128
 667 027e 21       		.byte	33
 668 027f 45       		.byte	69
 669 0280 22       		.byte	34
 670 0281 09       		.byte	9
 671 0282 23       		.byte	35
 672 0283 10       		.byte	16
 673 0284 26       		.byte	38
 674 0285 84       		.byte	-124
 675 0286 28       		.byte	40
 676 0287 46       		.byte	70
 677 0288 2A       		.byte	42
 678 0289 08       		.byte	8
 679 028a 2F       		.byte	47
 680 028b 01       		.byte	1
 681 028c 31       		.byte	49
 682 028d 28       		.byte	40
 683 028e 32       		.byte	50
 684 028f 01       		.byte	1
ARM GAS  C:\Users\DELL\AppData\Local\Temp\ccVpNR8B.s 			page 13


 685 0290 33       		.byte	51
 686 0291 40       		.byte	64
 687 0292 37       		.byte	55
 688 0293 01       		.byte	1
 689 0294 39       		.byte	57
 690 0295 55       		.byte	85
 691 0296 3D       		.byte	61
 692 0297 28       		.byte	40
 693 0298 40       		.byte	64
 694 0299 04       		.byte	4
 695 029a 42       		.byte	66
 696 029b 20       		.byte	32
 697 029c 48       		.byte	72
 698 029d 04       		.byte	4
 699 029e 4F       		.byte	79
 700 029f 30       		.byte	48
 701 02a0 50       		.byte	80
 702 02a1 88       		.byte	-120
 703 02a2 53       		.byte	83
 704 02a3 10       		.byte	16
 705 02a4 5A       		.byte	90
 706 02a5 88       		.byte	-120
 707 02a6 5B       		.byte	91
 708 02a7 12       		.byte	18
 709 02a8 61       		.byte	97
 710 02a9 01       		.byte	1
 711 02aa 81       		.byte	-127
 712 02ab 08       		.byte	8
 713 02ac 8C       		.byte	-116
 714 02ad 01       		.byte	1
 715 02ae 8D       		.byte	-115
 716 02af 09       		.byte	9
 717 02b0 90       		.byte	-112
 718 02b1 44       		.byte	68
 719 02b2 92       		.byte	-110
 720 02b3 80       		.byte	-128
 721 02b4 94       		.byte	-108
 722 02b5 03       		.byte	3
 723 02b6 96       		.byte	-106
 724 02b7 05       		.byte	5
 725 02b8 97       		.byte	-105
 726 02b9 10       		.byte	16
 727 02ba 9A       		.byte	-102
 728 02bb 22       		.byte	34
 729 02bc 9B       		.byte	-101
 730 02bd 01       		.byte	1
 731 02be 9C       		.byte	-100
 732 02bf 05       		.byte	5
 733 02c0 9D       		.byte	-99
 734 02c1 02       		.byte	2
 735 02c2 9E       		.byte	-98
 736 02c3 04       		.byte	4
 737 02c4 9F       		.byte	-97
 738 02c5 40       		.byte	64
 739 02c6 A0       		.byte	-96
 740 02c7 04       		.byte	4
 741 02c8 A1       		.byte	-95
ARM GAS  C:\Users\DELL\AppData\Local\Temp\ccVpNR8B.s 			page 14


 742 02c9 14       		.byte	20
 743 02ca A3       		.byte	-93
 744 02cb 06       		.byte	6
 745 02cc A4       		.byte	-92
 746 02cd D8       		.byte	-40
 747 02ce A5       		.byte	-91
 748 02cf 08       		.byte	8
 749 02d0 A6       		.byte	-90
 750 02d1 18       		.byte	24
 751 02d2 C0       		.byte	-64
 752 02d3 F1       		.byte	-15
 753 02d4 C2       		.byte	-62
 754 02d5 F4       		.byte	-12
 755 02d6 C4       		.byte	-60
 756 02d7 F0       		.byte	-16
 757 02d8 CA       		.byte	-54
 758 02d9 1F       		.byte	31
 759 02da CC       		.byte	-52
 760 02db 8F       		.byte	-113
 761 02dc CE       		.byte	-50
 762 02dd 6F       		.byte	111
 763 02de D0       		.byte	-48
 764 02df 06       		.byte	6
 765 02e0 D2       		.byte	-46
 766 02e1 04       		.byte	4
 767 02e2 D6       		.byte	-42
 768 02e3 0F       		.byte	15
 769 02e4 D8       		.byte	-40
 770 02e5 01       		.byte	1
 771 02e6 E4       		.byte	-28
 772 02e7 04       		.byte	4
 773 02e8 E6       		.byte	-26
 774 02e9 40       		.byte	64
 775 02ea 01       		.byte	1
 776 02eb 03       		.byte	3
 777 02ec 02       		.byte	2
 778 02ed 4C       		.byte	76
 779 02ee 03       		.byte	3
 780 02ef 04       		.byte	4
 781 02f0 04       		.byte	4
 782 02f1 11       		.byte	17
 783 02f2 06       		.byte	6
 784 02f3 46       		.byte	70
 785 02f4 07       		.byte	7
 786 02f5 01       		.byte	1
 787 02f6 08       		.byte	8
 788 02f7 11       		.byte	17
 789 02f8 0A       		.byte	10
 790 02f9 0E       		.byte	14
 791 02fa 0B       		.byte	11
 792 02fb 08       		.byte	8
 793 02fc 0D       		.byte	13
 794 02fd 04       		.byte	4
 795 02fe 0F       		.byte	15
 796 02ff 03       		.byte	3
 797 0300 11       		.byte	17
 798 0301 02       		.byte	2
ARM GAS  C:\Users\DELL\AppData\Local\Temp\ccVpNR8B.s 			page 15


 799 0302 13       		.byte	19
 800 0303 01       		.byte	1
 801 0304 14       		.byte	20
 802 0305 4C       		.byte	76
 803 0306 16       		.byte	22
 804 0307 13       		.byte	19
 805 0308 17       		.byte	23
 806 0309 03       		.byte	3
 807 030a 19       		.byte	25
 808 030b 07       		.byte	7
 809 030c 1D       		.byte	29
 810 030d 07       		.byte	7
 811 030e 1E       		.byte	30
 812 030f 08       		.byte	8
 813 0310 23       		.byte	35
 814 0311 04       		.byte	4
 815 0312 24       		.byte	36
 816 0313 20       		.byte	32
 817 0314 26       		.byte	38
 818 0315 03       		.byte	3
 819 0316 27       		.byte	39
 820 0317 01       		.byte	1
 821 0318 29       		.byte	41
 822 0319 04       		.byte	4
 823 031a 2F       		.byte	47
 824 031b 02       		.byte	2
 825 031c 30       		.byte	48
 826 031d 30       		.byte	48
 827 031e 32       		.byte	50
 828 031f 0F       		.byte	15
 829 0320 34       		.byte	52
 830 0321 4A       		.byte	74
 831 0322 37       		.byte	55
 832 0323 0F       		.byte	15
 833 0324 38       		.byte	56
 834 0325 02       		.byte	2
 835 0326 3A       		.byte	58
 836 0327 28       		.byte	40
 837 0328 40       		.byte	64
 838 0329 36       		.byte	54
 839 032a 41       		.byte	65
 840 032b 02       		.byte	2
 841 032c 42       		.byte	66
 842 032d 04       		.byte	4
 843 032e 44       		.byte	68
 844 032f 05       		.byte	5
 845 0330 46       		.byte	70
 846 0331 E0       		.byte	-32
 847 0332 47       		.byte	71
 848 0333 4C       		.byte	76
 849 0334 48       		.byte	72
 850 0335 39       		.byte	57
 851 0336 49       		.byte	73
 852 0337 FF       		.byte	-1
 853 0338 4A       		.byte	74
 854 0339 FF       		.byte	-1
 855 033a 4B       		.byte	75
ARM GAS  C:\Users\DELL\AppData\Local\Temp\ccVpNR8B.s 			page 16


 856 033b FF       		.byte	-1
 857 033c 4C       		.byte	76
 858 033d 62       		.byte	98
 859 033e 4D       		.byte	77
 860 033f A0       		.byte	-96
 861 0340 4E       		.byte	78
 862 0341 F0       		.byte	-16
 863 0342 4F       		.byte	79
 864 0343 41       		.byte	65
 865 0344 50       		.byte	80
 866 0345 0C       		.byte	12
 867 0346 58       		.byte	88
 868 0347 04       		.byte	4
 869 0348 59       		.byte	89
 870 0349 04       		.byte	4
 871 034a 5A       		.byte	90
 872 034b 04       		.byte	4
 873 034c 5C       		.byte	92
 874 034d 11       		.byte	17
 875 034e 5D       		.byte	93
 876 034f 01       		.byte	1
 877 0350 5F       		.byte	95
 878 0351 01       		.byte	1
 879 0352 66       		.byte	102
 880 0353 40       		.byte	64
 881 0354 67       		.byte	103
 882 0355 02       		.byte	2
 883 0356 69       		.byte	105
 884 0357 10       		.byte	16
 885 0358 6A       		.byte	106
 886 0359 30       		.byte	48
 887 035a 6B       		.byte	107
 888 035b 10       		.byte	16
 889 035c 6D       		.byte	109
 890 035d 10       		.byte	16
 891 035e 6E       		.byte	110
 892 035f 10       		.byte	16
 893 0360 6F       		.byte	111
 894 0361 12       		.byte	18
 895 0362 84       		.byte	-124
 896 0363 0C       		.byte	12
 897 0364 85       		.byte	-123
 898 0365 73       		.byte	115
 899 0366 86       		.byte	-122
 900 0367 11       		.byte	17
 901 0368 87       		.byte	-121
 902 0369 0C       		.byte	12
 903 036a 8B       		.byte	-117
 904 036b 55       		.byte	85
 905 036c 8E       		.byte	-114
 906 036d 03       		.byte	3
 907 036e 90       		.byte	-112
 908 036f 09       		.byte	9
 909 0370 92       		.byte	-110
 910 0371 10       		.byte	16
 911 0372 94       		.byte	-108
 912 0373 1C       		.byte	28
ARM GAS  C:\Users\DELL\AppData\Local\Temp\ccVpNR8B.s 			page 17


 913 0374 95       		.byte	-107
 914 0375 2A       		.byte	42
 915 0376 96       		.byte	-106
 916 0377 02       		.byte	2
 917 0378 97       		.byte	-105
 918 0379 44       		.byte	68
 919 037a 98       		.byte	-104
 920 037b 10       		.byte	16
 921 037c 99       		.byte	-103
 922 037d 73       		.byte	115
 923 037e 9A       		.byte	-102
 924 037f 0C       		.byte	12
 925 0380 9B       		.byte	-101
 926 0381 04       		.byte	4
 927 0382 9D       		.byte	-99
 928 0383 03       		.byte	3
 929 0384 9F       		.byte	-97
 930 0385 44       		.byte	68
 931 0386 A0       		.byte	-96
 932 0387 10       		.byte	16
 933 0388 A3       		.byte	-93
 934 0389 08       		.byte	8
 935 038a A8       		.byte	-88
 936 038b 14       		.byte	20
 937 038c B0       		.byte	-80
 938 038d 1F       		.byte	31
 939 038e B3       		.byte	-77
 940 038f 30       		.byte	48
 941 0390 B5       		.byte	-75
 942 0391 0F       		.byte	15
 943 0392 B7       		.byte	-73
 944 0393 40       		.byte	64
 945 0394 B9       		.byte	-71
 946 0395 08       		.byte	8
 947 0396 BB       		.byte	-69
 948 0397 20       		.byte	32
 949 0398 BF       		.byte	-65
 950 0399 44       		.byte	68
 951 039a C0       		.byte	-64
 952 039b 03       		.byte	3
 953 039c C5       		.byte	-59
 954 039d 40       		.byte	64
 955 039e C9       		.byte	-55
 956 039f FF       		.byte	-1
 957 03a0 CA       		.byte	-54
 958 03a1 0F       		.byte	15
 959 03a2 CB       		.byte	-53
 960 03a3 FF       		.byte	-1
 961 03a4 CC       		.byte	-52
 962 03a5 40       		.byte	64
 963 03a6 CD       		.byte	-51
 964 03a7 20       		.byte	32
 965 03a8 CE       		.byte	-50
 966 03a9 F0       		.byte	-16
 967 03aa CF       		.byte	-49
 968 03ab 05       		.byte	5
 969 03ac D0       		.byte	-48
ARM GAS  C:\Users\DELL\AppData\Local\Temp\ccVpNR8B.s 			page 18


 970 03ad 08       		.byte	8
 971 03ae D8       		.byte	-40
 972 03af 04       		.byte	4
 973 03b0 D9       		.byte	-39
 974 03b1 04       		.byte	4
 975 03b2 DA       		.byte	-38
 976 03b3 04       		.byte	4
 977 03b4 DC       		.byte	-36
 978 03b5 11       		.byte	17
 979 03b6 DD       		.byte	-35
 980 03b7 01       		.byte	1
 981 03b8 DF       		.byte	-33
 982 03b9 01       		.byte	1
 983 03ba E0       		.byte	-32
 984 03bb 40       		.byte	64
 985 03bc E1       		.byte	-31
 986 03bd A8       		.byte	-88
 987 03be E2       		.byte	-30
 988 03bf 40       		.byte	64
 989 03c0 E3       		.byte	-29
 990 03c1 20       		.byte	32
 991 03c2 00       		.byte	0
 992 03c3 48       		.byte	72
 993 03c4 04       		.byte	4
 994 03c5 04       		.byte	4
 995 03c6 05       		.byte	5
 996 03c7 11       		.byte	17
 997 03c8 09       		.byte	9
 998 03c9 22       		.byte	34
 999 03ca 0A       		.byte	10
 1000 03cb 10       		.byte	16
 1001 03cc 0E       		.byte	14
 1002 03cd 10       		.byte	16
 1003 03ce 0F       		.byte	15
 1004 03cf 01       		.byte	1
 1005 03d0 10       		.byte	16
 1006 03d1 08       		.byte	8
 1007 03d2 13       		.byte	19
 1008 03d3 01       		.byte	1
 1009 03d4 16       		.byte	22
 1010 03d5 20       		.byte	32
 1011 03d6 18       		.byte	24
 1012 03d7 40       		.byte	64
 1013 03d8 1C       		.byte	28
 1014 03d9 08       		.byte	8
 1015 03da 1D       		.byte	29
 1016 03db 17       		.byte	23
 1017 03dc 1E       		.byte	30
 1018 03dd 10       		.byte	16
 1019 03de 20       		.byte	32
 1020 03df 04       		.byte	4
 1021 03e0 21       		.byte	33
 1022 03e1 24       		.byte	36
 1023 03e2 22       		.byte	34
 1024 03e3 40       		.byte	64
 1025 03e4 27       		.byte	39
 1026 03e5 01       		.byte	1
ARM GAS  C:\Users\DELL\AppData\Local\Temp\ccVpNR8B.s 			page 19


 1027 03e6 29       		.byte	41
 1028 03e7 01       		.byte	1
 1029 03e8 2C       		.byte	44
 1030 03e9 05       		.byte	5
 1031 03ea 2D       		.byte	45
 1032 03eb 08       		.byte	8
 1033 03ec 2E       		.byte	46
 1034 03ed 01       		.byte	1
 1035 03ee 30       		.byte	48
 1036 03ef 80       		.byte	-128
 1037 03f0 31       		.byte	49
 1038 03f1 14       		.byte	20
 1039 03f2 35       		.byte	53
 1040 03f3 02       		.byte	2
 1041 03f4 36       		.byte	54
 1042 03f5 18       		.byte	24
 1043 03f6 37       		.byte	55
 1044 03f7 40       		.byte	64
 1045 03f8 38       		.byte	56
 1046 03f9 24       		.byte	36
 1047 03fa 3A       		.byte	58
 1048 03fb 20       		.byte	32
 1049 03fc 3C       		.byte	60
 1050 03fd A1       		.byte	-95
 1051 03fe 3E       		.byte	62
 1052 03ff 04       		.byte	4
 1053 0400 41       		.byte	65
 1054 0401 04       		.byte	4
 1055 0402 45       		.byte	69
 1056 0403 08       		.byte	8
 1057 0404 46       		.byte	70
 1058 0405 04       		.byte	4
 1059 0406 47       		.byte	71
 1060 0407 01       		.byte	1
 1061 0408 4B       		.byte	75
 1062 0409 01       		.byte	1
 1063 040a 4C       		.byte	76
 1064 040b 01       		.byte	1
 1065 040c 4D       		.byte	77
 1066 040d 08       		.byte	8
 1067 040e 4F       		.byte	79
 1068 040f 18       		.byte	24
 1069 0410 50       		.byte	80
 1070 0411 10       		.byte	16
 1071 0412 55       		.byte	85
 1072 0413 14       		.byte	20
 1073 0414 56       		.byte	86
 1074 0415 02       		.byte	2
 1075 0416 57       		.byte	87
 1076 0417 02       		.byte	2
 1077 0418 C0       		.byte	-64
 1078 0419 75       		.byte	117
 1079 041a C2       		.byte	-62
 1080 041b AE       		.byte	-82
 1081 041c C4       		.byte	-60
 1082 041d 2A       		.byte	42
 1083 041e CA       		.byte	-54
ARM GAS  C:\Users\DELL\AppData\Local\Temp\ccVpNR8B.s 			page 20


 1084 041f F1       		.byte	-15
 1085 0420 CC       		.byte	-52
 1086 0421 FE       		.byte	-2
 1087 0422 CE       		.byte	-50
 1088 0423 F6       		.byte	-10
 1089 0424 D0       		.byte	-48
 1090 0425 E2       		.byte	-30
 1091 0426 D2       		.byte	-46
 1092 0427 30       		.byte	48
 1093 0428 22       		.byte	34
 1094 0429 01       		.byte	1
 1095 042a 2E       		.byte	46
 1096 042b 01       		.byte	1
 1097 042c 36       		.byte	54
 1098 042d 01       		.byte	1
 1099 042e 3E       		.byte	62
 1100 042f 40       		.byte	64
 1101 0430 54       		.byte	84
 1102 0431 01       		.byte	1
 1103 0432 56       		.byte	86
 1104 0433 04       		.byte	4
 1105 0434 58       		.byte	88
 1106 0435 04       		.byte	4
 1107 0436 5B       		.byte	91
 1108 0437 04       		.byte	4
 1109 0438 5F       		.byte	95
 1110 0439 01       		.byte	1
 1111 043a 10       		.byte	16
 1112 043b 82       		.byte	-126
 1113 043c 19       		.byte	25
 1114 043d 40       		.byte	64
 1115 043e 59       		.byte	89
 1116 043f 40       		.byte	64
 1117 0440 5A       		.byte	90
 1118 0441 04       		.byte	4
 1119 0442 5B       		.byte	91
 1120 0443 02       		.byte	2
 1121 0444 61       		.byte	97
 1122 0445 02       		.byte	2
 1123 0446 81       		.byte	-127
 1124 0447 02       		.byte	2
 1125 0448 86       		.byte	-122
 1126 0449 04       		.byte	4
 1127 044a 87       		.byte	-121
 1128 044b 02       		.byte	2
 1129 044c 8C       		.byte	-116
 1130 044d 80       		.byte	-128
 1131 044e A0       		.byte	-96
 1132 044f 02       		.byte	2
 1133 0450 AC       		.byte	-84
 1134 0451 02       		.byte	2
 1135 0452 C4       		.byte	-60
 1136 0453 09       		.byte	9
 1137 0454 D6       		.byte	-42
 1138 0455 0B       		.byte	11
 1139 0456 D8       		.byte	-40
 1140 0457 01       		.byte	1
ARM GAS  C:\Users\DELL\AppData\Local\Temp\ccVpNR8B.s 			page 21


 1141 0458 E2       		.byte	-30
 1142 0459 02       		.byte	2
 1143 045a E6       		.byte	-26
 1144 045b 02       		.byte	2
 1145 045c EA       		.byte	-22
 1146 045d 08       		.byte	8
 1147 045e 00       		.byte	0
 1148 045f 6D       		.byte	109
 1149 0460 01       		.byte	1
 1150 0461 0C       		.byte	12
 1151 0462 02       		.byte	2
 1152 0463 92       		.byte	-110
 1153 0464 03       		.byte	3
 1154 0465 02       		.byte	2
 1155 0466 04       		.byte	4
 1156 0467 FF       		.byte	-1
 1157 0468 05       		.byte	5
 1158 0469 08       		.byte	8
 1159 046a 08       		.byte	8
 1160 046b FF       		.byte	-1
 1161 046c 09       		.byte	9
 1162 046d 0F       		.byte	15
 1163 046e 0C       		.byte	12
 1164 046f DB       		.byte	-37
 1165 0470 0D       		.byte	13
 1166 0471 0C       		.byte	12
 1167 0472 0E       		.byte	14
 1168 0473 24       		.byte	36
 1169 0474 0F       		.byte	15
 1170 0475 01       		.byte	1
 1171 0476 10       		.byte	16
 1172 0477 24       		.byte	36
 1173 0478 12       		.byte	18
 1174 0479 DB       		.byte	-37
 1175 047a 13       		.byte	19
 1176 047b 01       		.byte	1
 1177 047c 15       		.byte	21
 1178 047d 04       		.byte	4
 1179 047e 16       		.byte	22
 1180 047f FF       		.byte	-1
 1181 0480 17       		.byte	23
 1182 0481 10       		.byte	16
 1183 0482 19       		.byte	25
 1184 0483 07       		.byte	7
 1185 0484 1A       		.byte	26
 1186 0485 E0       		.byte	-32
 1187 0486 1B       		.byte	27
 1188 0487 08       		.byte	8
 1189 0488 1C       		.byte	28
 1190 0489 92       		.byte	-110
 1191 048a 1E       		.byte	30
 1192 048b 6D       		.byte	109
 1193 048c 1F       		.byte	31
 1194 048d 04       		.byte	4
 1195 048e 22       		.byte	34
 1196 048f 03       		.byte	3
 1197 0490 23       		.byte	35
ARM GAS  C:\Users\DELL\AppData\Local\Temp\ccVpNR8B.s 			page 22


 1198 0491 08       		.byte	8
 1199 0492 26       		.byte	38
 1200 0493 1C       		.byte	28
 1201 0494 27       		.byte	39
 1202 0495 01       		.byte	1
 1203 0496 2B       		.byte	43
 1204 0497 03       		.byte	3
 1205 0498 2F       		.byte	47
 1206 0499 01       		.byte	1
 1207 049a 30       		.byte	48
 1208 049b FF       		.byte	-1
 1209 049c 35       		.byte	53
 1210 049d 0F       		.byte	15
 1211 049e 37       		.byte	55
 1212 049f 10       		.byte	16
 1213 04a0 3E       		.byte	62
 1214 04a1 01       		.byte	1
 1215 04a2 3F       		.byte	63
 1216 04a3 10       		.byte	16
 1217 04a4 40       		.byte	64
 1218 04a5 41       		.byte	65
 1219 04a6 49       		.byte	73
 1220 04a7 FF       		.byte	-1
 1221 04a8 4A       		.byte	74
 1222 04a9 FF       		.byte	-1
 1223 04aa 4B       		.byte	75
 1224 04ab FF       		.byte	-1
 1225 04ac 4F       		.byte	79
 1226 04ad 01       		.byte	1
 1227 04ae 50       		.byte	80
 1228 04af 18       		.byte	24
 1229 04b0 52       		.byte	82
 1230 04b1 80       		.byte	-128
 1231 04b2 58       		.byte	88
 1232 04b3 04       		.byte	4
 1233 04b4 59       		.byte	89
 1234 04b5 04       		.byte	4
 1235 04b6 5A       		.byte	90
 1236 04b7 04       		.byte	4
 1237 04b8 5B       		.byte	91
 1238 04b9 04       		.byte	4
 1239 04ba 5C       		.byte	92
 1240 04bb 10       		.byte	16
 1241 04bc 5F       		.byte	95
 1242 04bd 01       		.byte	1
 1243 04be 60       		.byte	96
 1244 04bf 40       		.byte	64
 1245 04c0 62       		.byte	98
 1246 04c1 40       		.byte	64
 1247 04c2 64       		.byte	100
 1248 04c3 40       		.byte	64
 1249 04c4 65       		.byte	101
 1250 04c5 40       		.byte	64
 1251 04c6 66       		.byte	102
 1252 04c7 80       		.byte	-128
 1253 04c8 68       		.byte	104
 1254 04c9 80       		.byte	-128
ARM GAS  C:\Users\DELL\AppData\Local\Temp\ccVpNR8B.s 			page 23


 1255 04ca 6A       		.byte	106
 1256 04cb 80       		.byte	-128
 1257 04cc 6C       		.byte	108
 1258 04cd 80       		.byte	-128
 1259 04ce 6E       		.byte	110
 1260 04cf 80       		.byte	-128
 1261 04d0 81       		.byte	-127
 1262 04d1 43       		.byte	67
 1263 04d2 82       		.byte	-126
 1264 04d3 04       		.byte	4
 1265 04d4 83       		.byte	-125
 1266 04d5 3C       		.byte	60
 1267 04d6 84       		.byte	-124
 1268 04d7 01       		.byte	1
 1269 04d8 85       		.byte	-123
 1270 04d9 73       		.byte	115
 1271 04da 87       		.byte	-121
 1272 04db 0C       		.byte	12
 1273 04dc 88       		.byte	-120
 1274 04dd 01       		.byte	1
 1275 04de 89       		.byte	-119
 1276 04df 73       		.byte	115
 1277 04e0 8B       		.byte	-117
 1278 04e1 0C       		.byte	12
 1279 04e2 8C       		.byte	-116
 1280 04e3 01       		.byte	1
 1281 04e4 8D       		.byte	-115
 1282 04e5 30       		.byte	48
 1283 04e6 8F       		.byte	-113
 1284 04e7 0C       		.byte	12
 1285 04e8 90       		.byte	-112
 1286 04e9 01       		.byte	1
 1287 04ea 95       		.byte	-107
 1288 04eb 2A       		.byte	42
 1289 04ec 96       		.byte	-106
 1290 04ed 08       		.byte	8
 1291 04ee 97       		.byte	-105
 1292 04ef 15       		.byte	21
 1293 04f0 9C       		.byte	-100
 1294 04f1 02       		.byte	2
 1295 04f2 9D       		.byte	-99
 1296 04f3 4F       		.byte	79
 1297 04f4 9F       		.byte	-97
 1298 04f5 30       		.byte	48
 1299 04f6 A3       		.byte	-93
 1300 04f7 80       		.byte	-128
 1301 04f8 A6       		.byte	-90
 1302 04f9 08       		.byte	8
 1303 04fa A9       		.byte	-87
 1304 04fb 55       		.byte	85
 1305 04fc AB       		.byte	-85
 1306 04fd 2A       		.byte	42
 1307 04fe AC       		.byte	-84
 1308 04ff 02       		.byte	2
 1309 0500 AF       		.byte	-81
 1310 0501 40       		.byte	64
 1311 0502 B0       		.byte	-80
ARM GAS  C:\Users\DELL\AppData\Local\Temp\ccVpNR8B.s 			page 24


 1312 0503 0C       		.byte	12
 1313 0504 B3       		.byte	-77
 1314 0505 3F       		.byte	63
 1315 0506 B6       		.byte	-74
 1316 0507 03       		.byte	3
 1317 0508 B7       		.byte	-73
 1318 0509 C0       		.byte	-64
 1319 050a B8       		.byte	-72
 1320 050b 80       		.byte	-128
 1321 050c BE       		.byte	-66
 1322 050d 01       		.byte	1
 1323 050e C0       		.byte	-64
 1324 050f 15       		.byte	21
 1325 0510 C9       		.byte	-55
 1326 0511 FF       		.byte	-1
 1327 0512 CA       		.byte	-54
 1328 0513 FF       		.byte	-1
 1329 0514 CB       		.byte	-53
 1330 0515 FF       		.byte	-1
 1331 0516 CD       		.byte	-51
 1332 0517 83       		.byte	-125
 1333 0518 CE       		.byte	-50
 1334 0519 03       		.byte	3
 1335 051a CF       		.byte	-49
 1336 051b 01       		.byte	1
 1337 051c D0       		.byte	-48
 1338 051d 18       		.byte	24
 1339 051e D2       		.byte	-46
 1340 051f E0       		.byte	-32
 1341 0520 D8       		.byte	-40
 1342 0521 04       		.byte	4
 1343 0522 D9       		.byte	-39
 1344 0523 04       		.byte	4
 1345 0524 DA       		.byte	-38
 1346 0525 04       		.byte	4
 1347 0526 DB       		.byte	-37
 1348 0527 04       		.byte	4
 1349 0528 DC       		.byte	-36
 1350 0529 11       		.byte	17
 1351 052a DD       		.byte	-35
 1352 052b 10       		.byte	16
 1353 052c DF       		.byte	-33
 1354 052d 01       		.byte	1
 1355 052e E0       		.byte	-32
 1356 052f 40       		.byte	64
 1357 0530 E2       		.byte	-30
 1358 0531 40       		.byte	64
 1359 0532 E4       		.byte	-28
 1360 0533 40       		.byte	64
 1361 0534 E5       		.byte	-27
 1362 0535 40       		.byte	64
 1363 0536 E6       		.byte	-26
 1364 0537 80       		.byte	-128
 1365 0538 E8       		.byte	-24
 1366 0539 80       		.byte	-128
 1367 053a EA       		.byte	-22
 1368 053b 80       		.byte	-128
ARM GAS  C:\Users\DELL\AppData\Local\Temp\ccVpNR8B.s 			page 25


 1369 053c EC       		.byte	-20
 1370 053d 80       		.byte	-128
 1371 053e EE       		.byte	-18
 1372 053f 80       		.byte	-128
 1373 0540 00       		.byte	0
 1374 0541 90       		.byte	-112
 1375 0542 02       		.byte	2
 1376 0543 80       		.byte	-128
 1377 0544 03       		.byte	3
 1378 0545 10       		.byte	16
 1379 0546 04       		.byte	4
 1380 0547 90       		.byte	-112
 1381 0548 05       		.byte	5
 1382 0549 12       		.byte	18
 1383 054a 07       		.byte	7
 1384 054b 10       		.byte	16
 1385 054c 09       		.byte	9
 1386 054d 09       		.byte	9
 1387 054e 0A       		.byte	10
 1388 054f 01       		.byte	1
 1389 0550 0D       		.byte	13
 1390 0551 01       		.byte	1
 1391 0552 0E       		.byte	14
 1392 0553 06       		.byte	6
 1393 0554 0F       		.byte	15
 1394 0555 10       		.byte	16
 1395 0556 10       		.byte	16
 1396 0557 02       		.byte	2
 1397 0558 13       		.byte	19
 1398 0559 08       		.byte	8
 1399 055a 16       		.byte	22
 1400 055b A0       		.byte	-96
 1401 055c 18       		.byte	24
 1402 055d 02       		.byte	2
 1403 055e 19       		.byte	25
 1404 055f 02       		.byte	2
 1405 0560 1A       		.byte	26
 1406 0561 01       		.byte	1
 1407 0562 1E       		.byte	30
 1408 0563 40       		.byte	64
 1409 0564 21       		.byte	33
 1410 0565 08       		.byte	8
 1411 0566 22       		.byte	34
 1412 0567 80       		.byte	-128
 1413 0568 26       		.byte	38
 1414 0569 40       		.byte	64
 1415 056a 27       		.byte	39
 1416 056b 04       		.byte	4
 1417 056c 28       		.byte	40
 1418 056d 0A       		.byte	10
 1419 056e 29       		.byte	41
 1420 056f 01       		.byte	1
 1421 0570 2E       		.byte	46
 1422 0571 05       		.byte	5
 1423 0572 2F       		.byte	47
 1424 0573 0A       		.byte	10
 1425 0574 30       		.byte	48
ARM GAS  C:\Users\DELL\AppData\Local\Temp\ccVpNR8B.s 			page 26


 1426 0575 80       		.byte	-128
 1427 0576 31       		.byte	49
 1428 0577 08       		.byte	8
 1429 0578 34       		.byte	52
 1430 0579 09       		.byte	9
 1431 057a 35       		.byte	53
 1432 057b 02       		.byte	2
 1433 057c 36       		.byte	54
 1434 057d 40       		.byte	64
 1435 057e 37       		.byte	55
 1436 057f 18       		.byte	24
 1437 0580 38       		.byte	56
 1438 0581 02       		.byte	2
 1439 0582 39       		.byte	57
 1440 0583 54       		.byte	84
 1441 0584 3C       		.byte	60
 1442 0585 90       		.byte	-112
 1443 0586 3D       		.byte	61
 1444 0587 02       		.byte	2
 1445 0588 3E       		.byte	62
 1446 0589 08       		.byte	8
 1447 058a 43       		.byte	67
 1448 058b 40       		.byte	64
 1449 058c 46       		.byte	70
 1450 058d 41       		.byte	65
 1451 058e 4A       		.byte	74
 1452 058f 02       		.byte	2
 1453 0590 4B       		.byte	75
 1454 0591 30       		.byte	48
 1455 0592 60       		.byte	96
 1456 0593 02       		.byte	2
 1457 0594 62       		.byte	98
 1458 0595 80       		.byte	-128
 1459 0596 70       		.byte	112
 1460 0597 34       		.byte	52
 1461 0598 72       		.byte	114
 1462 0599 A4       		.byte	-92
 1463 059a 76       		.byte	118
 1464 059b 40       		.byte	64
 1465 059c 77       		.byte	119
 1466 059d 40       		.byte	64
 1467 059e 90       		.byte	-112
 1468 059f 90       		.byte	-112
 1469 05a0 91       		.byte	-111
 1470 05a1 56       		.byte	86
 1471 05a2 93       		.byte	-109
 1472 05a3 10       		.byte	16
 1473 05a4 94       		.byte	-108
 1474 05a5 28       		.byte	40
 1475 05a6 96       		.byte	-106
 1476 05a7 17       		.byte	23
 1477 05a8 9A       		.byte	-102
 1478 05a9 0A       		.byte	10
 1479 05aa 9B       		.byte	-101
 1480 05ab 10       		.byte	16
 1481 05ac 9C       		.byte	-100
 1482 05ad 20       		.byte	32
ARM GAS  C:\Users\DELL\AppData\Local\Temp\ccVpNR8B.s 			page 27


 1483 05ae 9D       		.byte	-99
 1484 05af 02       		.byte	2
 1485 05b0 9E       		.byte	-98
 1486 05b1 A0       		.byte	-96
 1487 05b2 9F       		.byte	-97
 1488 05b3 04       		.byte	4
 1489 05b4 A0       		.byte	-96
 1490 05b5 C2       		.byte	-62
 1491 05b6 A1       		.byte	-95
 1492 05b7 01       		.byte	1
 1493 05b8 A3       		.byte	-93
 1494 05b9 0E       		.byte	14
 1495 05ba A4       		.byte	-92
 1496 05bb 20       		.byte	32
 1497 05bc B4       		.byte	-76
 1498 05bd 12       		.byte	18
 1499 05be B6       		.byte	-74
 1500 05bf 10       		.byte	16
 1501 05c0 B7       		.byte	-73
 1502 05c1 80       		.byte	-128
 1503 05c2 C0       		.byte	-64
 1504 05c3 FF       		.byte	-1
 1505 05c4 C2       		.byte	-62
 1506 05c5 FD       		.byte	-3
 1507 05c6 C4       		.byte	-60
 1508 05c7 35       		.byte	53
 1509 05c8 CA       		.byte	-54
 1510 05c9 FD       		.byte	-3
 1511 05ca CC       		.byte	-52
 1512 05cb FA       		.byte	-6
 1513 05cc CE       		.byte	-50
 1514 05cd FF       		.byte	-1
 1515 05ce D0       		.byte	-48
 1516 05cf 98       		.byte	-104
 1517 05d0 D2       		.byte	-46
 1518 05d1 08       		.byte	8
 1519 05d2 80       		.byte	-128
 1520 05d3 08       		.byte	8
 1521 05d4 82       		.byte	-126
 1522 05d5 21       		.byte	33
 1523 05d6 83       		.byte	-125
 1524 05d7 3F       		.byte	63
 1525 05d8 84       		.byte	-124
 1526 05d9 10       		.byte	16
 1527 05da 85       		.byte	-123
 1528 05db 40       		.byte	64
 1529 05dc 87       		.byte	-121
 1530 05dd 30       		.byte	48
 1531 05de 88       		.byte	-120
 1532 05df 27       		.byte	39
 1533 05e0 89       		.byte	-119
 1534 05e1 3F       		.byte	63
 1535 05e2 8E       		.byte	-114
 1536 05e3 27       		.byte	39
 1537 05e4 8F       		.byte	-113
 1538 05e5 3F       		.byte	63
 1539 05e6 91       		.byte	-111
ARM GAS  C:\Users\DELL\AppData\Local\Temp\ccVpNR8B.s 			page 28


 1540 05e7 80       		.byte	-128
 1541 05e8 92       		.byte	-110
 1542 05e9 40       		.byte	64
 1543 05ea 95       		.byte	-107
 1544 05eb 3F       		.byte	63
 1545 05ec 96       		.byte	-106
 1546 05ed 27       		.byte	39
 1547 05ee 98       		.byte	-104
 1548 05ef 08       		.byte	8
 1549 05f0 9A       		.byte	-102
 1550 05f1 04       		.byte	4
 1551 05f2 9B       		.byte	-101
 1552 05f3 15       		.byte	21
 1553 05f4 9E       		.byte	-98
 1554 05f5 27       		.byte	39
 1555 05f6 A0       		.byte	-96
 1556 05f7 20       		.byte	32
 1557 05f8 A2       		.byte	-94
 1558 05f9 07       		.byte	7
 1559 05fa A3       		.byte	-93
 1560 05fb 2A       		.byte	42
 1561 05fc A4       		.byte	-92
 1562 05fd 08       		.byte	8
 1563 05fe A6       		.byte	-90
 1564 05ff 02       		.byte	2
 1565 0600 A7       		.byte	-89
 1566 0601 3F       		.byte	63
 1567 0602 A8       		.byte	-88
 1568 0603 27       		.byte	39
 1569 0604 A9       		.byte	-87
 1570 0605 40       		.byte	64
 1571 0606 AB       		.byte	-85
 1572 0607 0C       		.byte	12
 1573 0608 AC       		.byte	-84
 1574 0609 20       		.byte	32
 1575 060a AD       		.byte	-83
 1576 060b 40       		.byte	64
 1577 060c AF       		.byte	-81
 1578 060d 03       		.byte	3
 1579 060e B2       		.byte	-78
 1580 060f 18       		.byte	24
 1581 0610 B4       		.byte	-76
 1582 0611 07       		.byte	7
 1583 0612 B5       		.byte	-75
 1584 0613 C0       		.byte	-64
 1585 0614 B6       		.byte	-74
 1586 0615 60       		.byte	96
 1587 0616 B7       		.byte	-73
 1588 0617 3F       		.byte	63
 1589 0618 B8       		.byte	-72
 1590 0619 08       		.byte	8
 1591 061a B9       		.byte	-71
 1592 061b 20       		.byte	32
 1593 061c BA       		.byte	-70
 1594 061d 80       		.byte	-128
 1595 061e BE       		.byte	-66
 1596 061f 04       		.byte	4
ARM GAS  C:\Users\DELL\AppData\Local\Temp\ccVpNR8B.s 			page 29


 1597 0620 BF       		.byte	-65
 1598 0621 10       		.byte	16
 1599 0622 D8       		.byte	-40
 1600 0623 04       		.byte	4
 1601 0624 D9       		.byte	-39
 1602 0625 04       		.byte	4
 1603 0626 DC       		.byte	-36
 1604 0627 11       		.byte	17
 1605 0628 DF       		.byte	-33
 1606 0629 01       		.byte	1
 1607 062a 01       		.byte	1
 1608 062b 40       		.byte	64
 1609 062c 02       		.byte	2
 1610 062d 80       		.byte	-128
 1611 062e 04       		.byte	4
 1612 062f 84       		.byte	-124
 1613 0630 05       		.byte	5
 1614 0631 10       		.byte	16
 1615 0632 06       		.byte	6
 1616 0633 80       		.byte	-128
 1617 0634 09       		.byte	9
 1618 0635 08       		.byte	8
 1619 0636 0A       		.byte	10
 1620 0637 01       		.byte	1
 1621 0638 0B       		.byte	11
 1622 0639 80       		.byte	-128
 1623 063a 0D       		.byte	13
 1624 063b 04       		.byte	4
 1625 063c 0E       		.byte	14
 1626 063d 46       		.byte	70
 1627 063e 0F       		.byte	15
 1628 063f 10       		.byte	16
 1629 0640 10       		.byte	16
 1630 0641 80       		.byte	-128
 1631 0642 11       		.byte	17
 1632 0643 14       		.byte	20
 1633 0644 14       		.byte	20
 1634 0645 05       		.byte	5
 1635 0646 15       		.byte	21
 1636 0647 02       		.byte	2
 1637 0648 16       		.byte	22
 1638 0649 20       		.byte	32
 1639 064a 17       		.byte	23
 1640 064b 10       		.byte	16
 1641 064c 19       		.byte	25
 1642 064d 01       		.byte	1
 1643 064e 1C       		.byte	28
 1644 064f 04       		.byte	4
 1645 0650 1E       		.byte	30
 1646 0651 12       		.byte	18
 1647 0652 22       		.byte	34
 1648 0653 01       		.byte	1
 1649 0654 27       		.byte	39
 1650 0655 05       		.byte	5
 1651 0656 29       		.byte	41
 1652 0657 22       		.byte	34
 1653 0658 2A       		.byte	42
ARM GAS  C:\Users\DELL\AppData\Local\Temp\ccVpNR8B.s 			page 30


 1654 0659 88       		.byte	-120
 1655 065a 2B       		.byte	43
 1656 065b 04       		.byte	4
 1657 065c 2C       		.byte	44
 1658 065d 40       		.byte	64
 1659 065e 2E       		.byte	46
 1660 065f A2       		.byte	-94
 1661 0660 2F       		.byte	47
 1662 0661 10       		.byte	16
 1663 0662 30       		.byte	48
 1664 0663 44       		.byte	68
 1665 0664 31       		.byte	49
 1666 0665 10       		.byte	16
 1667 0666 32       		.byte	50
 1668 0667 01       		.byte	1
 1669 0668 34       		.byte	52
 1670 0669 04       		.byte	4
 1671 066a 35       		.byte	53
 1672 066b 20       		.byte	32
 1673 066c 37       		.byte	55
 1674 066d 01       		.byte	1
 1675 066e 38       		.byte	56
 1676 066f 80       		.byte	-128
 1677 0670 39       		.byte	57
 1678 0671 0A       		.byte	10
 1679 0672 3A       		.byte	58
 1680 0673 20       		.byte	32
 1681 0674 3C       		.byte	60
 1682 0675 90       		.byte	-112
 1683 0676 3D       		.byte	61
 1684 0677 02       		.byte	2
 1685 0678 3E       		.byte	62
 1686 0679 0C       		.byte	12
 1687 067a 43       		.byte	67
 1688 067b 40       		.byte	64
 1689 067c 44       		.byte	68
 1690 067d 20       		.byte	32
 1691 067e 47       		.byte	71
 1692 067f 04       		.byte	4
 1693 0680 4A       		.byte	74
 1694 0681 22       		.byte	34
 1695 0682 50       		.byte	80
 1696 0683 20       		.byte	32
 1697 0684 52       		.byte	82
 1698 0685 03       		.byte	3
 1699 0686 84       		.byte	-124
 1700 0687 20       		.byte	32
 1701 0688 86       		.byte	-122
 1702 0689 20       		.byte	32
 1703 068a 8E       		.byte	-114
 1704 068b 01       		.byte	1
 1705 068c 90       		.byte	-112
 1706 068d 90       		.byte	-112
 1707 068e 91       		.byte	-111
 1708 068f 56       		.byte	86
 1709 0690 92       		.byte	-110
 1710 0691 45       		.byte	69
ARM GAS  C:\Users\DELL\AppData\Local\Temp\ccVpNR8B.s 			page 31


 1711 0692 93       		.byte	-109
 1712 0693 B0       		.byte	-80
 1713 0694 96       		.byte	-106
 1714 0695 12       		.byte	18
 1715 0696 98       		.byte	-104
 1716 0697 01       		.byte	1
 1717 0698 99       		.byte	-103
 1718 0699 12       		.byte	18
 1719 069a 9A       		.byte	-102
 1720 069b A2       		.byte	-94
 1721 069c 9B       		.byte	-101
 1722 069d 50       		.byte	80
 1723 069e 9C       		.byte	-100
 1724 069f 20       		.byte	32
 1725 06a0 9D       		.byte	-99
 1726 06a1 01       		.byte	1
 1727 06a2 9E       		.byte	-98
 1728 06a3 01       		.byte	1
 1729 06a4 A0       		.byte	-96
 1730 06a5 C0       		.byte	-64
 1731 06a6 A1       		.byte	-95
 1732 06a7 09       		.byte	9
 1733 06a8 A2       		.byte	-94
 1734 06a9 80       		.byte	-128
 1735 06aa A3       		.byte	-93
 1736 06ab 04       		.byte	4
 1737 06ac A6       		.byte	-90
 1738 06ad 03       		.byte	3
 1739 06ae AE       		.byte	-82
 1740 06af 40       		.byte	64
 1741 06b0 B3       		.byte	-77
 1742 06b1 48       		.byte	72
 1743 06b2 C0       		.byte	-64
 1744 06b3 F9       		.byte	-7
 1745 06b4 C2       		.byte	-62
 1746 06b5 FD       		.byte	-3
 1747 06b6 C4       		.byte	-60
 1748 06b7 FE       		.byte	-2
 1749 06b8 CA       		.byte	-54
 1750 06b9 FF       		.byte	-1
 1751 06ba CC       		.byte	-52
 1752 06bb EF       		.byte	-17
 1753 06bc CE       		.byte	-50
 1754 06bd FF       		.byte	-1
 1755 06be D0       		.byte	-48
 1756 06bf 08       		.byte	8
 1757 06c0 D2       		.byte	-46
 1758 06c1 08       		.byte	8
 1759 06c2 E6       		.byte	-26
 1760 06c3 40       		.byte	64
 1761 06c4 30       		.byte	48
 1762 06c5 40       		.byte	64
 1763 06c6 33       		.byte	51
 1764 06c7 02       		.byte	2
 1765 06c8 37       		.byte	55
 1766 06c9 14       		.byte	20
 1767 06ca 53       		.byte	83
ARM GAS  C:\Users\DELL\AppData\Local\Temp\ccVpNR8B.s 			page 32


 1768 06cb 02       		.byte	2
 1769 06cc 58       		.byte	88
 1770 06cd 40       		.byte	64
 1771 06ce CC       		.byte	-52
 1772 06cf F0       		.byte	-16
 1773 06d0 9C       		.byte	-100
 1774 06d1 40       		.byte	64
 1775 06d2 9F       		.byte	-97
 1776 06d3 14       		.byte	20
 1777 06d4 8F       		.byte	-113
 1778 06d5 10       		.byte	16
 1779 06d6 9C       		.byte	-100
 1780 06d7 40       		.byte	64
 1781 06d8 9F       		.byte	-97
 1782 06d9 14       		.byte	20
 1783 06da 84       		.byte	-124
 1784 06db 40       		.byte	64
 1785 06dc 9C       		.byte	-100
 1786 06dd 40       		.byte	64
 1787 06de 9F       		.byte	-97
 1788 06df 04       		.byte	4
 1789 06e0 E6       		.byte	-26
 1790 06e1 10       		.byte	16
 1791 06e2 7C       		.byte	124
 1792 06e3 40       		.byte	64
 1793 06e4 DE       		.byte	-34
 1794 06e5 04       		.byte	4
 1795 06e6 94       		.byte	-108
 1796 06e7 40       		.byte	64
 1797 06e8 80       		.byte	-128
 1798 06e9 40       		.byte	64
 1799 06ea 94       		.byte	-108
 1800 06eb 40       		.byte	64
 1801 06ec 9F       		.byte	-97
 1802 06ed 04       		.byte	4
 1803 06ee 83       		.byte	-125
 1804 06ef 04       		.byte	4
 1805 06f0 9F       		.byte	-97
 1806 06f1 04       		.byte	4
 1807 06f2 E2       		.byte	-30
 1808 06f3 80       		.byte	-128
 1809 06f4 10       		.byte	16
 1810 06f5 80       		.byte	-128
 1811 06f6 A4       		.byte	-92
 1812 06f7 80       		.byte	-128
 1813 06f8 B0       		.byte	-80
 1814 06f9 80       		.byte	-128
 1815 06fa C4       		.byte	-60
 1816 06fb 08       		.byte	8
 1817 06fc EE       		.byte	-18
 1818 06fd 01       		.byte	1
 1819 06fe 00       		.byte	0
 1820 06ff 02       		.byte	2
 1821 0700 0C       		.byte	12
 1822 0701 02       		.byte	2
 1823 0702 0E       		.byte	14
 1824 0703 02       		.byte	2
ARM GAS  C:\Users\DELL\AppData\Local\Temp\ccVpNR8B.s 			page 33


 1825 0704 10       		.byte	16
 1826 0705 03       		.byte	3
 1827 0706 1A       		.byte	26
 1828 0707 01       		.byte	1
 1829 0708 1C       		.byte	28
 1830 0709 03       		.byte	3
 1831 070a 00       		.byte	0
 1832 070b FF       		.byte	-1
 1833 070c 25       		.byte	37
 1834 070d 00       		.byte	0
 1835 070e DA       		.byte	-38
 1836 070f 3F       		.byte	63
 1837 0710 00       		.byte	0
 1838 0711 00       		.byte	0
 1839 0712 00       		.byte	0
 1840 0713 3F       		.byte	63
 1841 0714 00       		.byte	0
 1842 0715 38       		.byte	56
 1843 0716 00       		.byte	0
 1844 0717 07       		.byte	7
 1845 0718 E0       		.byte	-32
 1846 0719 3F       		.byte	63
 1847 071a 1C       		.byte	28
 1848 071b 00       		.byte	0
 1849 071c 48       		.byte	72
 1850 071d 36       		.byte	54
 1851 071e 25       		.byte	37
 1852 071f 09       		.byte	9
 1853 0720 92       		.byte	-110
 1854 0721 3F       		.byte	63
 1855 0722 25       		.byte	37
 1856 0723 00       		.byte	0
 1857 0724 00       		.byte	0
 1858 0725 3F       		.byte	63
 1859 0726 00       		.byte	0
 1860 0727 00       		.byte	0
 1861 0728 03       		.byte	3
 1862 0729 09       		.byte	9
 1863 072a FC       		.byte	-4
 1864 072b 24       		.byte	36
 1865 072c 1F       		.byte	31
 1866 072d 00       		.byte	0
 1867 072e E0       		.byte	-32
 1868 072f 3F       		.byte	63
 1869 0730 E3       		.byte	-29
 1870 0731 38       		.byte	56
 1871 0732 1C       		.byte	28
 1872 0733 07       		.byte	7
 1873 0734 E3       		.byte	-29
 1874 0735 09       		.byte	9
 1875 0736 1C       		.byte	28
 1876 0737 12       		.byte	18
 1877 0738 00       		.byte	0
 1878 0739 07       		.byte	7
 1879 073a 00       		.byte	0
 1880 073b 38       		.byte	56
 1881 073c FF       		.byte	-1
ARM GAS  C:\Users\DELL\AppData\Local\Temp\ccVpNR8B.s 			page 34


 1882 073d 3F       		.byte	63
 1883 073e 00       		.byte	0
 1884 073f 00       		.byte	0
 1885 0740 00       		.byte	0
 1886 0741 00       		.byte	0
 1887 0742 00       		.byte	0
 1888 0743 00       		.byte	0
 1889 0744 00       		.byte	0
 1890 0745 00       		.byte	0
 1891 0746 00       		.byte	0
 1892 0747 02       		.byte	2
 1893 0748 00       		.byte	0
 1894 0749 00       		.byte	0
 1895 074a 01       		.byte	1
 1896 074b 00       		.byte	0
 1897 074c 15       		.byte	21
 1898 074d 00       		.byte	0
 1899 074e 00       		.byte	0
 1900 074f 00       		.byte	0
 1901 0750 00       		.byte	0
 1902 0751 0E       		.byte	14
 1903 0752 C0       		.byte	-64
 1904 0753 20       		.byte	32
 1905 0754 29       		.byte	41
 1906 0755 FF       		.byte	-1
 1907 0756 FF       		.byte	-1
 1908 0757 FF       		.byte	-1
 1909 0758 00       		.byte	0
 1910 0759 83       		.byte	-125
 1911 075a 03       		.byte	3
 1912 075b 01       		.byte	1
 1913 075c 18       		.byte	24
 1914 075d 00       		.byte	0
 1915 075e 00       		.byte	0
 1916 075f 00       		.byte	0
 1917 0760 00       		.byte	0
 1918 0761 00       		.byte	0
 1919 0762 00       		.byte	0
 1920 0763 00       		.byte	0
 1921 0764 04       		.byte	4
 1922 0765 04       		.byte	4
 1923 0766 04       		.byte	4
 1924 0767 00       		.byte	0
 1925 0768 10       		.byte	16
 1926 0769 00       		.byte	0
 1927 076a 00       		.byte	0
 1928 076b 01       		.byte	1
 1929 076c 40       		.byte	64
 1930 076d 00       		.byte	0
 1931 076e 40       		.byte	64
 1932 076f 00       		.byte	0
 1933 0770 40       		.byte	64
 1934 0771 40       		.byte	64
 1935 0772 80       		.byte	-128
 1936 0773 00       		.byte	0
 1937 0774 80       		.byte	-128
 1938 0775 00       		.byte	0
ARM GAS  C:\Users\DELL\AppData\Local\Temp\ccVpNR8B.s 			page 35


 1939 0776 80       		.byte	-128
 1940 0777 00       		.byte	0
 1941 0778 80       		.byte	-128
 1942 0779 00       		.byte	0
 1943 077a 80       		.byte	-128
 1944 077b 00       		.byte	0
 1945 077c 00       		.byte	0
 1946 077d 00       		.byte	0
 1947 077e 00       		.byte	0
 1948 077f 00       		.byte	0
 1949 0780 00       		.byte	0
 1950 0781 00       		.byte	0
 1951 0782 00       		.byte	0
 1952 0783 00       		.byte	0
 1953 0784 00       		.byte	0
 1954 0785 00       		.byte	0
 1955 0786 00       		.byte	0
 1956 0787 00       		.byte	0
 1957 0788 00       		.byte	0
 1958 0789 00       		.byte	0
 1959 078a 00       		.byte	0
 1960 078b 00       		.byte	0
 1961 078c 00       		.byte	0
 1962 078d 00       		.byte	0
 1963 078e 00       		.byte	0
 1964 078f 00       		.byte	0
 1965 0790 00       		.byte	0
 1966 0791 00       		.byte	0
 1967 0792 01       		.byte	1
 1968 0793 00       		.byte	0
 1969 0794 C0       		.byte	-64
 1970 0795 00       		.byte	0
 1971 0796 40       		.byte	64
 1972 0797 80       		.byte	-128
 1973 0798 80       		.byte	-128
 1974 0799 00       		.byte	0
 1975 079a 80       		.byte	-128
 1976 079b 00       		.byte	0
 1977 079c 00       		.byte	0
 1978 079d 00       		.byte	0
 1979 079e 00       		.byte	0
 1980 079f 00       		.byte	0
 1981 07a0 00       		.byte	0
 1982 07a1 80       		.byte	-128
 1983 07a2 00       		.byte	0
 1984 07a3 80       		.byte	-128
 1985 07a4 C0       		.byte	-64
 1986 07a5 00       		.byte	0
 1987 07a6 00       		.byte	0
 1988 07a7 00       		.byte	0
 1989 07a8 00       		.byte	0
 1990 07a9 0B       		.byte	11
 1991 07aa 0B       		.byte	11
 1992 07ab 00       		.byte	0
 1993 07ac 00       		.byte	0
 1994 07ad 00       		.byte	0
 1995 07ae 00       		.byte	0
ARM GAS  C:\Users\DELL\AppData\Local\Temp\ccVpNR8B.s 			page 36


 1996 07af 00       		.byte	0
 1997 07b0 00       		.byte	0
 1998 07b1 00       		.byte	0
 1999 07b2 00       		.byte	0
 2000 07b3 00       		.byte	0
 2001 07b4 00       		.byte	0
 2002 07b5 00       		.byte	0
 2003 07b6 C0       		.byte	-64
 2004 07b7 00       		.byte	0
 2005              		.section	.cywolatch,"a",%progbits
 2006              		.align	2
 2007              		.type	cy_meta_wonvl, %object
 2008              		.size	cy_meta_wonvl, 4
 2009              	cy_meta_wonvl:
 2010 0000 BC       		.byte	-68
 2011 0001 90       		.byte	-112
 2012 0002 AC       		.byte	-84
 2013 0003 AF       		.byte	-81
 2014              		.section	.cycustnvl,"a",%progbits
 2015              		.align	2
 2016              		.type	cy_meta_custnvl, %object
 2017              		.size	cy_meta_custnvl, 4
 2018              	cy_meta_custnvl:
 2019 0000 00       		.byte	0
 2020 0001 00       		.byte	0
 2021 0002 40       		.byte	64
 2022 0003 05       		.byte	5
 2023              		.section	.cymeta,"a",%progbits
 2024              		.align	2
 2025              		.type	cy_metadata, %object
 2026              		.size	cy_metadata, 12
 2027              	cy_metadata:
 2028 0000 00       		.byte	0
 2029 0001 01       		.byte	1
 2030 0002 2E       		.byte	46
 2031 0003 16       		.byte	22
 2032 0004 10       		.byte	16
 2033 0005 69       		.byte	105
 2034 0006 00       		.byte	0
 2035 0007 01       		.byte	1
 2036 0008 00       		.byte	0
 2037 0009 00       		.byte	0
 2038 000a 00       		.byte	0
 2039 000b 00       		.byte	0
 2040              		.section	.cyflashprotect,"a",%progbits
 2041              		.align	2
 2042              		.type	cy_meta_flashprotect, %object
 2043              		.size	cy_meta_flashprotect, 256
 2044              	cy_meta_flashprotect:
 2045 0000 00000000 		.space	256
 2045      00000000 
 2045      00000000 
 2045      00000000 
 2045      00000000 
 2046              		.text
 2047              	.Letext0:
 2048              		.file 1 "c:\\psoc creator\\4.4\\psoc creator\\import\\gnu\\arm\\5.4.1\\arm-none-eabi\\include\\mac
ARM GAS  C:\Users\DELL\AppData\Local\Temp\ccVpNR8B.s 			page 37


 2049              		.file 2 "c:\\psoc creator\\4.4\\psoc creator\\import\\gnu\\arm\\5.4.1\\arm-none-eabi\\include\\sys
 2050              		.file 3 "Generated_Source\\PSoC5\\cymetadata.c"
 2051              		.section	.debug_info,"",%progbits
 2052              	.Ldebug_info0:
 2053 0000 35010000 		.4byte	0x135
 2054 0004 0400     		.2byte	0x4
 2055 0006 00000000 		.4byte	.Ldebug_abbrev0
 2056 000a 04       		.byte	0x4
 2057 000b 01       		.uleb128 0x1
 2058 000c 24000000 		.4byte	.LASF17
 2059 0010 0C       		.byte	0xc
 2060 0011 F5010000 		.4byte	.LASF18
 2061 0015 D7000000 		.4byte	.LASF19
 2062 0019 00000000 		.4byte	.Ldebug_line0
 2063 001d 02       		.uleb128 0x2
 2064 001e 01       		.byte	0x1
 2065 001f 06       		.byte	0x6
 2066 0020 E9010000 		.4byte	.LASF0
 2067 0024 03       		.uleb128 0x3
 2068 0025 00000000 		.4byte	.LASF9
 2069 0029 01       		.byte	0x1
 2070 002a 1D       		.byte	0x1d
 2071 002b 2F000000 		.4byte	0x2f
 2072 002f 02       		.uleb128 0x2
 2073 0030 01       		.byte	0x1
 2074 0031 08       		.byte	0x8
 2075 0032 16000000 		.4byte	.LASF1
 2076 0036 02       		.uleb128 0x2
 2077 0037 02       		.byte	0x2
 2078 0038 05       		.byte	0x5
 2079 0039 D6010000 		.4byte	.LASF2
 2080 003d 02       		.uleb128 0x2
 2081 003e 02       		.byte	0x2
 2082 003f 07       		.byte	0x7
 2083 0040 C4000000 		.4byte	.LASF3
 2084 0044 02       		.uleb128 0x2
 2085 0045 04       		.byte	0x4
 2086 0046 05       		.byte	0x5
 2087 0047 E0010000 		.4byte	.LASF4
 2088 004b 02       		.uleb128 0x2
 2089 004c 04       		.byte	0x4
 2090 004d 07       		.byte	0x7
 2091 004e B2000000 		.4byte	.LASF5
 2092 0052 02       		.uleb128 0x2
 2093 0053 08       		.byte	0x8
 2094 0054 05       		.byte	0x5
 2095 0055 C8010000 		.4byte	.LASF6
 2096 0059 02       		.uleb128 0x2
 2097 005a 08       		.byte	0x8
 2098 005b 07       		.byte	0x7
 2099 005c 7D010000 		.4byte	.LASF7
 2100 0060 04       		.uleb128 0x4
 2101 0061 04       		.byte	0x4
 2102 0062 05       		.byte	0x5
 2103 0063 696E7400 		.ascii	"int\000"
 2104 0067 02       		.uleb128 0x2
 2105 0068 04       		.byte	0x4
ARM GAS  C:\Users\DELL\AppData\Local\Temp\ccVpNR8B.s 			page 38


 2106 0069 07       		.byte	0x7
 2107 006a 70010000 		.4byte	.LASF8
 2108 006e 03       		.uleb128 0x3
 2109 006f 94010000 		.4byte	.LASF10
 2110 0073 02       		.byte	0x2
 2111 0074 18       		.byte	0x18
 2112 0075 24000000 		.4byte	0x24
 2113 0079 05       		.uleb128 0x5
 2114 007a 91000000 		.4byte	0x91
 2115 007e 8A000000 		.4byte	0x8a
 2116 0082 06       		.uleb128 0x6
 2117 0083 8A000000 		.4byte	0x8a
 2118 0087 B707     		.2byte	0x7b7
 2119 0089 00       		.byte	0
 2120 008a 02       		.uleb128 0x2
 2121 008b 04       		.byte	0x4
 2122 008c 07       		.byte	0x7
 2123 008d BF010000 		.4byte	.LASF11
 2124 0091 07       		.uleb128 0x7
 2125 0092 6E000000 		.4byte	0x6e
 2126 0096 08       		.uleb128 0x8
 2127 0097 5E010000 		.4byte	.LASF12
 2128 009b 03       		.byte	0x3
 2129 009c 1F       		.byte	0x1f
 2130 009d A7000000 		.4byte	0xa7
 2131 00a1 05       		.uleb128 0x5
 2132 00a2 03       		.byte	0x3
 2133 00a3 00000000 		.4byte	cy_meta_configecc
 2134 00a7 07       		.uleb128 0x7
 2135 00a8 79000000 		.4byte	0x79
 2136 00ac 05       		.uleb128 0x5
 2137 00ad 91000000 		.4byte	0x91
 2138 00b1 BC000000 		.4byte	0xbc
 2139 00b5 09       		.uleb128 0x9
 2140 00b6 8A000000 		.4byte	0x8a
 2141 00ba 03       		.byte	0x3
 2142 00bb 00       		.byte	0
 2143 00bc 0A       		.uleb128 0xa
 2144 00bd 4E010000 		.4byte	.LASF13
 2145 00c1 03       		.byte	0x3
 2146 00c2 2301     		.2byte	0x123
 2147 00c4 CE000000 		.4byte	0xce
 2148 00c8 05       		.uleb128 0x5
 2149 00c9 03       		.byte	0x3
 2150 00ca 00000000 		.4byte	cy_meta_custnvl
 2151 00ce 07       		.uleb128 0x7
 2152 00cf AC000000 		.4byte	0xac
 2153 00d3 0A       		.uleb128 0xa
 2154 00d4 B1010000 		.4byte	.LASF14
 2155 00d8 03       		.byte	0x3
 2156 00d9 3101     		.2byte	0x131
 2157 00db E5000000 		.4byte	0xe5
 2158 00df 05       		.uleb128 0x5
 2159 00e0 03       		.byte	0x3
 2160 00e1 00000000 		.4byte	cy_meta_wonvl
 2161 00e5 07       		.uleb128 0x7
 2162 00e6 AC000000 		.4byte	0xac
ARM GAS  C:\Users\DELL\AppData\Local\Temp\ccVpNR8B.s 			page 39


 2163 00ea 05       		.uleb128 0x5
 2164 00eb 91000000 		.4byte	0x91
 2165 00ef FA000000 		.4byte	0xfa
 2166 00f3 09       		.uleb128 0x9
 2167 00f4 8A000000 		.4byte	0x8a
 2168 00f8 FF       		.byte	0xff
 2169 00f9 00       		.byte	0
 2170 00fa 0A       		.uleb128 0xa
 2171 00fb 9C010000 		.4byte	.LASF15
 2172 00ff 03       		.byte	0x3
 2173 0100 3F01     		.2byte	0x13f
 2174 0102 0C010000 		.4byte	0x10c
 2175 0106 05       		.uleb128 0x5
 2176 0107 03       		.byte	0x3
 2177 0108 00000000 		.4byte	cy_meta_flashprotect
 2178 010c 07       		.uleb128 0x7
 2179 010d EA000000 		.4byte	0xea
 2180 0111 05       		.uleb128 0x5
 2181 0112 91000000 		.4byte	0x91
 2182 0116 21010000 		.4byte	0x121
 2183 011a 09       		.uleb128 0x9
 2184 011b 8A000000 		.4byte	0x8a
 2185 011f 0B       		.byte	0xb
 2186 0120 00       		.byte	0
 2187 0121 0A       		.uleb128 0xa
 2188 0122 0A000000 		.4byte	.LASF16
 2189 0126 03       		.byte	0x3
 2190 0127 6C01     		.2byte	0x16c
 2191 0129 33010000 		.4byte	0x133
 2192 012d 05       		.uleb128 0x5
 2193 012e 03       		.byte	0x3
 2194 012f 00000000 		.4byte	cy_metadata
 2195 0133 07       		.uleb128 0x7
 2196 0134 11010000 		.4byte	0x111
 2197 0138 00       		.byte	0
 2198              		.section	.debug_abbrev,"",%progbits
 2199              	.Ldebug_abbrev0:
 2200 0000 01       		.uleb128 0x1
 2201 0001 11       		.uleb128 0x11
 2202 0002 01       		.byte	0x1
 2203 0003 25       		.uleb128 0x25
 2204 0004 0E       		.uleb128 0xe
 2205 0005 13       		.uleb128 0x13
 2206 0006 0B       		.uleb128 0xb
 2207 0007 03       		.uleb128 0x3
 2208 0008 0E       		.uleb128 0xe
 2209 0009 1B       		.uleb128 0x1b
 2210 000a 0E       		.uleb128 0xe
 2211 000b 10       		.uleb128 0x10
 2212 000c 17       		.uleb128 0x17
 2213 000d 00       		.byte	0
 2214 000e 00       		.byte	0
 2215 000f 02       		.uleb128 0x2
 2216 0010 24       		.uleb128 0x24
 2217 0011 00       		.byte	0
 2218 0012 0B       		.uleb128 0xb
 2219 0013 0B       		.uleb128 0xb
ARM GAS  C:\Users\DELL\AppData\Local\Temp\ccVpNR8B.s 			page 40


 2220 0014 3E       		.uleb128 0x3e
 2221 0015 0B       		.uleb128 0xb
 2222 0016 03       		.uleb128 0x3
 2223 0017 0E       		.uleb128 0xe
 2224 0018 00       		.byte	0
 2225 0019 00       		.byte	0
 2226 001a 03       		.uleb128 0x3
 2227 001b 16       		.uleb128 0x16
 2228 001c 00       		.byte	0
 2229 001d 03       		.uleb128 0x3
 2230 001e 0E       		.uleb128 0xe
 2231 001f 3A       		.uleb128 0x3a
 2232 0020 0B       		.uleb128 0xb
 2233 0021 3B       		.uleb128 0x3b
 2234 0022 0B       		.uleb128 0xb
 2235 0023 49       		.uleb128 0x49
 2236 0024 13       		.uleb128 0x13
 2237 0025 00       		.byte	0
 2238 0026 00       		.byte	0
 2239 0027 04       		.uleb128 0x4
 2240 0028 24       		.uleb128 0x24
 2241 0029 00       		.byte	0
 2242 002a 0B       		.uleb128 0xb
 2243 002b 0B       		.uleb128 0xb
 2244 002c 3E       		.uleb128 0x3e
 2245 002d 0B       		.uleb128 0xb
 2246 002e 03       		.uleb128 0x3
 2247 002f 08       		.uleb128 0x8
 2248 0030 00       		.byte	0
 2249 0031 00       		.byte	0
 2250 0032 05       		.uleb128 0x5
 2251 0033 01       		.uleb128 0x1
 2252 0034 01       		.byte	0x1
 2253 0035 49       		.uleb128 0x49
 2254 0036 13       		.uleb128 0x13
 2255 0037 01       		.uleb128 0x1
 2256 0038 13       		.uleb128 0x13
 2257 0039 00       		.byte	0
 2258 003a 00       		.byte	0
 2259 003b 06       		.uleb128 0x6
 2260 003c 21       		.uleb128 0x21
 2261 003d 00       		.byte	0
 2262 003e 49       		.uleb128 0x49
 2263 003f 13       		.uleb128 0x13
 2264 0040 2F       		.uleb128 0x2f
 2265 0041 05       		.uleb128 0x5
 2266 0042 00       		.byte	0
 2267 0043 00       		.byte	0
 2268 0044 07       		.uleb128 0x7
 2269 0045 26       		.uleb128 0x26
 2270 0046 00       		.byte	0
 2271 0047 49       		.uleb128 0x49
 2272 0048 13       		.uleb128 0x13
 2273 0049 00       		.byte	0
 2274 004a 00       		.byte	0
 2275 004b 08       		.uleb128 0x8
 2276 004c 34       		.uleb128 0x34
ARM GAS  C:\Users\DELL\AppData\Local\Temp\ccVpNR8B.s 			page 41


 2277 004d 00       		.byte	0
 2278 004e 03       		.uleb128 0x3
 2279 004f 0E       		.uleb128 0xe
 2280 0050 3A       		.uleb128 0x3a
 2281 0051 0B       		.uleb128 0xb
 2282 0052 3B       		.uleb128 0x3b
 2283 0053 0B       		.uleb128 0xb
 2284 0054 49       		.uleb128 0x49
 2285 0055 13       		.uleb128 0x13
 2286 0056 3F       		.uleb128 0x3f
 2287 0057 19       		.uleb128 0x19
 2288 0058 02       		.uleb128 0x2
 2289 0059 18       		.uleb128 0x18
 2290 005a 00       		.byte	0
 2291 005b 00       		.byte	0
 2292 005c 09       		.uleb128 0x9
 2293 005d 21       		.uleb128 0x21
 2294 005e 00       		.byte	0
 2295 005f 49       		.uleb128 0x49
 2296 0060 13       		.uleb128 0x13
 2297 0061 2F       		.uleb128 0x2f
 2298 0062 0B       		.uleb128 0xb
 2299 0063 00       		.byte	0
 2300 0064 00       		.byte	0
 2301 0065 0A       		.uleb128 0xa
 2302 0066 34       		.uleb128 0x34
 2303 0067 00       		.byte	0
 2304 0068 03       		.uleb128 0x3
 2305 0069 0E       		.uleb128 0xe
 2306 006a 3A       		.uleb128 0x3a
 2307 006b 0B       		.uleb128 0xb
 2308 006c 3B       		.uleb128 0x3b
 2309 006d 05       		.uleb128 0x5
 2310 006e 49       		.uleb128 0x49
 2311 006f 13       		.uleb128 0x13
 2312 0070 3F       		.uleb128 0x3f
 2313 0071 19       		.uleb128 0x19
 2314 0072 02       		.uleb128 0x2
 2315 0073 18       		.uleb128 0x18
 2316 0074 00       		.byte	0
 2317 0075 00       		.byte	0
 2318 0076 00       		.byte	0
 2319              		.section	.debug_aranges,"",%progbits
 2320 0000 14000000 		.4byte	0x14
 2321 0004 0200     		.2byte	0x2
 2322 0006 00000000 		.4byte	.Ldebug_info0
 2323 000a 04       		.byte	0x4
 2324 000b 00       		.byte	0
 2325 000c 0000     		.2byte	0
 2326 000e 0000     		.2byte	0
 2327 0010 00000000 		.4byte	0
 2328 0014 00000000 		.4byte	0
 2329              		.section	.debug_line,"",%progbits
 2330              	.Ldebug_line0:
 2331 0000 05010000 		.section	.debug_str,"MS",%progbits,1
 2331      0200FF00 
 2331      00000201 
ARM GAS  C:\Users\DELL\AppData\Local\Temp\ccVpNR8B.s 			page 42


 2331      FB0E0D00 
 2331      01010101 
 2332              	.LASF9:
 2333 0000 5F5F7569 		.ascii	"__uint8_t\000"
 2333      6E74385F 
 2333      7400
 2334              	.LASF16:
 2335 000a 63795F6D 		.ascii	"cy_metadata\000"
 2335      65746164 
 2335      61746100 
 2336              	.LASF1:
 2337 0016 756E7369 		.ascii	"unsigned char\000"
 2337      676E6564 
 2337      20636861 
 2337      7200
 2338              	.LASF17:
 2339 0024 474E5520 		.ascii	"GNU C11 5.4.1 20160609 (release) [ARM/embedded-5-br"
 2339      43313120 
 2339      352E342E 
 2339      31203230 
 2339      31363036 
 2340 0057 616E6368 		.ascii	"anch revision 237715] -mcpu=cortex-m3 -mthumb -g -O"
 2340      20726576 
 2340      6973696F 
 2340      6E203233 
 2340      37373135 
 2341 008a 67202D66 		.ascii	"g -ffunction-sections -ffat-lto-objects\000"
 2341      66756E63 
 2341      74696F6E 
 2341      2D736563 
 2341      74696F6E 
 2342              	.LASF5:
 2343 00b2 6C6F6E67 		.ascii	"long unsigned int\000"
 2343      20756E73 
 2343      69676E65 
 2343      6420696E 
 2343      7400
 2344              	.LASF3:
 2345 00c4 73686F72 		.ascii	"short unsigned int\000"
 2345      7420756E 
 2345      7369676E 
 2345      65642069 
 2345      6E7400
 2346              	.LASF19:
 2347 00d7 433A5C55 		.ascii	"C:\\Users\\DELL\\Downloads\\Signal-Generator_1 (2)\\"
 2347      73657273 
 2347      5C44454C 
 2347      4C5C446F 
 2347      776E6C6F 
 2348 0106 5369676E 		.ascii	"Signal-Generator_1\\Signal-Generator_1\\Signal-Gene"
 2348      616C2D47 
 2348      656E6572 
 2348      61746F72 
 2348      5F315C53 
 2349 0137 7261746F 		.ascii	"rator_1\\Design01.cydsn\000"
 2349      725F315C 
 2349      44657369 
ARM GAS  C:\Users\DELL\AppData\Local\Temp\ccVpNR8B.s 			page 43


 2349      676E3031 
 2349      2E637964 
 2350              	.LASF13:
 2351 014e 63795F6D 		.ascii	"cy_meta_custnvl\000"
 2351      6574615F 
 2351      63757374 
 2351      6E766C00 
 2352              	.LASF12:
 2353 015e 63795F6D 		.ascii	"cy_meta_configecc\000"
 2353      6574615F 
 2353      636F6E66 
 2353      69676563 
 2353      6300
 2354              	.LASF8:
 2355 0170 756E7369 		.ascii	"unsigned int\000"
 2355      676E6564 
 2355      20696E74 
 2355      00
 2356              	.LASF7:
 2357 017d 6C6F6E67 		.ascii	"long long unsigned int\000"
 2357      206C6F6E 
 2357      6720756E 
 2357      7369676E 
 2357      65642069 
 2358              	.LASF10:
 2359 0194 75696E74 		.ascii	"uint8_t\000"
 2359      385F7400 
 2360              	.LASF15:
 2361 019c 63795F6D 		.ascii	"cy_meta_flashprotect\000"
 2361      6574615F 
 2361      666C6173 
 2361      6870726F 
 2361      74656374 
 2362              	.LASF14:
 2363 01b1 63795F6D 		.ascii	"cy_meta_wonvl\000"
 2363      6574615F 
 2363      776F6E76 
 2363      6C00
 2364              	.LASF11:
 2365 01bf 73697A65 		.ascii	"sizetype\000"
 2365      74797065 
 2365      00
 2366              	.LASF6:
 2367 01c8 6C6F6E67 		.ascii	"long long int\000"
 2367      206C6F6E 
 2367      6720696E 
 2367      7400
 2368              	.LASF2:
 2369 01d6 73686F72 		.ascii	"short int\000"
 2369      7420696E 
 2369      7400
 2370              	.LASF4:
 2371 01e0 6C6F6E67 		.ascii	"long int\000"
 2371      20696E74 
 2371      00
 2372              	.LASF0:
 2373 01e9 7369676E 		.ascii	"signed char\000"
ARM GAS  C:\Users\DELL\AppData\Local\Temp\ccVpNR8B.s 			page 44


 2373      65642063 
 2373      68617200 
 2374              	.LASF18:
 2375 01f5 47656E65 		.ascii	"Generated_Source\\PSoC5\\cymetadata.c\000"
 2375      72617465 
 2375      645F536F 
 2375      75726365 
 2375      5C50536F 
 2376              		.ident	"GCC: (GNU Tools for ARM Embedded Processors) 5.4.1 20160609 (release) [ARM/embedded-5-bran
