ARM GAS  C:\Users\DELL\AppData\Local\Temp\cciX2RwO.s 			page 1


   1              		.syntax unified
   2              		.cpu cortex-m3
   3              		.fpu softvfp
   4              		.eabi_attribute 20, 1
   5              		.eabi_attribute 21, 1
   6              		.eabi_attribute 23, 3
   7              		.eabi_attribute 24, 1
   8              		.eabi_attribute 25, 1
   9              		.eabi_attribute 26, 1
  10              		.eabi_attribute 30, 1
  11              		.eabi_attribute 34, 1
  12              		.eabi_attribute 18, 4
  13              		.thumb
  14              		.syntax unified
  15              		.file	"main.c"
  16              		.text
  17              	.Ltext0:
  18              		.cfi_sections	.debug_frame
  19              		.section	.text.UART_Rx_Handler,"ax",%progbits
  20              		.align	2
  21              		.global	UART_Rx_Handler
  22              		.thumb
  23              		.thumb_func
  24              		.type	UART_Rx_Handler, %function
  25              	UART_Rx_Handler:
  26              	.LFB65:
  27              		.file 1 "main.c"
   1:main.c        **** /* ========================================
   2:main.c        ****  *
   3:main.c        ****  * Copyright YOUR COMPANY, THE YEAR
   4:main.c        ****  * All Rights Reserved
   5:main.c        ****  * UNPUBLISHED, LICENSED SOFTWARE.
   6:main.c        ****  *
   7:main.c        ****  * CONFIDENTIAL AND PROPRIETARY INFORMATION
   8:main.c        ****  * WHICH IS THE PROPERTY OF your company.
   9:main.c        ****  *
  10:main.c        ****  * ========================================
  11:main.c        **** */
  12:main.c        **** #include "project.h"
  13:main.c        **** #include <stdio.h>
  14:main.c        **** #include <stdlib.h>
  15:main.c        **** #include "IDAC_1.h"
  16:main.c        **** #include "UART_1.h"
  17:main.c        **** 
  18:main.c        **** #define BUFFER_SIZE 6312
  19:main.c        **** 
  20:main.c        **** uint8_t rxBuffer1[BUFFER_SIZE];
  21:main.c        **** uint8_t rxBuffer2[BUFFER_SIZE];
  22:main.c        **** uint8_t* currentRxBuffer;
  23:main.c        **** uint8_t* plotBuffer;
  24:main.c        **** volatile uint8_t receivedData;
  25:main.c        **** volatile int bufferFilled = 0; // Flag to indicate buffer is completely filled
  26:main.c        **** volatile uint32_t tc_count = 0;
  27:main.c        **** uint32_t count;
  28:main.c        **** uint8_t OneToSend = 0x01;
  29:main.c        **** char string[128];
  30:main.c        **** 
ARM GAS  C:\Users\DELL\AppData\Local\Temp\cciX2RwO.s 			page 2


  31:main.c        **** void initializeComponents(void) {
  32:main.c        ****     CyGlobalIntEnable; /* Enable global interrupts. */
  33:main.c        ****     //isr_timer_ClearPending();
  34:main.c        ****     //isr_timer_StartEx(timer_tc_isr);
  35:main.c        **** 
  36:main.c        ****     
  37:main.c        ****     
  38:main.c        ****     UART_1_Start();    // Start UART communication
  39:main.c        ****     IDAC_1_Start();    // Start DAC component
  40:main.c        ****     PGA_Inv_1_Start();
  41:main.c        ****     TIA_1_Start();
  42:main.c        ****     Opamp_1_Start();
  43:main.c        ****     UART_1_ClearRxBuffer(); // Clear UART receive buffer
  44:main.c        ****     UART_1_ClearTxBuffer(); // Clear UART transmit buffer
  45:main.c        ****     currentRxBuffer = rxBuffer1;
  46:main.c        ****     plotBuffer = rxBuffer2;
  47:main.c        ****     //UART_1_PutChar(OneToSend); // Initial request for data
  48:main.c        **** }
  49:main.c        **** 
  50:main.c        **** // ISR Handler for UART RX
  51:main.c        **** CY_ISR(UART_Rx_Handler) {
  28              		.loc 1 51 0
  29              		.cfi_startproc
  30              		@ args = 0, pretend = 0, frame = 0
  31              		@ frame_needed = 0, uses_anonymous_args = 0
  32 0000 10B5     		push	{r4, lr}
  33              		.cfi_def_cfa_offset 8
  34              		.cfi_offset 4, -8
  35              		.cfi_offset 14, -4
  52:main.c        ****     static int index = 0;
  53:main.c        ****     isr_1_ClearPending();
  36              		.loc 1 53 0
  37 0002 FFF7FEFF 		bl	isr_1_ClearPending
  38              	.LVL0:
  54:main.c        **** 
  55:main.c        ****     if (bufferFilled == 0) { // Only receive new data if the buffer is not yet filled
  39              		.loc 1 55 0
  40 0006 0E4B     		ldr	r3, .L7
  41 0008 1B68     		ldr	r3, [r3]
  42 000a A3B1     		cbz	r3, .L4
  43 000c 10BD     		pop	{r4, pc}
  44              	.L5:
  56:main.c        ****         while (UART_1_GetRxBufferSize() > 0) {
  57:main.c        ****             receivedData = UART_1_ReadRxData(); /* Read received data */
  45              		.loc 1 57 0
  46 000e FFF7FEFF 		bl	UART_1_ReadRxData
  47              	.LVL1:
  48 0012 0C49     		ldr	r1, .L7+4
  49 0014 0870     		strb	r0, [r1]
  58:main.c        ****             currentRxBuffer[index++] = receivedData; /* Store received data in buffer */
  50              		.loc 1 58 0
  51 0016 0C4B     		ldr	r3, .L7+8
  52 0018 1C68     		ldr	r4, [r3]
  53 001a 0948     		ldr	r0, .L7
  54 001c 4268     		ldr	r2, [r0, #4]
  55 001e 531C     		adds	r3, r2, #1
  56 0020 4360     		str	r3, [r0, #4]
ARM GAS  C:\Users\DELL\AppData\Local\Temp\cciX2RwO.s 			page 3


  57 0022 0978     		ldrb	r1, [r1]	@ zero_extendqisi2
  58 0024 A154     		strb	r1, [r4, r2]
  59:main.c        ****             
  60:main.c        ****             if (index >= BUFFER_SIZE) {
  59              		.loc 1 60 0
  60 0026 41F6A702 		movw	r2, #6311
  61 002a 9342     		cmp	r3, r2
  62 002c 03DD     		ble	.L4
  61:main.c        ****                 bufferFilled = 1; // Set flag to indicate buffer is full
  63              		.loc 1 61 0
  64 002e 0122     		movs	r2, #1
  65 0030 0260     		str	r2, [r0]
  62:main.c        ****                 index = 0; // Reset index for next reception
  66              		.loc 1 62 0
  67 0032 0022     		movs	r2, #0
  68 0034 4260     		str	r2, [r0, #4]
  69              	.L4:
  56:main.c        ****             receivedData = UART_1_ReadRxData(); /* Read received data */
  70              		.loc 1 56 0
  71 0036 FFF7FEFF 		bl	UART_1_GetRxBufferSize
  72              	.LVL2:
  73 003a 0028     		cmp	r0, #0
  74 003c E7D1     		bne	.L5
  75 003e 10BD     		pop	{r4, pc}
  76              	.L8:
  77              		.align	2
  78              	.L7:
  79 0040 00000000 		.word	.LANCHOR0
  80 0044 00000000 		.word	receivedData
  81 0048 00000000 		.word	currentRxBuffer
  82              		.cfi_endproc
  83              	.LFE65:
  84              		.size	UART_Rx_Handler, .-UART_Rx_Handler
  85              		.section	.text.initializeComponents,"ax",%progbits
  86              		.align	2
  87              		.global	initializeComponents
  88              		.thumb
  89              		.thumb_func
  90              		.type	initializeComponents, %function
  91              	initializeComponents:
  92              	.LFB64:
  31:main.c        ****     CyGlobalIntEnable; /* Enable global interrupts. */
  93              		.loc 1 31 0
  94              		.cfi_startproc
  95              		@ args = 0, pretend = 0, frame = 0
  96              		@ frame_needed = 0, uses_anonymous_args = 0
  97 0000 08B5     		push	{r3, lr}
  98              		.cfi_def_cfa_offset 8
  99              		.cfi_offset 3, -8
 100              		.cfi_offset 14, -4
  32:main.c        ****     //isr_timer_ClearPending();
 101              		.loc 1 32 0
 102              		.syntax unified
 103              	@ 32 "main.c" 1
 104 0002 62B6     		CPSIE   i
 105              	@ 0 "" 2
  38:main.c        ****     IDAC_1_Start();    // Start DAC component
ARM GAS  C:\Users\DELL\AppData\Local\Temp\cciX2RwO.s 			page 4


 106              		.loc 1 38 0
 107              		.thumb
 108              		.syntax unified
 109 0004 FFF7FEFF 		bl	UART_1_Start
 110              	.LVL3:
  39:main.c        ****     PGA_Inv_1_Start();
 111              		.loc 1 39 0
 112 0008 FFF7FEFF 		bl	IDAC_1_Start
 113              	.LVL4:
  40:main.c        ****     TIA_1_Start();
 114              		.loc 1 40 0
 115 000c FFF7FEFF 		bl	PGA_Inv_1_Start
 116              	.LVL5:
  41:main.c        ****     Opamp_1_Start();
 117              		.loc 1 41 0
 118 0010 FFF7FEFF 		bl	TIA_1_Start
 119              	.LVL6:
  42:main.c        ****     UART_1_ClearRxBuffer(); // Clear UART receive buffer
 120              		.loc 1 42 0
 121 0014 FFF7FEFF 		bl	Opamp_1_Start
 122              	.LVL7:
  43:main.c        ****     UART_1_ClearTxBuffer(); // Clear UART transmit buffer
 123              		.loc 1 43 0
 124 0018 FFF7FEFF 		bl	UART_1_ClearRxBuffer
 125              	.LVL8:
  44:main.c        ****     currentRxBuffer = rxBuffer1;
 126              		.loc 1 44 0
 127 001c FFF7FEFF 		bl	UART_1_ClearTxBuffer
 128              	.LVL9:
  45:main.c        ****     plotBuffer = rxBuffer2;
 129              		.loc 1 45 0
 130 0020 034A     		ldr	r2, .L11
 131 0022 044B     		ldr	r3, .L11+4
 132 0024 1A60     		str	r2, [r3]
  46:main.c        ****     //UART_1_PutChar(OneToSend); // Initial request for data
 133              		.loc 1 46 0
 134 0026 044A     		ldr	r2, .L11+8
 135 0028 044B     		ldr	r3, .L11+12
 136 002a 1A60     		str	r2, [r3]
 137 002c 08BD     		pop	{r3, pc}
 138              	.L12:
 139 002e 00BF     		.align	2
 140              	.L11:
 141 0030 00000000 		.word	rxBuffer1
 142 0034 00000000 		.word	currentRxBuffer
 143 0038 00000000 		.word	rxBuffer2
 144 003c 00000000 		.word	plotBuffer
 145              		.cfi_endproc
 146              	.LFE64:
 147              		.size	initializeComponents, .-initializeComponents
 148              		.section	.text.plotData,"ax",%progbits
 149              		.align	2
 150              		.global	plotData
 151              		.thumb
 152              		.thumb_func
 153              		.type	plotData, %function
 154              	plotData:
ARM GAS  C:\Users\DELL\AppData\Local\Temp\cciX2RwO.s 			page 5


 155              	.LFB66:
  63:main.c        ****             }
  64:main.c        ****         }
  65:main.c        ****     }
  66:main.c        **** }
  67:main.c        **** 
  68:main.c        **** void plotData(void) {
 156              		.loc 1 68 0
 157              		.cfi_startproc
 158              		@ args = 0, pretend = 0, frame = 0
 159              		@ frame_needed = 0, uses_anonymous_args = 0
 160 0000 10B5     		push	{r4, lr}
 161              		.cfi_def_cfa_offset 8
 162              		.cfi_offset 4, -8
 163              		.cfi_offset 14, -4
 164              	.LVL10:
 165              	.LBB2:
  69:main.c        ****     for (int i = 0; i < BUFFER_SIZE; i++) {
 166              		.loc 1 69 0
 167 0002 0024     		movs	r4, #0
 168 0004 09E0     		b	.L14
 169              	.LVL11:
 170              	.L15:
  70:main.c        ****         IDAC_1_SetValue(plotBuffer[i]); // Set IDAC value
 171              		.loc 1 70 0 discriminator 3
 172 0006 074B     		ldr	r3, .L17
 173 0008 1B68     		ldr	r3, [r3]
 174 000a 185D     		ldrb	r0, [r3, r4]	@ zero_extendqisi2
 175 000c FFF7FEFF 		bl	IDAC_1_SetValue
 176              	.LVL12:
  71:main.c        ****         CyDelayUs(2777);                     // 2 ms delay between points
 177              		.loc 1 71 0 discriminator 3
 178 0010 40F6D920 		movw	r0, #2777
 179 0014 FFF7FEFF 		bl	CyDelayUs
 180              	.LVL13:
  69:main.c        ****     for (int i = 0; i < BUFFER_SIZE; i++) {
 181              		.loc 1 69 0 discriminator 3
 182 0018 0134     		adds	r4, r4, #1
 183              	.LVL14:
 184              	.L14:
  69:main.c        ****     for (int i = 0; i < BUFFER_SIZE; i++) {
 185              		.loc 1 69 0 is_stmt 0 discriminator 1
 186 001a 41F6A703 		movw	r3, #6311
 187 001e 9C42     		cmp	r4, r3
 188 0020 F1DD     		ble	.L15
 189              	.LBE2:
  72:main.c        ****     }
  73:main.c        **** }
 190              		.loc 1 73 0 is_stmt 1
 191 0022 10BD     		pop	{r4, pc}
 192              	.LVL15:
 193              	.L18:
 194              		.align	2
 195              	.L17:
 196 0024 00000000 		.word	plotBuffer
 197              		.cfi_endproc
 198              	.LFE66:
ARM GAS  C:\Users\DELL\AppData\Local\Temp\cciX2RwO.s 			page 6


 199              		.size	plotData, .-plotData
 200              		.section	.text.main,"ax",%progbits
 201              		.align	2
 202              		.global	main
 203              		.thumb
 204              		.thumb_func
 205              		.type	main, %function
 206              	main:
 207              	.LFB67:
  74:main.c        **** 
  75:main.c        **** int main(void) {
 208              		.loc 1 75 0
 209              		.cfi_startproc
 210              		@ args = 0, pretend = 0, frame = 0
 211              		@ frame_needed = 0, uses_anonymous_args = 0
 212 0000 08B5     		push	{r3, lr}
 213              		.cfi_def_cfa_offset 8
 214              		.cfi_offset 3, -8
 215              		.cfi_offset 14, -4
  76:main.c        ****     initializeComponents();
 216              		.loc 1 76 0
 217 0002 FFF7FEFF 		bl	initializeComponents
 218              	.LVL16:
  77:main.c        ****     isr_1_StartEx(UART_Rx_Handler); // Start UART RX ISR
 219              		.loc 1 77 0
 220 0006 0C48     		ldr	r0, .L23
 221 0008 FFF7FEFF 		bl	isr_1_StartEx
 222              	.LVL17:
 223              	.L21:
  78:main.c        ****     
  79:main.c        ****     while (1) {
  80:main.c        ****         if (bufferFilled) { // Plot data only if buffer is filled
 224              		.loc 1 80 0
 225 000c 0B4B     		ldr	r3, .L23+4
 226 000e 1B68     		ldr	r3, [r3]
 227 0010 3BB1     		cbz	r3, .L20
 228              	.LBB3:
  81:main.c        ****             // Critical section start
  82:main.c        ****             CyGlobalIntDisable; // Disable interrupts to avoid race condition
 229              		.loc 1 82 0
 230              		.syntax unified
 231              	@ 82 "main.c" 1
 232 0012 72B6     		CPSID   i
 233              	@ 0 "" 2
  83:main.c        ****             
  84:main.c        ****             // Swap buffers before plotting so that new data can be received while plotting
  85:main.c        ****             uint8_t* temp = plotBuffer;
 234              		.loc 1 85 0
 235              		.thumb
 236              		.syntax unified
 237 0014 0A4A     		ldr	r2, .L23+8
 238 0016 1168     		ldr	r1, [r2]
 239              	.LVL18:
  86:main.c        ****             plotBuffer = currentRxBuffer;
 240              		.loc 1 86 0
 241 0018 0A4B     		ldr	r3, .L23+12
 242 001a 1868     		ldr	r0, [r3]
ARM GAS  C:\Users\DELL\AppData\Local\Temp\cciX2RwO.s 			page 7


 243 001c 1060     		str	r0, [r2]
  87:main.c        ****             currentRxBuffer = temp;
 244              		.loc 1 87 0
 245 001e 1960     		str	r1, [r3]
  88:main.c        ****             
  89:main.c        ****             CyGlobalIntEnable; // Re-enable interrupts
 246              		.loc 1 89 0
 247              		.syntax unified
 248              	@ 89 "main.c" 1
 249 0020 62B6     		CPSIE   i
 250              	@ 0 "" 2
 251              	.LVL19:
 252              		.thumb
 253              		.syntax unified
 254              	.L20:
 255              	.LBE3:
  90:main.c        ****             // Critical section end
  91:main.c        ****         }
  92:main.c        ****         
  93:main.c        ****         bufferFilled = 0; // Reset the flag to allow new data reception
 256              		.loc 1 93 0
 257 0022 0022     		movs	r2, #0
 258 0024 054B     		ldr	r3, .L23+4
 259 0026 1A60     		str	r2, [r3]
  94:main.c        ****         
  95:main.c        ****         UART_1_WriteTxData(OneToSend); // Transmit 1 byte to request the next chunk of data
 260              		.loc 1 95 0
 261 0028 074B     		ldr	r3, .L23+16
 262 002a 1878     		ldrb	r0, [r3]	@ zero_extendqisi2
 263 002c FFF7FEFF 		bl	UART_1_WriteTxData
 264              	.LVL20:
  96:main.c        ****         //CyDelay(1);
  97:main.c        ****         
  98:main.c        ****         plotData(); // Plot data from the plotBuffer
 265              		.loc 1 98 0
 266 0030 FFF7FEFF 		bl	plotData
 267              	.LVL21:
  99:main.c        ****         
 100:main.c        ****         
 101:main.c        ****     }
 268              		.loc 1 101 0
 269 0034 EAE7     		b	.L21
 270              	.L24:
 271 0036 00BF     		.align	2
 272              	.L23:
 273 0038 00000000 		.word	UART_Rx_Handler
 274 003c 00000000 		.word	.LANCHOR0
 275 0040 00000000 		.word	plotBuffer
 276 0044 00000000 		.word	currentRxBuffer
 277 0048 00000000 		.word	.LANCHOR1
 278              		.cfi_endproc
 279              	.LFE67:
 280              		.size	main, .-main
 281              		.comm	string,128,4
 282              		.global	OneToSend
 283              		.comm	count,4,4
 284              		.global	tc_count
ARM GAS  C:\Users\DELL\AppData\Local\Temp\cciX2RwO.s 			page 8


 285              		.global	bufferFilled
 286              		.comm	receivedData,1,1
 287              		.comm	plotBuffer,4,4
 288              		.comm	currentRxBuffer,4,4
 289              		.comm	rxBuffer2,6312,4
 290              		.comm	rxBuffer1,6312,4
 291              		.data
 292              		.set	.LANCHOR1,. + 0
 293              		.type	OneToSend, %object
 294              		.size	OneToSend, 1
 295              	OneToSend:
 296 0000 01       		.byte	1
 297              		.bss
 298              		.align	2
 299              		.set	.LANCHOR0,. + 0
 300              		.type	bufferFilled, %object
 301              		.size	bufferFilled, 4
 302              	bufferFilled:
 303 0000 00000000 		.space	4
 304              		.type	index.7098, %object
 305              		.size	index.7098, 4
 306              	index.7098:
 307 0004 00000000 		.space	4
 308              		.type	tc_count, %object
 309              		.size	tc_count, 4
 310              	tc_count:
 311 0008 00000000 		.space	4
 312              		.text
 313              	.Letext0:
 314              		.file 2 "c:\\psoc creator\\4.4\\psoc creator\\import\\gnu\\arm\\5.4.1\\arm-none-eabi\\include\\mac
 315              		.file 3 "c:\\psoc creator\\4.4\\psoc creator\\import\\gnu\\arm\\5.4.1\\arm-none-eabi\\include\\sys
 316              		.file 4 "Generated_Source\\PSoC5/core_cm3.h"
 317              		.file 5 "Generated_Source\\PSoC5/isr_1.h"
 318              		.file 6 "Generated_Source\\PSoC5/UART_1.h"
 319              		.file 7 "Generated_Source\\PSoC5/IDAC_1.h"
 320              		.file 8 "Generated_Source\\PSoC5/PGA_Inv_1.h"
 321              		.file 9 "Generated_Source\\PSoC5/TIA_1.h"
 322              		.file 10 "Generated_Source\\PSoC5/Opamp_1.h"
 323              		.file 11 "Generated_Source\\PSoC5/CyLib.h"
 324              		.section	.debug_info,"",%progbits
 325              	.Ldebug_info0:
 326 0000 9F030000 		.4byte	0x39f
 327 0004 0400     		.2byte	0x4
 328 0006 00000000 		.4byte	.Ldebug_abbrev0
 329 000a 04       		.byte	0x4
 330 000b 01       		.uleb128 0x1
 331 000c B2000000 		.4byte	.LASF50
 332 0010 0C       		.byte	0xc
 333 0011 EE020000 		.4byte	.LASF51
 334 0015 9E010000 		.4byte	.LASF52
 335 0019 00000000 		.4byte	.Ldebug_ranges0+0
 336 001d 00000000 		.4byte	0
 337 0021 00000000 		.4byte	.Ldebug_line0
 338 0025 02       		.uleb128 0x2
 339 0026 01       		.byte	0x1
 340 0027 06       		.byte	0x6
 341 0028 B9020000 		.4byte	.LASF0
ARM GAS  C:\Users\DELL\AppData\Local\Temp\cciX2RwO.s 			page 9


 342 002c 03       		.uleb128 0x3
 343 002d 30000000 		.4byte	.LASF4
 344 0031 02       		.byte	0x2
 345 0032 1D       		.byte	0x1d
 346 0033 37000000 		.4byte	0x37
 347 0037 02       		.uleb128 0x2
 348 0038 01       		.byte	0x1
 349 0039 08       		.byte	0x8
 350 003a A4000000 		.4byte	.LASF1
 351 003e 02       		.uleb128 0x2
 352 003f 02       		.byte	0x2
 353 0040 05       		.byte	0x5
 354 0041 10030000 		.4byte	.LASF2
 355 0045 02       		.uleb128 0x2
 356 0046 02       		.byte	0x2
 357 0047 07       		.byte	0x7
 358 0048 82010000 		.4byte	.LASF3
 359 004c 03       		.uleb128 0x3
 360 004d 47000000 		.4byte	.LASF5
 361 0051 02       		.byte	0x2
 362 0052 3F       		.byte	0x3f
 363 0053 57000000 		.4byte	0x57
 364 0057 02       		.uleb128 0x2
 365 0058 04       		.byte	0x4
 366 0059 05       		.byte	0x5
 367 005a 69000000 		.4byte	.LASF6
 368 005e 03       		.uleb128 0x3
 369 005f 3C020000 		.4byte	.LASF7
 370 0063 02       		.byte	0x2
 371 0064 41       		.byte	0x41
 372 0065 69000000 		.4byte	0x69
 373 0069 02       		.uleb128 0x2
 374 006a 04       		.byte	0x4
 375 006b 07       		.byte	0x7
 376 006c 5E010000 		.4byte	.LASF8
 377 0070 02       		.uleb128 0x2
 378 0071 08       		.byte	0x8
 379 0072 05       		.byte	0x5
 380 0073 E0020000 		.4byte	.LASF9
 381 0077 02       		.uleb128 0x2
 382 0078 08       		.byte	0x8
 383 0079 07       		.byte	0x7
 384 007a 73020000 		.4byte	.LASF10
 385 007e 04       		.uleb128 0x4
 386 007f 04       		.byte	0x4
 387 0080 05       		.byte	0x5
 388 0081 696E7400 		.ascii	"int\000"
 389 0085 02       		.uleb128 0x2
 390 0086 04       		.byte	0x4
 391 0087 07       		.byte	0x7
 392 0088 56020000 		.4byte	.LASF11
 393 008c 03       		.uleb128 0x3
 394 008d 8A020000 		.4byte	.LASF12
 395 0091 03       		.byte	0x3
 396 0092 18       		.byte	0x18
 397 0093 2C000000 		.4byte	0x2c
 398 0097 03       		.uleb128 0x3
ARM GAS  C:\Users\DELL\AppData\Local\Temp\cciX2RwO.s 			page 10


 399 0098 CF020000 		.4byte	.LASF13
 400 009c 03       		.byte	0x3
 401 009d 2C       		.byte	0x2c
 402 009e 4C000000 		.4byte	0x4c
 403 00a2 03       		.uleb128 0x3
 404 00a3 2F030000 		.4byte	.LASF14
 405 00a7 03       		.byte	0x3
 406 00a8 30       		.byte	0x30
 407 00a9 5E000000 		.4byte	0x5e
 408 00ad 02       		.uleb128 0x2
 409 00ae 04       		.byte	0x4
 410 00af 04       		.byte	0x4
 411 00b0 89000000 		.4byte	.LASF15
 412 00b4 02       		.uleb128 0x2
 413 00b5 08       		.byte	0x8
 414 00b6 04       		.byte	0x4
 415 00b7 35020000 		.4byte	.LASF16
 416 00bb 02       		.uleb128 0x2
 417 00bc 01       		.byte	0x1
 418 00bd 08       		.byte	0x8
 419 00be F5020000 		.4byte	.LASF17
 420 00c2 02       		.uleb128 0x2
 421 00c3 08       		.byte	0x8
 422 00c4 04       		.byte	0x4
 423 00c5 52030000 		.4byte	.LASF18
 424 00c9 02       		.uleb128 0x2
 425 00ca 04       		.byte	0x4
 426 00cb 07       		.byte	0x7
 427 00cc D7020000 		.4byte	.LASF19
 428 00d0 05       		.uleb128 0x5
 429 00d1 A2000000 		.4byte	0xa2
 430 00d5 05       		.uleb128 0x5
 431 00d6 8C000000 		.4byte	0x8c
 432 00da 06       		.uleb128 0x6
 433 00db 20000000 		.4byte	.LASF20
 434 00df 01       		.byte	0x1
 435 00e0 33       		.byte	0x33
 436 00e1 00000000 		.4byte	.LFB65
 437 00e5 4C000000 		.4byte	.LFE65-.LFB65
 438 00e9 01       		.uleb128 0x1
 439 00ea 9C       		.byte	0x9c
 440 00eb 1C010000 		.4byte	0x11c
 441 00ef 07       		.uleb128 0x7
 442 00f0 FA020000 		.4byte	.LASF23
 443 00f4 01       		.byte	0x1
 444 00f5 34       		.byte	0x34
 445 00f6 7E000000 		.4byte	0x7e
 446 00fa 05       		.uleb128 0x5
 447 00fb 03       		.byte	0x3
 448 00fc 04000000 		.4byte	index.7098
 449 0100 08       		.uleb128 0x8
 450 0101 06000000 		.4byte	.LVL0
 451 0105 08030000 		.4byte	0x308
 452 0109 08       		.uleb128 0x8
 453 010a 12000000 		.4byte	.LVL1
 454 010e 13030000 		.4byte	0x313
 455 0112 08       		.uleb128 0x8
ARM GAS  C:\Users\DELL\AppData\Local\Temp\cciX2RwO.s 			page 11


 456 0113 3A000000 		.4byte	.LVL2
 457 0117 1E030000 		.4byte	0x31e
 458 011b 00       		.byte	0
 459 011c 06       		.uleb128 0x6
 460 011d 8F000000 		.4byte	.LASF21
 461 0121 01       		.byte	0x1
 462 0122 1F       		.byte	0x1f
 463 0123 00000000 		.4byte	.LFB64
 464 0127 40000000 		.4byte	.LFE64-.LFB64
 465 012b 01       		.uleb128 0x1
 466 012c 9C       		.byte	0x9c
 467 012d 71010000 		.4byte	0x171
 468 0131 08       		.uleb128 0x8
 469 0132 08000000 		.4byte	.LVL3
 470 0136 29030000 		.4byte	0x329
 471 013a 08       		.uleb128 0x8
 472 013b 0C000000 		.4byte	.LVL4
 473 013f 34030000 		.4byte	0x334
 474 0143 08       		.uleb128 0x8
 475 0144 10000000 		.4byte	.LVL5
 476 0148 3F030000 		.4byte	0x33f
 477 014c 08       		.uleb128 0x8
 478 014d 14000000 		.4byte	.LVL6
 479 0151 4A030000 		.4byte	0x34a
 480 0155 08       		.uleb128 0x8
 481 0156 18000000 		.4byte	.LVL7
 482 015a 55030000 		.4byte	0x355
 483 015e 08       		.uleb128 0x8
 484 015f 1C000000 		.4byte	.LVL8
 485 0163 60030000 		.4byte	0x360
 486 0167 08       		.uleb128 0x8
 487 0168 20000000 		.4byte	.LVL9
 488 016c 6B030000 		.4byte	0x36b
 489 0170 00       		.byte	0
 490 0171 06       		.uleb128 0x6
 491 0172 40010000 		.4byte	.LASF22
 492 0176 01       		.byte	0x1
 493 0177 44       		.byte	0x44
 494 0178 00000000 		.4byte	.LFB66
 495 017c 28000000 		.4byte	.LFE66-.LFB66
 496 0180 01       		.uleb128 0x1
 497 0181 9C       		.byte	0x9c
 498 0182 B8010000 		.4byte	0x1b8
 499 0186 09       		.uleb128 0x9
 500 0187 02000000 		.4byte	.LBB2
 501 018b 20000000 		.4byte	.LBE2-.LBB2
 502 018f 0A       		.uleb128 0xa
 503 0190 6900     		.ascii	"i\000"
 504 0192 01       		.byte	0x1
 505 0193 45       		.byte	0x45
 506 0194 7E000000 		.4byte	0x7e
 507 0198 00000000 		.4byte	.LLST0
 508 019c 08       		.uleb128 0x8
 509 019d 10000000 		.4byte	.LVL12
 510 01a1 76030000 		.4byte	0x376
 511 01a5 0B       		.uleb128 0xb
 512 01a6 18000000 		.4byte	.LVL13
ARM GAS  C:\Users\DELL\AppData\Local\Temp\cciX2RwO.s 			page 12


 513 01aa 81030000 		.4byte	0x381
 514 01ae 0C       		.uleb128 0xc
 515 01af 01       		.uleb128 0x1
 516 01b0 50       		.byte	0x50
 517 01b1 03       		.uleb128 0x3
 518 01b2 0A       		.byte	0xa
 519 01b3 D90A     		.2byte	0xad9
 520 01b5 00       		.byte	0
 521 01b6 00       		.byte	0
 522 01b7 00       		.byte	0
 523 01b8 0D       		.uleb128 0xd
 524 01b9 51020000 		.4byte	.LASF53
 525 01bd 01       		.byte	0x1
 526 01be 4B       		.byte	0x4b
 527 01bf 7E000000 		.4byte	0x7e
 528 01c3 00000000 		.4byte	.LFB67
 529 01c7 4C000000 		.4byte	.LFE67-.LFB67
 530 01cb 01       		.uleb128 0x1
 531 01cc 9C       		.byte	0x9c
 532 01cd 21020000 		.4byte	0x221
 533 01d1 0E       		.uleb128 0xe
 534 01d2 12000000 		.4byte	.LBB3
 535 01d6 10000000 		.4byte	.LBE3-.LBB3
 536 01da EE010000 		.4byte	0x1ee
 537 01de 0F       		.uleb128 0xf
 538 01df 63020000 		.4byte	.LASF24
 539 01e3 01       		.byte	0x1
 540 01e4 55       		.byte	0x55
 541 01e5 21020000 		.4byte	0x221
 542 01e9 1F000000 		.4byte	.LLST1
 543 01ed 00       		.byte	0
 544 01ee 08       		.uleb128 0x8
 545 01ef 06000000 		.4byte	.LVL16
 546 01f3 1C010000 		.4byte	0x11c
 547 01f7 10       		.uleb128 0x10
 548 01f8 0C000000 		.4byte	.LVL17
 549 01fc 8C030000 		.4byte	0x38c
 550 0200 0E020000 		.4byte	0x20e
 551 0204 0C       		.uleb128 0xc
 552 0205 01       		.uleb128 0x1
 553 0206 50       		.byte	0x50
 554 0207 05       		.uleb128 0x5
 555 0208 03       		.byte	0x3
 556 0209 00000000 		.4byte	UART_Rx_Handler
 557 020d 00       		.byte	0
 558 020e 08       		.uleb128 0x8
 559 020f 30000000 		.4byte	.LVL20
 560 0213 97030000 		.4byte	0x397
 561 0217 08       		.uleb128 0x8
 562 0218 34000000 		.4byte	.LVL21
 563 021c 71010000 		.4byte	0x171
 564 0220 00       		.byte	0
 565 0221 11       		.uleb128 0x11
 566 0222 04       		.byte	0x4
 567 0223 8C000000 		.4byte	0x8c
 568 0227 12       		.uleb128 0x12
 569 0228 15020000 		.4byte	.LASF25
ARM GAS  C:\Users\DELL\AppData\Local\Temp\cciX2RwO.s 			page 13


 570 022c 04       		.byte	0x4
 571 022d 1207     		.2byte	0x712
 572 022f 33020000 		.4byte	0x233
 573 0233 05       		.uleb128 0x5
 574 0234 97000000 		.4byte	0x97
 575 0238 13       		.uleb128 0x13
 576 0239 8C000000 		.4byte	0x8c
 577 023d 49020000 		.4byte	0x249
 578 0241 14       		.uleb128 0x14
 579 0242 C9000000 		.4byte	0xc9
 580 0246 A718     		.2byte	0x18a7
 581 0248 00       		.byte	0
 582 0249 15       		.uleb128 0x15
 583 024a 06030000 		.4byte	.LASF26
 584 024e 01       		.byte	0x1
 585 024f 14       		.byte	0x14
 586 0250 38020000 		.4byte	0x238
 587 0254 05       		.uleb128 0x5
 588 0255 03       		.byte	0x3
 589 0256 00000000 		.4byte	rxBuffer1
 590 025a 15       		.uleb128 0x15
 591 025b 5F000000 		.4byte	.LASF27
 592 025f 01       		.byte	0x1
 593 0260 15       		.byte	0x15
 594 0261 38020000 		.4byte	0x238
 595 0265 05       		.uleb128 0x5
 596 0266 03       		.byte	0x3
 597 0267 00000000 		.4byte	rxBuffer2
 598 026b 15       		.uleb128 0x15
 599 026c A9020000 		.4byte	.LASF28
 600 0270 01       		.byte	0x1
 601 0271 16       		.byte	0x16
 602 0272 21020000 		.4byte	0x221
 603 0276 05       		.uleb128 0x5
 604 0277 03       		.byte	0x3
 605 0278 00000000 		.4byte	currentRxBuffer
 606 027c 15       		.uleb128 0x15
 607 027d 68020000 		.4byte	.LASF29
 608 0281 01       		.byte	0x1
 609 0282 17       		.byte	0x17
 610 0283 21020000 		.4byte	0x221
 611 0287 05       		.uleb128 0x5
 612 0288 03       		.byte	0x3
 613 0289 00000000 		.4byte	plotBuffer
 614 028d 15       		.uleb128 0x15
 615 028e 45030000 		.4byte	.LASF30
 616 0292 01       		.byte	0x1
 617 0293 18       		.byte	0x18
 618 0294 D5000000 		.4byte	0xd5
 619 0298 05       		.uleb128 0x5
 620 0299 03       		.byte	0x3
 621 029a 00000000 		.4byte	receivedData
 622 029e 15       		.uleb128 0x15
 623 029f 3A000000 		.4byte	.LASF31
 624 02a3 01       		.byte	0x1
 625 02a4 19       		.byte	0x19
 626 02a5 AF020000 		.4byte	0x2af
ARM GAS  C:\Users\DELL\AppData\Local\Temp\cciX2RwO.s 			page 14


 627 02a9 05       		.uleb128 0x5
 628 02aa 03       		.byte	0x3
 629 02ab 00000000 		.4byte	bufferFilled
 630 02af 05       		.uleb128 0x5
 631 02b0 7E000000 		.4byte	0x7e
 632 02b4 15       		.uleb128 0x15
 633 02b5 95010000 		.4byte	.LASF32
 634 02b9 01       		.byte	0x1
 635 02ba 1A       		.byte	0x1a
 636 02bb D0000000 		.4byte	0xd0
 637 02bf 05       		.uleb128 0x5
 638 02c0 03       		.byte	0x3
 639 02c1 00000000 		.4byte	tc_count
 640 02c5 15       		.uleb128 0x15
 641 02c6 00030000 		.4byte	.LASF33
 642 02ca 01       		.byte	0x1
 643 02cb 1B       		.byte	0x1b
 644 02cc A2000000 		.4byte	0xa2
 645 02d0 05       		.uleb128 0x5
 646 02d1 03       		.byte	0x3
 647 02d2 00000000 		.4byte	count
 648 02d6 15       		.uleb128 0x15
 649 02d7 C5020000 		.4byte	.LASF34
 650 02db 01       		.byte	0x1
 651 02dc 1C       		.byte	0x1c
 652 02dd 8C000000 		.4byte	0x8c
 653 02e1 05       		.uleb128 0x5
 654 02e2 03       		.byte	0x3
 655 02e3 00000000 		.4byte	OneToSend
 656 02e7 13       		.uleb128 0x13
 657 02e8 BB000000 		.4byte	0xbb
 658 02ec F7020000 		.4byte	0x2f7
 659 02f0 16       		.uleb128 0x16
 660 02f1 C9000000 		.4byte	0xc9
 661 02f5 7F       		.byte	0x7f
 662 02f6 00       		.byte	0
 663 02f7 15       		.uleb128 0x15
 664 02f8 82000000 		.4byte	.LASF35
 665 02fc 01       		.byte	0x1
 666 02fd 1D       		.byte	0x1d
 667 02fe E7020000 		.4byte	0x2e7
 668 0302 05       		.uleb128 0x5
 669 0303 03       		.byte	0x3
 670 0304 00000000 		.4byte	string
 671 0308 17       		.uleb128 0x17
 672 0309 00000000 		.4byte	.LASF36
 673 030d 00000000 		.4byte	.LASF36
 674 0311 05       		.byte	0x5
 675 0312 28       		.byte	0x28
 676 0313 17       		.uleb128 0x17
 677 0314 70010000 		.4byte	.LASF37
 678 0318 70010000 		.4byte	.LASF37
 679 031c 06       		.byte	0x6
 680 031d 6F       		.byte	0x6f
 681 031e 17       		.uleb128 0x17
 682 031f 92020000 		.4byte	.LASF38
 683 0323 92020000 		.4byte	.LASF38
ARM GAS  C:\Users\DELL\AppData\Local\Temp\cciX2RwO.s 			page 15


 684 0327 06       		.byte	0x6
 685 0328 73       		.byte	0x73
 686 0329 17       		.uleb128 0x17
 687 032a 13000000 		.4byte	.LASF39
 688 032e 13000000 		.4byte	.LASF39
 689 0332 06       		.byte	0x6
 690 0333 54       		.byte	0x54
 691 0334 17       		.uleb128 0x17
 692 0335 38030000 		.4byte	.LASF40
 693 0339 38030000 		.4byte	.LASF40
 694 033d 07       		.byte	0x7
 695 033e 3C       		.byte	0x3c
 696 033f 17       		.uleb128 0x17
 697 0340 6A030000 		.4byte	.LASF41
 698 0344 6A030000 		.4byte	.LASF41
 699 0348 08       		.byte	0x8
 700 0349 3F       		.byte	0x3f
 701 034a 17       		.uleb128 0x17
 702 034b 5E030000 		.4byte	.LASF42
 703 034f 5E030000 		.4byte	.LASF42
 704 0353 09       		.byte	0x9
 705 0354 3D       		.byte	0x3d
 706 0355 17       		.uleb128 0x17
 707 0356 51000000 		.4byte	.LASF43
 708 035a 51000000 		.4byte	.LASF43
 709 035e 0A       		.byte	0xa
 710 035f 33       		.byte	0x33
 711 0360 17       		.uleb128 0x17
 712 0361 49010000 		.4byte	.LASF44
 713 0365 49010000 		.4byte	.LASF44
 714 0369 06       		.byte	0x6
 715 036a 75       		.byte	0x75
 716 036b 17       		.uleb128 0x17
 717 036c 1A030000 		.4byte	.LASF45
 718 0370 1A030000 		.4byte	.LASF45
 719 0374 06       		.byte	0x6
 720 0375 8F       		.byte	0x8f
 721 0376 17       		.uleb128 0x17
 722 0377 72000000 		.4byte	.LASF46
 723 037b 72000000 		.4byte	.LASF46
 724 037f 07       		.byte	0x7
 725 0380 41       		.byte	0x41
 726 0381 17       		.uleb128 0x17
 727 0382 47020000 		.4byte	.LASF47
 728 0386 47020000 		.4byte	.LASF47
 729 038a 0B       		.byte	0xb
 730 038b 77       		.byte	0x77
 731 038c 17       		.uleb128 0x17
 732 038d 7A030000 		.4byte	.LASF48
 733 0391 7A030000 		.4byte	.LASF48
 734 0395 05       		.byte	0x5
 735 0396 18       		.byte	0x18
 736 0397 17       		.uleb128 0x17
 737 0398 22020000 		.4byte	.LASF49
 738 039c 22020000 		.4byte	.LASF49
 739 03a0 06       		.byte	0x6
 740 03a1 88       		.byte	0x88
ARM GAS  C:\Users\DELL\AppData\Local\Temp\cciX2RwO.s 			page 16


 741 03a2 00       		.byte	0
 742              		.section	.debug_abbrev,"",%progbits
 743              	.Ldebug_abbrev0:
 744 0000 01       		.uleb128 0x1
 745 0001 11       		.uleb128 0x11
 746 0002 01       		.byte	0x1
 747 0003 25       		.uleb128 0x25
 748 0004 0E       		.uleb128 0xe
 749 0005 13       		.uleb128 0x13
 750 0006 0B       		.uleb128 0xb
 751 0007 03       		.uleb128 0x3
 752 0008 0E       		.uleb128 0xe
 753 0009 1B       		.uleb128 0x1b
 754 000a 0E       		.uleb128 0xe
 755 000b 55       		.uleb128 0x55
 756 000c 17       		.uleb128 0x17
 757 000d 11       		.uleb128 0x11
 758 000e 01       		.uleb128 0x1
 759 000f 10       		.uleb128 0x10
 760 0010 17       		.uleb128 0x17
 761 0011 00       		.byte	0
 762 0012 00       		.byte	0
 763 0013 02       		.uleb128 0x2
 764 0014 24       		.uleb128 0x24
 765 0015 00       		.byte	0
 766 0016 0B       		.uleb128 0xb
 767 0017 0B       		.uleb128 0xb
 768 0018 3E       		.uleb128 0x3e
 769 0019 0B       		.uleb128 0xb
 770 001a 03       		.uleb128 0x3
 771 001b 0E       		.uleb128 0xe
 772 001c 00       		.byte	0
 773 001d 00       		.byte	0
 774 001e 03       		.uleb128 0x3
 775 001f 16       		.uleb128 0x16
 776 0020 00       		.byte	0
 777 0021 03       		.uleb128 0x3
 778 0022 0E       		.uleb128 0xe
 779 0023 3A       		.uleb128 0x3a
 780 0024 0B       		.uleb128 0xb
 781 0025 3B       		.uleb128 0x3b
 782 0026 0B       		.uleb128 0xb
 783 0027 49       		.uleb128 0x49
 784 0028 13       		.uleb128 0x13
 785 0029 00       		.byte	0
 786 002a 00       		.byte	0
 787 002b 04       		.uleb128 0x4
 788 002c 24       		.uleb128 0x24
 789 002d 00       		.byte	0
 790 002e 0B       		.uleb128 0xb
 791 002f 0B       		.uleb128 0xb
 792 0030 3E       		.uleb128 0x3e
 793 0031 0B       		.uleb128 0xb
 794 0032 03       		.uleb128 0x3
 795 0033 08       		.uleb128 0x8
 796 0034 00       		.byte	0
 797 0035 00       		.byte	0
ARM GAS  C:\Users\DELL\AppData\Local\Temp\cciX2RwO.s 			page 17


 798 0036 05       		.uleb128 0x5
 799 0037 35       		.uleb128 0x35
 800 0038 00       		.byte	0
 801 0039 49       		.uleb128 0x49
 802 003a 13       		.uleb128 0x13
 803 003b 00       		.byte	0
 804 003c 00       		.byte	0
 805 003d 06       		.uleb128 0x6
 806 003e 2E       		.uleb128 0x2e
 807 003f 01       		.byte	0x1
 808 0040 3F       		.uleb128 0x3f
 809 0041 19       		.uleb128 0x19
 810 0042 03       		.uleb128 0x3
 811 0043 0E       		.uleb128 0xe
 812 0044 3A       		.uleb128 0x3a
 813 0045 0B       		.uleb128 0xb
 814 0046 3B       		.uleb128 0x3b
 815 0047 0B       		.uleb128 0xb
 816 0048 27       		.uleb128 0x27
 817 0049 19       		.uleb128 0x19
 818 004a 11       		.uleb128 0x11
 819 004b 01       		.uleb128 0x1
 820 004c 12       		.uleb128 0x12
 821 004d 06       		.uleb128 0x6
 822 004e 40       		.uleb128 0x40
 823 004f 18       		.uleb128 0x18
 824 0050 9742     		.uleb128 0x2117
 825 0052 19       		.uleb128 0x19
 826 0053 01       		.uleb128 0x1
 827 0054 13       		.uleb128 0x13
 828 0055 00       		.byte	0
 829 0056 00       		.byte	0
 830 0057 07       		.uleb128 0x7
 831 0058 34       		.uleb128 0x34
 832 0059 00       		.byte	0
 833 005a 03       		.uleb128 0x3
 834 005b 0E       		.uleb128 0xe
 835 005c 3A       		.uleb128 0x3a
 836 005d 0B       		.uleb128 0xb
 837 005e 3B       		.uleb128 0x3b
 838 005f 0B       		.uleb128 0xb
 839 0060 49       		.uleb128 0x49
 840 0061 13       		.uleb128 0x13
 841 0062 02       		.uleb128 0x2
 842 0063 18       		.uleb128 0x18
 843 0064 00       		.byte	0
 844 0065 00       		.byte	0
 845 0066 08       		.uleb128 0x8
 846 0067 898201   		.uleb128 0x4109
 847 006a 00       		.byte	0
 848 006b 11       		.uleb128 0x11
 849 006c 01       		.uleb128 0x1
 850 006d 31       		.uleb128 0x31
 851 006e 13       		.uleb128 0x13
 852 006f 00       		.byte	0
 853 0070 00       		.byte	0
 854 0071 09       		.uleb128 0x9
ARM GAS  C:\Users\DELL\AppData\Local\Temp\cciX2RwO.s 			page 18


 855 0072 0B       		.uleb128 0xb
 856 0073 01       		.byte	0x1
 857 0074 11       		.uleb128 0x11
 858 0075 01       		.uleb128 0x1
 859 0076 12       		.uleb128 0x12
 860 0077 06       		.uleb128 0x6
 861 0078 00       		.byte	0
 862 0079 00       		.byte	0
 863 007a 0A       		.uleb128 0xa
 864 007b 34       		.uleb128 0x34
 865 007c 00       		.byte	0
 866 007d 03       		.uleb128 0x3
 867 007e 08       		.uleb128 0x8
 868 007f 3A       		.uleb128 0x3a
 869 0080 0B       		.uleb128 0xb
 870 0081 3B       		.uleb128 0x3b
 871 0082 0B       		.uleb128 0xb
 872 0083 49       		.uleb128 0x49
 873 0084 13       		.uleb128 0x13
 874 0085 02       		.uleb128 0x2
 875 0086 17       		.uleb128 0x17
 876 0087 00       		.byte	0
 877 0088 00       		.byte	0
 878 0089 0B       		.uleb128 0xb
 879 008a 898201   		.uleb128 0x4109
 880 008d 01       		.byte	0x1
 881 008e 11       		.uleb128 0x11
 882 008f 01       		.uleb128 0x1
 883 0090 31       		.uleb128 0x31
 884 0091 13       		.uleb128 0x13
 885 0092 00       		.byte	0
 886 0093 00       		.byte	0
 887 0094 0C       		.uleb128 0xc
 888 0095 8A8201   		.uleb128 0x410a
 889 0098 00       		.byte	0
 890 0099 02       		.uleb128 0x2
 891 009a 18       		.uleb128 0x18
 892 009b 9142     		.uleb128 0x2111
 893 009d 18       		.uleb128 0x18
 894 009e 00       		.byte	0
 895 009f 00       		.byte	0
 896 00a0 0D       		.uleb128 0xd
 897 00a1 2E       		.uleb128 0x2e
 898 00a2 01       		.byte	0x1
 899 00a3 3F       		.uleb128 0x3f
 900 00a4 19       		.uleb128 0x19
 901 00a5 03       		.uleb128 0x3
 902 00a6 0E       		.uleb128 0xe
 903 00a7 3A       		.uleb128 0x3a
 904 00a8 0B       		.uleb128 0xb
 905 00a9 3B       		.uleb128 0x3b
 906 00aa 0B       		.uleb128 0xb
 907 00ab 27       		.uleb128 0x27
 908 00ac 19       		.uleb128 0x19
 909 00ad 49       		.uleb128 0x49
 910 00ae 13       		.uleb128 0x13
 911 00af 8701     		.uleb128 0x87
ARM GAS  C:\Users\DELL\AppData\Local\Temp\cciX2RwO.s 			page 19


 912 00b1 19       		.uleb128 0x19
 913 00b2 11       		.uleb128 0x11
 914 00b3 01       		.uleb128 0x1
 915 00b4 12       		.uleb128 0x12
 916 00b5 06       		.uleb128 0x6
 917 00b6 40       		.uleb128 0x40
 918 00b7 18       		.uleb128 0x18
 919 00b8 9742     		.uleb128 0x2117
 920 00ba 19       		.uleb128 0x19
 921 00bb 01       		.uleb128 0x1
 922 00bc 13       		.uleb128 0x13
 923 00bd 00       		.byte	0
 924 00be 00       		.byte	0
 925 00bf 0E       		.uleb128 0xe
 926 00c0 0B       		.uleb128 0xb
 927 00c1 01       		.byte	0x1
 928 00c2 11       		.uleb128 0x11
 929 00c3 01       		.uleb128 0x1
 930 00c4 12       		.uleb128 0x12
 931 00c5 06       		.uleb128 0x6
 932 00c6 01       		.uleb128 0x1
 933 00c7 13       		.uleb128 0x13
 934 00c8 00       		.byte	0
 935 00c9 00       		.byte	0
 936 00ca 0F       		.uleb128 0xf
 937 00cb 34       		.uleb128 0x34
 938 00cc 00       		.byte	0
 939 00cd 03       		.uleb128 0x3
 940 00ce 0E       		.uleb128 0xe
 941 00cf 3A       		.uleb128 0x3a
 942 00d0 0B       		.uleb128 0xb
 943 00d1 3B       		.uleb128 0x3b
 944 00d2 0B       		.uleb128 0xb
 945 00d3 49       		.uleb128 0x49
 946 00d4 13       		.uleb128 0x13
 947 00d5 02       		.uleb128 0x2
 948 00d6 17       		.uleb128 0x17
 949 00d7 00       		.byte	0
 950 00d8 00       		.byte	0
 951 00d9 10       		.uleb128 0x10
 952 00da 898201   		.uleb128 0x4109
 953 00dd 01       		.byte	0x1
 954 00de 11       		.uleb128 0x11
 955 00df 01       		.uleb128 0x1
 956 00e0 31       		.uleb128 0x31
 957 00e1 13       		.uleb128 0x13
 958 00e2 01       		.uleb128 0x1
 959 00e3 13       		.uleb128 0x13
 960 00e4 00       		.byte	0
 961 00e5 00       		.byte	0
 962 00e6 11       		.uleb128 0x11
 963 00e7 0F       		.uleb128 0xf
 964 00e8 00       		.byte	0
 965 00e9 0B       		.uleb128 0xb
 966 00ea 0B       		.uleb128 0xb
 967 00eb 49       		.uleb128 0x49
 968 00ec 13       		.uleb128 0x13
ARM GAS  C:\Users\DELL\AppData\Local\Temp\cciX2RwO.s 			page 20


 969 00ed 00       		.byte	0
 970 00ee 00       		.byte	0
 971 00ef 12       		.uleb128 0x12
 972 00f0 34       		.uleb128 0x34
 973 00f1 00       		.byte	0
 974 00f2 03       		.uleb128 0x3
 975 00f3 0E       		.uleb128 0xe
 976 00f4 3A       		.uleb128 0x3a
 977 00f5 0B       		.uleb128 0xb
 978 00f6 3B       		.uleb128 0x3b
 979 00f7 05       		.uleb128 0x5
 980 00f8 49       		.uleb128 0x49
 981 00f9 13       		.uleb128 0x13
 982 00fa 3F       		.uleb128 0x3f
 983 00fb 19       		.uleb128 0x19
 984 00fc 3C       		.uleb128 0x3c
 985 00fd 19       		.uleb128 0x19
 986 00fe 00       		.byte	0
 987 00ff 00       		.byte	0
 988 0100 13       		.uleb128 0x13
 989 0101 01       		.uleb128 0x1
 990 0102 01       		.byte	0x1
 991 0103 49       		.uleb128 0x49
 992 0104 13       		.uleb128 0x13
 993 0105 01       		.uleb128 0x1
 994 0106 13       		.uleb128 0x13
 995 0107 00       		.byte	0
 996 0108 00       		.byte	0
 997 0109 14       		.uleb128 0x14
 998 010a 21       		.uleb128 0x21
 999 010b 00       		.byte	0
 1000 010c 49       		.uleb128 0x49
 1001 010d 13       		.uleb128 0x13
 1002 010e 2F       		.uleb128 0x2f
 1003 010f 05       		.uleb128 0x5
 1004 0110 00       		.byte	0
 1005 0111 00       		.byte	0
 1006 0112 15       		.uleb128 0x15
 1007 0113 34       		.uleb128 0x34
 1008 0114 00       		.byte	0
 1009 0115 03       		.uleb128 0x3
 1010 0116 0E       		.uleb128 0xe
 1011 0117 3A       		.uleb128 0x3a
 1012 0118 0B       		.uleb128 0xb
 1013 0119 3B       		.uleb128 0x3b
 1014 011a 0B       		.uleb128 0xb
 1015 011b 49       		.uleb128 0x49
 1016 011c 13       		.uleb128 0x13
 1017 011d 3F       		.uleb128 0x3f
 1018 011e 19       		.uleb128 0x19
 1019 011f 02       		.uleb128 0x2
 1020 0120 18       		.uleb128 0x18
 1021 0121 00       		.byte	0
 1022 0122 00       		.byte	0
 1023 0123 16       		.uleb128 0x16
 1024 0124 21       		.uleb128 0x21
 1025 0125 00       		.byte	0
ARM GAS  C:\Users\DELL\AppData\Local\Temp\cciX2RwO.s 			page 21


 1026 0126 49       		.uleb128 0x49
 1027 0127 13       		.uleb128 0x13
 1028 0128 2F       		.uleb128 0x2f
 1029 0129 0B       		.uleb128 0xb
 1030 012a 00       		.byte	0
 1031 012b 00       		.byte	0
 1032 012c 17       		.uleb128 0x17
 1033 012d 2E       		.uleb128 0x2e
 1034 012e 00       		.byte	0
 1035 012f 3F       		.uleb128 0x3f
 1036 0130 19       		.uleb128 0x19
 1037 0131 3C       		.uleb128 0x3c
 1038 0132 19       		.uleb128 0x19
 1039 0133 6E       		.uleb128 0x6e
 1040 0134 0E       		.uleb128 0xe
 1041 0135 03       		.uleb128 0x3
 1042 0136 0E       		.uleb128 0xe
 1043 0137 3A       		.uleb128 0x3a
 1044 0138 0B       		.uleb128 0xb
 1045 0139 3B       		.uleb128 0x3b
 1046 013a 0B       		.uleb128 0xb
 1047 013b 00       		.byte	0
 1048 013c 00       		.byte	0
 1049 013d 00       		.byte	0
 1050              		.section	.debug_loc,"",%progbits
 1051              	.Ldebug_loc0:
 1052              	.LLST0:
 1053 0000 02000000 		.4byte	.LVL10
 1054 0004 06000000 		.4byte	.LVL11
 1055 0008 0200     		.2byte	0x2
 1056 000a 30       		.byte	0x30
 1057 000b 9F       		.byte	0x9f
 1058 000c 06000000 		.4byte	.LVL11
 1059 0010 24000000 		.4byte	.LVL15
 1060 0014 0100     		.2byte	0x1
 1061 0016 54       		.byte	0x54
 1062 0017 00000000 		.4byte	0
 1063 001b 00000000 		.4byte	0
 1064              	.LLST1:
 1065 001f 18000000 		.4byte	.LVL18
 1066 0023 22000000 		.4byte	.LVL19
 1067 0027 0100     		.2byte	0x1
 1068 0029 51       		.byte	0x51
 1069 002a 00000000 		.4byte	0
 1070 002e 00000000 		.4byte	0
 1071              		.section	.debug_aranges,"",%progbits
 1072 0000 34000000 		.4byte	0x34
 1073 0004 0200     		.2byte	0x2
 1074 0006 00000000 		.4byte	.Ldebug_info0
 1075 000a 04       		.byte	0x4
 1076 000b 00       		.byte	0
 1077 000c 0000     		.2byte	0
 1078 000e 0000     		.2byte	0
 1079 0010 00000000 		.4byte	.LFB65
 1080 0014 4C000000 		.4byte	.LFE65-.LFB65
 1081 0018 00000000 		.4byte	.LFB64
 1082 001c 40000000 		.4byte	.LFE64-.LFB64
ARM GAS  C:\Users\DELL\AppData\Local\Temp\cciX2RwO.s 			page 22


 1083 0020 00000000 		.4byte	.LFB66
 1084 0024 28000000 		.4byte	.LFE66-.LFB66
 1085 0028 00000000 		.4byte	.LFB67
 1086 002c 4C000000 		.4byte	.LFE67-.LFB67
 1087 0030 00000000 		.4byte	0
 1088 0034 00000000 		.4byte	0
 1089              		.section	.debug_ranges,"",%progbits
 1090              	.Ldebug_ranges0:
 1091 0000 00000000 		.4byte	.LFB65
 1092 0004 4C000000 		.4byte	.LFE65
 1093 0008 00000000 		.4byte	.LFB64
 1094 000c 40000000 		.4byte	.LFE64
 1095 0010 00000000 		.4byte	.LFB66
 1096 0014 28000000 		.4byte	.LFE66
 1097 0018 00000000 		.4byte	.LFB67
 1098 001c 4C000000 		.4byte	.LFE67
 1099 0020 00000000 		.4byte	0
 1100 0024 00000000 		.4byte	0
 1101              		.section	.debug_line,"",%progbits
 1102              	.Ldebug_line0:
 1103 0000 D8010000 		.section	.debug_str,"MS",%progbits,1
 1103      02005C01 
 1103      00000201 
 1103      FB0E0D00 
 1103      01010101 
 1104              	.LASF36:
 1105 0000 6973725F 		.ascii	"isr_1_ClearPending\000"
 1105      315F436C 
 1105      65617250 
 1105      656E6469 
 1105      6E6700
 1106              	.LASF39:
 1107 0013 55415254 		.ascii	"UART_1_Start\000"
 1107      5F315F53 
 1107      74617274 
 1107      00
 1108              	.LASF20:
 1109 0020 55415254 		.ascii	"UART_Rx_Handler\000"
 1109      5F52785F 
 1109      48616E64 
 1109      6C657200 
 1110              	.LASF4:
 1111 0030 5F5F7569 		.ascii	"__uint8_t\000"
 1111      6E74385F 
 1111      7400
 1112              	.LASF31:
 1113 003a 62756666 		.ascii	"bufferFilled\000"
 1113      65724669 
 1113      6C6C6564 
 1113      00
 1114              	.LASF5:
 1115 0047 5F5F696E 		.ascii	"__int32_t\000"
 1115      7433325F 
 1115      7400
 1116              	.LASF43:
 1117 0051 4F70616D 		.ascii	"Opamp_1_Start\000"
 1117      705F315F 
ARM GAS  C:\Users\DELL\AppData\Local\Temp\cciX2RwO.s 			page 23


 1117      53746172 
 1117      7400
 1118              	.LASF27:
 1119 005f 72784275 		.ascii	"rxBuffer2\000"
 1119      66666572 
 1119      3200
 1120              	.LASF6:
 1121 0069 6C6F6E67 		.ascii	"long int\000"
 1121      20696E74 
 1121      00
 1122              	.LASF46:
 1123 0072 49444143 		.ascii	"IDAC_1_SetValue\000"
 1123      5F315F53 
 1123      65745661 
 1123      6C756500 
 1124              	.LASF35:
 1125 0082 73747269 		.ascii	"string\000"
 1125      6E6700
 1126              	.LASF15:
 1127 0089 666C6F61 		.ascii	"float\000"
 1127      7400
 1128              	.LASF21:
 1129 008f 696E6974 		.ascii	"initializeComponents\000"
 1129      69616C69 
 1129      7A65436F 
 1129      6D706F6E 
 1129      656E7473 
 1130              	.LASF1:
 1131 00a4 756E7369 		.ascii	"unsigned char\000"
 1131      676E6564 
 1131      20636861 
 1131      7200
 1132              	.LASF50:
 1133 00b2 474E5520 		.ascii	"GNU C11 5.4.1 20160609 (release) [ARM/embedded-5-br"
 1133      43313120 
 1133      352E342E 
 1133      31203230 
 1133      31363036 
 1134 00e5 616E6368 		.ascii	"anch revision 237715] -mcpu=cortex-m3 -mthumb -g -O"
 1134      20726576 
 1134      6973696F 
 1134      6E203233 
 1134      37373135 
 1135 0118 67202D66 		.ascii	"g -ffunction-sections -ffat-lto-objects\000"
 1135      66756E63 
 1135      74696F6E 
 1135      2D736563 
 1135      74696F6E 
 1136              	.LASF22:
 1137 0140 706C6F74 		.ascii	"plotData\000"
 1137      44617461 
 1137      00
 1138              	.LASF44:
 1139 0149 55415254 		.ascii	"UART_1_ClearRxBuffer\000"
 1139      5F315F43 
 1139      6C656172 
 1139      52784275 
ARM GAS  C:\Users\DELL\AppData\Local\Temp\cciX2RwO.s 			page 24


 1139      66666572 
 1140              	.LASF8:
 1141 015e 6C6F6E67 		.ascii	"long unsigned int\000"
 1141      20756E73 
 1141      69676E65 
 1141      6420696E 
 1141      7400
 1142              	.LASF37:
 1143 0170 55415254 		.ascii	"UART_1_ReadRxData\000"
 1143      5F315F52 
 1143      65616452 
 1143      78446174 
 1143      6100
 1144              	.LASF3:
 1145 0182 73686F72 		.ascii	"short unsigned int\000"
 1145      7420756E 
 1145      7369676E 
 1145      65642069 
 1145      6E7400
 1146              	.LASF32:
 1147 0195 74635F63 		.ascii	"tc_count\000"
 1147      6F756E74 
 1147      00
 1148              	.LASF52:
 1149 019e 433A5C55 		.ascii	"C:\\Users\\DELL\\Downloads\\Signal-Generator_1 (2)\\"
 1149      73657273 
 1149      5C44454C 
 1149      4C5C446F 
 1149      776E6C6F 
 1150 01cd 5369676E 		.ascii	"Signal-Generator_1\\Signal-Generator_1\\Signal-Gene"
 1150      616C2D47 
 1150      656E6572 
 1150      61746F72 
 1150      5F315C53 
 1151 01fe 7261746F 		.ascii	"rator_1\\Design01.cydsn\000"
 1151      725F315C 
 1151      44657369 
 1151      676E3031 
 1151      2E637964 
 1152              	.LASF25:
 1153 0215 49544D5F 		.ascii	"ITM_RxBuffer\000"
 1153      52784275 
 1153      66666572 
 1153      00
 1154              	.LASF49:
 1155 0222 55415254 		.ascii	"UART_1_WriteTxData\000"
 1155      5F315F57 
 1155      72697465 
 1155      54784461 
 1155      746100
 1156              	.LASF16:
 1157 0235 646F7562 		.ascii	"double\000"
 1157      6C6500
 1158              	.LASF7:
 1159 023c 5F5F7569 		.ascii	"__uint32_t\000"
 1159      6E743332 
 1159      5F7400
ARM GAS  C:\Users\DELL\AppData\Local\Temp\cciX2RwO.s 			page 25


 1160              	.LASF47:
 1161 0247 43794465 		.ascii	"CyDelayUs\000"
 1161      6C617955 
 1161      7300
 1162              	.LASF53:
 1163 0251 6D61696E 		.ascii	"main\000"
 1163      00
 1164              	.LASF11:
 1165 0256 756E7369 		.ascii	"unsigned int\000"
 1165      676E6564 
 1165      20696E74 
 1165      00
 1166              	.LASF24:
 1167 0263 74656D70 		.ascii	"temp\000"
 1167      00
 1168              	.LASF29:
 1169 0268 706C6F74 		.ascii	"plotBuffer\000"
 1169      42756666 
 1169      657200
 1170              	.LASF10:
 1171 0273 6C6F6E67 		.ascii	"long long unsigned int\000"
 1171      206C6F6E 
 1171      6720756E 
 1171      7369676E 
 1171      65642069 
 1172              	.LASF12:
 1173 028a 75696E74 		.ascii	"uint8_t\000"
 1173      385F7400 
 1174              	.LASF38:
 1175 0292 55415254 		.ascii	"UART_1_GetRxBufferSize\000"
 1175      5F315F47 
 1175      65745278 
 1175      42756666 
 1175      65725369 
 1176              	.LASF28:
 1177 02a9 63757272 		.ascii	"currentRxBuffer\000"
 1177      656E7452 
 1177      78427566 
 1177      66657200 
 1178              	.LASF0:
 1179 02b9 7369676E 		.ascii	"signed char\000"
 1179      65642063 
 1179      68617200 
 1180              	.LASF34:
 1181 02c5 4F6E6554 		.ascii	"OneToSend\000"
 1181      6F53656E 
 1181      6400
 1182              	.LASF13:
 1183 02cf 696E7433 		.ascii	"int32_t\000"
 1183      325F7400 
 1184              	.LASF19:
 1185 02d7 73697A65 		.ascii	"sizetype\000"
 1185      74797065 
 1185      00
 1186              	.LASF9:
 1187 02e0 6C6F6E67 		.ascii	"long long int\000"
 1187      206C6F6E 
ARM GAS  C:\Users\DELL\AppData\Local\Temp\cciX2RwO.s 			page 26


 1187      6720696E 
 1187      7400
 1188              	.LASF51:
 1189 02ee 6D61696E 		.ascii	"main.c\000"
 1189      2E6300
 1190              	.LASF17:
 1191 02f5 63686172 		.ascii	"char\000"
 1191      00
 1192              	.LASF23:
 1193 02fa 696E6465 		.ascii	"index\000"
 1193      7800
 1194              	.LASF33:
 1195 0300 636F756E 		.ascii	"count\000"
 1195      7400
 1196              	.LASF26:
 1197 0306 72784275 		.ascii	"rxBuffer1\000"
 1197      66666572 
 1197      3100
 1198              	.LASF2:
 1199 0310 73686F72 		.ascii	"short int\000"
 1199      7420696E 
 1199      7400
 1200              	.LASF45:
 1201 031a 55415254 		.ascii	"UART_1_ClearTxBuffer\000"
 1201      5F315F43 
 1201      6C656172 
 1201      54784275 
 1201      66666572 
 1202              	.LASF14:
 1203 032f 75696E74 		.ascii	"uint32_t\000"
 1203      33325F74 
 1203      00
 1204              	.LASF40:
 1205 0338 49444143 		.ascii	"IDAC_1_Start\000"
 1205      5F315F53 
 1205      74617274 
 1205      00
 1206              	.LASF30:
 1207 0345 72656365 		.ascii	"receivedData\000"
 1207      69766564 
 1207      44617461 
 1207      00
 1208              	.LASF18:
 1209 0352 6C6F6E67 		.ascii	"long double\000"
 1209      20646F75 
 1209      626C6500 
 1210              	.LASF42:
 1211 035e 5449415F 		.ascii	"TIA_1_Start\000"
 1211      315F5374 
 1211      61727400 
 1212              	.LASF41:
 1213 036a 5047415F 		.ascii	"PGA_Inv_1_Start\000"
 1213      496E765F 
 1213      315F5374 
 1213      61727400 
 1214              	.LASF48:
 1215 037a 6973725F 		.ascii	"isr_1_StartEx\000"
ARM GAS  C:\Users\DELL\AppData\Local\Temp\cciX2RwO.s 			page 27


 1215      315F5374 
 1215      61727445 
 1215      7800
 1216              		.ident	"GCC: (GNU Tools for ARM Embedded Processors) 5.4.1 20160609 (release) [ARM/embedded-5-bran
