ARM GAS  C:\Users\DELL\AppData\Local\Temp\cc3PY0ut.s 			page 1


   1              		.syntax unified
   2              		.cpu cortex-m3
   3              		.fpu softvfp
   4              		.eabi_attribute 20, 1
   5              		.eabi_attribute 21, 1
   6              		.eabi_attribute 23, 3
   7              		.eabi_attribute 24, 1
   8              		.eabi_attribute 25, 1
   9              		.eabi_attribute 26, 1
  10              		.eabi_attribute 30, 1
  11              		.eabi_attribute 34, 1
  12              		.eabi_attribute 18, 4
  13              		.thumb
  14              		.syntax unified
  15              		.file	"UART_1_INT.c"
  16              		.text
  17              	.Ltext0:
  18              		.cfi_sections	.debug_frame
  19              		.section	.text.UART_1_RXISR,"ax",%progbits
  20              		.align	2
  21              		.global	UART_1_RXISR
  22              		.thumb
  23              		.thumb_func
  24              		.type	UART_1_RXISR, %function
  25              	UART_1_RXISR:
  26              	.LFB0:
  27              		.file 1 "Generated_Source\\PSoC5\\UART_1_INT.c"
   1:Generated_Source\PSoC5/UART_1_INT.c **** /*******************************************************************************
   2:Generated_Source\PSoC5/UART_1_INT.c **** * File Name: UART_1INT.c
   3:Generated_Source\PSoC5/UART_1_INT.c **** * Version 2.50
   4:Generated_Source\PSoC5/UART_1_INT.c **** *
   5:Generated_Source\PSoC5/UART_1_INT.c **** * Description:
   6:Generated_Source\PSoC5/UART_1_INT.c **** *  This file provides all Interrupt Service functionality of the UART component
   7:Generated_Source\PSoC5/UART_1_INT.c **** *
   8:Generated_Source\PSoC5/UART_1_INT.c **** ********************************************************************************
   9:Generated_Source\PSoC5/UART_1_INT.c **** * Copyright 2008-2015, Cypress Semiconductor Corporation.  All rights reserved.
  10:Generated_Source\PSoC5/UART_1_INT.c **** * You may use this file only in accordance with the license, terms, conditions,
  11:Generated_Source\PSoC5/UART_1_INT.c **** * disclaimers, and limitations in the end user license agreement accompanying
  12:Generated_Source\PSoC5/UART_1_INT.c **** * the software package with which this file was provided.
  13:Generated_Source\PSoC5/UART_1_INT.c **** *******************************************************************************/
  14:Generated_Source\PSoC5/UART_1_INT.c **** 
  15:Generated_Source\PSoC5/UART_1_INT.c **** #include "UART_1.h"
  16:Generated_Source\PSoC5/UART_1_INT.c **** #include "cyapicallbacks.h"
  17:Generated_Source\PSoC5/UART_1_INT.c **** 
  18:Generated_Source\PSoC5/UART_1_INT.c **** 
  19:Generated_Source\PSoC5/UART_1_INT.c **** /***************************************
  20:Generated_Source\PSoC5/UART_1_INT.c **** * Custom Declarations
  21:Generated_Source\PSoC5/UART_1_INT.c **** ***************************************/
  22:Generated_Source\PSoC5/UART_1_INT.c **** /* `#START CUSTOM_DECLARATIONS` Place your declaration here */
  23:Generated_Source\PSoC5/UART_1_INT.c **** 
  24:Generated_Source\PSoC5/UART_1_INT.c **** /* `#END` */
  25:Generated_Source\PSoC5/UART_1_INT.c **** 
  26:Generated_Source\PSoC5/UART_1_INT.c **** #if (UART_1_RX_INTERRUPT_ENABLED && (UART_1_RX_ENABLED || UART_1_HD_ENABLED))
  27:Generated_Source\PSoC5/UART_1_INT.c ****     /*******************************************************************************
  28:Generated_Source\PSoC5/UART_1_INT.c ****     * Function Name: UART_1_RXISR
  29:Generated_Source\PSoC5/UART_1_INT.c ****     ********************************************************************************
  30:Generated_Source\PSoC5/UART_1_INT.c ****     *
ARM GAS  C:\Users\DELL\AppData\Local\Temp\cc3PY0ut.s 			page 2


  31:Generated_Source\PSoC5/UART_1_INT.c ****     * Summary:
  32:Generated_Source\PSoC5/UART_1_INT.c ****     *  Interrupt Service Routine for RX portion of the UART
  33:Generated_Source\PSoC5/UART_1_INT.c ****     *
  34:Generated_Source\PSoC5/UART_1_INT.c ****     * Parameters:
  35:Generated_Source\PSoC5/UART_1_INT.c ****     *  None.
  36:Generated_Source\PSoC5/UART_1_INT.c ****     *
  37:Generated_Source\PSoC5/UART_1_INT.c ****     * Return:
  38:Generated_Source\PSoC5/UART_1_INT.c ****     *  None.
  39:Generated_Source\PSoC5/UART_1_INT.c ****     *
  40:Generated_Source\PSoC5/UART_1_INT.c ****     * Global Variables:
  41:Generated_Source\PSoC5/UART_1_INT.c ****     *  UART_1_rxBuffer - RAM buffer pointer for save received data.
  42:Generated_Source\PSoC5/UART_1_INT.c ****     *  UART_1_rxBufferWrite - cyclic index for write to rxBuffer,
  43:Generated_Source\PSoC5/UART_1_INT.c ****     *     increments after each byte saved to buffer.
  44:Generated_Source\PSoC5/UART_1_INT.c ****     *  UART_1_rxBufferRead - cyclic index for read from rxBuffer,
  45:Generated_Source\PSoC5/UART_1_INT.c ****     *     checked to detect overflow condition.
  46:Generated_Source\PSoC5/UART_1_INT.c ****     *  UART_1_rxBufferOverflow - software overflow flag. Set to one
  47:Generated_Source\PSoC5/UART_1_INT.c ****     *     when UART_1_rxBufferWrite index overtakes
  48:Generated_Source\PSoC5/UART_1_INT.c ****     *     UART_1_rxBufferRead index.
  49:Generated_Source\PSoC5/UART_1_INT.c ****     *  UART_1_rxBufferLoopDetect - additional variable to detect overflow.
  50:Generated_Source\PSoC5/UART_1_INT.c ****     *     Set to one when UART_1_rxBufferWrite is equal to
  51:Generated_Source\PSoC5/UART_1_INT.c ****     *    UART_1_rxBufferRead
  52:Generated_Source\PSoC5/UART_1_INT.c ****     *  UART_1_rxAddressMode - this variable contains the Address mode,
  53:Generated_Source\PSoC5/UART_1_INT.c ****     *     selected in customizer or set by UART_SetRxAddressMode() API.
  54:Generated_Source\PSoC5/UART_1_INT.c ****     *  UART_1_rxAddressDetected - set to 1 when correct address received,
  55:Generated_Source\PSoC5/UART_1_INT.c ****     *     and analysed to store following addressed data bytes to the buffer.
  56:Generated_Source\PSoC5/UART_1_INT.c ****     *     When not correct address received, set to 0 to skip following data bytes.
  57:Generated_Source\PSoC5/UART_1_INT.c ****     *
  58:Generated_Source\PSoC5/UART_1_INT.c ****     *******************************************************************************/
  59:Generated_Source\PSoC5/UART_1_INT.c ****     CY_ISR(UART_1_RXISR)
  60:Generated_Source\PSoC5/UART_1_INT.c ****     {
  28              		.loc 1 60 0
  29              		.cfi_startproc
  30              		@ args = 0, pretend = 0, frame = 0
  31              		@ frame_needed = 0, uses_anonymous_args = 0
  32              		@ link register save eliminated.
  33 0000 10B4     		push	{r4}
  34              		.cfi_def_cfa_offset 4
  35              		.cfi_offset 4, -4
  36              	.LVL0:
  61:Generated_Source\PSoC5/UART_1_INT.c ****         uint8 readData;
  62:Generated_Source\PSoC5/UART_1_INT.c ****         uint8 readStatus;
  63:Generated_Source\PSoC5/UART_1_INT.c ****         uint8 increment_pointer = 0u;
  37              		.loc 1 63 0
  38 0002 0020     		movs	r0, #0
  39              	.LVL1:
  40              	.L10:
  64:Generated_Source\PSoC5/UART_1_INT.c **** 
  65:Generated_Source\PSoC5/UART_1_INT.c ****     #if(CY_PSOC3)
  66:Generated_Source\PSoC5/UART_1_INT.c ****         uint8 int_en;
  67:Generated_Source\PSoC5/UART_1_INT.c ****     #endif /* (CY_PSOC3) */
  68:Generated_Source\PSoC5/UART_1_INT.c **** 
  69:Generated_Source\PSoC5/UART_1_INT.c ****     #ifdef UART_1_RXISR_ENTRY_CALLBACK
  70:Generated_Source\PSoC5/UART_1_INT.c ****         UART_1_RXISR_EntryCallback();
  71:Generated_Source\PSoC5/UART_1_INT.c ****     #endif /* UART_1_RXISR_ENTRY_CALLBACK */
  72:Generated_Source\PSoC5/UART_1_INT.c **** 
  73:Generated_Source\PSoC5/UART_1_INT.c ****         /* User code required at start of ISR */
  74:Generated_Source\PSoC5/UART_1_INT.c ****         /* `#START UART_1_RXISR_START` */
ARM GAS  C:\Users\DELL\AppData\Local\Temp\cc3PY0ut.s 			page 3


  75:Generated_Source\PSoC5/UART_1_INT.c **** 
  76:Generated_Source\PSoC5/UART_1_INT.c ****         /* `#END` */
  77:Generated_Source\PSoC5/UART_1_INT.c **** 
  78:Generated_Source\PSoC5/UART_1_INT.c ****     #if(CY_PSOC3)   /* Make sure nested interrupt is enabled */
  79:Generated_Source\PSoC5/UART_1_INT.c ****         int_en = EA;
  80:Generated_Source\PSoC5/UART_1_INT.c ****         CyGlobalIntEnable;
  81:Generated_Source\PSoC5/UART_1_INT.c ****     #endif /* (CY_PSOC3) */
  82:Generated_Source\PSoC5/UART_1_INT.c **** 
  83:Generated_Source\PSoC5/UART_1_INT.c ****         do
  84:Generated_Source\PSoC5/UART_1_INT.c ****         {
  85:Generated_Source\PSoC5/UART_1_INT.c ****             /* Read receiver status register */
  86:Generated_Source\PSoC5/UART_1_INT.c ****             readStatus = UART_1_RXSTATUS_REG;
  41              		.loc 1 86 0
  42 0004 2E4B     		ldr	r3, .L12
  43 0006 1B78     		ldrb	r3, [r3]	@ zero_extendqisi2
  44 0008 DBB2     		uxtb	r3, r3
  45              	.LVL2:
  87:Generated_Source\PSoC5/UART_1_INT.c ****             /* Copy the same status to readData variable for backward compatibility support 
  88:Generated_Source\PSoC5/UART_1_INT.c ****             *  of the user code in UART_1_RXISR_ERROR` section. 
  89:Generated_Source\PSoC5/UART_1_INT.c ****             */
  90:Generated_Source\PSoC5/UART_1_INT.c ****             readData = readStatus;
  91:Generated_Source\PSoC5/UART_1_INT.c **** 
  92:Generated_Source\PSoC5/UART_1_INT.c ****             if((readStatus & (UART_1_RX_STS_BREAK | 
  46              		.loc 1 92 0
  47 000a 13F01E0F 		tst	r3, #30
  48 000e 05D0     		beq	.L2
  93:Generated_Source\PSoC5/UART_1_INT.c ****                             UART_1_RX_STS_PAR_ERROR |
  94:Generated_Source\PSoC5/UART_1_INT.c ****                             UART_1_RX_STS_STOP_ERROR | 
  95:Generated_Source\PSoC5/UART_1_INT.c ****                             UART_1_RX_STS_OVERRUN)) != 0u)
  96:Generated_Source\PSoC5/UART_1_INT.c ****             {
  97:Generated_Source\PSoC5/UART_1_INT.c ****                 /* ERROR handling. */
  98:Generated_Source\PSoC5/UART_1_INT.c ****                 UART_1_errorStatus |= readStatus & ( UART_1_RX_STS_BREAK | 
  49              		.loc 1 98 0
  50 0010 2C4C     		ldr	r4, .L12+4
  51 0012 03F01E02 		and	r2, r3, #30
  52 0016 2178     		ldrb	r1, [r4]	@ zero_extendqisi2
  53 0018 0A43     		orrs	r2, r2, r1
  54 001a 2270     		strb	r2, [r4]
  55              	.L2:
  56 001c 03F02002 		and	r2, r3, #32
  99:Generated_Source\PSoC5/UART_1_INT.c ****                                                             UART_1_RX_STS_PAR_ERROR | 
 100:Generated_Source\PSoC5/UART_1_INT.c ****                                                             UART_1_RX_STS_STOP_ERROR | 
 101:Generated_Source\PSoC5/UART_1_INT.c ****                                                             UART_1_RX_STS_OVERRUN);
 102:Generated_Source\PSoC5/UART_1_INT.c ****                 /* `#START UART_1_RXISR_ERROR` */
 103:Generated_Source\PSoC5/UART_1_INT.c **** 
 104:Generated_Source\PSoC5/UART_1_INT.c ****                 /* `#END` */
 105:Generated_Source\PSoC5/UART_1_INT.c ****                 
 106:Generated_Source\PSoC5/UART_1_INT.c ****             #ifdef UART_1_RXISR_ERROR_CALLBACK
 107:Generated_Source\PSoC5/UART_1_INT.c ****                 UART_1_RXISR_ERROR_Callback();
 108:Generated_Source\PSoC5/UART_1_INT.c ****             #endif /* UART_1_RXISR_ERROR_CALLBACK */
 109:Generated_Source\PSoC5/UART_1_INT.c ****             }
 110:Generated_Source\PSoC5/UART_1_INT.c ****             
 111:Generated_Source\PSoC5/UART_1_INT.c ****             if((readStatus & UART_1_RX_STS_FIFO_NOTEMPTY) != 0u)
  57              		.loc 1 111 0
  58 0020 02F0FF01 		and	r1, r2, #255
  59 0024 002A     		cmp	r2, #0
  60 0026 46D0     		beq	.L3
ARM GAS  C:\Users\DELL\AppData\Local\Temp\cc3PY0ut.s 			page 4


 112:Generated_Source\PSoC5/UART_1_INT.c ****             {
 113:Generated_Source\PSoC5/UART_1_INT.c ****                 /* Read data from the RX data register */
 114:Generated_Source\PSoC5/UART_1_INT.c ****                 readData = UART_1_RXDATA_REG;
  61              		.loc 1 114 0
  62 0028 274A     		ldr	r2, .L12+8
  63 002a 1278     		ldrb	r2, [r2]	@ zero_extendqisi2
  64 002c D4B2     		uxtb	r4, r2
  65              	.LVL3:
 115:Generated_Source\PSoC5/UART_1_INT.c ****             #if (UART_1_RXHW_ADDRESS_ENABLED)
 116:Generated_Source\PSoC5/UART_1_INT.c ****                 if(UART_1_rxAddressMode == (uint8)UART_1__B_UART__AM_SW_DETECT_TO_BUFFER)
  66              		.loc 1 116 0
  67 002e 274A     		ldr	r2, .L12+12
  68 0030 1278     		ldrb	r2, [r2]	@ zero_extendqisi2
  69 0032 D2B2     		uxtb	r2, r2
  70 0034 022A     		cmp	r2, #2
  71 0036 18D1     		bne	.L4
 117:Generated_Source\PSoC5/UART_1_INT.c ****                 {
 118:Generated_Source\PSoC5/UART_1_INT.c ****                     if((readStatus & UART_1_RX_STS_MRKSPC) != 0u)
  72              		.loc 1 118 0
  73 0038 13F0010F 		tst	r3, #1
  74 003c 09D0     		beq	.L5
 119:Generated_Source\PSoC5/UART_1_INT.c ****                     {
 120:Generated_Source\PSoC5/UART_1_INT.c ****                         if ((readStatus & UART_1_RX_STS_ADDR_MATCH) != 0u)
  75              		.loc 1 120 0
  76 003e 13F0400F 		tst	r3, #64
  77 0042 03D0     		beq	.L6
 121:Generated_Source\PSoC5/UART_1_INT.c ****                         {
 122:Generated_Source\PSoC5/UART_1_INT.c ****                             UART_1_rxAddressDetected = 1u;
  78              		.loc 1 122 0
  79 0044 0122     		movs	r2, #1
  80 0046 224B     		ldr	r3, .L12+16
  81              	.LVL4:
  82 0048 1A70     		strb	r2, [r3]
  83 004a 02E0     		b	.L5
  84              	.LVL5:
  85              	.L6:
 123:Generated_Source\PSoC5/UART_1_INT.c ****                         }
 124:Generated_Source\PSoC5/UART_1_INT.c ****                         else
 125:Generated_Source\PSoC5/UART_1_INT.c ****                         {
 126:Generated_Source\PSoC5/UART_1_INT.c ****                             UART_1_rxAddressDetected = 0u;
  86              		.loc 1 126 0
  87 004c 0022     		movs	r2, #0
  88 004e 204B     		ldr	r3, .L12+16
  89              	.LVL6:
  90 0050 1A70     		strb	r2, [r3]
  91              	.L5:
 127:Generated_Source\PSoC5/UART_1_INT.c ****                         }
 128:Generated_Source\PSoC5/UART_1_INT.c ****                     }
 129:Generated_Source\PSoC5/UART_1_INT.c ****                     if(UART_1_rxAddressDetected != 0u)
  92              		.loc 1 129 0
  93 0052 1F4B     		ldr	r3, .L12+16
  94 0054 1B78     		ldrb	r3, [r3]	@ zero_extendqisi2
  95 0056 13F0FF0F 		tst	r3, #255
  96 005a 0CD0     		beq	.L7
 130:Generated_Source\PSoC5/UART_1_INT.c ****                     {   /* Store only addressed data */
 131:Generated_Source\PSoC5/UART_1_INT.c ****                         UART_1_rxBuffer[UART_1_rxBufferWrite] = readData;
  97              		.loc 1 131 0
ARM GAS  C:\Users\DELL\AppData\Local\Temp\cc3PY0ut.s 			page 5


  98 005c 1D4B     		ldr	r3, .L12+20
  99 005e 1B78     		ldrb	r3, [r3]	@ zero_extendqisi2
 100 0060 DBB2     		uxtb	r3, r3
 101 0062 1D4A     		ldr	r2, .L12+24
 102 0064 D454     		strb	r4, [r2, r3]
 103              	.LVL7:
 132:Generated_Source\PSoC5/UART_1_INT.c ****                         increment_pointer = 1u;
 104              		.loc 1 132 0
 105 0066 0120     		movs	r0, #1
 106 0068 05E0     		b	.L7
 107              	.LVL8:
 108              	.L4:
 133:Generated_Source\PSoC5/UART_1_INT.c ****                     }
 134:Generated_Source\PSoC5/UART_1_INT.c ****                 }
 135:Generated_Source\PSoC5/UART_1_INT.c ****                 else /* Without software addressing */
 136:Generated_Source\PSoC5/UART_1_INT.c ****                 {
 137:Generated_Source\PSoC5/UART_1_INT.c ****                     UART_1_rxBuffer[UART_1_rxBufferWrite] = readData;
 109              		.loc 1 137 0
 110 006a 1A4B     		ldr	r3, .L12+20
 111              	.LVL9:
 112 006c 1B78     		ldrb	r3, [r3]	@ zero_extendqisi2
 113 006e DBB2     		uxtb	r3, r3
 114 0070 194A     		ldr	r2, .L12+24
 115 0072 D454     		strb	r4, [r2, r3]
 116              	.LVL10:
 138:Generated_Source\PSoC5/UART_1_INT.c ****                     increment_pointer = 1u;
 117              		.loc 1 138 0
 118 0074 0120     		movs	r0, #1
 119              	.LVL11:
 120              	.L7:
 139:Generated_Source\PSoC5/UART_1_INT.c ****                 }
 140:Generated_Source\PSoC5/UART_1_INT.c ****             #else  /* Without addressing */
 141:Generated_Source\PSoC5/UART_1_INT.c ****                 UART_1_rxBuffer[UART_1_rxBufferWrite] = readData;
 142:Generated_Source\PSoC5/UART_1_INT.c ****                 increment_pointer = 1u;
 143:Generated_Source\PSoC5/UART_1_INT.c ****             #endif /* (UART_1_RXHW_ADDRESS_ENABLED) */
 144:Generated_Source\PSoC5/UART_1_INT.c **** 
 145:Generated_Source\PSoC5/UART_1_INT.c ****                 /* Do not increment buffer pointer when skip not addressed data */
 146:Generated_Source\PSoC5/UART_1_INT.c ****                 if(increment_pointer != 0u)
 121              		.loc 1 146 0
 122 0076 F0B1     		cbz	r0, .L3
 147:Generated_Source\PSoC5/UART_1_INT.c ****                 {
 148:Generated_Source\PSoC5/UART_1_INT.c ****                     if(UART_1_rxBufferLoopDetect != 0u)
 123              		.loc 1 148 0
 124 0078 184B     		ldr	r3, .L12+28
 125 007a 1B78     		ldrb	r3, [r3]	@ zero_extendqisi2
 126 007c 13F0FF0F 		tst	r3, #255
 127 0080 02D0     		beq	.L8
 149:Generated_Source\PSoC5/UART_1_INT.c ****                     {   /* Set Software Buffer status Overflow */
 150:Generated_Source\PSoC5/UART_1_INT.c ****                         UART_1_rxBufferOverflow = 1u;
 128              		.loc 1 150 0
 129 0082 0122     		movs	r2, #1
 130 0084 164B     		ldr	r3, .L12+32
 131 0086 1A70     		strb	r2, [r3]
 132              	.L8:
 151:Generated_Source\PSoC5/UART_1_INT.c ****                     }
 152:Generated_Source\PSoC5/UART_1_INT.c ****                     /* Set next pointer. */
 153:Generated_Source\PSoC5/UART_1_INT.c ****                     UART_1_rxBufferWrite++;
ARM GAS  C:\Users\DELL\AppData\Local\Temp\cc3PY0ut.s 			page 6


 133              		.loc 1 153 0
 134 0088 124A     		ldr	r2, .L12+20
 135 008a 1378     		ldrb	r3, [r2]	@ zero_extendqisi2
 136 008c 0133     		adds	r3, r3, #1
 137 008e DBB2     		uxtb	r3, r3
 138 0090 1370     		strb	r3, [r2]
 154:Generated_Source\PSoC5/UART_1_INT.c **** 
 155:Generated_Source\PSoC5/UART_1_INT.c ****                     /* Check pointer for a loop condition */
 156:Generated_Source\PSoC5/UART_1_INT.c ****                     if(UART_1_rxBufferWrite >= UART_1_RX_BUFFER_SIZE)
 139              		.loc 1 156 0
 140 0092 1378     		ldrb	r3, [r2]	@ zero_extendqisi2
 141 0094 DBB2     		uxtb	r3, r3
 142 0096 072B     		cmp	r3, #7
 143 0098 02D9     		bls	.L9
 157:Generated_Source\PSoC5/UART_1_INT.c ****                     {
 158:Generated_Source\PSoC5/UART_1_INT.c ****                         UART_1_rxBufferWrite = 0u;
 144              		.loc 1 158 0
 145 009a 0022     		movs	r2, #0
 146 009c 0D4B     		ldr	r3, .L12+20
 147 009e 1A70     		strb	r2, [r3]
 148              	.L9:
 159:Generated_Source\PSoC5/UART_1_INT.c ****                     }
 160:Generated_Source\PSoC5/UART_1_INT.c **** 
 161:Generated_Source\PSoC5/UART_1_INT.c ****                     /* Detect pre-overload condition and set flag */
 162:Generated_Source\PSoC5/UART_1_INT.c ****                     if(UART_1_rxBufferWrite == UART_1_rxBufferRead)
 149              		.loc 1 162 0
 150 00a0 0C4B     		ldr	r3, .L12+20
 151 00a2 1A78     		ldrb	r2, [r3]	@ zero_extendqisi2
 152 00a4 D2B2     		uxtb	r2, r2
 153 00a6 0F4B     		ldr	r3, .L12+36
 154 00a8 1B78     		ldrb	r3, [r3]	@ zero_extendqisi2
 155 00aa DBB2     		uxtb	r3, r3
 156 00ac 9A42     		cmp	r2, r3
 157 00ae 02D1     		bne	.L3
 163:Generated_Source\PSoC5/UART_1_INT.c ****                     {
 164:Generated_Source\PSoC5/UART_1_INT.c ****                         UART_1_rxBufferLoopDetect = 1u;
 158              		.loc 1 164 0
 159 00b0 0122     		movs	r2, #1
 160 00b2 0A4B     		ldr	r3, .L12+28
 161 00b4 1A70     		strb	r2, [r3]
 162              	.LVL12:
 163              	.L3:
 165:Generated_Source\PSoC5/UART_1_INT.c ****                         /* When Hardware Flow Control selected */
 166:Generated_Source\PSoC5/UART_1_INT.c ****                         #if (UART_1_FLOW_CONTROL != 0u)
 167:Generated_Source\PSoC5/UART_1_INT.c ****                             /* Disable RX interrupt mask, it is enabled when user read data from th
 168:Generated_Source\PSoC5/UART_1_INT.c ****                             UART_1_RXSTATUS_MASK_REG  &= (uint8)~UART_1_RX_STS_FIFO_NOTEMPTY;
 169:Generated_Source\PSoC5/UART_1_INT.c ****                             CyIntClearPending(UART_1_RX_VECT_NUM);
 170:Generated_Source\PSoC5/UART_1_INT.c ****                             break; /* Break the reading of the FIFO loop, leave the data there for 
 171:Generated_Source\PSoC5/UART_1_INT.c ****                         #endif /* (UART_1_FLOW_CONTROL != 0u) */
 172:Generated_Source\PSoC5/UART_1_INT.c ****                     }
 173:Generated_Source\PSoC5/UART_1_INT.c ****                 }
 174:Generated_Source\PSoC5/UART_1_INT.c ****             }
 175:Generated_Source\PSoC5/UART_1_INT.c ****         }while((readStatus & UART_1_RX_STS_FIFO_NOTEMPTY) != 0u);
 164              		.loc 1 175 0
 165 00b6 0029     		cmp	r1, #0
 166 00b8 A4D1     		bne	.L10
 176:Generated_Source\PSoC5/UART_1_INT.c **** 
ARM GAS  C:\Users\DELL\AppData\Local\Temp\cc3PY0ut.s 			page 7


 177:Generated_Source\PSoC5/UART_1_INT.c ****         /* User code required at end of ISR (Optional) */
 178:Generated_Source\PSoC5/UART_1_INT.c ****         /* `#START UART_1_RXISR_END` */
 179:Generated_Source\PSoC5/UART_1_INT.c **** 
 180:Generated_Source\PSoC5/UART_1_INT.c ****         /* `#END` */
 181:Generated_Source\PSoC5/UART_1_INT.c **** 
 182:Generated_Source\PSoC5/UART_1_INT.c ****     #ifdef UART_1_RXISR_EXIT_CALLBACK
 183:Generated_Source\PSoC5/UART_1_INT.c ****         UART_1_RXISR_ExitCallback();
 184:Generated_Source\PSoC5/UART_1_INT.c ****     #endif /* UART_1_RXISR_EXIT_CALLBACK */
 185:Generated_Source\PSoC5/UART_1_INT.c **** 
 186:Generated_Source\PSoC5/UART_1_INT.c ****     #if(CY_PSOC3)
 187:Generated_Source\PSoC5/UART_1_INT.c ****         EA = int_en;
 188:Generated_Source\PSoC5/UART_1_INT.c ****     #endif /* (CY_PSOC3) */
 189:Generated_Source\PSoC5/UART_1_INT.c ****     }
 167              		.loc 1 189 0
 168 00ba 10BC     		pop	{r4}
 169              		.cfi_restore 4
 170              		.cfi_def_cfa_offset 0
 171 00bc 7047     		bx	lr
 172              	.L13:
 173 00be 00BF     		.align	2
 174              	.L12:
 175 00c0 68640040 		.word	1073767528
 176 00c4 00000000 		.word	UART_1_errorStatus
 177 00c8 4C640040 		.word	1073767500
 178 00cc 00000000 		.word	UART_1_rxAddressMode
 179 00d0 00000000 		.word	UART_1_rxAddressDetected
 180 00d4 00000000 		.word	UART_1_rxBufferWrite
 181 00d8 00000000 		.word	UART_1_rxBuffer
 182 00dc 00000000 		.word	UART_1_rxBufferLoopDetect
 183 00e0 00000000 		.word	UART_1_rxBufferOverflow
 184 00e4 00000000 		.word	UART_1_rxBufferRead
 185              		.cfi_endproc
 186              	.LFE0:
 187              		.size	UART_1_RXISR, .-UART_1_RXISR
 188              		.section	.text.UART_1_TXISR,"ax",%progbits
 189              		.align	2
 190              		.global	UART_1_TXISR
 191              		.thumb
 192              		.thumb_func
 193              		.type	UART_1_TXISR, %function
 194              	UART_1_TXISR:
 195              	.LFB1:
 190:Generated_Source\PSoC5/UART_1_INT.c ****     
 191:Generated_Source\PSoC5/UART_1_INT.c **** #endif /* (UART_1_RX_INTERRUPT_ENABLED && (UART_1_RX_ENABLED || UART_1_HD_ENABLED)) */
 192:Generated_Source\PSoC5/UART_1_INT.c **** 
 193:Generated_Source\PSoC5/UART_1_INT.c **** 
 194:Generated_Source\PSoC5/UART_1_INT.c **** #if (UART_1_TX_INTERRUPT_ENABLED && UART_1_TX_ENABLED)
 195:Generated_Source\PSoC5/UART_1_INT.c ****     /*******************************************************************************
 196:Generated_Source\PSoC5/UART_1_INT.c ****     * Function Name: UART_1_TXISR
 197:Generated_Source\PSoC5/UART_1_INT.c ****     ********************************************************************************
 198:Generated_Source\PSoC5/UART_1_INT.c ****     *
 199:Generated_Source\PSoC5/UART_1_INT.c ****     * Summary:
 200:Generated_Source\PSoC5/UART_1_INT.c ****     * Interrupt Service Routine for the TX portion of the UART
 201:Generated_Source\PSoC5/UART_1_INT.c ****     *
 202:Generated_Source\PSoC5/UART_1_INT.c ****     * Parameters:
 203:Generated_Source\PSoC5/UART_1_INT.c ****     *  None.
 204:Generated_Source\PSoC5/UART_1_INT.c ****     *
ARM GAS  C:\Users\DELL\AppData\Local\Temp\cc3PY0ut.s 			page 8


 205:Generated_Source\PSoC5/UART_1_INT.c ****     * Return:
 206:Generated_Source\PSoC5/UART_1_INT.c ****     *  None.
 207:Generated_Source\PSoC5/UART_1_INT.c ****     *
 208:Generated_Source\PSoC5/UART_1_INT.c ****     * Global Variables:
 209:Generated_Source\PSoC5/UART_1_INT.c ****     *  UART_1_txBuffer - RAM buffer pointer for transmit data from.
 210:Generated_Source\PSoC5/UART_1_INT.c ****     *  UART_1_txBufferRead - cyclic index for read and transmit data
 211:Generated_Source\PSoC5/UART_1_INT.c ****     *     from txBuffer, increments after each transmitted byte.
 212:Generated_Source\PSoC5/UART_1_INT.c ****     *  UART_1_rxBufferWrite - cyclic index for write to txBuffer,
 213:Generated_Source\PSoC5/UART_1_INT.c ****     *     checked to detect available for transmission bytes.
 214:Generated_Source\PSoC5/UART_1_INT.c ****     *
 215:Generated_Source\PSoC5/UART_1_INT.c ****     *******************************************************************************/
 216:Generated_Source\PSoC5/UART_1_INT.c ****     CY_ISR(UART_1_TXISR)
 217:Generated_Source\PSoC5/UART_1_INT.c ****     {
 196              		.loc 1 217 0
 197              		.cfi_startproc
 198              		@ args = 0, pretend = 0, frame = 0
 199              		@ frame_needed = 0, uses_anonymous_args = 0
 200              		@ link register save eliminated.
 218:Generated_Source\PSoC5/UART_1_INT.c ****     #if(CY_PSOC3)
 219:Generated_Source\PSoC5/UART_1_INT.c ****         uint8 int_en;
 220:Generated_Source\PSoC5/UART_1_INT.c ****     #endif /* (CY_PSOC3) */
 221:Generated_Source\PSoC5/UART_1_INT.c **** 
 222:Generated_Source\PSoC5/UART_1_INT.c ****     #ifdef UART_1_TXISR_ENTRY_CALLBACK
 223:Generated_Source\PSoC5/UART_1_INT.c ****         UART_1_TXISR_EntryCallback();
 224:Generated_Source\PSoC5/UART_1_INT.c ****     #endif /* UART_1_TXISR_ENTRY_CALLBACK */
 225:Generated_Source\PSoC5/UART_1_INT.c **** 
 226:Generated_Source\PSoC5/UART_1_INT.c ****         /* User code required at start of ISR */
 227:Generated_Source\PSoC5/UART_1_INT.c ****         /* `#START UART_1_TXISR_START` */
 228:Generated_Source\PSoC5/UART_1_INT.c **** 
 229:Generated_Source\PSoC5/UART_1_INT.c ****         /* `#END` */
 230:Generated_Source\PSoC5/UART_1_INT.c **** 
 231:Generated_Source\PSoC5/UART_1_INT.c ****     #if(CY_PSOC3)   /* Make sure nested interrupt is enabled */
 232:Generated_Source\PSoC5/UART_1_INT.c ****         int_en = EA;
 233:Generated_Source\PSoC5/UART_1_INT.c ****         CyGlobalIntEnable;
 234:Generated_Source\PSoC5/UART_1_INT.c ****     #endif /* (CY_PSOC3) */
 235:Generated_Source\PSoC5/UART_1_INT.c **** 
 236:Generated_Source\PSoC5/UART_1_INT.c ****         while((UART_1_txBufferRead != UART_1_txBufferWrite) &&
 201              		.loc 1 236 0
 202 0000 13E0     		b	.L15
 203              	.L18:
 237:Generated_Source\PSoC5/UART_1_INT.c ****              ((UART_1_TXSTATUS_REG & UART_1_TX_STS_FIFO_FULL) == 0u))
 238:Generated_Source\PSoC5/UART_1_INT.c ****         {
 239:Generated_Source\PSoC5/UART_1_INT.c ****             /* Check pointer wrap around */
 240:Generated_Source\PSoC5/UART_1_INT.c ****             if(UART_1_txBufferRead >= UART_1_TX_BUFFER_SIZE)
 204              		.loc 1 240 0
 205 0002 104B     		ldr	r3, .L19
 206 0004 1B78     		ldrb	r3, [r3]	@ zero_extendqisi2
 207 0006 DBB2     		uxtb	r3, r3
 208 0008 072B     		cmp	r3, #7
 209 000a 02D9     		bls	.L16
 241:Generated_Source\PSoC5/UART_1_INT.c ****             {
 242:Generated_Source\PSoC5/UART_1_INT.c ****                 UART_1_txBufferRead = 0u;
 210              		.loc 1 242 0
 211 000c 0022     		movs	r2, #0
 212 000e 0D4B     		ldr	r3, .L19
 213 0010 1A70     		strb	r2, [r3]
 214              	.L16:
ARM GAS  C:\Users\DELL\AppData\Local\Temp\cc3PY0ut.s 			page 9


 243:Generated_Source\PSoC5/UART_1_INT.c ****             }
 244:Generated_Source\PSoC5/UART_1_INT.c **** 
 245:Generated_Source\PSoC5/UART_1_INT.c ****             UART_1_TXDATA_REG = UART_1_txBuffer[UART_1_txBufferRead];
 215              		.loc 1 245 0
 216 0012 0C4A     		ldr	r2, .L19
 217 0014 1378     		ldrb	r3, [r2]	@ zero_extendqisi2
 218 0016 DBB2     		uxtb	r3, r3
 219 0018 0B49     		ldr	r1, .L19+4
 220 001a CB5C     		ldrb	r3, [r1, r3]	@ zero_extendqisi2
 221 001c DBB2     		uxtb	r3, r3
 222 001e 0B49     		ldr	r1, .L19+8
 223 0020 0B70     		strb	r3, [r1]
 246:Generated_Source\PSoC5/UART_1_INT.c **** 
 247:Generated_Source\PSoC5/UART_1_INT.c ****             /* Set next pointer */
 248:Generated_Source\PSoC5/UART_1_INT.c ****             UART_1_txBufferRead++;
 224              		.loc 1 248 0
 225 0022 1378     		ldrb	r3, [r2]	@ zero_extendqisi2
 226 0024 0133     		adds	r3, r3, #1
 227 0026 DBB2     		uxtb	r3, r3
 228 0028 1370     		strb	r3, [r2]
 229              	.L15:
 236:Generated_Source\PSoC5/UART_1_INT.c ****              ((UART_1_TXSTATUS_REG & UART_1_TX_STS_FIFO_FULL) == 0u))
 230              		.loc 1 236 0
 231 002a 064B     		ldr	r3, .L19
 232 002c 1B78     		ldrb	r3, [r3]	@ zero_extendqisi2
 233 002e DBB2     		uxtb	r3, r3
 234 0030 074A     		ldr	r2, .L19+12
 235 0032 1278     		ldrb	r2, [r2]	@ zero_extendqisi2
 236 0034 9342     		cmp	r3, r2
 237 0036 04D0     		beq	.L14
 237:Generated_Source\PSoC5/UART_1_INT.c ****         {
 238              		.loc 1 237 0 discriminator 1
 239 0038 064B     		ldr	r3, .L19+16
 240 003a 1B78     		ldrb	r3, [r3]	@ zero_extendqisi2
 236:Generated_Source\PSoC5/UART_1_INT.c ****              ((UART_1_TXSTATUS_REG & UART_1_TX_STS_FIFO_FULL) == 0u))
 241              		.loc 1 236 0 discriminator 1
 242 003c 13F0040F 		tst	r3, #4
 243 0040 DFD0     		beq	.L18
 244              	.L14:
 245 0042 7047     		bx	lr
 246              	.L20:
 247              		.align	2
 248              	.L19:
 249 0044 00000000 		.word	UART_1_txBufferRead
 250 0048 00000000 		.word	UART_1_txBuffer
 251 004c 4A640040 		.word	1073767498
 252 0050 00000000 		.word	UART_1_txBufferWrite
 253 0054 6A640040 		.word	1073767530
 254              		.cfi_endproc
 255              	.LFE1:
 256              		.size	UART_1_TXISR, .-UART_1_TXISR
 257              		.text
 258              	.Letext0:
 259              		.file 2 "Generated_Source\\PSoC5\\cytypes.h"
 260              		.file 3 "Generated_Source\\PSoC5\\UART_1.h"
 261              		.section	.debug_info,"",%progbits
 262              	.Ldebug_info0:
ARM GAS  C:\Users\DELL\AppData\Local\Temp\cc3PY0ut.s 			page 10


 263 0000 9A010000 		.4byte	0x19a
 264 0004 0400     		.2byte	0x4
 265 0006 00000000 		.4byte	.Ldebug_abbrev0
 266 000a 04       		.byte	0x4
 267 000b 01       		.uleb128 0x1
 268 000c 95000000 		.4byte	.LASF30
 269 0010 0C       		.byte	0xc
 270 0011 B7020000 		.4byte	.LASF31
 271 0015 66010000 		.4byte	.LASF32
 272 0019 00000000 		.4byte	.Ldebug_ranges0+0
 273 001d 00000000 		.4byte	0
 274 0021 00000000 		.4byte	.Ldebug_line0
 275 0025 02       		.uleb128 0x2
 276 0026 01       		.byte	0x1
 277 0027 06       		.byte	0x6
 278 0028 EF020000 		.4byte	.LASF0
 279 002c 02       		.uleb128 0x2
 280 002d 01       		.byte	0x1
 281 002e 08       		.byte	0x8
 282 002f 87000000 		.4byte	.LASF1
 283 0033 02       		.uleb128 0x2
 284 0034 02       		.byte	0x2
 285 0035 05       		.byte	0x5
 286 0036 7A020000 		.4byte	.LASF2
 287 003a 02       		.uleb128 0x2
 288 003b 02       		.byte	0x2
 289 003c 07       		.byte	0x7
 290 003d 49000000 		.4byte	.LASF3
 291 0041 02       		.uleb128 0x2
 292 0042 04       		.byte	0x4
 293 0043 05       		.byte	0x5
 294 0044 99020000 		.4byte	.LASF4
 295 0048 02       		.uleb128 0x2
 296 0049 04       		.byte	0x4
 297 004a 07       		.byte	0x7
 298 004b 41010000 		.4byte	.LASF5
 299 004f 02       		.uleb128 0x2
 300 0050 08       		.byte	0x8
 301 0051 05       		.byte	0x5
 302 0052 5A020000 		.4byte	.LASF6
 303 0056 02       		.uleb128 0x2
 304 0057 08       		.byte	0x8
 305 0058 07       		.byte	0x7
 306 0059 16020000 		.4byte	.LASF7
 307 005d 03       		.uleb128 0x3
 308 005e 04       		.byte	0x4
 309 005f 05       		.byte	0x5
 310 0060 696E7400 		.ascii	"int\000"
 311 0064 02       		.uleb128 0x2
 312 0065 04       		.byte	0x4
 313 0066 07       		.byte	0x7
 314 0067 09020000 		.4byte	.LASF8
 315 006b 04       		.uleb128 0x4
 316 006c 53010000 		.4byte	.LASF12
 317 0070 02       		.byte	0x2
 318 0071 E801     		.2byte	0x1e8
 319 0073 2C000000 		.4byte	0x2c
ARM GAS  C:\Users\DELL\AppData\Local\Temp\cc3PY0ut.s 			page 11


 320 0077 02       		.uleb128 0x2
 321 0078 04       		.byte	0x4
 322 0079 04       		.byte	0x4
 323 007a 29000000 		.4byte	.LASF9
 324 007e 02       		.uleb128 0x2
 325 007f 08       		.byte	0x8
 326 0080 04       		.byte	0x4
 327 0081 ED010000 		.4byte	.LASF10
 328 0085 02       		.uleb128 0x2
 329 0086 01       		.byte	0x1
 330 0087 08       		.byte	0x8
 331 0088 A2020000 		.4byte	.LASF11
 332 008c 04       		.uleb128 0x4
 333 008d 23010000 		.4byte	.LASF13
 334 0091 02       		.byte	0x2
 335 0092 9202     		.2byte	0x292
 336 0094 98000000 		.4byte	0x98
 337 0098 05       		.uleb128 0x5
 338 0099 6B000000 		.4byte	0x6b
 339 009d 02       		.uleb128 0x2
 340 009e 08       		.byte	0x8
 341 009f 04       		.byte	0x4
 342 00a0 45020000 		.4byte	.LASF14
 343 00a4 02       		.uleb128 0x2
 344 00a5 04       		.byte	0x4
 345 00a6 07       		.byte	0x7
 346 00a7 51020000 		.4byte	.LASF15
 347 00ab 06       		.uleb128 0x6
 348 00ac 6F000000 		.4byte	.LASF33
 349 00b0 01       		.byte	0x1
 350 00b1 3B       		.byte	0x3b
 351 00b2 00000000 		.4byte	.LFB0
 352 00b6 E8000000 		.4byte	.LFE0-.LFB0
 353 00ba 01       		.uleb128 0x1
 354 00bb 9C       		.byte	0x9c
 355 00bc EE000000 		.4byte	0xee
 356 00c0 07       		.uleb128 0x7
 357 00c1 FB020000 		.4byte	.LASF16
 358 00c5 01       		.byte	0x1
 359 00c6 3D       		.byte	0x3d
 360 00c7 6B000000 		.4byte	0x6b
 361 00cb 00000000 		.4byte	.LLST0
 362 00cf 07       		.uleb128 0x7
 363 00d0 7C000000 		.4byte	.LASF17
 364 00d4 01       		.byte	0x1
 365 00d5 3E       		.byte	0x3e
 366 00d6 6B000000 		.4byte	0x6b
 367 00da 1E000000 		.4byte	.LLST1
 368 00de 07       		.uleb128 0x7
 369 00df 68020000 		.4byte	.LASF18
 370 00e3 01       		.byte	0x1
 371 00e4 3F       		.byte	0x3f
 372 00e5 6B000000 		.4byte	0x6b
 373 00e9 47000000 		.4byte	.LLST2
 374 00ed 00       		.byte	0
 375 00ee 08       		.uleb128 0x8
 376 00ef 59010000 		.4byte	.LASF34
ARM GAS  C:\Users\DELL\AppData\Local\Temp\cc3PY0ut.s 			page 12


 377 00f3 01       		.byte	0x1
 378 00f4 D8       		.byte	0xd8
 379 00f5 00000000 		.4byte	.LFB1
 380 00f9 58000000 		.4byte	.LFE1-.LFB1
 381 00fd 01       		.uleb128 0x1
 382 00fe 9C       		.byte	0x9c
 383 00ff 09       		.uleb128 0x9
 384 0100 98000000 		.4byte	0x98
 385 0104 0F010000 		.4byte	0x10f
 386 0108 0A       		.uleb128 0xa
 387 0109 A4000000 		.4byte	0xa4
 388 010d 07       		.byte	0x7
 389 010e 00       		.byte	0
 390 010f 0B       		.uleb128 0xb
 391 0110 DD010000 		.4byte	.LASF19
 392 0114 03       		.byte	0x3
 393 0115 3801     		.2byte	0x138
 394 0117 1B010000 		.4byte	0x11b
 395 011b 05       		.uleb128 0x5
 396 011c FF000000 		.4byte	0xff
 397 0120 0B       		.uleb128 0xb
 398 0121 DB020000 		.4byte	.LASF20
 399 0125 03       		.byte	0x3
 400 0126 3901     		.2byte	0x139
 401 0128 98000000 		.4byte	0x98
 402 012c 0B       		.uleb128 0xb
 403 012d 84020000 		.4byte	.LASF21
 404 0131 03       		.byte	0x3
 405 0132 3A01     		.2byte	0x13a
 406 0134 6B000000 		.4byte	0x6b
 407 0138 0B       		.uleb128 0xb
 408 0139 5C000000 		.4byte	.LASF22
 409 013d 03       		.byte	0x3
 410 013e 3D01     		.2byte	0x13d
 411 0140 6B000000 		.4byte	0x6b
 412 0144 0B       		.uleb128 0xb
 413 0145 A7020000 		.4byte	.LASF23
 414 0149 03       		.byte	0x3
 415 014a 3E01     		.2byte	0x13e
 416 014c 50010000 		.4byte	0x150
 417 0150 05       		.uleb128 0x5
 418 0151 FF000000 		.4byte	0xff
 419 0155 0B       		.uleb128 0xb
 420 0156 00000000 		.4byte	.LASF24
 421 015a 03       		.byte	0x3
 422 015b 3F01     		.2byte	0x13f
 423 015d 98000000 		.4byte	0x98
 424 0161 0B       		.uleb128 0xb
 425 0162 F4010000 		.4byte	.LASF25
 426 0166 03       		.byte	0x3
 427 0167 4001     		.2byte	0x140
 428 0169 98000000 		.4byte	0x98
 429 016d 0B       		.uleb128 0xb
 430 016e 2F000000 		.4byte	.LASF26
 431 0172 03       		.byte	0x3
 432 0173 4101     		.2byte	0x141
 433 0175 98000000 		.4byte	0x98
ARM GAS  C:\Users\DELL\AppData\Local\Temp\cc3PY0ut.s 			page 13


 434 0179 0B       		.uleb128 0xb
 435 017a 2D020000 		.4byte	.LASF27
 436 017e 03       		.byte	0x3
 437 017f 4201     		.2byte	0x142
 438 0181 98000000 		.4byte	0x98
 439 0185 0B       		.uleb128 0xb
 440 0186 14000000 		.4byte	.LASF28
 441 018a 03       		.byte	0x3
 442 018b 4401     		.2byte	0x144
 443 018d 98000000 		.4byte	0x98
 444 0191 0B       		.uleb128 0xb
 445 0192 28010000 		.4byte	.LASF29
 446 0196 03       		.byte	0x3
 447 0197 4501     		.2byte	0x145
 448 0199 98000000 		.4byte	0x98
 449 019d 00       		.byte	0
 450              		.section	.debug_abbrev,"",%progbits
 451              	.Ldebug_abbrev0:
 452 0000 01       		.uleb128 0x1
 453 0001 11       		.uleb128 0x11
 454 0002 01       		.byte	0x1
 455 0003 25       		.uleb128 0x25
 456 0004 0E       		.uleb128 0xe
 457 0005 13       		.uleb128 0x13
 458 0006 0B       		.uleb128 0xb
 459 0007 03       		.uleb128 0x3
 460 0008 0E       		.uleb128 0xe
 461 0009 1B       		.uleb128 0x1b
 462 000a 0E       		.uleb128 0xe
 463 000b 55       		.uleb128 0x55
 464 000c 17       		.uleb128 0x17
 465 000d 11       		.uleb128 0x11
 466 000e 01       		.uleb128 0x1
 467 000f 10       		.uleb128 0x10
 468 0010 17       		.uleb128 0x17
 469 0011 00       		.byte	0
 470 0012 00       		.byte	0
 471 0013 02       		.uleb128 0x2
 472 0014 24       		.uleb128 0x24
 473 0015 00       		.byte	0
 474 0016 0B       		.uleb128 0xb
 475 0017 0B       		.uleb128 0xb
 476 0018 3E       		.uleb128 0x3e
 477 0019 0B       		.uleb128 0xb
 478 001a 03       		.uleb128 0x3
 479 001b 0E       		.uleb128 0xe
 480 001c 00       		.byte	0
 481 001d 00       		.byte	0
 482 001e 03       		.uleb128 0x3
 483 001f 24       		.uleb128 0x24
 484 0020 00       		.byte	0
 485 0021 0B       		.uleb128 0xb
 486 0022 0B       		.uleb128 0xb
 487 0023 3E       		.uleb128 0x3e
 488 0024 0B       		.uleb128 0xb
 489 0025 03       		.uleb128 0x3
 490 0026 08       		.uleb128 0x8
ARM GAS  C:\Users\DELL\AppData\Local\Temp\cc3PY0ut.s 			page 14


 491 0027 00       		.byte	0
 492 0028 00       		.byte	0
 493 0029 04       		.uleb128 0x4
 494 002a 16       		.uleb128 0x16
 495 002b 00       		.byte	0
 496 002c 03       		.uleb128 0x3
 497 002d 0E       		.uleb128 0xe
 498 002e 3A       		.uleb128 0x3a
 499 002f 0B       		.uleb128 0xb
 500 0030 3B       		.uleb128 0x3b
 501 0031 05       		.uleb128 0x5
 502 0032 49       		.uleb128 0x49
 503 0033 13       		.uleb128 0x13
 504 0034 00       		.byte	0
 505 0035 00       		.byte	0
 506 0036 05       		.uleb128 0x5
 507 0037 35       		.uleb128 0x35
 508 0038 00       		.byte	0
 509 0039 49       		.uleb128 0x49
 510 003a 13       		.uleb128 0x13
 511 003b 00       		.byte	0
 512 003c 00       		.byte	0
 513 003d 06       		.uleb128 0x6
 514 003e 2E       		.uleb128 0x2e
 515 003f 01       		.byte	0x1
 516 0040 3F       		.uleb128 0x3f
 517 0041 19       		.uleb128 0x19
 518 0042 03       		.uleb128 0x3
 519 0043 0E       		.uleb128 0xe
 520 0044 3A       		.uleb128 0x3a
 521 0045 0B       		.uleb128 0xb
 522 0046 3B       		.uleb128 0x3b
 523 0047 0B       		.uleb128 0xb
 524 0048 27       		.uleb128 0x27
 525 0049 19       		.uleb128 0x19
 526 004a 11       		.uleb128 0x11
 527 004b 01       		.uleb128 0x1
 528 004c 12       		.uleb128 0x12
 529 004d 06       		.uleb128 0x6
 530 004e 40       		.uleb128 0x40
 531 004f 18       		.uleb128 0x18
 532 0050 9742     		.uleb128 0x2117
 533 0052 19       		.uleb128 0x19
 534 0053 01       		.uleb128 0x1
 535 0054 13       		.uleb128 0x13
 536 0055 00       		.byte	0
 537 0056 00       		.byte	0
 538 0057 07       		.uleb128 0x7
 539 0058 34       		.uleb128 0x34
 540 0059 00       		.byte	0
 541 005a 03       		.uleb128 0x3
 542 005b 0E       		.uleb128 0xe
 543 005c 3A       		.uleb128 0x3a
 544 005d 0B       		.uleb128 0xb
 545 005e 3B       		.uleb128 0x3b
 546 005f 0B       		.uleb128 0xb
 547 0060 49       		.uleb128 0x49
ARM GAS  C:\Users\DELL\AppData\Local\Temp\cc3PY0ut.s 			page 15


 548 0061 13       		.uleb128 0x13
 549 0062 02       		.uleb128 0x2
 550 0063 17       		.uleb128 0x17
 551 0064 00       		.byte	0
 552 0065 00       		.byte	0
 553 0066 08       		.uleb128 0x8
 554 0067 2E       		.uleb128 0x2e
 555 0068 00       		.byte	0
 556 0069 3F       		.uleb128 0x3f
 557 006a 19       		.uleb128 0x19
 558 006b 03       		.uleb128 0x3
 559 006c 0E       		.uleb128 0xe
 560 006d 3A       		.uleb128 0x3a
 561 006e 0B       		.uleb128 0xb
 562 006f 3B       		.uleb128 0x3b
 563 0070 0B       		.uleb128 0xb
 564 0071 27       		.uleb128 0x27
 565 0072 19       		.uleb128 0x19
 566 0073 11       		.uleb128 0x11
 567 0074 01       		.uleb128 0x1
 568 0075 12       		.uleb128 0x12
 569 0076 06       		.uleb128 0x6
 570 0077 40       		.uleb128 0x40
 571 0078 18       		.uleb128 0x18
 572 0079 9742     		.uleb128 0x2117
 573 007b 19       		.uleb128 0x19
 574 007c 00       		.byte	0
 575 007d 00       		.byte	0
 576 007e 09       		.uleb128 0x9
 577 007f 01       		.uleb128 0x1
 578 0080 01       		.byte	0x1
 579 0081 49       		.uleb128 0x49
 580 0082 13       		.uleb128 0x13
 581 0083 01       		.uleb128 0x1
 582 0084 13       		.uleb128 0x13
 583 0085 00       		.byte	0
 584 0086 00       		.byte	0
 585 0087 0A       		.uleb128 0xa
 586 0088 21       		.uleb128 0x21
 587 0089 00       		.byte	0
 588 008a 49       		.uleb128 0x49
 589 008b 13       		.uleb128 0x13
 590 008c 2F       		.uleb128 0x2f
 591 008d 0B       		.uleb128 0xb
 592 008e 00       		.byte	0
 593 008f 00       		.byte	0
 594 0090 0B       		.uleb128 0xb
 595 0091 34       		.uleb128 0x34
 596 0092 00       		.byte	0
 597 0093 03       		.uleb128 0x3
 598 0094 0E       		.uleb128 0xe
 599 0095 3A       		.uleb128 0x3a
 600 0096 0B       		.uleb128 0xb
 601 0097 3B       		.uleb128 0x3b
 602 0098 05       		.uleb128 0x5
 603 0099 49       		.uleb128 0x49
 604 009a 13       		.uleb128 0x13
ARM GAS  C:\Users\DELL\AppData\Local\Temp\cc3PY0ut.s 			page 16


 605 009b 3F       		.uleb128 0x3f
 606 009c 19       		.uleb128 0x19
 607 009d 3C       		.uleb128 0x3c
 608 009e 19       		.uleb128 0x19
 609 009f 00       		.byte	0
 610 00a0 00       		.byte	0
 611 00a1 00       		.byte	0
 612              		.section	.debug_loc,"",%progbits
 613              	.Ldebug_loc0:
 614              	.LLST0:
 615 0000 0A000000 		.4byte	.LVL2
 616 0004 2E000000 		.4byte	.LVL3
 617 0008 0100     		.2byte	0x1
 618 000a 53       		.byte	0x53
 619 000b 2E000000 		.4byte	.LVL3
 620 000f B6000000 		.4byte	.LVL12
 621 0013 0100     		.2byte	0x1
 622 0015 54       		.byte	0x54
 623 0016 00000000 		.4byte	0
 624 001a 00000000 		.4byte	0
 625              	.LLST1:
 626 001e 0A000000 		.4byte	.LVL2
 627 0022 48000000 		.4byte	.LVL4
 628 0026 0100     		.2byte	0x1
 629 0028 53       		.byte	0x53
 630 0029 4C000000 		.4byte	.LVL5
 631 002d 50000000 		.4byte	.LVL6
 632 0031 0100     		.2byte	0x1
 633 0033 53       		.byte	0x53
 634 0034 6A000000 		.4byte	.LVL8
 635 0038 6C000000 		.4byte	.LVL9
 636 003c 0100     		.2byte	0x1
 637 003e 53       		.byte	0x53
 638 003f 00000000 		.4byte	0
 639 0043 00000000 		.4byte	0
 640              	.LLST2:
 641 0047 02000000 		.4byte	.LVL0
 642 004b 04000000 		.4byte	.LVL1
 643 004f 0200     		.2byte	0x2
 644 0051 30       		.byte	0x30
 645 0052 9F       		.byte	0x9f
 646 0053 04000000 		.4byte	.LVL1
 647 0057 66000000 		.4byte	.LVL7
 648 005b 0100     		.2byte	0x1
 649 005d 50       		.byte	0x50
 650 005e 66000000 		.4byte	.LVL7
 651 0062 6A000000 		.4byte	.LVL8
 652 0066 0200     		.2byte	0x2
 653 0068 31       		.byte	0x31
 654 0069 9F       		.byte	0x9f
 655 006a 6A000000 		.4byte	.LVL8
 656 006e 74000000 		.4byte	.LVL10
 657 0072 0100     		.2byte	0x1
 658 0074 50       		.byte	0x50
 659 0075 74000000 		.4byte	.LVL10
 660 0079 76000000 		.4byte	.LVL11
 661 007d 0200     		.2byte	0x2
ARM GAS  C:\Users\DELL\AppData\Local\Temp\cc3PY0ut.s 			page 17


 662 007f 31       		.byte	0x31
 663 0080 9F       		.byte	0x9f
 664 0081 76000000 		.4byte	.LVL11
 665 0085 E8000000 		.4byte	.LFE0
 666 0089 0100     		.2byte	0x1
 667 008b 50       		.byte	0x50
 668 008c 00000000 		.4byte	0
 669 0090 00000000 		.4byte	0
 670              		.section	.debug_aranges,"",%progbits
 671 0000 24000000 		.4byte	0x24
 672 0004 0200     		.2byte	0x2
 673 0006 00000000 		.4byte	.Ldebug_info0
 674 000a 04       		.byte	0x4
 675 000b 00       		.byte	0
 676 000c 0000     		.2byte	0
 677 000e 0000     		.2byte	0
 678 0010 00000000 		.4byte	.LFB0
 679 0014 E8000000 		.4byte	.LFE0-.LFB0
 680 0018 00000000 		.4byte	.LFB1
 681 001c 58000000 		.4byte	.LFE1-.LFB1
 682 0020 00000000 		.4byte	0
 683 0024 00000000 		.4byte	0
 684              		.section	.debug_ranges,"",%progbits
 685              	.Ldebug_ranges0:
 686 0000 00000000 		.4byte	.LFB0
 687 0004 E8000000 		.4byte	.LFE0
 688 0008 00000000 		.4byte	.LFB1
 689 000c 58000000 		.4byte	.LFE1
 690 0010 00000000 		.4byte	0
 691 0014 00000000 		.4byte	0
 692              		.section	.debug_line,"",%progbits
 693              	.Ldebug_line0:
 694 0000 AE000000 		.section	.debug_str,"MS",%progbits,1
 694      02005300 
 694      00000201 
 694      FB0E0D00 
 694      01010101 
 695              	.LASF24:
 696 0000 55415254 		.ascii	"UART_1_rxBufferRead\000"
 696      5F315F72 
 696      78427566 
 696      66657252 
 696      65616400 
 697              	.LASF28:
 698 0014 55415254 		.ascii	"UART_1_rxAddressMode\000"
 698      5F315F72 
 698      78416464 
 698      72657373 
 698      4D6F6465 
 699              	.LASF9:
 700 0029 666C6F61 		.ascii	"float\000"
 700      7400
 701              	.LASF26:
 702 002f 55415254 		.ascii	"UART_1_rxBufferLoopDetect\000"
 702      5F315F72 
 702      78427566 
 702      6665724C 
ARM GAS  C:\Users\DELL\AppData\Local\Temp\cc3PY0ut.s 			page 18


 702      6F6F7044 
 703              	.LASF3:
 704 0049 73686F72 		.ascii	"short unsigned int\000"
 704      7420756E 
 704      7369676E 
 704      65642069 
 704      6E7400
 705              	.LASF22:
 706 005c 55415254 		.ascii	"UART_1_errorStatus\000"
 706      5F315F65 
 706      72726F72 
 706      53746174 
 706      757300
 707              	.LASF33:
 708 006f 55415254 		.ascii	"UART_1_RXISR\000"
 708      5F315F52 
 708      58495352 
 708      00
 709              	.LASF17:
 710 007c 72656164 		.ascii	"readStatus\000"
 710      53746174 
 710      757300
 711              	.LASF1:
 712 0087 756E7369 		.ascii	"unsigned char\000"
 712      676E6564 
 712      20636861 
 712      7200
 713              	.LASF30:
 714 0095 474E5520 		.ascii	"GNU C11 5.4.1 20160609 (release) [ARM/embedded-5-br"
 714      43313120 
 714      352E342E 
 714      31203230 
 714      31363036 
 715 00c8 616E6368 		.ascii	"anch revision 237715] -mcpu=cortex-m3 -mthumb -g -O"
 715      20726576 
 715      6973696F 
 715      6E203233 
 715      37373135 
 716 00fb 67202D66 		.ascii	"g -ffunction-sections -ffat-lto-objects\000"
 716      66756E63 
 716      74696F6E 
 716      2D736563 
 716      74696F6E 
 717              	.LASF13:
 718 0123 72656738 		.ascii	"reg8\000"
 718      00
 719              	.LASF29:
 720 0128 55415254 		.ascii	"UART_1_rxAddressDetected\000"
 720      5F315F72 
 720      78416464 
 720      72657373 
 720      44657465 
 721              	.LASF5:
 722 0141 6C6F6E67 		.ascii	"long unsigned int\000"
 722      20756E73 
 722      69676E65 
 722      6420696E 
ARM GAS  C:\Users\DELL\AppData\Local\Temp\cc3PY0ut.s 			page 19


 722      7400
 723              	.LASF12:
 724 0153 75696E74 		.ascii	"uint8\000"
 724      3800
 725              	.LASF34:
 726 0159 55415254 		.ascii	"UART_1_TXISR\000"
 726      5F315F54 
 726      58495352 
 726      00
 727              	.LASF32:
 728 0166 433A5C55 		.ascii	"C:\\Users\\DELL\\Downloads\\Signal-Generator_1 (2)\\"
 728      73657273 
 728      5C44454C 
 728      4C5C446F 
 728      776E6C6F 
 729 0195 5369676E 		.ascii	"Signal-Generator_1\\Signal-Generator_1\\Signal-Gene"
 729      616C2D47 
 729      656E6572 
 729      61746F72 
 729      5F315C53 
 730 01c6 7261746F 		.ascii	"rator_1\\Design01.cydsn\000"
 730      725F315C 
 730      44657369 
 730      676E3031 
 730      2E637964 
 731              	.LASF19:
 732 01dd 55415254 		.ascii	"UART_1_txBuffer\000"
 732      5F315F74 
 732      78427566 
 732      66657200 
 733              	.LASF10:
 734 01ed 646F7562 		.ascii	"double\000"
 734      6C6500
 735              	.LASF25:
 736 01f4 55415254 		.ascii	"UART_1_rxBufferWrite\000"
 736      5F315F72 
 736      78427566 
 736      66657257 
 736      72697465 
 737              	.LASF8:
 738 0209 756E7369 		.ascii	"unsigned int\000"
 738      676E6564 
 738      20696E74 
 738      00
 739              	.LASF7:
 740 0216 6C6F6E67 		.ascii	"long long unsigned int\000"
 740      206C6F6E 
 740      6720756E 
 740      7369676E 
 740      65642069 
 741              	.LASF27:
 742 022d 55415254 		.ascii	"UART_1_rxBufferOverflow\000"
 742      5F315F72 
 742      78427566 
 742      6665724F 
 742      76657266 
 743              	.LASF14:
ARM GAS  C:\Users\DELL\AppData\Local\Temp\cc3PY0ut.s 			page 20


 744 0245 6C6F6E67 		.ascii	"long double\000"
 744      20646F75 
 744      626C6500 
 745              	.LASF15:
 746 0251 73697A65 		.ascii	"sizetype\000"
 746      74797065 
 746      00
 747              	.LASF6:
 748 025a 6C6F6E67 		.ascii	"long long int\000"
 748      206C6F6E 
 748      6720696E 
 748      7400
 749              	.LASF18:
 750 0268 696E6372 		.ascii	"increment_pointer\000"
 750      656D656E 
 750      745F706F 
 750      696E7465 
 750      7200
 751              	.LASF2:
 752 027a 73686F72 		.ascii	"short int\000"
 752      7420696E 
 752      7400
 753              	.LASF21:
 754 0284 55415254 		.ascii	"UART_1_txBufferWrite\000"
 754      5F315F74 
 754      78427566 
 754      66657257 
 754      72697465 
 755              	.LASF4:
 756 0299 6C6F6E67 		.ascii	"long int\000"
 756      20696E74 
 756      00
 757              	.LASF11:
 758 02a2 63686172 		.ascii	"char\000"
 758      00
 759              	.LASF23:
 760 02a7 55415254 		.ascii	"UART_1_rxBuffer\000"
 760      5F315F72 
 760      78427566 
 760      66657200 
 761              	.LASF31:
 762 02b7 47656E65 		.ascii	"Generated_Source\\PSoC5\\UART_1_INT.c\000"
 762      72617465 
 762      645F536F 
 762      75726365 
 762      5C50536F 
 763              	.LASF20:
 764 02db 55415254 		.ascii	"UART_1_txBufferRead\000"
 764      5F315F74 
 764      78427566 
 764      66657252 
 764      65616400 
 765              	.LASF0:
 766 02ef 7369676E 		.ascii	"signed char\000"
 766      65642063 
 766      68617200 
 767              	.LASF16:
ARM GAS  C:\Users\DELL\AppData\Local\Temp\cc3PY0ut.s 			page 21


 768 02fb 72656164 		.ascii	"readData\000"
 768      44617461 
 768      00
 769              		.ident	"GCC: (GNU Tools for ARM Embedded Processors) 5.4.1 20160609 (release) [ARM/embedded-5-bran
