ARM GAS  C:\Users\DELL\AppData\Local\Temp\ccwaTXeg.s 			page 1


   1              		.syntax unified
   2              		.cpu cortex-m3
   3              		.fpu softvfp
   4              		.eabi_attribute 20, 1
   5              		.eabi_attribute 21, 1
   6              		.eabi_attribute 23, 3
   7              		.eabi_attribute 24, 1
   8              		.eabi_attribute 25, 1
   9              		.eabi_attribute 26, 1
  10              		.eabi_attribute 30, 1
  11              		.eabi_attribute 34, 1
  12              		.eabi_attribute 18, 4
  13              		.thumb
  14              		.syntax unified
  15              		.file	"cymetadata.c"
  16              		.text
  17              	.Ltext0:
  18              		.cfi_sections	.debug_frame
  19              		.global	cy_metadata
  20              		.global	cy_meta_flashprotect
  21              		.global	cy_meta_wonvl
  22              		.global	cy_meta_custnvl
  23              		.global	cy_meta_configecc
  24              		.section	.cyconfigecc,"a",%progbits
  25              		.align	2
  26              		.type	cy_meta_configecc, %object
  27              		.size	cy_meta_configecc, 1684
  28              	cy_meta_configecc:
  29 0000 02       		.byte	2
  30 0001 64       		.byte	100
  31 0002 00       		.byte	0
  32 0003 40       		.byte	64
  33 0004 01       		.byte	1
  34 0005 65       		.byte	101
  35 0006 00       		.byte	0
  36 0007 40       		.byte	64
  37 0008 01       		.byte	1
  38 0009 05       		.byte	5
  39 000a 01       		.byte	1
  40 000b 40       		.byte	64
  41 000c 15       		.byte	21
  42 000d 08       		.byte	8
  43 000e 01       		.byte	1
  44 000f 40       		.byte	64
  45 0010 4C       		.byte	76
  46 0011 09       		.byte	9
  47 0012 01       		.byte	1
  48 0013 40       		.byte	64
  49 0014 4F       		.byte	79
  50 0015 0A       		.byte	10
  51 0016 01       		.byte	1
  52 0017 40       		.byte	64
  53 0018 48       		.byte	72
  54 0019 0B       		.byte	11
  55 001a 01       		.byte	1
  56 001b 40       		.byte	64
  57 001c 48       		.byte	72
ARM GAS  C:\Users\DELL\AppData\Local\Temp\ccwaTXeg.s 			page 2


  58 001d 0C       		.byte	12
  59 001e 01       		.byte	1
  60 001f 40       		.byte	64
  61 0020 2F       		.byte	47
  62 0021 0D       		.byte	13
  63 0022 01       		.byte	1
  64 0023 40       		.byte	64
  65 0024 01       		.byte	1
  66 0025 15       		.byte	21
  67 0026 01       		.byte	1
  68 0027 40       		.byte	64
  69 0028 4D       		.byte	77
  70 0029 18       		.byte	24
  71 002a 01       		.byte	1
  72 002b 40       		.byte	64
  73 002c 3E       		.byte	62
  74 002d 19       		.byte	25
  75 002e 01       		.byte	1
  76 002f 40       		.byte	64
  77 0030 60       		.byte	96
  78 0031 1A       		.byte	26
  79 0032 01       		.byte	1
  80 0033 40       		.byte	64
  81 0034 44       		.byte	68
  82 0035 1B       		.byte	27
  83 0036 01       		.byte	1
  84 0037 40       		.byte	64
  85 0038 06       		.byte	6
  86 0039 40       		.byte	64
  87 003a 01       		.byte	1
  88 003b 40       		.byte	64
  89 003c 02       		.byte	2
  90 003d 41       		.byte	65
  91 003e 01       		.byte	1
  92 003f 40       		.byte	64
  93 0040 03       		.byte	3
  94 0041 42       		.byte	66
  95 0042 01       		.byte	1
  96 0043 40       		.byte	64
  97 0044 01       		.byte	1
  98 0045 43       		.byte	67
  99 0046 01       		.byte	1
 100 0047 40       		.byte	64
 101 0048 02       		.byte	2
 102 0049 44       		.byte	68
 103 004a 01       		.byte	1
 104 004b 40       		.byte	64
 105 004c 02       		.byte	2
 106 004d 45       		.byte	69
 107 004e 01       		.byte	1
 108 004f 40       		.byte	64
 109 0050 01       		.byte	1
 110 0051 48       		.byte	72
 111 0052 01       		.byte	1
 112 0053 40       		.byte	64
 113 0054 03       		.byte	3
 114 0055 49       		.byte	73
ARM GAS  C:\Users\DELL\AppData\Local\Temp\ccwaTXeg.s 			page 3


 115 0056 01       		.byte	1
 116 0057 40       		.byte	64
 117 0058 04       		.byte	4
 118 0059 4D       		.byte	77
 119 005a 01       		.byte	1
 120 005b 40       		.byte	64
 121 005c 05       		.byte	5
 122 005d 50       		.byte	80
 123 005e 01       		.byte	1
 124 005f 40       		.byte	64
 125 0060 01       		.byte	1
 126 0061 51       		.byte	81
 127 0062 01       		.byte	1
 128 0063 40       		.byte	64
 129 0064 88       		.byte	-120
 130 0065 76       		.byte	118
 131 0066 8C       		.byte	-116
 132 0067 79       		.byte	121
 133 0068 8A       		.byte	-118
 134 0069 0F       		.byte	15
 135 006a EE       		.byte	-18
 136 006b 01       		.byte	1
 137 006c 82       		.byte	-126
 138 006d 08       		.byte	8
 139 006e 84       		.byte	-124
 140 006f 1F       		.byte	31
 141 0070 88       		.byte	-120
 142 0071 01       		.byte	1
 143 0072 8A       		.byte	-118
 144 0073 0C       		.byte	12
 145 0074 8C       		.byte	-116
 146 0075 10       		.byte	16
 147 0076 92       		.byte	-110
 148 0077 0F       		.byte	15
 149 0078 94       		.byte	-108
 150 0079 0F       		.byte	15
 151 007a 96       		.byte	-106
 152 007b 10       		.byte	16
 153 007c 9A       		.byte	-102
 154 007d 10       		.byte	16
 155 007e 9C       		.byte	-100
 156 007f 10       		.byte	16
 157 0080 9E       		.byte	-98
 158 0081 0F       		.byte	15
 159 0082 A2       		.byte	-94
 160 0083 08       		.byte	8
 161 0084 A4       		.byte	-92
 162 0085 10       		.byte	16
 163 0086 A8       		.byte	-88
 164 0087 04       		.byte	4
 165 0088 AA       		.byte	-86
 166 0089 02       		.byte	2
 167 008a AC       		.byte	-84
 168 008b 01       		.byte	1
 169 008c AE       		.byte	-82
 170 008d 02       		.byte	2
 171 008e B0       		.byte	-80
ARM GAS  C:\Users\DELL\AppData\Local\Temp\ccwaTXeg.s 			page 4


 172 008f 1F       		.byte	31
 173 0090 BE       		.byte	-66
 174 0091 01       		.byte	1
 175 0092 D8       		.byte	-40
 176 0093 04       		.byte	4
 177 0094 DF       		.byte	-33
 178 0095 01       		.byte	1
 179 0096 00       		.byte	0
 180 0097 80       		.byte	-128
 181 0098 02       		.byte	2
 182 0099 04       		.byte	4
 183 009a 03       		.byte	3
 184 009b 50       		.byte	80
 185 009c 04       		.byte	4
 186 009d 02       		.byte	2
 187 009e 06       		.byte	6
 188 009f 04       		.byte	4
 189 00a0 07       		.byte	7
 190 00a1 11       		.byte	17
 191 00a2 08       		.byte	8
 192 00a3 02       		.byte	2
 193 00a4 09       		.byte	9
 194 00a5 50       		.byte	80
 195 00a6 0B       		.byte	11
 196 00a7 10       		.byte	16
 197 00a8 0C       		.byte	12
 198 00a9 82       		.byte	-126
 199 00aa 0F       		.byte	15
 200 00ab 18       		.byte	24
 201 00ac 10       		.byte	16
 202 00ad 82       		.byte	-126
 203 00ae 12       		.byte	18
 204 00af 10       		.byte	16
 205 00b0 13       		.byte	19
 206 00b1 20       		.byte	32
 207 00b2 15       		.byte	21
 208 00b3 02       		.byte	2
 209 00b4 16       		.byte	22
 210 00b5 20       		.byte	32
 211 00b6 17       		.byte	23
 212 00b7 60       		.byte	96
 213 00b8 19       		.byte	25
 214 00b9 01       		.byte	1
 215 00ba 1E       		.byte	30
 216 00bb 02       		.byte	2
 217 00bc 1F       		.byte	31
 218 00bd 10       		.byte	16
 219 00be 24       		.byte	36
 220 00bf 01       		.byte	1
 221 00c0 25       		.byte	37
 222 00c1 70       		.byte	112
 223 00c2 26       		.byte	38
 224 00c3 20       		.byte	32
 225 00c4 27       		.byte	39
 226 00c5 01       		.byte	1
 227 00c6 2C       		.byte	44
 228 00c7 08       		.byte	8
ARM GAS  C:\Users\DELL\AppData\Local\Temp\ccwaTXeg.s 			page 5


 229 00c8 2F       		.byte	47
 230 00c9 10       		.byte	16
 231 00ca 35       		.byte	53
 232 00cb 02       		.byte	2
 233 00cc 36       		.byte	54
 234 00cd 20       		.byte	32
 235 00ce 37       		.byte	55
 236 00cf 04       		.byte	4
 237 00d0 3C       		.byte	60
 238 00d1 01       		.byte	1
 239 00d2 3E       		.byte	62
 240 00d3 08       		.byte	8
 241 00d4 3F       		.byte	63
 242 00d5 50       		.byte	80
 243 00d6 45       		.byte	69
 244 00d7 08       		.byte	8
 245 00d8 46       		.byte	70
 246 00d9 08       		.byte	8
 247 00da 47       		.byte	71
 248 00db 50       		.byte	80
 249 00dc 4C       		.byte	76
 250 00dd 81       		.byte	-127
 251 00de 4D       		.byte	77
 252 00df 04       		.byte	4
 253 00e0 4E       		.byte	78
 254 00e1 08       		.byte	8
 255 00e2 55       		.byte	85
 256 00e3 01       		.byte	1
 257 00e4 56       		.byte	86
 258 00e5 22       		.byte	34
 259 00e6 57       		.byte	87
 260 00e7 41       		.byte	65
 261 00e8 5E       		.byte	94
 262 00e9 20       		.byte	32
 263 00ea 6D       		.byte	109
 264 00eb 11       		.byte	17
 265 00ec 6E       		.byte	110
 266 00ed 14       		.byte	20
 267 00ee 6F       		.byte	111
 268 00ef 0A       		.byte	10
 269 00f0 74       		.byte	116
 270 00f1 08       		.byte	8
 271 00f2 75       		.byte	117
 272 00f3 06       		.byte	6
 273 00f4 76       		.byte	118
 274 00f5 10       		.byte	16
 275 00f6 77       		.byte	119
 276 00f7 04       		.byte	4
 277 00f8 90       		.byte	-112
 278 00f9 02       		.byte	2
 279 00fa 94       		.byte	-108
 280 00fb 80       		.byte	-128
 281 00fc 95       		.byte	-107
 282 00fd 07       		.byte	7
 283 00fe 96       		.byte	-106
 284 00ff 0C       		.byte	12
 285 0100 97       		.byte	-105
ARM GAS  C:\Users\DELL\AppData\Local\Temp\ccwaTXeg.s 			page 6


 286 0101 50       		.byte	80
 287 0102 98       		.byte	-104
 288 0103 02       		.byte	2
 289 0104 9A       		.byte	-102
 290 0105 04       		.byte	4
 291 0106 9B       		.byte	-101
 292 0107 20       		.byte	32
 293 0108 9D       		.byte	-99
 294 0109 04       		.byte	4
 295 010a 9E       		.byte	-98
 296 010b 02       		.byte	2
 297 010c 9F       		.byte	-97
 298 010d 55       		.byte	85
 299 010e A0       		.byte	-96
 300 010f 02       		.byte	2
 301 0110 A2       		.byte	-94
 302 0111 08       		.byte	8
 303 0112 A3       		.byte	-93
 304 0113 04       		.byte	4
 305 0114 A4       		.byte	-92
 306 0115 80       		.byte	-128
 307 0116 A5       		.byte	-91
 308 0117 11       		.byte	17
 309 0118 A6       		.byte	-90
 310 0119 01       		.byte	1
 311 011a A7       		.byte	-89
 312 011b 4A       		.byte	74
 313 011c C0       		.byte	-64
 314 011d FF       		.byte	-1
 315 011e C2       		.byte	-62
 316 011f FF       		.byte	-1
 317 0120 C4       		.byte	-60
 318 0121 FF       		.byte	-1
 319 0122 CA       		.byte	-54
 320 0123 60       		.byte	96
 321 0124 CC       		.byte	-52
 322 0125 E0       		.byte	-32
 323 0126 CE       		.byte	-50
 324 0127 F0       		.byte	-16
 325 0128 D0       		.byte	-48
 326 0129 70       		.byte	112
 327 012a D2       		.byte	-46
 328 012b 30       		.byte	48
 329 012c D6       		.byte	-42
 330 012d 20       		.byte	32
 331 012e 01       		.byte	1
 332 012f 07       		.byte	7
 333 0130 02       		.byte	2
 334 0131 08       		.byte	8
 335 0132 04       		.byte	4
 336 0133 3F       		.byte	63
 337 0134 05       		.byte	5
 338 0135 07       		.byte	7
 339 0136 08       		.byte	8
 340 0137 10       		.byte	16
 341 0138 09       		.byte	9
 342 0139 03       		.byte	3
ARM GAS  C:\Users\DELL\AppData\Local\Temp\ccwaTXeg.s 			page 7


 343 013a 0B       		.byte	11
 344 013b 04       		.byte	4
 345 013c 0C       		.byte	12
 346 013d 10       		.byte	16
 347 013e 0D       		.byte	13
 348 013f 02       		.byte	2
 349 0140 0E       		.byte	14
 350 0141 2F       		.byte	47
 351 0142 0F       		.byte	15
 352 0143 01       		.byte	1
 353 0144 10       		.byte	16
 354 0145 1F       		.byte	31
 355 0146 11       		.byte	17
 356 0147 04       		.byte	4
 357 0148 12       		.byte	18
 358 0149 20       		.byte	32
 359 014a 13       		.byte	19
 360 014b 03       		.byte	3
 361 014c 14       		.byte	20
 362 014d 2F       		.byte	47
 363 014e 15       		.byte	21
 364 014f 04       		.byte	4
 365 0150 16       		.byte	22
 366 0151 10       		.byte	16
 367 0152 1A       		.byte	26
 368 0153 10       		.byte	16
 369 0154 1B       		.byte	27
 370 0155 01       		.byte	1
 371 0156 1E       		.byte	30
 372 0157 0F       		.byte	15
 373 0158 1F       		.byte	31
 374 0159 01       		.byte	1
 375 015a 22       		.byte	34
 376 015b 08       		.byte	8
 377 015c 23       		.byte	35
 378 015d 08       		.byte	8
 379 015e 24       		.byte	36
 380 015f 01       		.byte	1
 381 0160 26       		.byte	38
 382 0161 0C       		.byte	12
 383 0162 27       		.byte	39
 384 0163 04       		.byte	4
 385 0164 28       		.byte	40
 386 0165 04       		.byte	4
 387 0166 2A       		.byte	42
 388 0167 02       		.byte	2
 389 0168 2B       		.byte	43
 390 0169 02       		.byte	2
 391 016a 2C       		.byte	44
 392 016b 01       		.byte	1
 393 016c 2E       		.byte	46
 394 016d 02       		.byte	2
 395 016e 2F       		.byte	47
 396 016f 03       		.byte	3
 397 0170 30       		.byte	48
 398 0171 1F       		.byte	31
 399 0172 33       		.byte	51
ARM GAS  C:\Users\DELL\AppData\Local\Temp\ccwaTXeg.s 			page 8


 400 0173 0F       		.byte	15
 401 0174 36       		.byte	54
 402 0175 20       		.byte	32
 403 0176 38       		.byte	56
 404 0177 80       		.byte	-128
 405 0178 3E       		.byte	62
 406 0179 01       		.byte	1
 407 017a 58       		.byte	88
 408 017b 04       		.byte	4
 409 017c 59       		.byte	89
 410 017d 04       		.byte	4
 411 017e 5F       		.byte	95
 412 017f 01       		.byte	1
 413 0180 80       		.byte	-128
 414 0181 6D       		.byte	109
 415 0182 81       		.byte	-127
 416 0183 03       		.byte	3
 417 0184 82       		.byte	-126
 418 0185 92       		.byte	-110
 419 0186 85       		.byte	-123
 420 0187 01       		.byte	1
 421 0188 86       		.byte	-122
 422 0189 1C       		.byte	28
 423 018a 87       		.byte	-121
 424 018b 02       		.byte	2
 425 018c 89       		.byte	-119
 426 018d 01       		.byte	1
 427 018e 8B       		.byte	-117
 428 018f 02       		.byte	2
 429 0190 8C       		.byte	-116
 430 0191 24       		.byte	36
 431 0192 8E       		.byte	-114
 432 0193 DB       		.byte	-37
 433 0194 8F       		.byte	-113
 434 0195 04       		.byte	4
 435 0196 92       		.byte	-110
 436 0197 03       		.byte	3
 437 0198 94       		.byte	-108
 438 0199 FF       		.byte	-1
 439 019a 97       		.byte	-105
 440 019b 04       		.byte	4
 441 019c 9A       		.byte	-102
 442 019d E0       		.byte	-32
 443 019e 9E       		.byte	-98
 444 019f FF       		.byte	-1
 445 01a0 9F       		.byte	-97
 446 01a1 08       		.byte	8
 447 01a2 A0       		.byte	-96
 448 01a3 DB       		.byte	-37
 449 01a4 A2       		.byte	-94
 450 01a5 24       		.byte	36
 451 01a6 A4       		.byte	-92
 452 01a7 92       		.byte	-110
 453 01a8 A6       		.byte	-90
 454 01a9 6D       		.byte	109
 455 01aa A7       		.byte	-89
 456 01ab 08       		.byte	8
ARM GAS  C:\Users\DELL\AppData\Local\Temp\ccwaTXeg.s 			page 9


 457 01ac A8       		.byte	-88
 458 01ad FF       		.byte	-1
 459 01ae A9       		.byte	-87
 460 01af 01       		.byte	1
 461 01b0 AB       		.byte	-85
 462 01b1 02       		.byte	2
 463 01b2 AD       		.byte	-83
 464 01b3 01       		.byte	1
 465 01b4 AF       		.byte	-81
 466 01b5 02       		.byte	2
 467 01b6 B1       		.byte	-79
 468 01b7 04       		.byte	4
 469 01b8 B5       		.byte	-75
 470 01b9 08       		.byte	8
 471 01ba B6       		.byte	-74
 472 01bb FF       		.byte	-1
 473 01bc B7       		.byte	-73
 474 01bd 03       		.byte	3
 475 01be BE       		.byte	-66
 476 01bf 40       		.byte	64
 477 01c0 BF       		.byte	-65
 478 01c1 11       		.byte	17
 479 01c2 D2       		.byte	-46
 480 01c3 E0       		.byte	-32
 481 01c4 D8       		.byte	-40
 482 01c5 04       		.byte	4
 483 01c6 D9       		.byte	-39
 484 01c7 04       		.byte	4
 485 01c8 DB       		.byte	-37
 486 01c9 04       		.byte	4
 487 01ca DF       		.byte	-33
 488 01cb 01       		.byte	1
 489 01cc 03       		.byte	3
 490 01cd 55       		.byte	85
 491 01ce 07       		.byte	7
 492 01cf 61       		.byte	97
 493 01d0 08       		.byte	8
 494 01d1 10       		.byte	16
 495 01d2 09       		.byte	9
 496 01d3 90       		.byte	-112
 497 01d4 0B       		.byte	11
 498 01d5 50       		.byte	80
 499 01d6 0C       		.byte	12
 500 01d7 22       		.byte	34
 501 01d8 0D       		.byte	13
 502 01d9 80       		.byte	-128
 503 01da 0F       		.byte	15
 504 01db 10       		.byte	16
 505 01dc 10       		.byte	16
 506 01dd 22       		.byte	34
 507 01de 11       		.byte	17
 508 01df 02       		.byte	2
 509 01e0 13       		.byte	19
 510 01e1 20       		.byte	32
 511 01e2 14       		.byte	20
 512 01e3 40       		.byte	64
 513 01e4 15       		.byte	21
ARM GAS  C:\Users\DELL\AppData\Local\Temp\ccwaTXeg.s 			page 10


 514 01e5 12       		.byte	18
 515 01e6 16       		.byte	22
 516 01e7 08       		.byte	8
 517 01e8 17       		.byte	23
 518 01e9 18       		.byte	24
 519 01ea 19       		.byte	25
 520 01eb 41       		.byte	65
 521 01ec 1F       		.byte	31
 522 01ed 40       		.byte	64
 523 01ee 22       		.byte	34
 524 01ef 08       		.byte	8
 525 01f0 24       		.byte	36
 526 01f1 03       		.byte	3
 527 01f2 25       		.byte	37
 528 01f3 80       		.byte	-128
 529 01f4 26       		.byte	38
 530 01f5 12       		.byte	18
 531 01f6 28       		.byte	40
 532 01f7 12       		.byte	18
 533 01f8 29       		.byte	41
 534 01f9 01       		.byte	1
 535 01fa 2B       		.byte	43
 536 01fb 04       		.byte	4
 537 01fc 2D       		.byte	45
 538 01fd 04       		.byte	4
 539 01fe 2F       		.byte	47
 540 01ff 0A       		.byte	10
 541 0200 30       		.byte	48
 542 0201 A0       		.byte	-96
 543 0202 31       		.byte	49
 544 0203 04       		.byte	4
 545 0204 33       		.byte	51
 546 0205 01       		.byte	1
 547 0206 35       		.byte	53
 548 0207 40       		.byte	64
 549 0208 36       		.byte	54
 550 0209 08       		.byte	8
 551 020a 38       		.byte	56
 552 020b 80       		.byte	-128
 553 020c 39       		.byte	57
 554 020d 02       		.byte	2
 555 020e 3A       		.byte	58
 556 020f 08       		.byte	8
 557 0210 3B       		.byte	59
 558 0211 10       		.byte	16
 559 0212 3D       		.byte	61
 560 0213 21       		.byte	33
 561 0214 3E       		.byte	62
 562 0215 04       		.byte	4
 563 0216 3F       		.byte	63
 564 0217 80       		.byte	-128
 565 0218 40       		.byte	64
 566 0219 02       		.byte	2
 567 021a 41       		.byte	65
 568 021b 80       		.byte	-128
 569 021c 5D       		.byte	93
 570 021d 20       		.byte	32
ARM GAS  C:\Users\DELL\AppData\Local\Temp\ccwaTXeg.s 			page 11


 571 021e 5E       		.byte	94
 572 021f 20       		.byte	32
 573 0220 74       		.byte	116
 574 0221 22       		.byte	34
 575 0222 75       		.byte	117
 576 0223 02       		.byte	2
 577 0224 76       		.byte	118
 578 0225 04       		.byte	4
 579 0226 77       		.byte	119
 580 0227 20       		.byte	32
 581 0228 7E       		.byte	126
 582 0229 02       		.byte	2
 583 022a 7F       		.byte	127
 584 022b 01       		.byte	1
 585 022c 8D       		.byte	-115
 586 022d 80       		.byte	-128
 587 022e 8E       		.byte	-114
 588 022f 20       		.byte	32
 589 0230 94       		.byte	-108
 590 0231 01       		.byte	1
 591 0232 95       		.byte	-107
 592 0233 10       		.byte	16
 593 0234 96       		.byte	-106
 594 0235 08       		.byte	8
 595 0236 97       		.byte	-105
 596 0237 D2       		.byte	-46
 597 0238 9B       		.byte	-101
 598 0239 08       		.byte	8
 599 023a 9C       		.byte	-100
 600 023b 40       		.byte	64
 601 023c 9D       		.byte	-99
 602 023d 22       		.byte	34
 603 023e 9E       		.byte	-98
 604 023f 02       		.byte	2
 605 0240 9F       		.byte	-97
 606 0241 61       		.byte	97
 607 0242 A3       		.byte	-93
 608 0243 04       		.byte	4
 609 0244 A4       		.byte	-92
 610 0245 A2       		.byte	-94
 611 0246 A5       		.byte	-91
 612 0247 01       		.byte	1
 613 0248 A6       		.byte	-90
 614 0249 21       		.byte	33
 615 024a A8       		.byte	-88
 616 024b 80       		.byte	-128
 617 024c B4       		.byte	-76
 618 024d 01       		.byte	1
 619 024e B7       		.byte	-73
 620 024f 04       		.byte	4
 621 0250 C0       		.byte	-64
 622 0251 BF       		.byte	-65
 623 0252 C2       		.byte	-62
 624 0253 FF       		.byte	-1
 625 0254 C4       		.byte	-60
 626 0255 7F       		.byte	127
 627 0256 CA       		.byte	-54
ARM GAS  C:\Users\DELL\AppData\Local\Temp\ccwaTXeg.s 			page 12


 628 0257 7F       		.byte	127
 629 0258 CC       		.byte	-52
 630 0259 5F       		.byte	95
 631 025a CE       		.byte	-50
 632 025b FF       		.byte	-1
 633 025c 00       		.byte	0
 634 025d 40       		.byte	64
 635 025e 02       		.byte	2
 636 025f 03       		.byte	3
 637 0260 03       		.byte	3
 638 0261 1D       		.byte	29
 639 0262 04       		.byte	4
 640 0263 40       		.byte	64
 641 0264 05       		.byte	5
 642 0265 40       		.byte	64
 643 0266 06       		.byte	6
 644 0267 0C       		.byte	12
 645 0268 09       		.byte	9
 646 0269 1D       		.byte	29
 647 026a 0A       		.byte	10
 648 026b 3F       		.byte	63
 649 026c 0E       		.byte	14
 650 026d 3F       		.byte	63
 651 026e 0F       		.byte	15
 652 026f 1D       		.byte	29
 653 0270 10       		.byte	16
 654 0271 80       		.byte	-128
 655 0272 11       		.byte	17
 656 0273 01       		.byte	1
 657 0274 13       		.byte	19
 658 0275 1C       		.byte	28
 659 0276 17       		.byte	23
 660 0277 1D       		.byte	29
 661 0278 18       		.byte	24
 662 0279 40       		.byte	64
 663 027a 19       		.byte	25
 664 027b 20       		.byte	32
 665 027c 1A       		.byte	26
 666 027d 30       		.byte	48
 667 027e 1B       		.byte	27
 668 027f 08       		.byte	8
 669 0280 1D       		.byte	29
 670 0281 01       		.byte	1
 671 0282 1E       		.byte	30
 672 0283 15       		.byte	21
 673 0284 22       		.byte	34
 674 0285 3F       		.byte	63
 675 0286 23       		.byte	35
 676 0287 02       		.byte	2
 677 0288 24       		.byte	36
 678 0289 3F       		.byte	63
 679 028a 25       		.byte	37
 680 028b 20       		.byte	32
 681 028c 27       		.byte	39
 682 028d 10       		.byte	16
 683 028e 28       		.byte	40
 684 028f 3F       		.byte	63
ARM GAS  C:\Users\DELL\AppData\Local\Temp\ccwaTXeg.s 			page 13


 685 0290 29       		.byte	41
 686 0291 1D       		.byte	29
 687 0292 2D       		.byte	45
 688 0293 20       		.byte	32
 689 0294 2E       		.byte	46
 690 0295 2A       		.byte	42
 691 0296 2F       		.byte	47
 692 0297 05       		.byte	5
 693 0298 30       		.byte	48
 694 0299 3F       		.byte	63
 695 029a 33       		.byte	51
 696 029b 1C       		.byte	28
 697 029c 34       		.byte	52
 698 029d C0       		.byte	-64
 699 029e 35       		.byte	53
 700 029f 03       		.byte	3
 701 02a0 37       		.byte	55
 702 02a1 60       		.byte	96
 703 02a2 38       		.byte	56
 704 02a3 20       		.byte	32
 705 02a4 39       		.byte	57
 706 02a5 80       		.byte	-128
 707 02a6 3B       		.byte	59
 708 02a7 20       		.byte	32
 709 02a8 3E       		.byte	62
 710 02a9 10       		.byte	16
 711 02aa 3F       		.byte	63
 712 02ab 40       		.byte	64
 713 02ac 54       		.byte	84
 714 02ad 59       		.byte	89
 715 02ae 56       		.byte	86
 716 02af 04       		.byte	4
 717 02b0 58       		.byte	88
 718 02b1 04       		.byte	4
 719 02b2 59       		.byte	89
 720 02b3 04       		.byte	4
 721 02b4 5B       		.byte	91
 722 02b5 04       		.byte	4
 723 02b6 5F       		.byte	95
 724 02b7 01       		.byte	1
 725 02b8 82       		.byte	-126
 726 02b9 3F       		.byte	63
 727 02ba 86       		.byte	-122
 728 02bb 3F       		.byte	63
 729 02bc 88       		.byte	-120
 730 02bd 3F       		.byte	63
 731 02be 8E       		.byte	-114
 732 02bf 3F       		.byte	63
 733 02c0 90       		.byte	-112
 734 02c1 09       		.byte	9
 735 02c2 92       		.byte	-110
 736 02c3 24       		.byte	36
 737 02c4 94       		.byte	-108
 738 02c5 36       		.byte	54
 739 02c6 95       		.byte	-107
 740 02c7 01       		.byte	1
 741 02c8 96       		.byte	-106
ARM GAS  C:\Users\DELL\AppData\Local\Temp\ccwaTXeg.s 			page 14


 742 02c9 09       		.byte	9
 743 02ca 98       		.byte	-104
 744 02cb 38       		.byte	56
 745 02cc 9A       		.byte	-102
 746 02cd 07       		.byte	7
 747 02ce 9C       		.byte	-100
 748 02cf 3F       		.byte	63
 749 02d0 A0       		.byte	-96
 750 02d1 09       		.byte	9
 751 02d2 A2       		.byte	-94
 752 02d3 12       		.byte	18
 753 02d4 A4       		.byte	-92
 754 02d5 38       		.byte	56
 755 02d6 A6       		.byte	-90
 756 02d7 07       		.byte	7
 757 02d8 A8       		.byte	-88
 758 02d9 3F       		.byte	63
 759 02da AC       		.byte	-84
 760 02db 07       		.byte	7
 761 02dc AE       		.byte	-82
 762 02dd 38       		.byte	56
 763 02de B2       		.byte	-78
 764 02df 3F       		.byte	63
 765 02e0 B3       		.byte	-77
 766 02e1 01       		.byte	1
 767 02e2 BA       		.byte	-70
 768 02e3 08       		.byte	8
 769 02e4 BF       		.byte	-65
 770 02e5 04       		.byte	4
 771 02e6 D8       		.byte	-40
 772 02e7 04       		.byte	4
 773 02e8 D9       		.byte	-39
 774 02e9 04       		.byte	4
 775 02ea DF       		.byte	-33
 776 02eb 01       		.byte	1
 777 02ec 00       		.byte	0
 778 02ed 10       		.byte	16
 779 02ee 02       		.byte	2
 780 02ef 20       		.byte	32
 781 02f0 03       		.byte	3
 782 02f1 41       		.byte	65
 783 02f2 05       		.byte	5
 784 02f3 02       		.byte	2
 785 02f4 07       		.byte	7
 786 02f5 25       		.byte	37
 787 02f6 08       		.byte	8
 788 02f7 50       		.byte	80
 789 02f8 09       		.byte	9
 790 02f9 01       		.byte	1
 791 02fa 0A       		.byte	10
 792 02fb 10       		.byte	16
 793 02fc 0C       		.byte	12
 794 02fd A0       		.byte	-96
 795 02fe 0E       		.byte	14
 796 02ff 40       		.byte	64
 797 0300 10       		.byte	16
 798 0301 A2       		.byte	-94
ARM GAS  C:\Users\DELL\AppData\Local\Temp\ccwaTXeg.s 			page 15


 799 0302 11       		.byte	17
 800 0303 10       		.byte	16
 801 0304 14       		.byte	20
 802 0305 40       		.byte	64
 803 0306 15       		.byte	21
 804 0307 10       		.byte	16
 805 0308 16       		.byte	22
 806 0309 22       		.byte	34
 807 030a 1A       		.byte	26
 808 030b 10       		.byte	16
 809 030c 1B       		.byte	27
 810 030d 04       		.byte	4
 811 030e 1E       		.byte	30
 812 030f 40       		.byte	64
 813 0310 1F       		.byte	31
 814 0311 10       		.byte	16
 815 0312 22       		.byte	34
 816 0313 08       		.byte	8
 817 0314 25       		.byte	37
 818 0315 04       		.byte	4
 819 0316 26       		.byte	38
 820 0317 40       		.byte	64
 821 0318 27       		.byte	39
 822 0319 08       		.byte	8
 823 031a 2C       		.byte	44
 824 031b 22       		.byte	34
 825 031c 2D       		.byte	45
 826 031d 10       		.byte	16
 827 031e 2F       		.byte	47
 828 031f 40       		.byte	64
 829 0320 32       		.byte	50
 830 0321 04       		.byte	4
 831 0322 34       		.byte	52
 832 0323 10       		.byte	16
 833 0324 37       		.byte	55
 834 0325 69       		.byte	105
 835 0326 3C       		.byte	60
 836 0327 11       		.byte	17
 837 0328 3D       		.byte	61
 838 0329 08       		.byte	8
 839 032a 3E       		.byte	62
 840 032b 20       		.byte	32
 841 032c 3F       		.byte	63
 842 032d 50       		.byte	80
 843 032e 5E       		.byte	94
 844 032f 82       		.byte	-126
 845 0330 64       		.byte	100
 846 0331 80       		.byte	-128
 847 0332 65       		.byte	101
 848 0333 20       		.byte	32
 849 0334 67       		.byte	103
 850 0335 22       		.byte	34
 851 0336 86       		.byte	-122
 852 0337 08       		.byte	8
 853 0338 C0       		.byte	-64
 854 0339 FF       		.byte	-1
 855 033a C2       		.byte	-62
ARM GAS  C:\Users\DELL\AppData\Local\Temp\ccwaTXeg.s 			page 16


 856 033b DF       		.byte	-33
 857 033c C4       		.byte	-60
 858 033d FF       		.byte	-1
 859 033e CA       		.byte	-54
 860 033f F0       		.byte	-16
 861 0340 CC       		.byte	-52
 862 0341 F2       		.byte	-14
 863 0342 CE       		.byte	-50
 864 0343 F0       		.byte	-16
 865 0344 D6       		.byte	-42
 866 0345 90       		.byte	-112
 867 0346 D8       		.byte	-40
 868 0347 F0       		.byte	-16
 869 0348 E0       		.byte	-32
 870 0349 08       		.byte	8
 871 034a E2       		.byte	-30
 872 034b 04       		.byte	4
 873 034c 01       		.byte	1
 874 034d 1F       		.byte	31
 875 034e 02       		.byte	2
 876 034f 03       		.byte	3
 877 0350 03       		.byte	3
 878 0351 E0       		.byte	-32
 879 0352 04       		.byte	4
 880 0353 2F       		.byte	47
 881 0354 05       		.byte	5
 882 0355 E3       		.byte	-29
 883 0356 07       		.byte	7
 884 0357 1C       		.byte	28
 885 0358 09       		.byte	9
 886 0359 E3       		.byte	-29
 887 035a 0A       		.byte	10
 888 035b 01       		.byte	1
 889 035c 0B       		.byte	11
 890 035d 1C       		.byte	28
 891 035e 0C       		.byte	12
 892 035f 2C       		.byte	44
 893 0360 0E       		.byte	14
 894 0361 01       		.byte	1
 895 0362 12       		.byte	18
 896 0363 04       		.byte	4
 897 0364 14       		.byte	20
 898 0365 27       		.byte	39
 899 0366 15       		.byte	21
 900 0367 48       		.byte	72
 901 0368 16       		.byte	22
 902 0369 08       		.byte	8
 903 036a 17       		.byte	23
 904 036b 25       		.byte	37
 905 036c 19       		.byte	25
 906 036d 03       		.byte	3
 907 036e 1A       		.byte	26
 908 036f 08       		.byte	8
 909 0370 1B       		.byte	27
 910 0371 FC       		.byte	-4
 911 0372 1D       		.byte	29
 912 0373 92       		.byte	-110
ARM GAS  C:\Users\DELL\AppData\Local\Temp\ccwaTXeg.s 			page 17


 913 0374 1E       		.byte	30
 914 0375 01       		.byte	1
 915 0376 1F       		.byte	31
 916 0377 25       		.byte	37
 917 0378 20       		.byte	32
 918 0379 2C       		.byte	44
 919 037a 22       		.byte	34
 920 037b 02       		.byte	2
 921 037c 24       		.byte	36
 922 037d 08       		.byte	8
 923 037e 25       		.byte	37
 924 037f 25       		.byte	37
 925 0380 27       		.byte	39
 926 0381 DA       		.byte	-38
 927 0382 28       		.byte	40
 928 0383 04       		.byte	4
 929 0384 2A       		.byte	42
 930 0385 10       		.byte	16
 931 0386 2D       		.byte	45
 932 0387 E0       		.byte	-32
 933 0388 2E       		.byte	46
 934 0389 01       		.byte	1
 935 038a 2F       		.byte	47
 936 038b 1C       		.byte	28
 937 038c 30       		.byte	48
 938 038d 10       		.byte	16
 939 038e 32       		.byte	50
 940 038f 20       		.byte	32
 941 0390 33       		.byte	51
 942 0391 FF       		.byte	-1
 943 0392 36       		.byte	54
 944 0393 0F       		.byte	15
 945 0394 3E       		.byte	62
 946 0395 44       		.byte	68
 947 0396 3F       		.byte	63
 948 0397 04       		.byte	4
 949 0398 58       		.byte	88
 950 0399 04       		.byte	4
 951 039a 59       		.byte	89
 952 039b 04       		.byte	4
 953 039c 5F       		.byte	95
 954 039d 01       		.byte	1
 955 039e 81       		.byte	-127
 956 039f 06       		.byte	6
 957 03a0 83       		.byte	-125
 958 03a1 01       		.byte	1
 959 03a2 84       		.byte	-124
 960 03a3 10       		.byte	16
 961 03a4 85       		.byte	-123
 962 03a5 0F       		.byte	15
 963 03a6 89       		.byte	-119
 964 03a7 02       		.byte	2
 965 03a8 8C       		.byte	-116
 966 03a9 0C       		.byte	12
 967 03aa 8D       		.byte	-115
 968 03ab 09       		.byte	9
 969 03ac 8E       		.byte	-114
ARM GAS  C:\Users\DELL\AppData\Local\Temp\ccwaTXeg.s 			page 18


 970 03ad 11       		.byte	17
 971 03ae 90       		.byte	-112
 972 03af 1C       		.byte	28
 973 03b0 91       		.byte	-111
 974 03b1 07       		.byte	7
 975 03b2 92       		.byte	-110
 976 03b3 02       		.byte	2
 977 03b4 93       		.byte	-109
 978 03b5 08       		.byte	8
 979 03b6 94       		.byte	-108
 980 03b7 20       		.byte	32
 981 03b8 95       		.byte	-107
 982 03b9 04       		.byte	4
 983 03ba 9A       		.byte	-102
 984 03bb 03       		.byte	3
 985 03bc 9B       		.byte	-101
 986 03bd 06       		.byte	6
 987 03be 9C       		.byte	-100
 988 03bf 09       		.byte	9
 989 03c0 9E       		.byte	-98
 990 03c1 10       		.byte	16
 991 03c2 9F       		.byte	-97
 992 03c3 10       		.byte	16
 993 03c4 A3       		.byte	-93
 994 03c5 20       		.byte	32
 995 03c6 A4       		.byte	-92
 996 03c7 14       		.byte	20
 997 03c8 A5       		.byte	-91
 998 03c9 09       		.byte	9
 999 03ca A7       		.byte	-89
 1000 03cb 06       		.byte	6
 1001 03cc A8       		.byte	-88
 1002 03cd 10       		.byte	16
 1003 03ce AA       		.byte	-86
 1004 03cf 0C       		.byte	12
 1005 03d0 AB       		.byte	-85
 1006 03d1 08       		.byte	8
 1007 03d2 AF       		.byte	-81
 1008 03d3 09       		.byte	9
 1009 03d4 B1       		.byte	-79
 1010 03d5 38       		.byte	56
 1011 03d6 B2       		.byte	-78
 1012 03d7 20       		.byte	32
 1013 03d8 B3       		.byte	-77
 1014 03d9 07       		.byte	7
 1015 03da B4       		.byte	-76
 1016 03db 1F       		.byte	31
 1017 03dc BB       		.byte	-69
 1018 03dd 0A       		.byte	10
 1019 03de BE       		.byte	-66
 1020 03df 04       		.byte	4
 1021 03e0 D8       		.byte	-40
 1022 03e1 04       		.byte	4
 1023 03e2 D9       		.byte	-39
 1024 03e3 04       		.byte	4
 1025 03e4 DF       		.byte	-33
 1026 03e5 01       		.byte	1
ARM GAS  C:\Users\DELL\AppData\Local\Temp\ccwaTXeg.s 			page 19


 1027 03e6 01       		.byte	1
 1028 03e7 04       		.byte	4
 1029 03e8 02       		.byte	2
 1030 03e9 02       		.byte	2
 1031 03ea 04       		.byte	4
 1032 03eb 0A       		.byte	10
 1033 03ec 06       		.byte	6
 1034 03ed 04       		.byte	4
 1035 03ee 07       		.byte	7
 1036 03ef 11       		.byte	17
 1037 03f0 0A       		.byte	10
 1038 03f1 49       		.byte	73
 1039 03f2 0B       		.byte	11
 1040 03f3 20       		.byte	32
 1041 03f4 0D       		.byte	13
 1042 03f5 22       		.byte	34
 1043 03f6 0F       		.byte	15
 1044 03f7 32       		.byte	50
 1045 03f8 10       		.byte	16
 1046 03f9 20       		.byte	32
 1047 03fa 12       		.byte	18
 1048 03fb 08       		.byte	8
 1049 03fc 14       		.byte	20
 1050 03fd 04       		.byte	4
 1051 03fe 15       		.byte	21
 1052 03ff 02       		.byte	2
 1053 0400 17       		.byte	23
 1054 0401 44       		.byte	68
 1055 0402 19       		.byte	25
 1056 0403 04       		.byte	4
 1057 0404 1A       		.byte	26
 1058 0405 08       		.byte	8
 1059 0406 1D       		.byte	29
 1060 0407 82       		.byte	-126
 1061 0408 1E       		.byte	30
 1062 0409 20       		.byte	32
 1063 040a 20       		.byte	32
 1064 040b 80       		.byte	-128
 1065 040c 21       		.byte	33
 1066 040d 09       		.byte	9
 1067 040e 23       		.byte	35
 1068 040f 50       		.byte	80
 1069 0410 27       		.byte	39
 1070 0411 20       		.byte	32
 1071 0412 28       		.byte	40
 1072 0413 02       		.byte	2
 1073 0414 29       		.byte	41
 1074 0415 01       		.byte	1
 1075 0416 2B       		.byte	43
 1076 0417 14       		.byte	20
 1077 0418 2E       		.byte	46
 1078 0419 80       		.byte	-128
 1079 041a 2F       		.byte	47
 1080 041b 22       		.byte	34
 1081 041c 31       		.byte	49
 1082 041d A0       		.byte	-96
 1083 041e 33       		.byte	51
ARM GAS  C:\Users\DELL\AppData\Local\Temp\ccwaTXeg.s 			page 20


 1084 041f 05       		.byte	5
 1085 0420 34       		.byte	52
 1086 0421 14       		.byte	20
 1087 0422 35       		.byte	53
 1088 0423 40       		.byte	64
 1089 0424 36       		.byte	54
 1090 0425 20       		.byte	32
 1091 0426 37       		.byte	55
 1092 0427 08       		.byte	8
 1093 0428 38       		.byte	56
 1094 0429 88       		.byte	-120
 1095 042a 39       		.byte	57
 1096 042b 02       		.byte	2
 1097 042c 3A       		.byte	58
 1098 042d 10       		.byte	16
 1099 042e 3D       		.byte	61
 1100 042f 01       		.byte	1
 1101 0430 3E       		.byte	62
 1102 0431 14       		.byte	20
 1103 0432 90       		.byte	-112
 1104 0433 02       		.byte	2
 1105 0434 91       		.byte	-111
 1106 0435 11       		.byte	17
 1107 0436 92       		.byte	-110
 1108 0437 14       		.byte	20
 1109 0438 94       		.byte	-108
 1110 0439 80       		.byte	-128
 1111 043a 95       		.byte	-107
 1112 043b 02       		.byte	2
 1113 043c 96       		.byte	-106
 1114 043d 08       		.byte	8
 1115 043e 97       		.byte	-105
 1116 043f 50       		.byte	80
 1117 0440 98       		.byte	-104
 1118 0441 02       		.byte	2
 1119 0442 99       		.byte	-103
 1120 0443 01       		.byte	1
 1121 0444 9A       		.byte	-102
 1122 0445 14       		.byte	20
 1123 0446 9B       		.byte	-101
 1124 0447 05       		.byte	5
 1125 0448 9F       		.byte	-97
 1126 0449 50       		.byte	80
 1127 044a A1       		.byte	-95
 1128 044b 20       		.byte	32
 1129 044c A2       		.byte	-94
 1130 044d 20       		.byte	32
 1131 044e A3       		.byte	-93
 1132 044f 07       		.byte	7
 1133 0450 A4       		.byte	-92
 1134 0451 40       		.byte	64
 1135 0452 A5       		.byte	-91
 1136 0453 08       		.byte	8
 1137 0454 A6       		.byte	-90
 1138 0455 10       		.byte	16
 1139 0456 C0       		.byte	-64
 1140 0457 F5       		.byte	-11
ARM GAS  C:\Users\DELL\AppData\Local\Temp\ccwaTXeg.s 			page 21


 1141 0458 C2       		.byte	-62
 1142 0459 FF       		.byte	-1
 1143 045a C4       		.byte	-60
 1144 045b F6       		.byte	-10
 1145 045c CA       		.byte	-54
 1146 045d 5F       		.byte	95
 1147 045e CC       		.byte	-52
 1148 045f 7F       		.byte	127
 1149 0460 CE       		.byte	-50
 1150 0461 EF       		.byte	-17
 1151 0462 01       		.byte	1
 1152 0463 03       		.byte	3
 1153 0464 03       		.byte	3
 1154 0465 14       		.byte	20
 1155 0466 06       		.byte	6
 1156 0467 08       		.byte	8
 1157 0468 07       		.byte	7
 1158 0469 35       		.byte	53
 1159 046a 10       		.byte	16
 1160 046b 2C       		.byte	44
 1161 046c 11       		.byte	17
 1162 046d 13       		.byte	19
 1163 046e 12       		.byte	18
 1164 046f 43       		.byte	67
 1165 0470 13       		.byte	19
 1166 0471 64       		.byte	100
 1167 0472 15       		.byte	21
 1168 0473 13       		.byte	19
 1169 0474 17       		.byte	23
 1170 0475 2C       		.byte	44
 1171 0476 1B       		.byte	27
 1172 0477 40       		.byte	64
 1173 0478 1E       		.byte	30
 1174 0479 0C       		.byte	12
 1175 047a 23       		.byte	35
 1176 047b 48       		.byte	72
 1177 047c 24       		.byte	36
 1178 047d 80       		.byte	-128
 1179 047e 26       		.byte	38
 1180 047f 13       		.byte	19
 1181 0480 28       		.byte	40
 1182 0481 71       		.byte	113
 1183 0482 2A       		.byte	42
 1184 0483 06       		.byte	6
 1185 0484 2C       		.byte	44
 1186 0485 71       		.byte	113
 1187 0486 2D       		.byte	45
 1188 0487 4A       		.byte	74
 1189 0488 2E       		.byte	46
 1190 0489 0E       		.byte	14
 1191 048a 2F       		.byte	47
 1192 048b 34       		.byte	52
 1193 048c 30       		.byte	48
 1194 048d 0F       		.byte	15
 1195 048e 31       		.byte	49
 1196 048f 68       		.byte	104
 1197 0490 33       		.byte	51
ARM GAS  C:\Users\DELL\AppData\Local\Temp\ccwaTXeg.s 			page 22


 1198 0491 0F       		.byte	15
 1199 0492 34       		.byte	52
 1200 0493 30       		.byte	48
 1201 0494 36       		.byte	54
 1202 0495 C0       		.byte	-64
 1203 0496 37       		.byte	55
 1204 0497 10       		.byte	16
 1205 0498 38       		.byte	56
 1206 0499 A0       		.byte	-96
 1207 049a 3A       		.byte	58
 1208 049b 02       		.byte	2
 1209 049c 3B       		.byte	59
 1210 049d 0A       		.byte	10
 1211 049e 3E       		.byte	62
 1212 049f 10       		.byte	16
 1213 04a0 3F       		.byte	63
 1214 04a1 40       		.byte	64
 1215 04a2 40       		.byte	64
 1216 04a3 63       		.byte	99
 1217 04a4 41       		.byte	65
 1218 04a5 05       		.byte	5
 1219 04a6 45       		.byte	69
 1220 04a7 0B       		.byte	11
 1221 04a8 46       		.byte	70
 1222 04a9 E0       		.byte	-32
 1223 04aa 47       		.byte	71
 1224 04ab C0       		.byte	-64
 1225 04ac 48       		.byte	72
 1226 04ad 29       		.byte	41
 1227 04ae 49       		.byte	73
 1228 04af FF       		.byte	-1
 1229 04b0 4A       		.byte	74
 1230 04b1 FF       		.byte	-1
 1231 04b2 4B       		.byte	75
 1232 04b3 FF       		.byte	-1
 1233 04b4 4E       		.byte	78
 1234 04b5 F0       		.byte	-16
 1235 04b6 4F       		.byte	79
 1236 04b7 44       		.byte	68
 1237 04b8 50       		.byte	80
 1238 04b9 0C       		.byte	12
 1239 04ba 54       		.byte	84
 1240 04bb 01       		.byte	1
 1241 04bc 56       		.byte	86
 1242 04bd 04       		.byte	4
 1243 04be 58       		.byte	88
 1244 04bf 04       		.byte	4
 1245 04c0 59       		.byte	89
 1246 04c1 04       		.byte	4
 1247 04c2 5A       		.byte	90
 1248 04c3 04       		.byte	4
 1249 04c4 5B       		.byte	91
 1250 04c5 04       		.byte	4
 1251 04c6 5F       		.byte	95
 1252 04c7 01       		.byte	1
 1253 04c8 66       		.byte	102
 1254 04c9 C0       		.byte	-64
ARM GAS  C:\Users\DELL\AppData\Local\Temp\ccwaTXeg.s 			page 23


 1255 04ca 6A       		.byte	106
 1256 04cb 40       		.byte	64
 1257 04cc 6B       		.byte	107
 1258 04cd 02       		.byte	2
 1259 04ce 80       		.byte	-128
 1260 04cf C0       		.byte	-64
 1261 04d0 82       		.byte	-126
 1262 04d1 30       		.byte	48
 1263 04d2 86       		.byte	-122
 1264 04d3 02       		.byte	2
 1265 04d4 88       		.byte	-120
 1266 04d5 55       		.byte	85
 1267 04d6 8A       		.byte	-118
 1268 04d7 A8       		.byte	-88
 1269 04d8 8C       		.byte	-116
 1270 04d9 A8       		.byte	-88
 1271 04da 8E       		.byte	-114
 1272 04db 54       		.byte	84
 1273 04dc 96       		.byte	-106
 1274 04dd 01       		.byte	1
 1275 04de 97       		.byte	-105
 1276 04df 02       		.byte	2
 1277 04e0 98       		.byte	-104
 1278 04e1 CD       		.byte	-51
 1279 04e2 9A       		.byte	-102
 1280 04e3 30       		.byte	48
 1281 04e4 A0       		.byte	-96
 1282 04e5 3D       		.byte	61
 1283 04e6 A2       		.byte	-94
 1284 04e7 C0       		.byte	-64
 1285 04e8 A3       		.byte	-93
 1286 04e9 02       		.byte	2
 1287 04ea A4       		.byte	-92
 1288 04eb 0D       		.byte	13
 1289 04ec A6       		.byte	-90
 1290 04ed F0       		.byte	-16
 1291 04ee A7       		.byte	-89
 1292 04ef 01       		.byte	1
 1293 04f0 A8       		.byte	-88
 1294 04f1 CD       		.byte	-51
 1295 04f2 AA       		.byte	-86
 1296 04f3 30       		.byte	48
 1297 04f4 B1       		.byte	-79
 1298 04f5 03       		.byte	3
 1299 04f6 B4       		.byte	-76
 1300 04f7 03       		.byte	3
 1301 04f8 B6       		.byte	-74
 1302 04f9 FC       		.byte	-4
 1303 04fa BB       		.byte	-69
 1304 04fb 08       		.byte	8
 1305 04fc BF       		.byte	-65
 1306 04fd 01       		.byte	1
 1307 04fe C0       		.byte	-64
 1308 04ff 06       		.byte	6
 1309 0500 C5       		.byte	-59
 1310 0501 04       		.byte	4
 1311 0502 C9       		.byte	-55
ARM GAS  C:\Users\DELL\AppData\Local\Temp\ccwaTXeg.s 			page 24


 1312 0503 FF       		.byte	-1
 1313 0504 CA       		.byte	-54
 1314 0505 0F       		.byte	15
 1315 0506 CB       		.byte	-53
 1316 0507 FF       		.byte	-1
 1317 0508 CC       		.byte	-52
 1318 0509 40       		.byte	64
 1319 050a CD       		.byte	-51
 1320 050b 20       		.byte	32
 1321 050c CE       		.byte	-50
 1322 050d F0       		.byte	-16
 1323 050e CF       		.byte	-49
 1324 050f 05       		.byte	5
 1325 0510 D0       		.byte	-48
 1326 0511 08       		.byte	8
 1327 0512 D8       		.byte	-40
 1328 0513 04       		.byte	4
 1329 0514 D9       		.byte	-39
 1330 0515 04       		.byte	4
 1331 0516 DA       		.byte	-38
 1332 0517 04       		.byte	4
 1333 0518 DF       		.byte	-33
 1334 0519 01       		.byte	1
 1335 051a E0       		.byte	-32
 1336 051b 40       		.byte	64
 1337 051c E1       		.byte	-31
 1338 051d A8       		.byte	-88
 1339 051e E2       		.byte	-30
 1340 051f 40       		.byte	64
 1341 0520 E3       		.byte	-29
 1342 0521 20       		.byte	32
 1343 0522 01       		.byte	1
 1344 0523 04       		.byte	4
 1345 0524 05       		.byte	5
 1346 0525 40       		.byte	64
 1347 0526 06       		.byte	6
 1348 0527 80       		.byte	-128
 1349 0528 07       		.byte	7
 1350 0529 28       		.byte	40
 1351 052a 0A       		.byte	10
 1352 052b 41       		.byte	65
 1353 052c 0E       		.byte	14
 1354 052d 24       		.byte	36
 1355 052e 11       		.byte	17
 1356 052f 08       		.byte	8
 1357 0530 12       		.byte	18
 1358 0531 0A       		.byte	10
 1359 0532 14       		.byte	20
 1360 0533 10       		.byte	16
 1361 0534 15       		.byte	21
 1362 0535 11       		.byte	17
 1363 0536 1A       		.byte	26
 1364 0537 41       		.byte	65
 1365 0538 1B       		.byte	27
 1366 0539 51       		.byte	81
 1367 053a 1D       		.byte	29
 1368 053b 40       		.byte	64
ARM GAS  C:\Users\DELL\AppData\Local\Temp\ccwaTXeg.s 			page 25


 1369 053c 1F       		.byte	31
 1370 053d 60       		.byte	96
 1371 053e 22       		.byte	34
 1372 053f 4A       		.byte	74
 1373 0540 24       		.byte	36
 1374 0541 80       		.byte	-128
 1375 0542 27       		.byte	39
 1376 0543 50       		.byte	80
 1377 0544 2B       		.byte	43
 1378 0545 41       		.byte	65
 1379 0546 2F       		.byte	47
 1380 0547 60       		.byte	96
 1381 0548 32       		.byte	50
 1382 0549 1A       		.byte	26
 1383 054a 37       		.byte	55
 1384 054b 08       		.byte	8
 1385 054c 38       		.byte	56
 1386 054d 02       		.byte	2
 1387 054e 3A       		.byte	58
 1388 054f 04       		.byte	4
 1389 0550 41       		.byte	65
 1390 0551 08       		.byte	8
 1391 0552 48       		.byte	72
 1392 0553 20       		.byte	32
 1393 0554 4A       		.byte	74
 1394 0555 0A       		.byte	10
 1395 0556 4D       		.byte	77
 1396 0557 04       		.byte	4
 1397 0558 4E       		.byte	78
 1398 0559 10       		.byte	16
 1399 055a 4F       		.byte	79
 1400 055b 20       		.byte	32
 1401 055c 50       		.byte	80
 1402 055d 01       		.byte	1
 1403 055e 53       		.byte	83
 1404 055f 10       		.byte	16
 1405 0560 55       		.byte	85
 1406 0561 0C       		.byte	12
 1407 0562 56       		.byte	86
 1408 0563 04       		.byte	4
 1409 0564 58       		.byte	88
 1410 0565 20       		.byte	32
 1411 0566 59       		.byte	89
 1412 0567 04       		.byte	4
 1413 0568 5A       		.byte	90
 1414 0569 80       		.byte	-128
 1415 056a 5B       		.byte	91
 1416 056b 02       		.byte	2
 1417 056c 61       		.byte	97
 1418 056d 01       		.byte	1
 1419 056e 7A       		.byte	122
 1420 056f 10       		.byte	16
 1421 0570 7B       		.byte	123
 1422 0571 20       		.byte	32
 1423 0572 81       		.byte	-127
 1424 0573 01       		.byte	1
 1425 0574 8B       		.byte	-117
ARM GAS  C:\Users\DELL\AppData\Local\Temp\ccwaTXeg.s 			page 26


 1426 0575 1A       		.byte	26
 1427 0576 8C       		.byte	-116
 1428 0577 21       		.byte	33
 1429 0578 91       		.byte	-111
 1430 0579 11       		.byte	17
 1431 057a 92       		.byte	-110
 1432 057b 04       		.byte	4
 1433 057c 94       		.byte	-108
 1434 057d 80       		.byte	-128
 1435 057e 95       		.byte	-107
 1436 057f 04       		.byte	4
 1437 0580 96       		.byte	-106
 1438 0581 41       		.byte	65
 1439 0582 97       		.byte	-105
 1440 0583 20       		.byte	32
 1441 0584 98       		.byte	-104
 1442 0585 10       		.byte	16
 1443 0586 99       		.byte	-103
 1444 0587 04       		.byte	4
 1445 0588 9A       		.byte	-102
 1446 0589 80       		.byte	-128
 1447 058a 9B       		.byte	-101
 1448 058b 20       		.byte	32
 1449 058c 9D       		.byte	-99
 1450 058d 40       		.byte	64
 1451 058e 9F       		.byte	-97
 1452 058f 58       		.byte	88
 1453 0590 A4       		.byte	-92
 1454 0591 20       		.byte	32
 1455 0592 A6       		.byte	-90
 1456 0593 0A       		.byte	10
 1457 0594 A7       		.byte	-89
 1458 0595 20       		.byte	32
 1459 0596 C0       		.byte	-64
 1460 0597 F4       		.byte	-12
 1461 0598 C2       		.byte	-62
 1462 0599 69       		.byte	105
 1463 059a C4       		.byte	-60
 1464 059b 77       		.byte	119
 1465 059c CA       		.byte	-54
 1466 059d C9       		.byte	-55
 1467 059e CC       		.byte	-52
 1468 059f 47       		.byte	71
 1469 05a0 CE       		.byte	-50
 1470 05a1 03       		.byte	3
 1471 05a2 D0       		.byte	-48
 1472 05a3 02       		.byte	2
 1473 05a4 D2       		.byte	-46
 1474 05a5 2C       		.byte	44
 1475 05a6 D6       		.byte	-42
 1476 05a7 0F       		.byte	15
 1477 05a8 D8       		.byte	-40
 1478 05a9 01       		.byte	1
 1479 05aa 32       		.byte	50
 1480 05ab 40       		.byte	64
 1481 05ac 33       		.byte	51
 1482 05ad 01       		.byte	1
ARM GAS  C:\Users\DELL\AppData\Local\Temp\ccwaTXeg.s 			page 27


 1483 05ae 37       		.byte	55
 1484 05af 10       		.byte	16
 1485 05b0 6A       		.byte	106
 1486 05b1 80       		.byte	-128
 1487 05b2 6B       		.byte	107
 1488 05b3 01       		.byte	1
 1489 05b4 CC       		.byte	-52
 1490 05b5 70       		.byte	112
 1491 05b6 96       		.byte	-106
 1492 05b7 80       		.byte	-128
 1493 05b8 9F       		.byte	-97
 1494 05b9 10       		.byte	16
 1495 05ba 9F       		.byte	-97
 1496 05bb 10       		.byte	16
 1497 05bc AA       		.byte	-86
 1498 05bd 40       		.byte	64
 1499 05be EE       		.byte	-18
 1500 05bf 80       		.byte	-128
 1501 05c0 9F       		.byte	-97
 1502 05c1 10       		.byte	16
 1503 05c2 70       		.byte	112
 1504 05c3 02       		.byte	2
 1505 05c4 DC       		.byte	-36
 1506 05c5 01       		.byte	1
 1507 05c6 84       		.byte	-124
 1508 05c7 02       		.byte	2
 1509 05c8 A4       		.byte	-92
 1510 05c9 02       		.byte	2
 1511 05ca 9F       		.byte	-97
 1512 05cb 10       		.byte	16
 1513 05cc 83       		.byte	-125
 1514 05cd 10       		.byte	16
 1515 05ce 9F       		.byte	-97
 1516 05cf 10       		.byte	16
 1517 05d0 E2       		.byte	-30
 1518 05d1 20       		.byte	32
 1519 05d2 10       		.byte	16
 1520 05d3 80       		.byte	-128
 1521 05d4 88       		.byte	-120
 1522 05d5 80       		.byte	-128
 1523 05d6 C4       		.byte	-60
 1524 05d7 08       		.byte	8
 1525 05d8 E6       		.byte	-26
 1526 05d9 01       		.byte	1
 1527 05da 00       		.byte	0
 1528 05db 01       		.byte	1
 1529 05dc 0C       		.byte	12
 1530 05dd 01       		.byte	1
 1531 05de 0E       		.byte	14
 1532 05df 01       		.byte	1
 1533 05e0 10       		.byte	16
 1534 05e1 01       		.byte	1
 1535 05e2 1C       		.byte	28
 1536 05e3 01       		.byte	1
 1537 05e4 00       		.byte	0
 1538 05e5 3F       		.byte	63
 1539 05e6 00       		.byte	0
ARM GAS  C:\Users\DELL\AppData\Local\Temp\ccwaTXeg.s 			page 28


 1540 05e7 00       		.byte	0
 1541 05e8 00       		.byte	0
 1542 05e9 0B       		.byte	11
 1543 05ea 3F       		.byte	63
 1544 05eb 00       		.byte	0
 1545 05ec 3F       		.byte	63
 1546 05ed 0B       		.byte	11
 1547 05ee 00       		.byte	0
 1548 05ef 00       		.byte	0
 1549 05f0 0C       		.byte	12
 1550 05f1 08       		.byte	8
 1551 05f2 03       		.byte	3
 1552 05f3 03       		.byte	3
 1553 05f4 00       		.byte	0
 1554 05f5 0B       		.byte	11
 1555 05f6 3F       		.byte	63
 1556 05f7 00       		.byte	0
 1557 05f8 03       		.byte	3
 1558 05f9 10       		.byte	16
 1559 05fa 0C       		.byte	12
 1560 05fb 00       		.byte	0
 1561 05fc 3F       		.byte	63
 1562 05fd 02       		.byte	2
 1563 05fe 00       		.byte	0
 1564 05ff 00       		.byte	0
 1565 0600 0A       		.byte	10
 1566 0601 10       		.byte	16
 1567 0602 00       		.byte	0
 1568 0603 03       		.byte	3
 1569 0604 01       		.byte	1
 1570 0605 00       		.byte	0
 1571 0606 00       		.byte	0
 1572 0607 00       		.byte	0
 1573 0608 00       		.byte	0
 1574 0609 00       		.byte	0
 1575 060a 30       		.byte	48
 1576 060b 00       		.byte	0
 1577 060c 01       		.byte	1
 1578 060d 00       		.byte	0
 1579 060e 00       		.byte	0
 1580 060f 04       		.byte	4
 1581 0610 0C       		.byte	12
 1582 0611 01       		.byte	1
 1583 0612 03       		.byte	3
 1584 0613 00       		.byte	0
 1585 0614 22       		.byte	34
 1586 0615 00       		.byte	0
 1587 0616 05       		.byte	5
 1588 0617 00       		.byte	0
 1589 0618 00       		.byte	0
 1590 0619 00       		.byte	0
 1591 061a 00       		.byte	0
 1592 061b 00       		.byte	0
 1593 061c 1F       		.byte	31
 1594 061d 18       		.byte	24
 1595 061e 20       		.byte	32
 1596 061f 07       		.byte	7
ARM GAS  C:\Users\DELL\AppData\Local\Temp\ccwaTXeg.s 			page 29


 1597 0620 00       		.byte	0
 1598 0621 20       		.byte	32
 1599 0622 00       		.byte	0
 1600 0623 80       		.byte	-128
 1601 0624 00       		.byte	0
 1602 0625 00       		.byte	0
 1603 0626 10       		.byte	16
 1604 0627 00       		.byte	0
 1605 0628 35       		.byte	53
 1606 0629 02       		.byte	2
 1607 062a 06       		.byte	6
 1608 062b 00       		.byte	0
 1609 062c 01       		.byte	1
 1610 062d 0E       		.byte	14
 1611 062e 4C       		.byte	76
 1612 062f 40       		.byte	64
 1613 0630 2F       		.byte	47
 1614 0631 FF       		.byte	-1
 1615 0632 FF       		.byte	-1
 1616 0633 FF       		.byte	-1
 1617 0634 62       		.byte	98
 1618 0635 A0       		.byte	-96
 1619 0636 F0       		.byte	-16
 1620 0637 41       		.byte	65
 1621 0638 0C       		.byte	12
 1622 0639 00       		.byte	0
 1623 063a 00       		.byte	0
 1624 063b 00       		.byte	0
 1625 063c 00       		.byte	0
 1626 063d 00       		.byte	0
 1627 063e 02       		.byte	2
 1628 063f 11       		.byte	17
 1629 0640 04       		.byte	4
 1630 0641 04       		.byte	4
 1631 0642 04       		.byte	4
 1632 0643 04       		.byte	4
 1633 0644 00       		.byte	0
 1634 0645 00       		.byte	0
 1635 0646 00       		.byte	0
 1636 0647 01       		.byte	1
 1637 0648 00       		.byte	0
 1638 0649 00       		.byte	0
 1639 064a 00       		.byte	0
 1640 064b 00       		.byte	0
 1641 064c 00       		.byte	0
 1642 064d 00       		.byte	0
 1643 064e 40       		.byte	64
 1644 064f 02       		.byte	2
 1645 0650 00       		.byte	0
 1646 0651 10       		.byte	16
 1647 0652 30       		.byte	48
 1648 0653 10       		.byte	16
 1649 0654 00       		.byte	0
 1650 0655 10       		.byte	16
 1651 0656 10       		.byte	16
 1652 0657 12       		.byte	18
 1653 0658 00       		.byte	0
ARM GAS  C:\Users\DELL\AppData\Local\Temp\ccwaTXeg.s 			page 30


 1654 0659 00       		.byte	0
 1655 065a 00       		.byte	0
 1656 065b 00       		.byte	0
 1657 065c 00       		.byte	0
 1658 065d 00       		.byte	0
 1659 065e 00       		.byte	0
 1660 065f 00       		.byte	0
 1661 0660 00       		.byte	0
 1662 0661 00       		.byte	0
 1663 0662 00       		.byte	0
 1664 0663 00       		.byte	0
 1665 0664 00       		.byte	0
 1666 0665 00       		.byte	0
 1667 0666 00       		.byte	0
 1668 0667 00       		.byte	0
 1669 0668 00       		.byte	0
 1670 0669 00       		.byte	0
 1671 066a 00       		.byte	0
 1672 066b 00       		.byte	0
 1673 066c 00       		.byte	0
 1674 066d 00       		.byte	0
 1675 066e 01       		.byte	1
 1676 066f 00       		.byte	0
 1677 0670 80       		.byte	-128
 1678 0671 00       		.byte	0
 1679 0672 40       		.byte	64
 1680 0673 80       		.byte	-128
 1681 0674 80       		.byte	-128
 1682 0675 00       		.byte	0
 1683 0676 80       		.byte	-128
 1684 0677 00       		.byte	0
 1685 0678 00       		.byte	0
 1686 0679 00       		.byte	0
 1687 067a 00       		.byte	0
 1688 067b 00       		.byte	0
 1689 067c 00       		.byte	0
 1690 067d 80       		.byte	-128
 1691 067e 00       		.byte	0
 1692 067f 80       		.byte	-128
 1693 0680 C0       		.byte	-64
 1694 0681 00       		.byte	0
 1695 0682 00       		.byte	0
 1696 0683 00       		.byte	0
 1697 0684 00       		.byte	0
 1698 0685 0B       		.byte	11
 1699 0686 0B       		.byte	11
 1700 0687 00       		.byte	0
 1701 0688 00       		.byte	0
 1702 0689 00       		.byte	0
 1703 068a 00       		.byte	0
 1704 068b 00       		.byte	0
 1705 068c 00       		.byte	0
 1706 068d 00       		.byte	0
 1707 068e 00       		.byte	0
 1708 068f 00       		.byte	0
 1709 0690 00       		.byte	0
 1710 0691 00       		.byte	0
ARM GAS  C:\Users\DELL\AppData\Local\Temp\ccwaTXeg.s 			page 31


 1711 0692 C0       		.byte	-64
 1712 0693 00       		.byte	0
 1713              		.section	.cywolatch,"a",%progbits
 1714              		.align	2
 1715              		.type	cy_meta_wonvl, %object
 1716              		.size	cy_meta_wonvl, 4
 1717              	cy_meta_wonvl:
 1718 0000 BC       		.byte	-68
 1719 0001 90       		.byte	-112
 1720 0002 AC       		.byte	-84
 1721 0003 AF       		.byte	-81
 1722              		.section	.cycustnvl,"a",%progbits
 1723              		.align	2
 1724              		.type	cy_meta_custnvl, %object
 1725              		.size	cy_meta_custnvl, 4
 1726              	cy_meta_custnvl:
 1727 0000 00       		.byte	0
 1728 0001 00       		.byte	0
 1729 0002 40       		.byte	64
 1730 0003 05       		.byte	5
 1731              		.section	.cymeta,"a",%progbits
 1732              		.align	2
 1733              		.type	cy_metadata, %object
 1734              		.size	cy_metadata, 12
 1735              	cy_metadata:
 1736 0000 00       		.byte	0
 1737 0001 01       		.byte	1
 1738 0002 2E       		.byte	46
 1739 0003 16       		.byte	22
 1740 0004 10       		.byte	16
 1741 0005 69       		.byte	105
 1742 0006 00       		.byte	0
 1743 0007 01       		.byte	1
 1744 0008 00       		.byte	0
 1745 0009 00       		.byte	0
 1746 000a 00       		.byte	0
 1747 000b 00       		.byte	0
 1748              		.section	.cyflashprotect,"a",%progbits
 1749              		.align	2
 1750              		.type	cy_meta_flashprotect, %object
 1751              		.size	cy_meta_flashprotect, 256
 1752              	cy_meta_flashprotect:
 1753 0000 00000000 		.space	256
 1753      00000000 
 1753      00000000 
 1753      00000000 
 1753      00000000 
 1754              		.text
 1755              	.Letext0:
 1756              		.file 1 "c:\\psoc creator\\4.4\\psoc creator\\import\\gnu\\arm\\5.4.1\\arm-none-eabi\\include\\mac
 1757              		.file 2 "c:\\psoc creator\\4.4\\psoc creator\\import\\gnu\\arm\\5.4.1\\arm-none-eabi\\include\\sys
 1758              		.file 3 "Generated_Source\\PSoC5\\cymetadata.c"
 1759              		.section	.debug_info,"",%progbits
 1760              	.Ldebug_info0:
 1761 0000 34010000 		.4byte	0x134
 1762 0004 0400     		.2byte	0x4
 1763 0006 00000000 		.4byte	.Ldebug_abbrev0
ARM GAS  C:\Users\DELL\AppData\Local\Temp\ccwaTXeg.s 			page 32


 1764 000a 04       		.byte	0x4
 1765 000b 01       		.uleb128 0x1
 1766 000c 57000000 		.4byte	.LASF17
 1767 0010 0C       		.byte	0xc
 1768 0011 B1010000 		.4byte	.LASF18
 1769 0015 0A000000 		.4byte	.LASF19
 1770 0019 00000000 		.4byte	.Ldebug_line0
 1771 001d 02       		.uleb128 0x2
 1772 001e 01       		.byte	0x1
 1773 001f 06       		.byte	0x6
 1774 0020 A5010000 		.4byte	.LASF0
 1775 0024 03       		.uleb128 0x3
 1776 0025 00000000 		.4byte	.LASF9
 1777 0029 01       		.byte	0x1
 1778 002a 1D       		.byte	0x1d
 1779 002b 2F000000 		.4byte	0x2f
 1780 002f 02       		.uleb128 0x2
 1781 0030 01       		.byte	0x1
 1782 0031 08       		.byte	0x8
 1783 0032 49000000 		.4byte	.LASF1
 1784 0036 02       		.uleb128 0x2
 1785 0037 02       		.byte	0x2
 1786 0038 05       		.byte	0x5
 1787 0039 92010000 		.4byte	.LASF2
 1788 003d 02       		.uleb128 0x2
 1789 003e 02       		.byte	0x2
 1790 003f 07       		.byte	0x7
 1791 0040 F7000000 		.4byte	.LASF3
 1792 0044 02       		.uleb128 0x2
 1793 0045 04       		.byte	0x4
 1794 0046 05       		.byte	0x5
 1795 0047 9C010000 		.4byte	.LASF4
 1796 004b 02       		.uleb128 0x2
 1797 004c 04       		.byte	0x4
 1798 004d 07       		.byte	0x7
 1799 004e E5000000 		.4byte	.LASF5
 1800 0052 02       		.uleb128 0x2
 1801 0053 08       		.byte	0x8
 1802 0054 05       		.byte	0x5
 1803 0055 84010000 		.4byte	.LASF6
 1804 0059 02       		.uleb128 0x2
 1805 005a 08       		.byte	0x8
 1806 005b 07       		.byte	0x7
 1807 005c 39010000 		.4byte	.LASF7
 1808 0060 04       		.uleb128 0x4
 1809 0061 04       		.byte	0x4
 1810 0062 05       		.byte	0x5
 1811 0063 696E7400 		.ascii	"int\000"
 1812 0067 02       		.uleb128 0x2
 1813 0068 04       		.byte	0x4
 1814 0069 07       		.byte	0x7
 1815 006a 2C010000 		.4byte	.LASF8
 1816 006e 03       		.uleb128 0x3
 1817 006f 50010000 		.4byte	.LASF10
 1818 0073 02       		.byte	0x2
 1819 0074 18       		.byte	0x18
 1820 0075 24000000 		.4byte	0x24
ARM GAS  C:\Users\DELL\AppData\Local\Temp\ccwaTXeg.s 			page 33


 1821 0079 05       		.uleb128 0x5
 1822 007a 91000000 		.4byte	0x91
 1823 007e 8A000000 		.4byte	0x8a
 1824 0082 06       		.uleb128 0x6
 1825 0083 8A000000 		.4byte	0x8a
 1826 0087 9306     		.2byte	0x693
 1827 0089 00       		.byte	0
 1828 008a 02       		.uleb128 0x2
 1829 008b 04       		.byte	0x4
 1830 008c 07       		.byte	0x7
 1831 008d 7B010000 		.4byte	.LASF11
 1832 0091 07       		.uleb128 0x7
 1833 0092 6E000000 		.4byte	0x6e
 1834 0096 08       		.uleb128 0x8
 1835 0097 1A010000 		.4byte	.LASF12
 1836 009b 03       		.byte	0x3
 1837 009c 1F       		.byte	0x1f
 1838 009d A7000000 		.4byte	0xa7
 1839 00a1 05       		.uleb128 0x5
 1840 00a2 03       		.byte	0x3
 1841 00a3 00000000 		.4byte	cy_meta_configecc
 1842 00a7 07       		.uleb128 0x7
 1843 00a8 79000000 		.4byte	0x79
 1844 00ac 05       		.uleb128 0x5
 1845 00ad 91000000 		.4byte	0x91
 1846 00b1 BC000000 		.4byte	0xbc
 1847 00b5 09       		.uleb128 0x9
 1848 00b6 8A000000 		.4byte	0x8a
 1849 00ba 03       		.byte	0x3
 1850 00bb 00       		.byte	0
 1851 00bc 08       		.uleb128 0x8
 1852 00bd 0A010000 		.4byte	.LASF13
 1853 00c1 03       		.byte	0x3
 1854 00c2 FF       		.byte	0xff
 1855 00c3 CD000000 		.4byte	0xcd
 1856 00c7 05       		.uleb128 0x5
 1857 00c8 03       		.byte	0x3
 1858 00c9 00000000 		.4byte	cy_meta_custnvl
 1859 00cd 07       		.uleb128 0x7
 1860 00ce AC000000 		.4byte	0xac
 1861 00d2 0A       		.uleb128 0xa
 1862 00d3 6D010000 		.4byte	.LASF14
 1863 00d7 03       		.byte	0x3
 1864 00d8 0D01     		.2byte	0x10d
 1865 00da E4000000 		.4byte	0xe4
 1866 00de 05       		.uleb128 0x5
 1867 00df 03       		.byte	0x3
 1868 00e0 00000000 		.4byte	cy_meta_wonvl
 1869 00e4 07       		.uleb128 0x7
 1870 00e5 AC000000 		.4byte	0xac
 1871 00e9 05       		.uleb128 0x5
 1872 00ea 91000000 		.4byte	0x91
 1873 00ee F9000000 		.4byte	0xf9
 1874 00f2 09       		.uleb128 0x9
 1875 00f3 8A000000 		.4byte	0x8a
 1876 00f7 FF       		.byte	0xff
 1877 00f8 00       		.byte	0
ARM GAS  C:\Users\DELL\AppData\Local\Temp\ccwaTXeg.s 			page 34


 1878 00f9 0A       		.uleb128 0xa
 1879 00fa 58010000 		.4byte	.LASF15
 1880 00fe 03       		.byte	0x3
 1881 00ff 1B01     		.2byte	0x11b
 1882 0101 0B010000 		.4byte	0x10b
 1883 0105 05       		.uleb128 0x5
 1884 0106 03       		.byte	0x3
 1885 0107 00000000 		.4byte	cy_meta_flashprotect
 1886 010b 07       		.uleb128 0x7
 1887 010c E9000000 		.4byte	0xe9
 1888 0110 05       		.uleb128 0x5
 1889 0111 91000000 		.4byte	0x91
 1890 0115 20010000 		.4byte	0x120
 1891 0119 09       		.uleb128 0x9
 1892 011a 8A000000 		.4byte	0x8a
 1893 011e 0B       		.byte	0xb
 1894 011f 00       		.byte	0
 1895 0120 0A       		.uleb128 0xa
 1896 0121 3D000000 		.4byte	.LASF16
 1897 0125 03       		.byte	0x3
 1898 0126 4801     		.2byte	0x148
 1899 0128 32010000 		.4byte	0x132
 1900 012c 05       		.uleb128 0x5
 1901 012d 03       		.byte	0x3
 1902 012e 00000000 		.4byte	cy_metadata
 1903 0132 07       		.uleb128 0x7
 1904 0133 10010000 		.4byte	0x110
 1905 0137 00       		.byte	0
 1906              		.section	.debug_abbrev,"",%progbits
 1907              	.Ldebug_abbrev0:
 1908 0000 01       		.uleb128 0x1
 1909 0001 11       		.uleb128 0x11
 1910 0002 01       		.byte	0x1
 1911 0003 25       		.uleb128 0x25
 1912 0004 0E       		.uleb128 0xe
 1913 0005 13       		.uleb128 0x13
 1914 0006 0B       		.uleb128 0xb
 1915 0007 03       		.uleb128 0x3
 1916 0008 0E       		.uleb128 0xe
 1917 0009 1B       		.uleb128 0x1b
 1918 000a 0E       		.uleb128 0xe
 1919 000b 10       		.uleb128 0x10
 1920 000c 17       		.uleb128 0x17
 1921 000d 00       		.byte	0
 1922 000e 00       		.byte	0
 1923 000f 02       		.uleb128 0x2
 1924 0010 24       		.uleb128 0x24
 1925 0011 00       		.byte	0
 1926 0012 0B       		.uleb128 0xb
 1927 0013 0B       		.uleb128 0xb
 1928 0014 3E       		.uleb128 0x3e
 1929 0015 0B       		.uleb128 0xb
 1930 0016 03       		.uleb128 0x3
 1931 0017 0E       		.uleb128 0xe
 1932 0018 00       		.byte	0
 1933 0019 00       		.byte	0
 1934 001a 03       		.uleb128 0x3
ARM GAS  C:\Users\DELL\AppData\Local\Temp\ccwaTXeg.s 			page 35


 1935 001b 16       		.uleb128 0x16
 1936 001c 00       		.byte	0
 1937 001d 03       		.uleb128 0x3
 1938 001e 0E       		.uleb128 0xe
 1939 001f 3A       		.uleb128 0x3a
 1940 0020 0B       		.uleb128 0xb
 1941 0021 3B       		.uleb128 0x3b
 1942 0022 0B       		.uleb128 0xb
 1943 0023 49       		.uleb128 0x49
 1944 0024 13       		.uleb128 0x13
 1945 0025 00       		.byte	0
 1946 0026 00       		.byte	0
 1947 0027 04       		.uleb128 0x4
 1948 0028 24       		.uleb128 0x24
 1949 0029 00       		.byte	0
 1950 002a 0B       		.uleb128 0xb
 1951 002b 0B       		.uleb128 0xb
 1952 002c 3E       		.uleb128 0x3e
 1953 002d 0B       		.uleb128 0xb
 1954 002e 03       		.uleb128 0x3
 1955 002f 08       		.uleb128 0x8
 1956 0030 00       		.byte	0
 1957 0031 00       		.byte	0
 1958 0032 05       		.uleb128 0x5
 1959 0033 01       		.uleb128 0x1
 1960 0034 01       		.byte	0x1
 1961 0035 49       		.uleb128 0x49
 1962 0036 13       		.uleb128 0x13
 1963 0037 01       		.uleb128 0x1
 1964 0038 13       		.uleb128 0x13
 1965 0039 00       		.byte	0
 1966 003a 00       		.byte	0
 1967 003b 06       		.uleb128 0x6
 1968 003c 21       		.uleb128 0x21
 1969 003d 00       		.byte	0
 1970 003e 49       		.uleb128 0x49
 1971 003f 13       		.uleb128 0x13
 1972 0040 2F       		.uleb128 0x2f
 1973 0041 05       		.uleb128 0x5
 1974 0042 00       		.byte	0
 1975 0043 00       		.byte	0
 1976 0044 07       		.uleb128 0x7
 1977 0045 26       		.uleb128 0x26
 1978 0046 00       		.byte	0
 1979 0047 49       		.uleb128 0x49
 1980 0048 13       		.uleb128 0x13
 1981 0049 00       		.byte	0
 1982 004a 00       		.byte	0
 1983 004b 08       		.uleb128 0x8
 1984 004c 34       		.uleb128 0x34
 1985 004d 00       		.byte	0
 1986 004e 03       		.uleb128 0x3
 1987 004f 0E       		.uleb128 0xe
 1988 0050 3A       		.uleb128 0x3a
 1989 0051 0B       		.uleb128 0xb
 1990 0052 3B       		.uleb128 0x3b
 1991 0053 0B       		.uleb128 0xb
ARM GAS  C:\Users\DELL\AppData\Local\Temp\ccwaTXeg.s 			page 36


 1992 0054 49       		.uleb128 0x49
 1993 0055 13       		.uleb128 0x13
 1994 0056 3F       		.uleb128 0x3f
 1995 0057 19       		.uleb128 0x19
 1996 0058 02       		.uleb128 0x2
 1997 0059 18       		.uleb128 0x18
 1998 005a 00       		.byte	0
 1999 005b 00       		.byte	0
 2000 005c 09       		.uleb128 0x9
 2001 005d 21       		.uleb128 0x21
 2002 005e 00       		.byte	0
 2003 005f 49       		.uleb128 0x49
 2004 0060 13       		.uleb128 0x13
 2005 0061 2F       		.uleb128 0x2f
 2006 0062 0B       		.uleb128 0xb
 2007 0063 00       		.byte	0
 2008 0064 00       		.byte	0
 2009 0065 0A       		.uleb128 0xa
 2010 0066 34       		.uleb128 0x34
 2011 0067 00       		.byte	0
 2012 0068 03       		.uleb128 0x3
 2013 0069 0E       		.uleb128 0xe
 2014 006a 3A       		.uleb128 0x3a
 2015 006b 0B       		.uleb128 0xb
 2016 006c 3B       		.uleb128 0x3b
 2017 006d 05       		.uleb128 0x5
 2018 006e 49       		.uleb128 0x49
 2019 006f 13       		.uleb128 0x13
 2020 0070 3F       		.uleb128 0x3f
 2021 0071 19       		.uleb128 0x19
 2022 0072 02       		.uleb128 0x2
 2023 0073 18       		.uleb128 0x18
 2024 0074 00       		.byte	0
 2025 0075 00       		.byte	0
 2026 0076 00       		.byte	0
 2027              		.section	.debug_aranges,"",%progbits
 2028 0000 14000000 		.4byte	0x14
 2029 0004 0200     		.2byte	0x2
 2030 0006 00000000 		.4byte	.Ldebug_info0
 2031 000a 04       		.byte	0x4
 2032 000b 00       		.byte	0
 2033 000c 0000     		.2byte	0
 2034 000e 0000     		.2byte	0
 2035 0010 00000000 		.4byte	0
 2036 0014 00000000 		.4byte	0
 2037              		.section	.debug_line,"",%progbits
 2038              	.Ldebug_line0:
 2039 0000 05010000 		.section	.debug_str,"MS",%progbits,1
 2039      0200FF00 
 2039      00000201 
 2039      FB0E0D00 
 2039      01010101 
 2040              	.LASF9:
 2041 0000 5F5F7569 		.ascii	"__uint8_t\000"
 2041      6E74385F 
 2041      7400
 2042              	.LASF19:
ARM GAS  C:\Users\DELL\AppData\Local\Temp\ccwaTXeg.s 			page 37


 2043 000a 433A5C55 		.ascii	"C:\\Users\\DELL\\Downloads\\Workspace02\\Design01.c"
 2043      73657273 
 2043      5C44454C 
 2043      4C5C446F 
 2043      776E6C6F 
 2044 0038 7964736E 		.ascii	"ydsn\000"
 2044      00
 2045              	.LASF16:
 2046 003d 63795F6D 		.ascii	"cy_metadata\000"
 2046      65746164 
 2046      61746100 
 2047              	.LASF1:
 2048 0049 756E7369 		.ascii	"unsigned char\000"
 2048      676E6564 
 2048      20636861 
 2048      7200
 2049              	.LASF17:
 2050 0057 474E5520 		.ascii	"GNU C11 5.4.1 20160609 (release) [ARM/embedded-5-br"
 2050      43313120 
 2050      352E342E 
 2050      31203230 
 2050      31363036 
 2051 008a 616E6368 		.ascii	"anch revision 237715] -mcpu=cortex-m3 -mthumb -g -O"
 2051      20726576 
 2051      6973696F 
 2051      6E203233 
 2051      37373135 
 2052 00bd 67202D66 		.ascii	"g -ffunction-sections -ffat-lto-objects\000"
 2052      66756E63 
 2052      74696F6E 
 2052      2D736563 
 2052      74696F6E 
 2053              	.LASF5:
 2054 00e5 6C6F6E67 		.ascii	"long unsigned int\000"
 2054      20756E73 
 2054      69676E65 
 2054      6420696E 
 2054      7400
 2055              	.LASF3:
 2056 00f7 73686F72 		.ascii	"short unsigned int\000"
 2056      7420756E 
 2056      7369676E 
 2056      65642069 
 2056      6E7400
 2057              	.LASF13:
 2058 010a 63795F6D 		.ascii	"cy_meta_custnvl\000"
 2058      6574615F 
 2058      63757374 
 2058      6E766C00 
 2059              	.LASF12:
 2060 011a 63795F6D 		.ascii	"cy_meta_configecc\000"
 2060      6574615F 
 2060      636F6E66 
 2060      69676563 
 2060      6300
 2061              	.LASF8:
 2062 012c 756E7369 		.ascii	"unsigned int\000"
ARM GAS  C:\Users\DELL\AppData\Local\Temp\ccwaTXeg.s 			page 38


 2062      676E6564 
 2062      20696E74 
 2062      00
 2063              	.LASF7:
 2064 0139 6C6F6E67 		.ascii	"long long unsigned int\000"
 2064      206C6F6E 
 2064      6720756E 
 2064      7369676E 
 2064      65642069 
 2065              	.LASF10:
 2066 0150 75696E74 		.ascii	"uint8_t\000"
 2066      385F7400 
 2067              	.LASF15:
 2068 0158 63795F6D 		.ascii	"cy_meta_flashprotect\000"
 2068      6574615F 
 2068      666C6173 
 2068      6870726F 
 2068      74656374 
 2069              	.LASF14:
 2070 016d 63795F6D 		.ascii	"cy_meta_wonvl\000"
 2070      6574615F 
 2070      776F6E76 
 2070      6C00
 2071              	.LASF11:
 2072 017b 73697A65 		.ascii	"sizetype\000"
 2072      74797065 
 2072      00
 2073              	.LASF6:
 2074 0184 6C6F6E67 		.ascii	"long long int\000"
 2074      206C6F6E 
 2074      6720696E 
 2074      7400
 2075              	.LASF2:
 2076 0192 73686F72 		.ascii	"short int\000"
 2076      7420696E 
 2076      7400
 2077              	.LASF4:
 2078 019c 6C6F6E67 		.ascii	"long int\000"
 2078      20696E74 
 2078      00
 2079              	.LASF0:
 2080 01a5 7369676E 		.ascii	"signed char\000"
 2080      65642063 
 2080      68617200 
 2081              	.LASF18:
 2082 01b1 47656E65 		.ascii	"Generated_Source\\PSoC5\\cymetadata.c\000"
 2082      72617465 
 2082      645F536F 
 2082      75726365 
 2082      5C50536F 
 2083              		.ident	"GCC: (GNU Tools for ARM Embedded Processors) 5.4.1 20160609 (release) [ARM/embedded-5-bran
