ARM GAS  C:\Users\DELL\AppData\Local\Temp\ccMTHnYe.s 			page 1


   1              		.syntax unified
   2              		.cpu cortex-m3
   3              		.fpu softvfp
   4              		.eabi_attribute 20, 1
   5              		.eabi_attribute 21, 1
   6              		.eabi_attribute 23, 3
   7              		.eabi_attribute 24, 1
   8              		.eabi_attribute 25, 1
   9              		.eabi_attribute 26, 1
  10              		.eabi_attribute 30, 1
  11              		.eabi_attribute 34, 1
  12              		.eabi_attribute 18, 4
  13              		.thumb
  14              		.syntax unified
  15              		.file	"main.c"
  16              		.text
  17              	.Ltext0:
  18              		.cfi_sections	.debug_frame
  19              		.section	.text.UART_Rx_Handler,"ax",%progbits
  20              		.align	2
  21              		.global	UART_Rx_Handler
  22              		.thumb
  23              		.thumb_func
  24              		.type	UART_Rx_Handler, %function
  25              	UART_Rx_Handler:
  26              	.LFB65:
  27              		.file 1 "main.c"
   1:main.c        **** /* ========================================
   2:main.c        ****  *
   3:main.c        ****  * Copyright YOUR COMPANY, THE YEAR
   4:main.c        ****  * All Rights Reserved
   5:main.c        ****  * UNPUBLISHED, LICENSED SOFTWARE.
   6:main.c        ****  *
   7:main.c        ****  * CONFIDENTIAL AND PROPRIETARY INFORMATION
   8:main.c        ****  * WHICH IS THE PROPERTY OF your company.
   9:main.c        ****  *
  10:main.c        ****  * ========================================
  11:main.c        **** */
  12:main.c        **** #include "project.h"
  13:main.c        **** #include <stdio.h>
  14:main.c        **** #include <stdlib.h>
  15:main.c        **** #include "IDAC_1.h"
  16:main.c        **** #include "UART_1.h"
  17:main.c        **** 
  18:main.c        **** #define BUFFER_SIZE 1152
  19:main.c        **** 
  20:main.c        **** uint8_t rxBuffer1[BUFFER_SIZE];
  21:main.c        **** uint8_t rxBuffer2[BUFFER_SIZE];
  22:main.c        **** uint8_t* currentRxBuffer;
  23:main.c        **** uint8_t* plotBuffer;
  24:main.c        **** volatile uint8_t receivedData;
  25:main.c        **** volatile int bufferFilled = 0; // Flag to indicate buffer is completely filled
  26:main.c        **** volatile uint32_t tc_count = 0;
  27:main.c        **** uint32_t count;
  28:main.c        **** uint8_t OneToSend = 0x01;
  29:main.c        **** char string[128];
  30:main.c        **** 
ARM GAS  C:\Users\DELL\AppData\Local\Temp\ccMTHnYe.s 			page 2


  31:main.c        **** void initializeComponents(void) {
  32:main.c        ****     CyGlobalIntEnable; /* Enable global interrupts. */
  33:main.c        ****     //isr_timer_ClearPending();
  34:main.c        ****     //isr_timer_StartEx(timer_tc_isr);
  35:main.c        **** 
  36:main.c        ****     
  37:main.c        ****     
  38:main.c        ****     UART_1_Start();    // Start UART communication
  39:main.c        ****     IDAC_1_Start();    // Start DAC component
  40:main.c        ****     PGA_Inv_1_Start();
  41:main.c        ****     TIA_1_Start();
  42:main.c        ****     Opamp_1_Start();
  43:main.c        ****     UART_1_ClearRxBuffer(); // Clear UART receive buffer
  44:main.c        ****     UART_1_ClearTxBuffer(); // Clear UART transmit buffer
  45:main.c        ****     currentRxBuffer = rxBuffer1;
  46:main.c        ****     plotBuffer = rxBuffer2;
  47:main.c        ****     //UART_1_PutChar(OneToSend); // Initial request for data
  48:main.c        **** }
  49:main.c        **** 
  50:main.c        **** // ISR Handler for UART RX
  51:main.c        **** CY_ISR(UART_Rx_Handler) {
  28              		.loc 1 51 0
  29              		.cfi_startproc
  30              		@ args = 0, pretend = 0, frame = 0
  31              		@ frame_needed = 0, uses_anonymous_args = 0
  32 0000 10B5     		push	{r4, lr}
  33              		.cfi_def_cfa_offset 8
  34              		.cfi_offset 4, -8
  35              		.cfi_offset 14, -4
  52:main.c        ****     static int index = 0;
  53:main.c        ****     isr_1_ClearPending();
  36              		.loc 1 53 0
  37 0002 FFF7FEFF 		bl	isr_1_ClearPending
  38              	.LVL0:
  54:main.c        **** 
  55:main.c        ****     if (bufferFilled == 0) { // Only receive new data if the buffer is not yet filled
  39              		.loc 1 55 0
  40 0006 0E4B     		ldr	r3, .L7
  41 0008 1B68     		ldr	r3, [r3]
  42 000a 9BB1     		cbz	r3, .L4
  43 000c 10BD     		pop	{r4, pc}
  44              	.L5:
  56:main.c        ****         while (UART_1_GetRxBufferSize() > 0) {
  57:main.c        ****             receivedData = UART_1_ReadRxData(); /* Read received data */
  45              		.loc 1 57 0
  46 000e FFF7FEFF 		bl	UART_1_ReadRxData
  47              	.LVL1:
  48 0012 0C49     		ldr	r1, .L7+4
  49 0014 0870     		strb	r0, [r1]
  58:main.c        ****             currentRxBuffer[index++] = receivedData; /* Store received data in buffer */
  50              		.loc 1 58 0
  51 0016 0C4B     		ldr	r3, .L7+8
  52 0018 1C68     		ldr	r4, [r3]
  53 001a 0948     		ldr	r0, .L7
  54 001c 4268     		ldr	r2, [r0, #4]
  55 001e 531C     		adds	r3, r2, #1
  56 0020 4360     		str	r3, [r0, #4]
ARM GAS  C:\Users\DELL\AppData\Local\Temp\ccMTHnYe.s 			page 3


  57 0022 0978     		ldrb	r1, [r1]	@ zero_extendqisi2
  58 0024 A154     		strb	r1, [r4, r2]
  59:main.c        ****             
  60:main.c        ****             if (index >= BUFFER_SIZE) {
  59              		.loc 1 60 0
  60 0026 B3F5906F 		cmp	r3, #1152
  61 002a 03DB     		blt	.L4
  61:main.c        ****                 bufferFilled = 1; // Set flag to indicate buffer is full
  62              		.loc 1 61 0
  63 002c 0122     		movs	r2, #1
  64 002e 0260     		str	r2, [r0]
  62:main.c        ****                 index = 0; // Reset index for next reception
  65              		.loc 1 62 0
  66 0030 0022     		movs	r2, #0
  67 0032 4260     		str	r2, [r0, #4]
  68              	.L4:
  56:main.c        ****             receivedData = UART_1_ReadRxData(); /* Read received data */
  69              		.loc 1 56 0
  70 0034 FFF7FEFF 		bl	UART_1_GetRxBufferSize
  71              	.LVL2:
  72 0038 0028     		cmp	r0, #0
  73 003a E8D1     		bne	.L5
  74 003c 10BD     		pop	{r4, pc}
  75              	.L8:
  76 003e 00BF     		.align	2
  77              	.L7:
  78 0040 00000000 		.word	.LANCHOR0
  79 0044 00000000 		.word	receivedData
  80 0048 00000000 		.word	currentRxBuffer
  81              		.cfi_endproc
  82              	.LFE65:
  83              		.size	UART_Rx_Handler, .-UART_Rx_Handler
  84              		.section	.text.initializeComponents,"ax",%progbits
  85              		.align	2
  86              		.global	initializeComponents
  87              		.thumb
  88              		.thumb_func
  89              		.type	initializeComponents, %function
  90              	initializeComponents:
  91              	.LFB64:
  31:main.c        ****     CyGlobalIntEnable; /* Enable global interrupts. */
  92              		.loc 1 31 0
  93              		.cfi_startproc
  94              		@ args = 0, pretend = 0, frame = 0
  95              		@ frame_needed = 0, uses_anonymous_args = 0
  96 0000 08B5     		push	{r3, lr}
  97              		.cfi_def_cfa_offset 8
  98              		.cfi_offset 3, -8
  99              		.cfi_offset 14, -4
  32:main.c        ****     //isr_timer_ClearPending();
 100              		.loc 1 32 0
 101              		.syntax unified
 102              	@ 32 "main.c" 1
 103 0002 62B6     		CPSIE   i
 104              	@ 0 "" 2
  38:main.c        ****     IDAC_1_Start();    // Start DAC component
 105              		.loc 1 38 0
ARM GAS  C:\Users\DELL\AppData\Local\Temp\ccMTHnYe.s 			page 4


 106              		.thumb
 107              		.syntax unified
 108 0004 FFF7FEFF 		bl	UART_1_Start
 109              	.LVL3:
  39:main.c        ****     PGA_Inv_1_Start();
 110              		.loc 1 39 0
 111 0008 FFF7FEFF 		bl	IDAC_1_Start
 112              	.LVL4:
  40:main.c        ****     TIA_1_Start();
 113              		.loc 1 40 0
 114 000c FFF7FEFF 		bl	PGA_Inv_1_Start
 115              	.LVL5:
  41:main.c        ****     Opamp_1_Start();
 116              		.loc 1 41 0
 117 0010 FFF7FEFF 		bl	TIA_1_Start
 118              	.LVL6:
  42:main.c        ****     UART_1_ClearRxBuffer(); // Clear UART receive buffer
 119              		.loc 1 42 0
 120 0014 FFF7FEFF 		bl	Opamp_1_Start
 121              	.LVL7:
  43:main.c        ****     UART_1_ClearTxBuffer(); // Clear UART transmit buffer
 122              		.loc 1 43 0
 123 0018 FFF7FEFF 		bl	UART_1_ClearRxBuffer
 124              	.LVL8:
  44:main.c        ****     currentRxBuffer = rxBuffer1;
 125              		.loc 1 44 0
 126 001c FFF7FEFF 		bl	UART_1_ClearTxBuffer
 127              	.LVL9:
  45:main.c        ****     plotBuffer = rxBuffer2;
 128              		.loc 1 45 0
 129 0020 034A     		ldr	r2, .L11
 130 0022 044B     		ldr	r3, .L11+4
 131 0024 1A60     		str	r2, [r3]
  46:main.c        ****     //UART_1_PutChar(OneToSend); // Initial request for data
 132              		.loc 1 46 0
 133 0026 044A     		ldr	r2, .L11+8
 134 0028 044B     		ldr	r3, .L11+12
 135 002a 1A60     		str	r2, [r3]
 136 002c 08BD     		pop	{r3, pc}
 137              	.L12:
 138 002e 00BF     		.align	2
 139              	.L11:
 140 0030 00000000 		.word	rxBuffer1
 141 0034 00000000 		.word	currentRxBuffer
 142 0038 00000000 		.word	rxBuffer2
 143 003c 00000000 		.word	plotBuffer
 144              		.cfi_endproc
 145              	.LFE64:
 146              		.size	initializeComponents, .-initializeComponents
 147              		.section	.text.plotData,"ax",%progbits
 148              		.align	2
 149              		.global	plotData
 150              		.thumb
 151              		.thumb_func
 152              		.type	plotData, %function
 153              	plotData:
 154              	.LFB66:
ARM GAS  C:\Users\DELL\AppData\Local\Temp\ccMTHnYe.s 			page 5


  63:main.c        ****             }
  64:main.c        ****         }
  65:main.c        ****     }
  66:main.c        **** }
  67:main.c        **** 
  68:main.c        **** 
  69:main.c        **** void plotData(void) {
 155              		.loc 1 69 0
 156              		.cfi_startproc
 157              		@ args = 0, pretend = 0, frame = 0
 158              		@ frame_needed = 0, uses_anonymous_args = 0
 159 0000 10B5     		push	{r4, lr}
 160              		.cfi_def_cfa_offset 8
 161              		.cfi_offset 4, -8
 162              		.cfi_offset 14, -4
 163              	.LVL10:
 164              	.LBB2:
  70:main.c        ****     for (int i = 0; i < BUFFER_SIZE; i++) {
 165              		.loc 1 70 0
 166 0002 0024     		movs	r4, #0
 167 0004 0EE0     		b	.L14
 168              	.LVL11:
 169              	.L15:
  71:main.c        ****         //IDAC_1_SetValue(plotBuffer[i]); // Set IDAC value
  72:main.c        ****         IDAC_1_SetValue(77);
 170              		.loc 1 72 0 discriminator 3
 171 0006 4D20     		movs	r0, #77
 172 0008 FFF7FEFF 		bl	IDAC_1_SetValue
 173              	.LVL12:
  73:main.c        ****         CyDelayUs(2777);                     // 2 ms delay between points
 174              		.loc 1 73 0 discriminator 3
 175 000c 40F6D920 		movw	r0, #2777
 176 0010 FFF7FEFF 		bl	CyDelayUs
 177              	.LVL13:
  74:main.c        ****         IDAC_1_SetValue(0);
 178              		.loc 1 74 0 discriminator 3
 179 0014 0020     		movs	r0, #0
 180 0016 FFF7FEFF 		bl	IDAC_1_SetValue
 181              	.LVL14:
  75:main.c        ****         CyDelayUs(2777);                     // 2 ms delay between points
 182              		.loc 1 75 0 discriminator 3
 183 001a 40F6D920 		movw	r0, #2777
 184 001e FFF7FEFF 		bl	CyDelayUs
 185              	.LVL15:
  70:main.c        ****         //IDAC_1_SetValue(plotBuffer[i]); // Set IDAC value
 186              		.loc 1 70 0 discriminator 3
 187 0022 0134     		adds	r4, r4, #1
 188              	.LVL16:
 189              	.L14:
  70:main.c        ****         //IDAC_1_SetValue(plotBuffer[i]); // Set IDAC value
 190              		.loc 1 70 0 is_stmt 0 discriminator 1
 191 0024 B4F5906F 		cmp	r4, #1152
 192 0028 EDDB     		blt	.L15
 193              	.LBE2:
  76:main.c        ****     }
  77:main.c        **** }
 194              		.loc 1 77 0 is_stmt 1
ARM GAS  C:\Users\DELL\AppData\Local\Temp\ccMTHnYe.s 			page 6


 195 002a 10BD     		pop	{r4, pc}
 196              		.cfi_endproc
 197              	.LFE66:
 198              		.size	plotData, .-plotData
 199              		.section	.text.main,"ax",%progbits
 200              		.align	2
 201              		.global	main
 202              		.thumb
 203              		.thumb_func
 204              		.type	main, %function
 205              	main:
 206              	.LFB67:
  78:main.c        **** 
  79:main.c        **** int main(void) {
 207              		.loc 1 79 0
 208              		.cfi_startproc
 209              		@ args = 0, pretend = 0, frame = 0
 210              		@ frame_needed = 0, uses_anonymous_args = 0
 211 0000 08B5     		push	{r3, lr}
 212              		.cfi_def_cfa_offset 8
 213              		.cfi_offset 3, -8
 214              		.cfi_offset 14, -4
  80:main.c        ****     initializeComponents();
 215              		.loc 1 80 0
 216 0002 FFF7FEFF 		bl	initializeComponents
 217              	.LVL17:
  81:main.c        ****     isr_1_StartEx(UART_Rx_Handler); // Start UART RX ISR
 218              		.loc 1 81 0
 219 0006 0C48     		ldr	r0, .L21
 220 0008 FFF7FEFF 		bl	isr_1_StartEx
 221              	.LVL18:
 222              	.L19:
  82:main.c        ****     
  83:main.c        ****     while (1) {
  84:main.c        ****         if (bufferFilled) { // Plot data only if buffer is filled
 223              		.loc 1 84 0
 224 000c 0B4B     		ldr	r3, .L21+4
 225 000e 1B68     		ldr	r3, [r3]
 226 0010 3BB1     		cbz	r3, .L18
 227              	.LBB3:
  85:main.c        ****             // Critical section start
  86:main.c        ****             CyGlobalIntDisable; // Disable interrupts to avoid race condition
 228              		.loc 1 86 0
 229              		.syntax unified
 230              	@ 86 "main.c" 1
 231 0012 72B6     		CPSID   i
 232              	@ 0 "" 2
  87:main.c        ****             
  88:main.c        ****             // Swap buffers before plotting so that new data can be received while plotting
  89:main.c        ****             uint8_t* temp = plotBuffer;
 233              		.loc 1 89 0
 234              		.thumb
 235              		.syntax unified
 236 0014 0A4A     		ldr	r2, .L21+8
 237 0016 1168     		ldr	r1, [r2]
 238              	.LVL19:
  90:main.c        ****             plotBuffer = currentRxBuffer;
ARM GAS  C:\Users\DELL\AppData\Local\Temp\ccMTHnYe.s 			page 7


 239              		.loc 1 90 0
 240 0018 0A4B     		ldr	r3, .L21+12
 241 001a 1868     		ldr	r0, [r3]
 242 001c 1060     		str	r0, [r2]
  91:main.c        ****             currentRxBuffer = temp;
 243              		.loc 1 91 0
 244 001e 1960     		str	r1, [r3]
  92:main.c        ****             
  93:main.c        ****             CyGlobalIntEnable; // Re-enable interrupts
 245              		.loc 1 93 0
 246              		.syntax unified
 247              	@ 93 "main.c" 1
 248 0020 62B6     		CPSIE   i
 249              	@ 0 "" 2
 250              	.LVL20:
 251              		.thumb
 252              		.syntax unified
 253              	.L18:
 254              	.LBE3:
  94:main.c        ****             // Critical section end
  95:main.c        ****         }
  96:main.c        ****         
  97:main.c        ****         bufferFilled = 0; // Reset the flag to allow new data reception
 255              		.loc 1 97 0
 256 0022 0022     		movs	r2, #0
 257 0024 054B     		ldr	r3, .L21+4
 258 0026 1A60     		str	r2, [r3]
  98:main.c        ****         
  99:main.c        ****         UART_1_WriteTxData(OneToSend); // Transmit 1 byte to request the next chunk of data
 259              		.loc 1 99 0
 260 0028 074B     		ldr	r3, .L21+16
 261 002a 1878     		ldrb	r0, [r3]	@ zero_extendqisi2
 262 002c FFF7FEFF 		bl	UART_1_WriteTxData
 263              	.LVL21:
 100:main.c        ****         //CyDelay(1);
 101:main.c        ****         
 102:main.c        ****         plotData(); // Plot data from the plotBuffer
 264              		.loc 1 102 0
 265 0030 FFF7FEFF 		bl	plotData
 266              	.LVL22:
 103:main.c        ****         
 104:main.c        ****         
 105:main.c        ****     }
 267              		.loc 1 105 0
 268 0034 EAE7     		b	.L19
 269              	.L22:
 270 0036 00BF     		.align	2
 271              	.L21:
 272 0038 00000000 		.word	UART_Rx_Handler
 273 003c 00000000 		.word	.LANCHOR0
 274 0040 00000000 		.word	plotBuffer
 275 0044 00000000 		.word	currentRxBuffer
 276 0048 00000000 		.word	.LANCHOR1
 277              		.cfi_endproc
 278              	.LFE67:
 279              		.size	main, .-main
 280              		.comm	string,128,4
ARM GAS  C:\Users\DELL\AppData\Local\Temp\ccMTHnYe.s 			page 8


 281              		.global	OneToSend
 282              		.comm	count,4,4
 283              		.global	tc_count
 284              		.global	bufferFilled
 285              		.comm	receivedData,1,1
 286              		.comm	plotBuffer,4,4
 287              		.comm	currentRxBuffer,4,4
 288              		.comm	rxBuffer2,1152,4
 289              		.comm	rxBuffer1,1152,4
 290              		.data
 291              		.set	.LANCHOR1,. + 0
 292              		.type	OneToSend, %object
 293              		.size	OneToSend, 1
 294              	OneToSend:
 295 0000 01       		.byte	1
 296              		.bss
 297              		.align	2
 298              		.set	.LANCHOR0,. + 0
 299              		.type	bufferFilled, %object
 300              		.size	bufferFilled, 4
 301              	bufferFilled:
 302 0000 00000000 		.space	4
 303              		.type	index.7004, %object
 304              		.size	index.7004, 4
 305              	index.7004:
 306 0004 00000000 		.space	4
 307              		.type	tc_count, %object
 308              		.size	tc_count, 4
 309              	tc_count:
 310 0008 00000000 		.space	4
 311              		.text
 312              	.Letext0:
 313              		.file 2 "c:\\psoc creator\\4.4\\psoc creator\\import\\gnu\\arm\\5.4.1\\arm-none-eabi\\include\\mac
 314              		.file 3 "c:\\psoc creator\\4.4\\psoc creator\\import\\gnu\\arm\\5.4.1\\arm-none-eabi\\include\\sys
 315              		.file 4 "Generated_Source\\PSoC5/core_cm3.h"
 316              		.file 5 "Generated_Source\\PSoC5/isr_1.h"
 317              		.file 6 "Generated_Source\\PSoC5/UART_1.h"
 318              		.file 7 "Generated_Source\\PSoC5/IDAC_1.h"
 319              		.file 8 "Generated_Source\\PSoC5/PGA_Inv_1.h"
 320              		.file 9 "Generated_Source\\PSoC5/TIA_1.h"
 321              		.file 10 "Generated_Source\\PSoC5/Opamp_1.h"
 322              		.file 11 "Generated_Source\\PSoC5/CyLib.h"
 323              		.section	.debug_info,"",%progbits
 324              	.Ldebug_info0:
 325 0000 D2030000 		.4byte	0x3d2
 326 0004 0400     		.2byte	0x4
 327 0006 00000000 		.4byte	.Ldebug_abbrev0
 328 000a 04       		.byte	0x4
 329 000b 01       		.uleb128 0x1
 330 000c E5000000 		.4byte	.LASF50
 331 0010 0C       		.byte	0xc
 332 0011 AA020000 		.4byte	.LASF51
 333 0015 3A000000 		.4byte	.LASF52
 334 0019 00000000 		.4byte	.Ldebug_ranges0+0
 335 001d 00000000 		.4byte	0
 336 0021 00000000 		.4byte	.Ldebug_line0
 337 0025 02       		.uleb128 0x2
ARM GAS  C:\Users\DELL\AppData\Local\Temp\ccMTHnYe.s 			page 9


 338 0026 01       		.byte	0x1
 339 0027 06       		.byte	0x6
 340 0028 75020000 		.4byte	.LASF0
 341 002c 03       		.uleb128 0x3
 342 002d 30000000 		.4byte	.LASF4
 343 0031 02       		.byte	0x2
 344 0032 1D       		.byte	0x1d
 345 0033 37000000 		.4byte	0x37
 346 0037 02       		.uleb128 0x2
 347 0038 01       		.byte	0x1
 348 0039 08       		.byte	0x8
 349 003a D7000000 		.4byte	.LASF1
 350 003e 02       		.uleb128 0x2
 351 003f 02       		.byte	0x2
 352 0040 05       		.byte	0x5
 353 0041 CC020000 		.4byte	.LASF2
 354 0045 02       		.uleb128 0x2
 355 0046 02       		.byte	0x2
 356 0047 07       		.byte	0x7
 357 0048 B5010000 		.4byte	.LASF3
 358 004c 03       		.uleb128 0x3
 359 004d 7A000000 		.4byte	.LASF5
 360 0051 02       		.byte	0x2
 361 0052 3F       		.byte	0x3f
 362 0053 57000000 		.4byte	0x57
 363 0057 02       		.uleb128 0x2
 364 0058 04       		.byte	0x4
 365 0059 05       		.byte	0x5
 366 005a 9C000000 		.4byte	.LASF6
 367 005e 03       		.uleb128 0x3
 368 005f F8010000 		.4byte	.LASF7
 369 0063 02       		.byte	0x2
 370 0064 41       		.byte	0x41
 371 0065 69000000 		.4byte	0x69
 372 0069 02       		.uleb128 0x2
 373 006a 04       		.byte	0x4
 374 006b 07       		.byte	0x7
 375 006c 91010000 		.4byte	.LASF8
 376 0070 02       		.uleb128 0x2
 377 0071 08       		.byte	0x8
 378 0072 05       		.byte	0x5
 379 0073 9C020000 		.4byte	.LASF9
 380 0077 02       		.uleb128 0x2
 381 0078 08       		.byte	0x8
 382 0079 07       		.byte	0x7
 383 007a 2F020000 		.4byte	.LASF10
 384 007e 04       		.uleb128 0x4
 385 007f 04       		.byte	0x4
 386 0080 05       		.byte	0x5
 387 0081 696E7400 		.ascii	"int\000"
 388 0085 02       		.uleb128 0x2
 389 0086 04       		.byte	0x4
 390 0087 07       		.byte	0x7
 391 0088 12020000 		.4byte	.LASF11
 392 008c 03       		.uleb128 0x3
 393 008d 46020000 		.4byte	.LASF12
 394 0091 03       		.byte	0x3
ARM GAS  C:\Users\DELL\AppData\Local\Temp\ccMTHnYe.s 			page 10


 395 0092 18       		.byte	0x18
 396 0093 2C000000 		.4byte	0x2c
 397 0097 03       		.uleb128 0x3
 398 0098 8B020000 		.4byte	.LASF13
 399 009c 03       		.byte	0x3
 400 009d 2C       		.byte	0x2c
 401 009e 4C000000 		.4byte	0x4c
 402 00a2 03       		.uleb128 0x3
 403 00a3 EB020000 		.4byte	.LASF14
 404 00a7 03       		.byte	0x3
 405 00a8 30       		.byte	0x30
 406 00a9 5E000000 		.4byte	0x5e
 407 00ad 02       		.uleb128 0x2
 408 00ae 04       		.byte	0x4
 409 00af 04       		.byte	0x4
 410 00b0 BC000000 		.4byte	.LASF15
 411 00b4 02       		.uleb128 0x2
 412 00b5 08       		.byte	0x8
 413 00b6 04       		.byte	0x4
 414 00b7 F1010000 		.4byte	.LASF16
 415 00bb 02       		.uleb128 0x2
 416 00bc 01       		.byte	0x1
 417 00bd 08       		.byte	0x8
 418 00be B1020000 		.4byte	.LASF17
 419 00c2 02       		.uleb128 0x2
 420 00c3 08       		.byte	0x8
 421 00c4 04       		.byte	0x4
 422 00c5 0E030000 		.4byte	.LASF18
 423 00c9 02       		.uleb128 0x2
 424 00ca 04       		.byte	0x4
 425 00cb 07       		.byte	0x7
 426 00cc 93020000 		.4byte	.LASF19
 427 00d0 05       		.uleb128 0x5
 428 00d1 A2000000 		.4byte	0xa2
 429 00d5 05       		.uleb128 0x5
 430 00d6 8C000000 		.4byte	0x8c
 431 00da 06       		.uleb128 0x6
 432 00db 20000000 		.4byte	.LASF20
 433 00df 01       		.byte	0x1
 434 00e0 33       		.byte	0x33
 435 00e1 00000000 		.4byte	.LFB65
 436 00e5 4C000000 		.4byte	.LFE65-.LFB65
 437 00e9 01       		.uleb128 0x1
 438 00ea 9C       		.byte	0x9c
 439 00eb 1C010000 		.4byte	0x11c
 440 00ef 07       		.uleb128 0x7
 441 00f0 B6020000 		.4byte	.LASF23
 442 00f4 01       		.byte	0x1
 443 00f5 34       		.byte	0x34
 444 00f6 7E000000 		.4byte	0x7e
 445 00fa 05       		.uleb128 0x5
 446 00fb 03       		.byte	0x3
 447 00fc 04000000 		.4byte	index.7004
 448 0100 08       		.uleb128 0x8
 449 0101 06000000 		.4byte	.LVL0
 450 0105 3B030000 		.4byte	0x33b
 451 0109 08       		.uleb128 0x8
ARM GAS  C:\Users\DELL\AppData\Local\Temp\ccMTHnYe.s 			page 11


 452 010a 12000000 		.4byte	.LVL1
 453 010e 46030000 		.4byte	0x346
 454 0112 08       		.uleb128 0x8
 455 0113 38000000 		.4byte	.LVL2
 456 0117 51030000 		.4byte	0x351
 457 011b 00       		.byte	0
 458 011c 06       		.uleb128 0x6
 459 011d C2000000 		.4byte	.LASF21
 460 0121 01       		.byte	0x1
 461 0122 1F       		.byte	0x1f
 462 0123 00000000 		.4byte	.LFB64
 463 0127 40000000 		.4byte	.LFE64-.LFB64
 464 012b 01       		.uleb128 0x1
 465 012c 9C       		.byte	0x9c
 466 012d 71010000 		.4byte	0x171
 467 0131 08       		.uleb128 0x8
 468 0132 08000000 		.4byte	.LVL3
 469 0136 5C030000 		.4byte	0x35c
 470 013a 08       		.uleb128 0x8
 471 013b 0C000000 		.4byte	.LVL4
 472 013f 67030000 		.4byte	0x367
 473 0143 08       		.uleb128 0x8
 474 0144 10000000 		.4byte	.LVL5
 475 0148 72030000 		.4byte	0x372
 476 014c 08       		.uleb128 0x8
 477 014d 14000000 		.4byte	.LVL6
 478 0151 7D030000 		.4byte	0x37d
 479 0155 08       		.uleb128 0x8
 480 0156 18000000 		.4byte	.LVL7
 481 015a 88030000 		.4byte	0x388
 482 015e 08       		.uleb128 0x8
 483 015f 1C000000 		.4byte	.LVL8
 484 0163 93030000 		.4byte	0x393
 485 0167 08       		.uleb128 0x8
 486 0168 20000000 		.4byte	.LVL9
 487 016c 9E030000 		.4byte	0x39e
 488 0170 00       		.byte	0
 489 0171 06       		.uleb128 0x6
 490 0172 73010000 		.4byte	.LASF22
 491 0176 01       		.byte	0x1
 492 0177 45       		.byte	0x45
 493 0178 00000000 		.4byte	.LFB66
 494 017c 2C000000 		.4byte	.LFE66-.LFB66
 495 0180 01       		.uleb128 0x1
 496 0181 9C       		.byte	0x9c
 497 0182 EB010000 		.4byte	0x1eb
 498 0186 09       		.uleb128 0x9
 499 0187 02000000 		.4byte	.LBB2
 500 018b 28000000 		.4byte	.LBE2-.LBB2
 501 018f 0A       		.uleb128 0xa
 502 0190 6900     		.ascii	"i\000"
 503 0192 01       		.byte	0x1
 504 0193 46       		.byte	0x46
 505 0194 7E000000 		.4byte	0x7e
 506 0198 00000000 		.4byte	.LLST0
 507 019c 0B       		.uleb128 0xb
 508 019d 0C000000 		.4byte	.LVL12
ARM GAS  C:\Users\DELL\AppData\Local\Temp\ccMTHnYe.s 			page 12


 509 01a1 A9030000 		.4byte	0x3a9
 510 01a5 B0010000 		.4byte	0x1b0
 511 01a9 0C       		.uleb128 0xc
 512 01aa 01       		.uleb128 0x1
 513 01ab 50       		.byte	0x50
 514 01ac 02       		.uleb128 0x2
 515 01ad 08       		.byte	0x8
 516 01ae 4D       		.byte	0x4d
 517 01af 00       		.byte	0
 518 01b0 0B       		.uleb128 0xb
 519 01b1 14000000 		.4byte	.LVL13
 520 01b5 B4030000 		.4byte	0x3b4
 521 01b9 C5010000 		.4byte	0x1c5
 522 01bd 0C       		.uleb128 0xc
 523 01be 01       		.uleb128 0x1
 524 01bf 50       		.byte	0x50
 525 01c0 03       		.uleb128 0x3
 526 01c1 0A       		.byte	0xa
 527 01c2 D90A     		.2byte	0xad9
 528 01c4 00       		.byte	0
 529 01c5 0B       		.uleb128 0xb
 530 01c6 1A000000 		.4byte	.LVL14
 531 01ca A9030000 		.4byte	0x3a9
 532 01ce D8010000 		.4byte	0x1d8
 533 01d2 0C       		.uleb128 0xc
 534 01d3 01       		.uleb128 0x1
 535 01d4 50       		.byte	0x50
 536 01d5 01       		.uleb128 0x1
 537 01d6 30       		.byte	0x30
 538 01d7 00       		.byte	0
 539 01d8 0D       		.uleb128 0xd
 540 01d9 22000000 		.4byte	.LVL15
 541 01dd B4030000 		.4byte	0x3b4
 542 01e1 0C       		.uleb128 0xc
 543 01e2 01       		.uleb128 0x1
 544 01e3 50       		.byte	0x50
 545 01e4 03       		.uleb128 0x3
 546 01e5 0A       		.byte	0xa
 547 01e6 D90A     		.2byte	0xad9
 548 01e8 00       		.byte	0
 549 01e9 00       		.byte	0
 550 01ea 00       		.byte	0
 551 01eb 0E       		.uleb128 0xe
 552 01ec 0D020000 		.4byte	.LASF53
 553 01f0 01       		.byte	0x1
 554 01f1 4F       		.byte	0x4f
 555 01f2 7E000000 		.4byte	0x7e
 556 01f6 00000000 		.4byte	.LFB67
 557 01fa 4C000000 		.4byte	.LFE67-.LFB67
 558 01fe 01       		.uleb128 0x1
 559 01ff 9C       		.byte	0x9c
 560 0200 54020000 		.4byte	0x254
 561 0204 0F       		.uleb128 0xf
 562 0205 12000000 		.4byte	.LBB3
 563 0209 10000000 		.4byte	.LBE3-.LBB3
 564 020d 21020000 		.4byte	0x221
 565 0211 10       		.uleb128 0x10
ARM GAS  C:\Users\DELL\AppData\Local\Temp\ccMTHnYe.s 			page 13


 566 0212 1F020000 		.4byte	.LASF24
 567 0216 01       		.byte	0x1
 568 0217 59       		.byte	0x59
 569 0218 54020000 		.4byte	0x254
 570 021c 1F000000 		.4byte	.LLST1
 571 0220 00       		.byte	0
 572 0221 08       		.uleb128 0x8
 573 0222 06000000 		.4byte	.LVL17
 574 0226 1C010000 		.4byte	0x11c
 575 022a 0B       		.uleb128 0xb
 576 022b 0C000000 		.4byte	.LVL18
 577 022f BF030000 		.4byte	0x3bf
 578 0233 41020000 		.4byte	0x241
 579 0237 0C       		.uleb128 0xc
 580 0238 01       		.uleb128 0x1
 581 0239 50       		.byte	0x50
 582 023a 05       		.uleb128 0x5
 583 023b 03       		.byte	0x3
 584 023c 00000000 		.4byte	UART_Rx_Handler
 585 0240 00       		.byte	0
 586 0241 08       		.uleb128 0x8
 587 0242 30000000 		.4byte	.LVL21
 588 0246 CA030000 		.4byte	0x3ca
 589 024a 08       		.uleb128 0x8
 590 024b 34000000 		.4byte	.LVL22
 591 024f 71010000 		.4byte	0x171
 592 0253 00       		.byte	0
 593 0254 11       		.uleb128 0x11
 594 0255 04       		.byte	0x4
 595 0256 8C000000 		.4byte	0x8c
 596 025a 12       		.uleb128 0x12
 597 025b D1010000 		.4byte	.LASF25
 598 025f 04       		.byte	0x4
 599 0260 1207     		.2byte	0x712
 600 0262 66020000 		.4byte	0x266
 601 0266 05       		.uleb128 0x5
 602 0267 97000000 		.4byte	0x97
 603 026b 13       		.uleb128 0x13
 604 026c 8C000000 		.4byte	0x8c
 605 0270 7C020000 		.4byte	0x27c
 606 0274 14       		.uleb128 0x14
 607 0275 C9000000 		.4byte	0xc9
 608 0279 7F04     		.2byte	0x47f
 609 027b 00       		.byte	0
 610 027c 15       		.uleb128 0x15
 611 027d C2020000 		.4byte	.LASF26
 612 0281 01       		.byte	0x1
 613 0282 14       		.byte	0x14
 614 0283 6B020000 		.4byte	0x26b
 615 0287 05       		.uleb128 0x5
 616 0288 03       		.byte	0x3
 617 0289 00000000 		.4byte	rxBuffer1
 618 028d 15       		.uleb128 0x15
 619 028e 92000000 		.4byte	.LASF27
 620 0292 01       		.byte	0x1
 621 0293 15       		.byte	0x15
 622 0294 6B020000 		.4byte	0x26b
ARM GAS  C:\Users\DELL\AppData\Local\Temp\ccMTHnYe.s 			page 14


 623 0298 05       		.uleb128 0x5
 624 0299 03       		.byte	0x3
 625 029a 00000000 		.4byte	rxBuffer2
 626 029e 15       		.uleb128 0x15
 627 029f 65020000 		.4byte	.LASF28
 628 02a3 01       		.byte	0x1
 629 02a4 16       		.byte	0x16
 630 02a5 54020000 		.4byte	0x254
 631 02a9 05       		.uleb128 0x5
 632 02aa 03       		.byte	0x3
 633 02ab 00000000 		.4byte	currentRxBuffer
 634 02af 15       		.uleb128 0x15
 635 02b0 24020000 		.4byte	.LASF29
 636 02b4 01       		.byte	0x1
 637 02b5 17       		.byte	0x17
 638 02b6 54020000 		.4byte	0x254
 639 02ba 05       		.uleb128 0x5
 640 02bb 03       		.byte	0x3
 641 02bc 00000000 		.4byte	plotBuffer
 642 02c0 15       		.uleb128 0x15
 643 02c1 01030000 		.4byte	.LASF30
 644 02c5 01       		.byte	0x1
 645 02c6 18       		.byte	0x18
 646 02c7 D5000000 		.4byte	0xd5
 647 02cb 05       		.uleb128 0x5
 648 02cc 03       		.byte	0x3
 649 02cd 00000000 		.4byte	receivedData
 650 02d1 15       		.uleb128 0x15
 651 02d2 6D000000 		.4byte	.LASF31
 652 02d6 01       		.byte	0x1
 653 02d7 19       		.byte	0x19
 654 02d8 E2020000 		.4byte	0x2e2
 655 02dc 05       		.uleb128 0x5
 656 02dd 03       		.byte	0x3
 657 02de 00000000 		.4byte	bufferFilled
 658 02e2 05       		.uleb128 0x5
 659 02e3 7E000000 		.4byte	0x7e
 660 02e7 15       		.uleb128 0x15
 661 02e8 C8010000 		.4byte	.LASF32
 662 02ec 01       		.byte	0x1
 663 02ed 1A       		.byte	0x1a
 664 02ee D0000000 		.4byte	0xd0
 665 02f2 05       		.uleb128 0x5
 666 02f3 03       		.byte	0x3
 667 02f4 00000000 		.4byte	tc_count
 668 02f8 15       		.uleb128 0x15
 669 02f9 BC020000 		.4byte	.LASF33
 670 02fd 01       		.byte	0x1
 671 02fe 1B       		.byte	0x1b
 672 02ff A2000000 		.4byte	0xa2
 673 0303 05       		.uleb128 0x5
 674 0304 03       		.byte	0x3
 675 0305 00000000 		.4byte	count
 676 0309 15       		.uleb128 0x15
 677 030a 81020000 		.4byte	.LASF34
 678 030e 01       		.byte	0x1
 679 030f 1C       		.byte	0x1c
ARM GAS  C:\Users\DELL\AppData\Local\Temp\ccMTHnYe.s 			page 15


 680 0310 8C000000 		.4byte	0x8c
 681 0314 05       		.uleb128 0x5
 682 0315 03       		.byte	0x3
 683 0316 00000000 		.4byte	OneToSend
 684 031a 13       		.uleb128 0x13
 685 031b BB000000 		.4byte	0xbb
 686 031f 2A030000 		.4byte	0x32a
 687 0323 16       		.uleb128 0x16
 688 0324 C9000000 		.4byte	0xc9
 689 0328 7F       		.byte	0x7f
 690 0329 00       		.byte	0
 691 032a 15       		.uleb128 0x15
 692 032b B5000000 		.4byte	.LASF35
 693 032f 01       		.byte	0x1
 694 0330 1D       		.byte	0x1d
 695 0331 1A030000 		.4byte	0x31a
 696 0335 05       		.uleb128 0x5
 697 0336 03       		.byte	0x3
 698 0337 00000000 		.4byte	string
 699 033b 17       		.uleb128 0x17
 700 033c 00000000 		.4byte	.LASF36
 701 0340 00000000 		.4byte	.LASF36
 702 0344 05       		.byte	0x5
 703 0345 28       		.byte	0x28
 704 0346 17       		.uleb128 0x17
 705 0347 A3010000 		.4byte	.LASF37
 706 034b A3010000 		.4byte	.LASF37
 707 034f 06       		.byte	0x6
 708 0350 6F       		.byte	0x6f
 709 0351 17       		.uleb128 0x17
 710 0352 4E020000 		.4byte	.LASF38
 711 0356 4E020000 		.4byte	.LASF38
 712 035a 06       		.byte	0x6
 713 035b 73       		.byte	0x73
 714 035c 17       		.uleb128 0x17
 715 035d 13000000 		.4byte	.LASF39
 716 0361 13000000 		.4byte	.LASF39
 717 0365 06       		.byte	0x6
 718 0366 54       		.byte	0x54
 719 0367 17       		.uleb128 0x17
 720 0368 F4020000 		.4byte	.LASF40
 721 036c F4020000 		.4byte	.LASF40
 722 0370 07       		.byte	0x7
 723 0371 3C       		.byte	0x3c
 724 0372 17       		.uleb128 0x17
 725 0373 26030000 		.4byte	.LASF41
 726 0377 26030000 		.4byte	.LASF41
 727 037b 08       		.byte	0x8
 728 037c 3F       		.byte	0x3f
 729 037d 17       		.uleb128 0x17
 730 037e 1A030000 		.4byte	.LASF42
 731 0382 1A030000 		.4byte	.LASF42
 732 0386 09       		.byte	0x9
 733 0387 3D       		.byte	0x3d
 734 0388 17       		.uleb128 0x17
 735 0389 84000000 		.4byte	.LASF43
 736 038d 84000000 		.4byte	.LASF43
ARM GAS  C:\Users\DELL\AppData\Local\Temp\ccMTHnYe.s 			page 16


 737 0391 0A       		.byte	0xa
 738 0392 33       		.byte	0x33
 739 0393 17       		.uleb128 0x17
 740 0394 7C010000 		.4byte	.LASF44
 741 0398 7C010000 		.4byte	.LASF44
 742 039c 06       		.byte	0x6
 743 039d 75       		.byte	0x75
 744 039e 17       		.uleb128 0x17
 745 039f D6020000 		.4byte	.LASF45
 746 03a3 D6020000 		.4byte	.LASF45
 747 03a7 06       		.byte	0x6
 748 03a8 8F       		.byte	0x8f
 749 03a9 17       		.uleb128 0x17
 750 03aa A5000000 		.4byte	.LASF46
 751 03ae A5000000 		.4byte	.LASF46
 752 03b2 07       		.byte	0x7
 753 03b3 41       		.byte	0x41
 754 03b4 17       		.uleb128 0x17
 755 03b5 03020000 		.4byte	.LASF47
 756 03b9 03020000 		.4byte	.LASF47
 757 03bd 0B       		.byte	0xb
 758 03be 77       		.byte	0x77
 759 03bf 17       		.uleb128 0x17
 760 03c0 36030000 		.4byte	.LASF48
 761 03c4 36030000 		.4byte	.LASF48
 762 03c8 05       		.byte	0x5
 763 03c9 18       		.byte	0x18
 764 03ca 17       		.uleb128 0x17
 765 03cb DE010000 		.4byte	.LASF49
 766 03cf DE010000 		.4byte	.LASF49
 767 03d3 06       		.byte	0x6
 768 03d4 88       		.byte	0x88
 769 03d5 00       		.byte	0
 770              		.section	.debug_abbrev,"",%progbits
 771              	.Ldebug_abbrev0:
 772 0000 01       		.uleb128 0x1
 773 0001 11       		.uleb128 0x11
 774 0002 01       		.byte	0x1
 775 0003 25       		.uleb128 0x25
 776 0004 0E       		.uleb128 0xe
 777 0005 13       		.uleb128 0x13
 778 0006 0B       		.uleb128 0xb
 779 0007 03       		.uleb128 0x3
 780 0008 0E       		.uleb128 0xe
 781 0009 1B       		.uleb128 0x1b
 782 000a 0E       		.uleb128 0xe
 783 000b 55       		.uleb128 0x55
 784 000c 17       		.uleb128 0x17
 785 000d 11       		.uleb128 0x11
 786 000e 01       		.uleb128 0x1
 787 000f 10       		.uleb128 0x10
 788 0010 17       		.uleb128 0x17
 789 0011 00       		.byte	0
 790 0012 00       		.byte	0
 791 0013 02       		.uleb128 0x2
 792 0014 24       		.uleb128 0x24
 793 0015 00       		.byte	0
ARM GAS  C:\Users\DELL\AppData\Local\Temp\ccMTHnYe.s 			page 17


 794 0016 0B       		.uleb128 0xb
 795 0017 0B       		.uleb128 0xb
 796 0018 3E       		.uleb128 0x3e
 797 0019 0B       		.uleb128 0xb
 798 001a 03       		.uleb128 0x3
 799 001b 0E       		.uleb128 0xe
 800 001c 00       		.byte	0
 801 001d 00       		.byte	0
 802 001e 03       		.uleb128 0x3
 803 001f 16       		.uleb128 0x16
 804 0020 00       		.byte	0
 805 0021 03       		.uleb128 0x3
 806 0022 0E       		.uleb128 0xe
 807 0023 3A       		.uleb128 0x3a
 808 0024 0B       		.uleb128 0xb
 809 0025 3B       		.uleb128 0x3b
 810 0026 0B       		.uleb128 0xb
 811 0027 49       		.uleb128 0x49
 812 0028 13       		.uleb128 0x13
 813 0029 00       		.byte	0
 814 002a 00       		.byte	0
 815 002b 04       		.uleb128 0x4
 816 002c 24       		.uleb128 0x24
 817 002d 00       		.byte	0
 818 002e 0B       		.uleb128 0xb
 819 002f 0B       		.uleb128 0xb
 820 0030 3E       		.uleb128 0x3e
 821 0031 0B       		.uleb128 0xb
 822 0032 03       		.uleb128 0x3
 823 0033 08       		.uleb128 0x8
 824 0034 00       		.byte	0
 825 0035 00       		.byte	0
 826 0036 05       		.uleb128 0x5
 827 0037 35       		.uleb128 0x35
 828 0038 00       		.byte	0
 829 0039 49       		.uleb128 0x49
 830 003a 13       		.uleb128 0x13
 831 003b 00       		.byte	0
 832 003c 00       		.byte	0
 833 003d 06       		.uleb128 0x6
 834 003e 2E       		.uleb128 0x2e
 835 003f 01       		.byte	0x1
 836 0040 3F       		.uleb128 0x3f
 837 0041 19       		.uleb128 0x19
 838 0042 03       		.uleb128 0x3
 839 0043 0E       		.uleb128 0xe
 840 0044 3A       		.uleb128 0x3a
 841 0045 0B       		.uleb128 0xb
 842 0046 3B       		.uleb128 0x3b
 843 0047 0B       		.uleb128 0xb
 844 0048 27       		.uleb128 0x27
 845 0049 19       		.uleb128 0x19
 846 004a 11       		.uleb128 0x11
 847 004b 01       		.uleb128 0x1
 848 004c 12       		.uleb128 0x12
 849 004d 06       		.uleb128 0x6
 850 004e 40       		.uleb128 0x40
ARM GAS  C:\Users\DELL\AppData\Local\Temp\ccMTHnYe.s 			page 18


 851 004f 18       		.uleb128 0x18
 852 0050 9742     		.uleb128 0x2117
 853 0052 19       		.uleb128 0x19
 854 0053 01       		.uleb128 0x1
 855 0054 13       		.uleb128 0x13
 856 0055 00       		.byte	0
 857 0056 00       		.byte	0
 858 0057 07       		.uleb128 0x7
 859 0058 34       		.uleb128 0x34
 860 0059 00       		.byte	0
 861 005a 03       		.uleb128 0x3
 862 005b 0E       		.uleb128 0xe
 863 005c 3A       		.uleb128 0x3a
 864 005d 0B       		.uleb128 0xb
 865 005e 3B       		.uleb128 0x3b
 866 005f 0B       		.uleb128 0xb
 867 0060 49       		.uleb128 0x49
 868 0061 13       		.uleb128 0x13
 869 0062 02       		.uleb128 0x2
 870 0063 18       		.uleb128 0x18
 871 0064 00       		.byte	0
 872 0065 00       		.byte	0
 873 0066 08       		.uleb128 0x8
 874 0067 898201   		.uleb128 0x4109
 875 006a 00       		.byte	0
 876 006b 11       		.uleb128 0x11
 877 006c 01       		.uleb128 0x1
 878 006d 31       		.uleb128 0x31
 879 006e 13       		.uleb128 0x13
 880 006f 00       		.byte	0
 881 0070 00       		.byte	0
 882 0071 09       		.uleb128 0x9
 883 0072 0B       		.uleb128 0xb
 884 0073 01       		.byte	0x1
 885 0074 11       		.uleb128 0x11
 886 0075 01       		.uleb128 0x1
 887 0076 12       		.uleb128 0x12
 888 0077 06       		.uleb128 0x6
 889 0078 00       		.byte	0
 890 0079 00       		.byte	0
 891 007a 0A       		.uleb128 0xa
 892 007b 34       		.uleb128 0x34
 893 007c 00       		.byte	0
 894 007d 03       		.uleb128 0x3
 895 007e 08       		.uleb128 0x8
 896 007f 3A       		.uleb128 0x3a
 897 0080 0B       		.uleb128 0xb
 898 0081 3B       		.uleb128 0x3b
 899 0082 0B       		.uleb128 0xb
 900 0083 49       		.uleb128 0x49
 901 0084 13       		.uleb128 0x13
 902 0085 02       		.uleb128 0x2
 903 0086 17       		.uleb128 0x17
 904 0087 00       		.byte	0
 905 0088 00       		.byte	0
 906 0089 0B       		.uleb128 0xb
 907 008a 898201   		.uleb128 0x4109
ARM GAS  C:\Users\DELL\AppData\Local\Temp\ccMTHnYe.s 			page 19


 908 008d 01       		.byte	0x1
 909 008e 11       		.uleb128 0x11
 910 008f 01       		.uleb128 0x1
 911 0090 31       		.uleb128 0x31
 912 0091 13       		.uleb128 0x13
 913 0092 01       		.uleb128 0x1
 914 0093 13       		.uleb128 0x13
 915 0094 00       		.byte	0
 916 0095 00       		.byte	0
 917 0096 0C       		.uleb128 0xc
 918 0097 8A8201   		.uleb128 0x410a
 919 009a 00       		.byte	0
 920 009b 02       		.uleb128 0x2
 921 009c 18       		.uleb128 0x18
 922 009d 9142     		.uleb128 0x2111
 923 009f 18       		.uleb128 0x18
 924 00a0 00       		.byte	0
 925 00a1 00       		.byte	0
 926 00a2 0D       		.uleb128 0xd
 927 00a3 898201   		.uleb128 0x4109
 928 00a6 01       		.byte	0x1
 929 00a7 11       		.uleb128 0x11
 930 00a8 01       		.uleb128 0x1
 931 00a9 31       		.uleb128 0x31
 932 00aa 13       		.uleb128 0x13
 933 00ab 00       		.byte	0
 934 00ac 00       		.byte	0
 935 00ad 0E       		.uleb128 0xe
 936 00ae 2E       		.uleb128 0x2e
 937 00af 01       		.byte	0x1
 938 00b0 3F       		.uleb128 0x3f
 939 00b1 19       		.uleb128 0x19
 940 00b2 03       		.uleb128 0x3
 941 00b3 0E       		.uleb128 0xe
 942 00b4 3A       		.uleb128 0x3a
 943 00b5 0B       		.uleb128 0xb
 944 00b6 3B       		.uleb128 0x3b
 945 00b7 0B       		.uleb128 0xb
 946 00b8 27       		.uleb128 0x27
 947 00b9 19       		.uleb128 0x19
 948 00ba 49       		.uleb128 0x49
 949 00bb 13       		.uleb128 0x13
 950 00bc 8701     		.uleb128 0x87
 951 00be 19       		.uleb128 0x19
 952 00bf 11       		.uleb128 0x11
 953 00c0 01       		.uleb128 0x1
 954 00c1 12       		.uleb128 0x12
 955 00c2 06       		.uleb128 0x6
 956 00c3 40       		.uleb128 0x40
 957 00c4 18       		.uleb128 0x18
 958 00c5 9742     		.uleb128 0x2117
 959 00c7 19       		.uleb128 0x19
 960 00c8 01       		.uleb128 0x1
 961 00c9 13       		.uleb128 0x13
 962 00ca 00       		.byte	0
 963 00cb 00       		.byte	0
 964 00cc 0F       		.uleb128 0xf
ARM GAS  C:\Users\DELL\AppData\Local\Temp\ccMTHnYe.s 			page 20


 965 00cd 0B       		.uleb128 0xb
 966 00ce 01       		.byte	0x1
 967 00cf 11       		.uleb128 0x11
 968 00d0 01       		.uleb128 0x1
 969 00d1 12       		.uleb128 0x12
 970 00d2 06       		.uleb128 0x6
 971 00d3 01       		.uleb128 0x1
 972 00d4 13       		.uleb128 0x13
 973 00d5 00       		.byte	0
 974 00d6 00       		.byte	0
 975 00d7 10       		.uleb128 0x10
 976 00d8 34       		.uleb128 0x34
 977 00d9 00       		.byte	0
 978 00da 03       		.uleb128 0x3
 979 00db 0E       		.uleb128 0xe
 980 00dc 3A       		.uleb128 0x3a
 981 00dd 0B       		.uleb128 0xb
 982 00de 3B       		.uleb128 0x3b
 983 00df 0B       		.uleb128 0xb
 984 00e0 49       		.uleb128 0x49
 985 00e1 13       		.uleb128 0x13
 986 00e2 02       		.uleb128 0x2
 987 00e3 17       		.uleb128 0x17
 988 00e4 00       		.byte	0
 989 00e5 00       		.byte	0
 990 00e6 11       		.uleb128 0x11
 991 00e7 0F       		.uleb128 0xf
 992 00e8 00       		.byte	0
 993 00e9 0B       		.uleb128 0xb
 994 00ea 0B       		.uleb128 0xb
 995 00eb 49       		.uleb128 0x49
 996 00ec 13       		.uleb128 0x13
 997 00ed 00       		.byte	0
 998 00ee 00       		.byte	0
 999 00ef 12       		.uleb128 0x12
 1000 00f0 34       		.uleb128 0x34
 1001 00f1 00       		.byte	0
 1002 00f2 03       		.uleb128 0x3
 1003 00f3 0E       		.uleb128 0xe
 1004 00f4 3A       		.uleb128 0x3a
 1005 00f5 0B       		.uleb128 0xb
 1006 00f6 3B       		.uleb128 0x3b
 1007 00f7 05       		.uleb128 0x5
 1008 00f8 49       		.uleb128 0x49
 1009 00f9 13       		.uleb128 0x13
 1010 00fa 3F       		.uleb128 0x3f
 1011 00fb 19       		.uleb128 0x19
 1012 00fc 3C       		.uleb128 0x3c
 1013 00fd 19       		.uleb128 0x19
 1014 00fe 00       		.byte	0
 1015 00ff 00       		.byte	0
 1016 0100 13       		.uleb128 0x13
 1017 0101 01       		.uleb128 0x1
 1018 0102 01       		.byte	0x1
 1019 0103 49       		.uleb128 0x49
 1020 0104 13       		.uleb128 0x13
 1021 0105 01       		.uleb128 0x1
ARM GAS  C:\Users\DELL\AppData\Local\Temp\ccMTHnYe.s 			page 21


 1022 0106 13       		.uleb128 0x13
 1023 0107 00       		.byte	0
 1024 0108 00       		.byte	0
 1025 0109 14       		.uleb128 0x14
 1026 010a 21       		.uleb128 0x21
 1027 010b 00       		.byte	0
 1028 010c 49       		.uleb128 0x49
 1029 010d 13       		.uleb128 0x13
 1030 010e 2F       		.uleb128 0x2f
 1031 010f 05       		.uleb128 0x5
 1032 0110 00       		.byte	0
 1033 0111 00       		.byte	0
 1034 0112 15       		.uleb128 0x15
 1035 0113 34       		.uleb128 0x34
 1036 0114 00       		.byte	0
 1037 0115 03       		.uleb128 0x3
 1038 0116 0E       		.uleb128 0xe
 1039 0117 3A       		.uleb128 0x3a
 1040 0118 0B       		.uleb128 0xb
 1041 0119 3B       		.uleb128 0x3b
 1042 011a 0B       		.uleb128 0xb
 1043 011b 49       		.uleb128 0x49
 1044 011c 13       		.uleb128 0x13
 1045 011d 3F       		.uleb128 0x3f
 1046 011e 19       		.uleb128 0x19
 1047 011f 02       		.uleb128 0x2
 1048 0120 18       		.uleb128 0x18
 1049 0121 00       		.byte	0
 1050 0122 00       		.byte	0
 1051 0123 16       		.uleb128 0x16
 1052 0124 21       		.uleb128 0x21
 1053 0125 00       		.byte	0
 1054 0126 49       		.uleb128 0x49
 1055 0127 13       		.uleb128 0x13
 1056 0128 2F       		.uleb128 0x2f
 1057 0129 0B       		.uleb128 0xb
 1058 012a 00       		.byte	0
 1059 012b 00       		.byte	0
 1060 012c 17       		.uleb128 0x17
 1061 012d 2E       		.uleb128 0x2e
 1062 012e 00       		.byte	0
 1063 012f 3F       		.uleb128 0x3f
 1064 0130 19       		.uleb128 0x19
 1065 0131 3C       		.uleb128 0x3c
 1066 0132 19       		.uleb128 0x19
 1067 0133 6E       		.uleb128 0x6e
 1068 0134 0E       		.uleb128 0xe
 1069 0135 03       		.uleb128 0x3
 1070 0136 0E       		.uleb128 0xe
 1071 0137 3A       		.uleb128 0x3a
 1072 0138 0B       		.uleb128 0xb
 1073 0139 3B       		.uleb128 0x3b
 1074 013a 0B       		.uleb128 0xb
 1075 013b 00       		.byte	0
 1076 013c 00       		.byte	0
 1077 013d 00       		.byte	0
 1078              		.section	.debug_loc,"",%progbits
ARM GAS  C:\Users\DELL\AppData\Local\Temp\ccMTHnYe.s 			page 22


 1079              	.Ldebug_loc0:
 1080              	.LLST0:
 1081 0000 02000000 		.4byte	.LVL10
 1082 0004 06000000 		.4byte	.LVL11
 1083 0008 0200     		.2byte	0x2
 1084 000a 30       		.byte	0x30
 1085 000b 9F       		.byte	0x9f
 1086 000c 06000000 		.4byte	.LVL11
 1087 0010 2C000000 		.4byte	.LFE66
 1088 0014 0100     		.2byte	0x1
 1089 0016 54       		.byte	0x54
 1090 0017 00000000 		.4byte	0
 1091 001b 00000000 		.4byte	0
 1092              	.LLST1:
 1093 001f 18000000 		.4byte	.LVL19
 1094 0023 22000000 		.4byte	.LVL20
 1095 0027 0100     		.2byte	0x1
 1096 0029 51       		.byte	0x51
 1097 002a 00000000 		.4byte	0
 1098 002e 00000000 		.4byte	0
 1099              		.section	.debug_aranges,"",%progbits
 1100 0000 34000000 		.4byte	0x34
 1101 0004 0200     		.2byte	0x2
 1102 0006 00000000 		.4byte	.Ldebug_info0
 1103 000a 04       		.byte	0x4
 1104 000b 00       		.byte	0
 1105 000c 0000     		.2byte	0
 1106 000e 0000     		.2byte	0
 1107 0010 00000000 		.4byte	.LFB65
 1108 0014 4C000000 		.4byte	.LFE65-.LFB65
 1109 0018 00000000 		.4byte	.LFB64
 1110 001c 40000000 		.4byte	.LFE64-.LFB64
 1111 0020 00000000 		.4byte	.LFB66
 1112 0024 2C000000 		.4byte	.LFE66-.LFB66
 1113 0028 00000000 		.4byte	.LFB67
 1114 002c 4C000000 		.4byte	.LFE67-.LFB67
 1115 0030 00000000 		.4byte	0
 1116 0034 00000000 		.4byte	0
 1117              		.section	.debug_ranges,"",%progbits
 1118              	.Ldebug_ranges0:
 1119 0000 00000000 		.4byte	.LFB65
 1120 0004 4C000000 		.4byte	.LFE65
 1121 0008 00000000 		.4byte	.LFB64
 1122 000c 40000000 		.4byte	.LFE64
 1123 0010 00000000 		.4byte	.LFB66
 1124 0014 2C000000 		.4byte	.LFE66
 1125 0018 00000000 		.4byte	.LFB67
 1126 001c 4C000000 		.4byte	.LFE67
 1127 0020 00000000 		.4byte	0
 1128 0024 00000000 		.4byte	0
 1129              		.section	.debug_line,"",%progbits
 1130              	.Ldebug_line0:
 1131 0000 E2010000 		.section	.debug_str,"MS",%progbits,1
 1131      02005C01 
 1131      00000201 
 1131      FB0E0D00 
 1131      01010101 
ARM GAS  C:\Users\DELL\AppData\Local\Temp\ccMTHnYe.s 			page 23


 1132              	.LASF36:
 1133 0000 6973725F 		.ascii	"isr_1_ClearPending\000"
 1133      315F436C 
 1133      65617250 
 1133      656E6469 
 1133      6E6700
 1134              	.LASF39:
 1135 0013 55415254 		.ascii	"UART_1_Start\000"
 1135      5F315F53 
 1135      74617274 
 1135      00
 1136              	.LASF20:
 1137 0020 55415254 		.ascii	"UART_Rx_Handler\000"
 1137      5F52785F 
 1137      48616E64 
 1137      6C657200 
 1138              	.LASF4:
 1139 0030 5F5F7569 		.ascii	"__uint8_t\000"
 1139      6E74385F 
 1139      7400
 1140              	.LASF52:
 1141 003a 433A5C55 		.ascii	"C:\\Users\\DELL\\Downloads\\Workspace02\\Design01.c"
 1141      73657273 
 1141      5C44454C 
 1141      4C5C446F 
 1141      776E6C6F 
 1142 0068 7964736E 		.ascii	"ydsn\000"
 1142      00
 1143              	.LASF31:
 1144 006d 62756666 		.ascii	"bufferFilled\000"
 1144      65724669 
 1144      6C6C6564 
 1144      00
 1145              	.LASF5:
 1146 007a 5F5F696E 		.ascii	"__int32_t\000"
 1146      7433325F 
 1146      7400
 1147              	.LASF43:
 1148 0084 4F70616D 		.ascii	"Opamp_1_Start\000"
 1148      705F315F 
 1148      53746172 
 1148      7400
 1149              	.LASF27:
 1150 0092 72784275 		.ascii	"rxBuffer2\000"
 1150      66666572 
 1150      3200
 1151              	.LASF6:
 1152 009c 6C6F6E67 		.ascii	"long int\000"
 1152      20696E74 
 1152      00
 1153              	.LASF46:
 1154 00a5 49444143 		.ascii	"IDAC_1_SetValue\000"
 1154      5F315F53 
 1154      65745661 
 1154      6C756500 
 1155              	.LASF35:
 1156 00b5 73747269 		.ascii	"string\000"
ARM GAS  C:\Users\DELL\AppData\Local\Temp\ccMTHnYe.s 			page 24


 1156      6E6700
 1157              	.LASF15:
 1158 00bc 666C6F61 		.ascii	"float\000"
 1158      7400
 1159              	.LASF21:
 1160 00c2 696E6974 		.ascii	"initializeComponents\000"
 1160      69616C69 
 1160      7A65436F 
 1160      6D706F6E 
 1160      656E7473 
 1161              	.LASF1:
 1162 00d7 756E7369 		.ascii	"unsigned char\000"
 1162      676E6564 
 1162      20636861 
 1162      7200
 1163              	.LASF50:
 1164 00e5 474E5520 		.ascii	"GNU C11 5.4.1 20160609 (release) [ARM/embedded-5-br"
 1164      43313120 
 1164      352E342E 
 1164      31203230 
 1164      31363036 
 1165 0118 616E6368 		.ascii	"anch revision 237715] -mcpu=cortex-m3 -mthumb -g -O"
 1165      20726576 
 1165      6973696F 
 1165      6E203233 
 1165      37373135 
 1166 014b 67202D66 		.ascii	"g -ffunction-sections -ffat-lto-objects\000"
 1166      66756E63 
 1166      74696F6E 
 1166      2D736563 
 1166      74696F6E 
 1167              	.LASF22:
 1168 0173 706C6F74 		.ascii	"plotData\000"
 1168      44617461 
 1168      00
 1169              	.LASF44:
 1170 017c 55415254 		.ascii	"UART_1_ClearRxBuffer\000"
 1170      5F315F43 
 1170      6C656172 
 1170      52784275 
 1170      66666572 
 1171              	.LASF8:
 1172 0191 6C6F6E67 		.ascii	"long unsigned int\000"
 1172      20756E73 
 1172      69676E65 
 1172      6420696E 
 1172      7400
 1173              	.LASF37:
 1174 01a3 55415254 		.ascii	"UART_1_ReadRxData\000"
 1174      5F315F52 
 1174      65616452 
 1174      78446174 
 1174      6100
 1175              	.LASF3:
 1176 01b5 73686F72 		.ascii	"short unsigned int\000"
 1176      7420756E 
 1176      7369676E 
ARM GAS  C:\Users\DELL\AppData\Local\Temp\ccMTHnYe.s 			page 25


 1176      65642069 
 1176      6E7400
 1177              	.LASF32:
 1178 01c8 74635F63 		.ascii	"tc_count\000"
 1178      6F756E74 
 1178      00
 1179              	.LASF25:
 1180 01d1 49544D5F 		.ascii	"ITM_RxBuffer\000"
 1180      52784275 
 1180      66666572 
 1180      00
 1181              	.LASF49:
 1182 01de 55415254 		.ascii	"UART_1_WriteTxData\000"
 1182      5F315F57 
 1182      72697465 
 1182      54784461 
 1182      746100
 1183              	.LASF16:
 1184 01f1 646F7562 		.ascii	"double\000"
 1184      6C6500
 1185              	.LASF7:
 1186 01f8 5F5F7569 		.ascii	"__uint32_t\000"
 1186      6E743332 
 1186      5F7400
 1187              	.LASF47:
 1188 0203 43794465 		.ascii	"CyDelayUs\000"
 1188      6C617955 
 1188      7300
 1189              	.LASF53:
 1190 020d 6D61696E 		.ascii	"main\000"
 1190      00
 1191              	.LASF11:
 1192 0212 756E7369 		.ascii	"unsigned int\000"
 1192      676E6564 
 1192      20696E74 
 1192      00
 1193              	.LASF24:
 1194 021f 74656D70 		.ascii	"temp\000"
 1194      00
 1195              	.LASF29:
 1196 0224 706C6F74 		.ascii	"plotBuffer\000"
 1196      42756666 
 1196      657200
 1197              	.LASF10:
 1198 022f 6C6F6E67 		.ascii	"long long unsigned int\000"
 1198      206C6F6E 
 1198      6720756E 
 1198      7369676E 
 1198      65642069 
 1199              	.LASF12:
 1200 0246 75696E74 		.ascii	"uint8_t\000"
 1200      385F7400 
 1201              	.LASF38:
 1202 024e 55415254 		.ascii	"UART_1_GetRxBufferSize\000"
 1202      5F315F47 
 1202      65745278 
 1202      42756666 
ARM GAS  C:\Users\DELL\AppData\Local\Temp\ccMTHnYe.s 			page 26


 1202      65725369 
 1203              	.LASF28:
 1204 0265 63757272 		.ascii	"currentRxBuffer\000"
 1204      656E7452 
 1204      78427566 
 1204      66657200 
 1205              	.LASF0:
 1206 0275 7369676E 		.ascii	"signed char\000"
 1206      65642063 
 1206      68617200 
 1207              	.LASF34:
 1208 0281 4F6E6554 		.ascii	"OneToSend\000"
 1208      6F53656E 
 1208      6400
 1209              	.LASF13:
 1210 028b 696E7433 		.ascii	"int32_t\000"
 1210      325F7400 
 1211              	.LASF19:
 1212 0293 73697A65 		.ascii	"sizetype\000"
 1212      74797065 
 1212      00
 1213              	.LASF9:
 1214 029c 6C6F6E67 		.ascii	"long long int\000"
 1214      206C6F6E 
 1214      6720696E 
 1214      7400
 1215              	.LASF51:
 1216 02aa 6D61696E 		.ascii	"main.c\000"
 1216      2E6300
 1217              	.LASF17:
 1218 02b1 63686172 		.ascii	"char\000"
 1218      00
 1219              	.LASF23:
 1220 02b6 696E6465 		.ascii	"index\000"
 1220      7800
 1221              	.LASF33:
 1222 02bc 636F756E 		.ascii	"count\000"
 1222      7400
 1223              	.LASF26:
 1224 02c2 72784275 		.ascii	"rxBuffer1\000"
 1224      66666572 
 1224      3100
 1225              	.LASF2:
 1226 02cc 73686F72 		.ascii	"short int\000"
 1226      7420696E 
 1226      7400
 1227              	.LASF45:
 1228 02d6 55415254 		.ascii	"UART_1_ClearTxBuffer\000"
 1228      5F315F43 
 1228      6C656172 
 1228      54784275 
 1228      66666572 
 1229              	.LASF14:
 1230 02eb 75696E74 		.ascii	"uint32_t\000"
 1230      33325F74 
 1230      00
 1231              	.LASF40:
ARM GAS  C:\Users\DELL\AppData\Local\Temp\ccMTHnYe.s 			page 27


 1232 02f4 49444143 		.ascii	"IDAC_1_Start\000"
 1232      5F315F53 
 1232      74617274 
 1232      00
 1233              	.LASF30:
 1234 0301 72656365 		.ascii	"receivedData\000"
 1234      69766564 
 1234      44617461 
 1234      00
 1235              	.LASF18:
 1236 030e 6C6F6E67 		.ascii	"long double\000"
 1236      20646F75 
 1236      626C6500 
 1237              	.LASF42:
 1238 031a 5449415F 		.ascii	"TIA_1_Start\000"
 1238      315F5374 
 1238      61727400 
 1239              	.LASF41:
 1240 0326 5047415F 		.ascii	"PGA_Inv_1_Start\000"
 1240      496E765F 
 1240      315F5374 
 1240      61727400 
 1241              	.LASF48:
 1242 0336 6973725F 		.ascii	"isr_1_StartEx\000"
 1242      315F5374 
 1242      61727445 
 1242      7800
 1243              		.ident	"GCC: (GNU Tools for ARM Embedded Processors) 5.4.1 20160609 (release) [ARM/embedded-5-bran
