--------------- Clean Started: 07/31/2024 02:52:33 Project: Design01, Configuration: ARM GCC 5.4-2016-q2-update Debug ---------------
Deleting file ".\CortexM3\ARM_GCC_541\Debug\main.o"
Deleting file ".\CortexM3\ARM_GCC_541\Debug\cyfitter_cfg.o"
Deleting file ".\CortexM3\ARM_GCC_541\Debug\cymetadata.o"
Deleting file ".\CortexM3\ARM_GCC_541\Debug\Pin_1.o"
Deleting file ".\CortexM3\ARM_GCC_541\Debug\Cm3Start.o"
Deleting file ".\CortexM3\ARM_GCC_541\Debug\CyBootAsmGnu.o"
Deleting file ".\CortexM3\ARM_GCC_541\Debug\CyDmac.o"
Deleting file ".\CortexM3\ARM_GCC_541\Debug\CyFlash.o"
Deleting file ".\CortexM3\ARM_GCC_541\Debug\CyLib.o"
Deleting file ".\CortexM3\ARM_GCC_541\Debug\cyPm.o"
Deleting file ".\CortexM3\ARM_GCC_541\Debug\CySpc.o"
Deleting file ".\CortexM3\ARM_GCC_541\Debug\cyutils.o"
Deleting file ".\CortexM3\ARM_GCC_541\Debug\cy_em_eeprom.o"
Deleting file ".\CortexM3\ARM_GCC_541\Debug\IDAC_1.o"
Deleting file ".\CortexM3\ARM_GCC_541\Debug\IDAC_1_PM.o"
Deleting file ".\CortexM3\ARM_GCC_541\Debug\TIA_1.o"
Deleting file ".\CortexM3\ARM_GCC_541\Debug\TIA_1_PM.o"
Deleting file ".\CortexM3\ARM_GCC_541\Debug\Pin_2.o"
Deleting file ".\CortexM3\ARM_GCC_541\Debug\PGA_Inv_1.o"
Deleting file ".\CortexM3\ARM_GCC_541\Debug\PGA_Inv_1_PM.o"
Deleting file ".\CortexM3\ARM_GCC_541\Debug\Opamp_1.o"
Deleting file ".\CortexM3\ARM_GCC_541\Debug\Opamp_1_PM.o"
Deleting file ".\CortexM3\ARM_GCC_541\Debug\RA.o"
Deleting file ".\CortexM3\ARM_GCC_541\Debug\UART_1.o"
Deleting file ".\CortexM3\ARM_GCC_541\Debug\UART_1_PM.o"
Deleting file ".\CortexM3\ARM_GCC_541\Debug\UART_1_INT.o"
Deleting file ".\CortexM3\ARM_GCC_541\Debug\UART_1_BOOT.o"
Deleting file ".\CortexM3\ARM_GCC_541\Debug\UART_1_IntClock.o"
Deleting file ".\CortexM3\ARM_GCC_541\Debug\Rx_1.o"
Deleting file ".\CortexM3\ARM_GCC_541\Debug\isr_1.o"
Deleting file ".\CortexM3\ARM_GCC_541\Debug\Timer_1.o"
Deleting file ".\CortexM3\ARM_GCC_541\Debug\Timer_1_PM.o"
Deleting file ".\CortexM3\ARM_GCC_541\Debug\isr_timer.o"
Deleting file ".\CortexM3\ARM_GCC_541\Debug\timer_clock.o"
Deleting file ".\CortexM3\ARM_GCC_541\Debug\Design01.hex"
Deleting file ".\CortexM3\ARM_GCC_541\Debug\Design01.elf"
Deleting file ".\CortexM3\ARM_GCC_541\Debug\Design01.map"
Deleting file ".\Design01.cycdx"
Deleting file ".\Design01.svd"
Deleting file ".\Design01.rpt"
Deleting file ".\Design01_timing.html"
Deleting file ".\CortexM3\ARM_GCC_541\Debug\.deps\SOURCE_C__ARM_GCC_GENERIC.P"
Deleting file ".\CortexM3\ARM_GCC_541\Debug\.deps\SOURCE_ASM__ARM_GCC_GENERIC.P"
--------------- Clean Succeeded: 07/31/2024 02:52:33 ---------------
